      {
        "id": "ewWnMqABqS68G4_4OxPm",
        "index": "wazuh-alerts-4.x-2026.08.24",
        "timestamp": "2026-08-24T07:23:34.136+0000",
        "agent": {
          "id": "001",
          "name": "WIN11-SOC-ENDPOINT",
          "ip": "192.168.64.3"
        },
        "manager": "wazuh.manager",
        "rule": {
          "id": "92021",
          "level": 3,
          "description": "Powershell was used to delete files or directories",
          "groups": [
            "sysmon",
            "sysmon_eid1_detections",
            "windows"
          ],
          "mitreId": "T1070.004",
          "mitreTactic": "Defense Evasion",
          "mitreTechnique": "File Deletion"
        },
        "event": {
          "channel": "Microsoft-Windows-Sysmon/Operational",
          "eventId": "1",
          "provider": "Microsoft-Windows-Sysmon",
          "message": "\"Process Create:\r\nRuleName: -\r\nUtcTime: 2026-08-24 07:23:32.290\r\nProcessGuid: {39942fc6-f174-6a8b-f001-000000001100}\r\nProcessId: 5368\r\nImage: C:\\Windows\\SysWOW64\\WindowsPowerShell\\v1.0\\powershell.exe\r\nFileVersion: 10.0.26100.8875 (WinBuild.160101.0800)\r\nDescription: Windows PowerShell\r\nProduct: Microsoft\u00ae Windows\u00ae Operating System\r\nCompany: Microsoft Corporation\r\nOriginalFileName: PowerShell.EXE\r\nCommandLine: powershell secedit /export /cfg $env:TEMP\\secpol.cfg; Get-Content $env:TEMP\\secpol.cfg | Select-String \"ResetLockoutCount\"; Remove-Item $env:TEMP\\secpol.cfg\r\nCurrentDirectory: C:\\Program Files (x86)\\ossec-agent\\\r\nUser: NT AUTHORITY\\SYSTEM\r\nLogonGuid: {39942fc6-7e86-6a8c-e703-000000000000}\r\nLogonId: 0x3E7\r\nTerminalSessionId: 0\r\nIntegrityLevel: System\r\nHashes: SHA256=18259795953A4CF4E880E40C8C87927704D89C11299CB5E2A626609FEBD9E321\r\nParentProcessGuid: {39942fc6-f05d-6a8b-cf01-000000001100}\r\nParentProcessId: 4816\r\nParentImage: C:\\Program Files (x86)\\ossec-agent\\wazuh-agent.exe\r\nParentCommandLine: \"C:\\Program Files (x86)\\ossec-agent\\wazuh-agent.exe\"\r\nParentUser: NT AUTHORITY\\SYSTEM\""
        },
        "process": {
          "image": "C:\\Windows\\SysWOW64\\WindowsPowerShell\\v1.0\\powershell.exe",
          "parentImage": "C:\\Program Files (x86)\\ossec-agent\\wazuh-agent.exe",
          "commandLine": "powershell secedit /export /cfg $env:TEMP\\secpol.cfg; Get-Content $env:TEMP\\secpol.cfg | Select-String \"ResetLockoutCount\"; Remove-Item $env:TEMP\\secpol.cfg",
          "parentCommandLine": "\"C:\\Program Files (x86)\\ossec-agent\\wazuh-agent.exe\"",
          "currentDirectory": "C:\\Program Files (x86)\\ossec-agent\\",
          "user": "NT AUTHORITY\\SYSTEM",
          "processId": "5368",
          "parentProcessId": "4816",
          "hashes": "SHA256=18259795953A4CF4E880E40C8C87927704D89C11299CB5E2A626609FEBD9E321"
        },
        "account": {
          "action": "",
          "actor": "",
          "actorDomain": "",
          "actorUser": "",
          "targetUser": "",
          "targetDomain": "",
          "memberName": "",
          "memberSid": "",
          "groupName": "",
          "groupDomain": ""
        },
        "triage": {
          "status": "noise",
          "score": 10,
          "reason": "Wazuh agent policy assessment self-check"
        }
      },
      {
        "id": "fAWnMqABqS68G4_4dxOq",
        "index": "wazuh-alerts-4.x-2026.08.24",
        "timestamp": "2026-08-24T07:23:44.144+0000",
        "agent": {
          "id": "001",
          "name": "WIN11-SOC-ENDPOINT",
          "ip": "192.168.64.3"
        },
        "manager": "wazuh.manager",
        "rule": {
          "id": "61634",
          "level": 12,
          "description": "Sysmon - Suspicious Process - taskhost.exe",
          "groups": [
            "windows",
            "sysmon",
            "sysmon_process-anomalies"
          ],
          "mitreId": "T1055",
          "mitreTactic": "Defense Evasion",
          "mitreTechnique": "Process Injection"
        },
        "event": {
          "channel": "Microsoft-Windows-Sysmon/Operational",
          "eventId": "1",
          "provider": "Microsoft-Windows-Sysmon",
          "message": "\"Process Create:\r\nRuleName: -\r\nUtcTime: 2026-08-24 07:23:41.723\r\nProcessGuid: {39942fc6-f17d-6a8b-f201-000000001100}\r\nProcessId: 9212\r\nImage: C:\\Windows\\System32\\backgroundTaskHost.exe\r\nFileVersion: 10.0.26100.1 (WinBuild.160101.0800)\r\nDescription: Background Task Host\r\nProduct: Microsoft\u00ae Windows\u00ae Operating System\r\nCompany: Microsoft Corporation\r\nOriginalFileName: backgroundTaskHost.exe\r\nCommandLine: \"C:\\WINDOWS\\system32\\BackgroundTaskHost.exe\" -ServerName:BackgroundTaskHost.WebAccountProvider\r\nCurrentDirectory: C:\\Windows\\SystemApps\\Microsoft.AAD.BrokerPlugin_cw5n1h2txyewy\\\r\nUser: WIN11-SOC-ENDPO\\Shams\r\nLogonGuid: {39942fc6-7e88-6a8c-514d-010000000000}\r\nLogonId: 0x14D51\r\nTerminalSessionId: 1\r\nIntegrityLevel: AppContainer\r\nHashes: SHA256=341EE70E914BDE4F44087C61EA2BDA6C01EC54E84AEA892BE0B8EA31E479AFD3\r\nParentProcessGuid: {00000000-0000-0000-0000-000000000000}\r\nParentProcessId: 1004\r\nParentImage: -\r\nParentCommandLine: -\r\nParentUser: -\""
        },
        "process": {
          "image": "C:\\Windows\\System32\\backgroundTaskHost.exe",
          "parentImage": "",
          "commandLine": "\"C:\\WINDOWS\\system32\\BackgroundTaskHost.exe\" -ServerName:BackgroundTaskHost.WebAccountProvider",
          "parentCommandLine": "",
          "currentDirectory": "C:\\Windows\\SystemApps\\Microsoft.AAD.BrokerPlugin_cw5n1h2txyewy\\",
          "user": "WIN11-SOC-ENDPO\\Shams",
          "processId": "9212",
          "parentProcessId": "1004",
          "hashes": "SHA256=341EE70E914BDE4F44087C61EA2BDA6C01EC54E84AEA892BE0B8EA31E479AFD3"
        },
        "account": {
          "action": "",
          "actor": "",
          "actorDomain": "",
          "actorUser": "",
          "targetUser": "",
          "targetDomain": "",
          "memberName": "",
          "memberSid": "",
          "groupName": "",
          "groupDomain": ""
        },
        "triage": {
          "status": "noise",
          "score": 15,
          "reason": "Common Windows startup/background service activity"
        }
      },
      {
        "id": "fQWnMqABqS68G4_4khOs",
        "index": "wazuh-alerts-4.x-2026.08.24",
        "timestamp": "2026-08-24T07:23:54.193+0000",
        "agent": {
          "id": "001",
          "name": "WIN11-SOC-ENDPOINT",
          "ip": "192.168.64.3"
        },
        "manager": "wazuh.manager",
        "rule": {
          "id": "91816",
          "level": 4,
          "description": "Powershell script querying system environment variables",
          "groups": [
            "windows",
            " powershell"
          ],
          "mitreId": "T1082",
          "mitreTactic": "Discovery",
          "mitreTechnique": "System Information Discovery"
        },
        "event": {
          "channel": "Microsoft-Windows-PowerShell/Operational",
          "eventId": "4104",
          "provider": "Microsoft-Windows-PowerShell",
          "message": "\"Creating Scriptblock text (1 of 1):\r\nsecedit /export /cfg $env:TEMP\\secpol.cfg; Get-Content $env:TEMP\\secpol.cfg | Select-String ResetLockoutCount; Remove-Item $env:TEMP\\secpol.cfg\r\n\r\nScriptBlock ID: e5067537-5b3e-4542-885c-bbaf257f47fa\r\nPath: \""
        },
        "process": {
          "image": "",
          "parentImage": "",
          "commandLine": "",
          "parentCommandLine": "",
          "currentDirectory": "",
          "user": "",
          "processId": "",
          "parentProcessId": "",
          "hashes": ""
        },
        "account": {
          "action": "",
          "actor": "",
          "actorDomain": "",
          "actorUser": "",
          "targetUser": "",
          "targetDomain": "",
          "memberName": "",
          "memberSid": "",
          "groupName": "",
          "groupDomain": ""
        },
        "triage": {
          "status": "noise",
          "score": 10,
          "reason": "Wazuh agent policy assessment self-check"
        }
      },
      {
        "id": "fgWnMqABqS68G4_4mRPQ",
        "index": "wazuh-alerts-4.x-2026.08.24",
        "timestamp": "2026-08-24T07:23:56.642+0000",
        "agent": {
          "id": "001",
          "name": "WIN11-SOC-ENDPOINT",
          "ip": "192.168.64.3"
        },
        "manager": "wazuh.manager",
        "rule": {
          "id": "92066",
          "level": 4,
          "description": "C:\\Windows\\SysWOW64\\SecEdit.exe binary in a suspicious location launched by C:\\Windows\\SysWOW64\\WindowsPowerShell\\v1.0\\powershell.exe",
          "groups": [
            "sysmon",
            "sysmon_eid1_detections",
            "windows"
          ],
          "mitreId": "T1059.001",
          "mitreTactic": "Execution",
          "mitreTechnique": "PowerShell"
        },
        "event": {
          "channel": "Microsoft-Windows-Sysmon/Operational",
          "eventId": "1",
          "provider": "Microsoft-Windows-Sysmon",
          "message": "\"Process Create:\r\nRuleName: -\r\nUtcTime: 2026-08-24 07:23:54.179\r\nProcessGuid: {39942fc6-f18a-6a8b-f401-000000001100}\r\nProcessId: 3128\r\nImage: C:\\Windows\\SysWOW64\\SecEdit.exe\r\nFileVersion: 10.0.26100.7019 (WinBuild.160101.0800)\r\nDescription: Windows Security Configuration Editor Command Tool\r\nProduct: Microsoft\u00ae Windows\u00ae Operating System\r\nCompany: Microsoft Corporation\r\nOriginalFileName: SeCEdit\r\nCommandLine: \"C:\\WINDOWS\\system32\\SecEdit.exe\" /export /cfg C:\\WINDOWS\\TEMP\\secpol.cfg\r\nCurrentDirectory: C:\\Program Files (x86)\\ossec-agent\\\r\nUser: NT AUTHORITY\\SYSTEM\r\nLogonGuid: {39942fc6-7e86-6a8c-e703-000000000000}\r\nLogonId: 0x3E7\r\nTerminalSessionId: 0\r\nIntegrityLevel: System\r\nHashes: SHA256=4CDF95EF7BEC023FED416EA34905055132374407D565BF242B69159352AD546F\r\nParentProcessGuid: {39942fc6-f174-6a8b-f001-000000001100}\r\nParentProcessId: 5368\r\nParentImage: C:\\Windows\\SysWOW64\\WindowsPowerShell\\v1.0\\powershell.exe\r\nParentCommandLine: powershell secedit /export /cfg $env:TEMP\\secpol.cfg; Get-Content $env:TEMP\\secpol.cfg | Select-String \"ResetLockoutCount\"; Remove-Item $env:TEMP\\secpol.cfg\r\nParentUser: NT AUTHORITY\\SYSTEM\""
        },
        "process": {
          "image": "C:\\Windows\\SysWOW64\\SecEdit.exe",
          "parentImage": "C:\\Windows\\SysWOW64\\WindowsPowerShell\\v1.0\\powershell.exe",
          "commandLine": "\"C:\\WINDOWS\\system32\\SecEdit.exe\" /export /cfg C:\\WINDOWS\\TEMP\\secpol.cfg",
          "parentCommandLine": "powershell secedit /export /cfg $env:TEMP\\secpol.cfg; Get-Content $env:TEMP\\secpol.cfg | Select-String \"ResetLockoutCount\"; Remove-Item $env:TEMP\\secpol.cfg",
          "currentDirectory": "C:\\Program Files (x86)\\ossec-agent\\",
          "user": "NT AUTHORITY\\SYSTEM",
          "processId": "3128",
          "parentProcessId": "5368",
          "hashes": "SHA256=4CDF95EF7BEC023FED416EA34905055132374407D565BF242B69159352AD546F"
        },
        "account": {
          "action": "",
          "actor": "",
          "actorDomain": "",
          "actorUser": "",
          "targetUser": "",
          "targetDomain": "",
          "memberName": "",
          "memberSid": "",
          "groupName": "",
          "groupDomain": ""
        },
        "triage": {
          "status": "noise",
          "score": 10,
          "reason": "Wazuh agent policy assessment self-check"
        }
      },
      {
        "id": "fwWoMqABqS68G4_4RxMQ",
        "index": "wazuh-alerts-4.x-2026.08.24",
        "timestamp": "2026-08-24T07:24:37.526+0000",
        "agent": {
          "id": "001",
          "name": "WIN11-SOC-ENDPOINT",
          "ip": "192.168.64.3"
        },
        "manager": "wazuh.manager",
        "rule": {
          "id": "92031",
          "level": 3,
          "description": "Discovery activity executed",
          "groups": [
            "sysmon",
            "sysmon_eid1_detections",
            "windows"
          ],
          "mitreId": "T1087",
          "mitreTactic": "Discovery",
          "mitreTechnique": "Account Discovery"
        },
        "event": {
          "channel": "Microsoft-Windows-Sysmon/Operational",
          "eventId": "1",
          "provider": "Microsoft-Windows-Sysmon",
          "message": "\"Process Create:\r\nRuleName: -\r\nUtcTime: 2026-08-24 07:24:35.105\r\nProcessGuid: {39942fc6-f1b3-6a8b-f901-000000001100}\r\nProcessId: 3120\r\nImage: C:\\Windows\\SysWOW64\\net.exe\r\nFileVersion: 10.0.26100.7019 (WinBuild.160101.0800)\r\nDescription: Net Command\r\nProduct: Microsoft\u00ae Windows\u00ae Operating System\r\nCompany: Microsoft Corporation\r\nOriginalFileName: net.exe\r\nCommandLine: net user\r\nCurrentDirectory: C:\\Program Files (x86)\\ossec-agent\\\r\nUser: NT AUTHORITY\\SYSTEM\r\nLogonGuid: {39942fc6-7e86-6a8c-e703-000000000000}\r\nLogonId: 0x3E7\r\nTerminalSessionId: 0\r\nIntegrityLevel: System\r\nHashes: SHA256=E7A3A04DB13F7D5E65DB45DBED99B80C9AD9907BEEBA3416E2E5428E1EFB791E\r\nParentProcessGuid: {39942fc6-f05d-6a8b-cf01-000000001100}\r\nParentProcessId: 4816\r\nParentImage: C:\\Program Files (x86)\\ossec-agent\\wazuh-agent.exe\r\nParentCommandLine: \"C:\\Program Files (x86)\\ossec-agent\\wazuh-agent.exe\"\r\nParentUser: NT AUTHORITY\\SYSTEM\""
        },
        "process": {
          "image": "C:\\Windows\\SysWOW64\\net.exe",
          "parentImage": "C:\\Program Files (x86)\\ossec-agent\\wazuh-agent.exe",
          "commandLine": "net user",
          "parentCommandLine": "\"C:\\Program Files (x86)\\ossec-agent\\wazuh-agent.exe\"",
          "currentDirectory": "C:\\Program Files (x86)\\ossec-agent\\",
          "user": "NT AUTHORITY\\SYSTEM",
          "processId": "3120",
          "parentProcessId": "4816",
          "hashes": "SHA256=E7A3A04DB13F7D5E65DB45DBED99B80C9AD9907BEEBA3416E2E5428E1EFB791E"
        },
        "account": {
          "action": "",
          "actor": "",
          "actorDomain": "",
          "actorUser": "",
          "targetUser": "",
          "targetDomain": "",
          "memberName": "",
          "memberSid": "",
          "groupName": "",
          "groupDomain": ""
        },
        "triage": {
          "status": "review",
          "score": 70,
          "reason": "System or account discovery command detected",
          "policyRule": "SOC-DISCOVERY-001",
          "policyTitle": "Burst of local discovery commands",
          "mitre": [
            "T1033",
            "T1082",
            "T1087.001"
          ],
          "detection": {},
          "matches": [
            {
              "id": "SOC-DISCOVERY-001",
              "title": "Burst of local discovery commands",
              "score": 70,
              "status": "review"
            }
          ]
        }
      },
      {
        "id": "gAWoMqABqS68G4_4RxMU",
        "index": "wazuh-alerts-4.x-2026.08.24",
        "timestamp": "2026-08-24T07:24:39.547+0000",
        "agent": {
          "id": "001",
          "name": "WIN11-SOC-ENDPOINT",
          "ip": "192.168.64.3"
        },
        "manager": "wazuh.manager",
        "rule": {
          "id": "92031",
          "level": 3,
          "description": "Discovery activity executed",
          "groups": [
            "sysmon",
            "sysmon_eid1_detections",
            "windows"
          ],
          "mitreId": "T1087",
          "mitreTactic": "Discovery",
          "mitreTechnique": "Account Discovery"
        },
        "event": {
          "channel": "Microsoft-Windows-Sysmon/Operational",
          "eventId": "1",
          "provider": "Microsoft-Windows-Sysmon",
          "message": "\"Process Create:\r\nRuleName: -\r\nUtcTime: 2026-08-24 07:24:37.202\r\nProcessGuid: {39942fc6-f1b5-6a8b-fb01-000000001100}\r\nProcessId: 2900\r\nImage: C:\\Windows\\SysWOW64\\net1.exe\r\nFileVersion: 10.0.26100.7019 (WinBuild.160101.0800)\r\nDescription: Net Command\r\nProduct: Microsoft\u00ae Windows\u00ae Operating System\r\nCompany: Microsoft Corporation\r\nOriginalFileName: net1.exe\r\nCommandLine: C:\\WINDOWS\\system32\\net1 user\r\nCurrentDirectory: C:\\Program Files (x86)\\ossec-agent\\\r\nUser: NT AUTHORITY\\SYSTEM\r\nLogonGuid: {39942fc6-7e86-6a8c-e703-000000000000}\r\nLogonId: 0x3E7\r\nTerminalSessionId: 0\r\nIntegrityLevel: System\r\nHashes: SHA256=0BAAD631C2F9EDDB6E7D6B9ABB43A5CE950515B9569C5D15AADBD1BA5725E131\r\nParentProcessGuid: {39942fc6-f1b3-6a8b-f901-000000001100}\r\nParentProcessId: 3120\r\nParentImage: C:\\Windows\\SysWOW64\\net.exe\r\nParentCommandLine: net user\r\nParentUser: NT AUTHORITY\\SYSTEM\""
        },
        "process": {
          "image": "C:\\Windows\\SysWOW64\\net1.exe",
          "parentImage": "C:\\Windows\\SysWOW64\\net.exe",
          "commandLine": "C:\\WINDOWS\\system32\\net1 user",
          "parentCommandLine": "net user",
          "currentDirectory": "C:\\Program Files (x86)\\ossec-agent\\",
          "user": "NT AUTHORITY\\SYSTEM",
          "processId": "2900",
          "parentProcessId": "3120",
          "hashes": "SHA256=0BAAD631C2F9EDDB6E7D6B9ABB43A5CE950515B9569C5D15AADBD1BA5725E131"
        },
        "account": {
          "action": "",
          "actor": "",
          "actorDomain": "",
          "actorUser": "",
          "targetUser": "",
          "targetDomain": "",
          "memberName": "",
          "memberSid": "",
          "groupName": "",
          "groupDomain": ""
        },
        "triage": {
          "status": "review",
          "score": 70,
          "reason": "System or account discovery command detected",
          "policyRule": "SOC-DISCOVERY-001",
          "policyTitle": "Burst of local discovery commands",
          "mitre": [
            "T1033",
            "T1082",
            "T1087.001"
          ],
          "detection": {},
          "matches": [
            {
              "id": "SOC-DISCOVERY-001",
              "title": "Burst of local discovery commands",
              "score": 70,
              "status": "review"
            }
          ]
        }
      },
      {
        "id": "gQWoMqABqS68G4_4RxMU",
        "index": "wazuh-alerts-4.x-2026.08.24",
        "timestamp": "2026-08-24T07:24:39.561+0000",
        "agent": {
          "id": "001",
          "name": "WIN11-SOC-ENDPOINT",
          "ip": "192.168.64.3"
        },
        "manager": "wazuh.manager",
        "rule": {
          "id": "92031",
          "level": 3,
          "description": "Discovery activity executed",
          "groups": [
            "sysmon",
            "sysmon_eid1_detections",
            "windows"
          ],
          "mitreId": "T1087",
          "mitreTactic": "Discovery",
          "mitreTechnique": "Account Discovery"
        },
        "event": {
          "channel": "Microsoft-Windows-Sysmon/Operational",
          "eventId": "1",
          "provider": "Microsoft-Windows-Sysmon",
          "message": "\"Process Create:\r\nRuleName: -\r\nUtcTime: 2026-08-24 07:24:37.553\r\nProcessGuid: {39942fc6-f1b5-6a8b-fc01-000000001100}\r\nProcessId: 488\r\nImage: C:\\Windows\\SysWOW64\\net.exe\r\nFileVersion: 10.0.26100.7019 (WinBuild.160101.0800)\r\nDescription: Net Command\r\nProduct: Microsoft\u00ae Windows\u00ae Operating System\r\nCompany: Microsoft Corporation\r\nOriginalFileName: net.exe\r\nCommandLine: net user\r\nCurrentDirectory: C:\\Program Files (x86)\\ossec-agent\\\r\nUser: NT AUTHORITY\\SYSTEM\r\nLogonGuid: {39942fc6-7e86-6a8c-e703-000000000000}\r\nLogonId: 0x3E7\r\nTerminalSessionId: 0\r\nIntegrityLevel: System\r\nHashes: SHA256=E7A3A04DB13F7D5E65DB45DBED99B80C9AD9907BEEBA3416E2E5428E1EFB791E\r\nParentProcessGuid: {39942fc6-f05d-6a8b-cf01-000000001100}\r\nParentProcessId: 4816\r\nParentImage: C:\\Program Files (x86)\\ossec-agent\\wazuh-agent.exe\r\nParentCommandLine: \"C:\\Program Files (x86)\\ossec-agent\\wazuh-agent.exe\"\r\nParentUser: NT AUTHORITY\\SYSTEM\""
        },
        "process": {
          "image": "C:\\Windows\\SysWOW64\\net.exe",
          "parentImage": "C:\\Program Files (x86)\\ossec-agent\\wazuh-agent.exe",
          "commandLine": "net user",
          "parentCommandLine": "\"C:\\Program Files (x86)\\ossec-agent\\wazuh-agent.exe\"",
          "currentDirectory": "C:\\Program Files (x86)\\ossec-agent\\",
          "user": "NT AUTHORITY\\SYSTEM",
          "processId": "488",
          "parentProcessId": "4816",
          "hashes": "SHA256=E7A3A04DB13F7D5E65DB45DBED99B80C9AD9907BEEBA3416E2E5428E1EFB791E"
        },
        "account": {
          "action": "",
          "actor": "",
          "actorDomain": "",
          "actorUser": "",
          "targetUser": "",
          "targetDomain": "",
          "memberName": "",
          "memberSid": "",
          "groupName": "",
          "groupDomain": ""
        },
        "triage": {
          "status": "review",
          "score": 70,
          "reason": "System or account discovery command detected",
          "policyRule": "SOC-DISCOVERY-001",
          "policyTitle": "Burst of local discovery commands",
          "mitre": [
            "T1033",
            "T1082",
            "T1087.001"
          ],
          "detection": {},
          "matches": [
            {
              "id": "SOC-DISCOVERY-001",
              "title": "Burst of local discovery commands",
              "score": 70,
              "status": "review"
            }
          ]
        }
      },
      {
        "id": "ggWoMqABqS68G4_4RxMU",
        "index": "wazuh-alerts-4.x-2026.08.24",
        "timestamp": "2026-08-24T07:24:39.564+0000",
        "agent": {
          "id": "001",
          "name": "WIN11-SOC-ENDPOINT",
          "ip": "192.168.64.3"
        },
        "manager": "wazuh.manager",
        "rule": {
          "id": "92031",
          "level": 3,
          "description": "Discovery activity executed",
          "groups": [
            "sysmon",
            "sysmon_eid1_detections",
            "windows"
          ],
          "mitreId": "T1087",
          "mitreTactic": "Discovery",
          "mitreTechnique": "Account Discovery"
        },
        "event": {
          "channel": "Microsoft-Windows-Sysmon/Operational",
          "eventId": "1",
          "provider": "Microsoft-Windows-Sysmon",
          "message": "\"Process Create:\r\nRuleName: -\r\nUtcTime: 2026-08-24 07:24:37.687\r\nProcessGuid: {39942fc6-f1b5-6a8b-fe01-000000001100}\r\nProcessId: 5556\r\nImage: C:\\Windows\\SysWOW64\\net1.exe\r\nFileVersion: 10.0.26100.7019 (WinBuild.160101.0800)\r\nDescription: Net Command\r\nProduct: Microsoft\u00ae Windows\u00ae Operating System\r\nCompany: Microsoft Corporation\r\nOriginalFileName: net1.exe\r\nCommandLine: C:\\WINDOWS\\system32\\net1 user\r\nCurrentDirectory: C:\\Program Files (x86)\\ossec-agent\\\r\nUser: NT AUTHORITY\\SYSTEM\r\nLogonGuid: {39942fc6-7e86-6a8c-e703-000000000000}\r\nLogonId: 0x3E7\r\nTerminalSessionId: 0\r\nIntegrityLevel: System\r\nHashes: SHA256=0BAAD631C2F9EDDB6E7D6B9ABB43A5CE950515B9569C5D15AADBD1BA5725E131\r\nParentProcessGuid: {39942fc6-f1b5-6a8b-fc01-000000001100}\r\nParentProcessId: 488\r\nParentImage: C:\\Windows\\SysWOW64\\net.exe\r\nParentCommandLine: net user\r\nParentUser: NT AUTHORITY\\SYSTEM\""
        },
        "process": {
          "image": "C:\\Windows\\SysWOW64\\net1.exe",
          "parentImage": "C:\\Windows\\SysWOW64\\net.exe",
          "commandLine": "C:\\WINDOWS\\system32\\net1 user",
          "parentCommandLine": "net user",
          "currentDirectory": "C:\\Program Files (x86)\\ossec-agent\\",
          "user": "NT AUTHORITY\\SYSTEM",
          "processId": "5556",
          "parentProcessId": "488",
          "hashes": "SHA256=0BAAD631C2F9EDDB6E7D6B9ABB43A5CE950515B9569C5D15AADBD1BA5725E131"
        },
        "account": {
          "action": "",
          "actor": "",
          "actorDomain": "",
          "actorUser": "",
          "targetUser": "",
          "targetDomain": "",
          "memberName": "",
          "memberSid": "",
          "groupName": "",
          "groupDomain": ""
        },
        "triage": {
          "status": "review",
          "score": 70,
          "reason": "System or account discovery command detected",
          "policyRule": "SOC-DISCOVERY-001",
          "policyTitle": "Burst of local discovery commands",
          "mitre": [
            "T1033",
            "T1082",
            "T1087.001"
          ],
          "detection": {},
          "matches": [
            {
              "id": "SOC-DISCOVERY-001",
              "title": "Burst of local discovery commands",
              "score": 70,
              "status": "review"
            }
          ]
        }
      },
      {
        "id": "hQWoMqABqS68G4_4qBOK",
        "index": "wazuh-alerts-4.x-2026.08.24",
        "timestamp": "2026-08-24T07:24:58.179+0000",
        "agent": {
          "id": "001",
          "name": "WIN11-SOC-ENDPOINT",
          "ip": "192.168.64.3"
        },
        "manager": "wazuh.manager",
        "rule": {
          "id": "19013",
          "level": 5,
          "description": "CIS Microsoft Windows 11 Enterprise Benchmark v3.0.0: Ensure 'Minimum password age' is set to '1 or more day(s)'.: Status changed from failed to 'not applicable'",
          "groups": [
            "sca"
          ],
          "mitreId": "",
          "mitreTactic": "",
          "mitreTechnique": ""
        },
        "event": {
          "channel": "",
          "eventId": "",
          "provider": "",
          "message": ""
        },
        "process": {
          "image": "",
          "parentImage": "",
          "commandLine": "",
          "parentCommandLine": "",
          "currentDirectory": "",
          "user": "",
          "processId": "",
          "parentProcessId": "",
          "hashes": ""
        },
        "account": {
          "action": "",
          "actor": "",
          "actorDomain": "",
          "actorUser": "",
          "targetUser": "",
          "targetDomain": "",
          "memberName": "",
          "memberSid": "",
          "groupName": "",
          "groupDomain": ""
        },
        "triage": {
          "status": "review",
          "score": 40,
          "reason": "Low or medium severity telemetry"
        }
      },
      {
        "id": "hgWoMqABqS68G4_4qBOL",
        "index": "wazuh-alerts-4.x-2026.08.24",
        "timestamp": "2026-08-24T07:24:58.191+0000",
        "agent": {
          "id": "001",
          "name": "WIN11-SOC-ENDPOINT",
          "ip": "192.168.64.3"
        },
        "manager": "wazuh.manager",
        "rule": {
          "id": "19013",
          "level": 5,
          "description": "CIS Microsoft Windows 11 Enterprise Benchmark v3.0.0: Ensure 'Minimum password length' is set to '14 or more character(s)'.: Status changed from failed to 'not applicable'",
          "groups": [
            "sca"
          ],
          "mitreId": "",
          "mitreTactic": "",
          "mitreTechnique": ""
        },
        "event": {
          "channel": "",
          "eventId": "",
          "provider": "",
          "message": ""
        },
        "process": {
          "image": "",
          "parentImage": "",
          "commandLine": "",
          "parentCommandLine": "",
          "currentDirectory": "",
          "user": "",
          "processId": "",
          "parentProcessId": "",
          "hashes": ""
        },
        "account": {
          "action": "",
          "actor": "",
          "actorDomain": "",
          "actorUser": "",
          "targetUser": "",
          "targetDomain": "",
          "memberName": "",
          "memberSid": "",
          "groupName": "",
          "groupDomain": ""
        },
        "triage": {
          "status": "review",
          "score": 40,
          "reason": "Low or medium severity telemetry"
        }
      },
      {
        "id": "hwWoMqABqS68G4_4qBOL",
        "index": "wazuh-alerts-4.x-2026.08.24",
        "timestamp": "2026-08-24T07:24:58.224+0000",
        "agent": {
          "id": "001",
          "name": "WIN11-SOC-ENDPOINT",
          "ip": "192.168.64.3"
        },
        "manager": "wazuh.manager",
        "rule": {
          "id": "19013",
          "level": 5,
          "description": "CIS Microsoft Windows 11 Enterprise Benchmark v3.0.0: Ensure 'Account lockout duration' is set to '15 or more minute(s)'.: Status changed from failed to 'not applicable'",
          "groups": [
            "sca"
          ],
          "mitreId": "",
          "mitreTactic": "",
          "mitreTechnique": ""
        },
        "event": {
          "channel": "",
          "eventId": "",
          "provider": "",
          "message": ""
        },
        "process": {
          "image": "",
          "parentImage": "",
          "commandLine": "",
          "parentCommandLine": "",
          "currentDirectory": "",
          "user": "",
          "processId": "",
          "parentProcessId": "",
          "hashes": ""
        },
        "account": {
          "action": "",
          "actor": "",
          "actorDomain": "",
          "actorUser": "",
          "targetUser": "",
          "targetDomain": "",
          "memberName": "",
          "memberSid": "",
          "groupName": "",
          "groupDomain": ""
        },
        "triage": {
          "status": "review",
          "score": 40,
          "reason": "Low or medium severity telemetry"
        }
      },
      {
        "id": "iAWoMqABqS68G4_4qBOL",
        "index": "wazuh-alerts-4.x-2026.08.24",
        "timestamp": "2026-08-24T07:24:58.242+0000",
        "agent": {
          "id": "001",
          "name": "WIN11-SOC-ENDPOINT",
          "ip": "192.168.64.3"
        },
        "manager": "wazuh.manager",
        "rule": {
          "id": "19013",
          "level": 5,
          "description": "CIS Microsoft Windows 11 Enterprise Benchmark v3.0.0: Ensure 'Account lockout threshold' is set to '5 or fewer invalid logon attempt(s), but not 0'.: Status changed from failed to 'not applicable'",
          "groups": [
            "sca"
          ],
          "mitreId": "",
          "mitreTactic": "",
          "mitreTechnique": ""
        },
        "event": {
          "channel": "",
          "eventId": "",
          "provider": "",
          "message": ""
        },
        "process": {
          "image": "",
          "parentImage": "",
          "commandLine": "",
          "parentCommandLine": "",
          "currentDirectory": "",
          "user": "",
          "processId": "",
          "parentProcessId": "",
          "hashes": ""
        },
        "account": {
          "action": "",
          "actor": "",
          "actorDomain": "",
          "actorUser": "",
          "targetUser": "",
          "targetDomain": "",
          "memberName": "",
          "memberSid": "",
          "groupName": "",
          "groupDomain": ""
        },
        "triage": {
          "status": "review",
          "score": 40,
          "reason": "Low or medium severity telemetry"
        }
      },
      {
        "id": "iQWoMqABqS68G4_4qBOL",
        "index": "wazuh-alerts-4.x-2026.08.24",
        "timestamp": "2026-08-24T07:24:58.259+0000",
        "agent": {
          "id": "001",
          "name": "WIN11-SOC-ENDPOINT",
          "ip": "192.168.64.3"
        },
        "manager": "wazuh.manager",
        "rule": {
          "id": "19013",
          "level": 5,
          "description": "CIS Microsoft Windows 11 Enterprise Benchmark v3.0.0: Ensure 'Reset account lockout counter after' is set to '15 or more minute(s)'.: Status changed from failed to 'not applicable'",
          "groups": [
            "sca"
          ],
          "mitreId": "",
          "mitreTactic": "",
          "mitreTechnique": ""
        },
        "event": {
          "channel": "",
          "eventId": "",
          "provider": "",
          "message": ""
        },
        "process": {
          "image": "",
          "parentImage": "",
          "commandLine": "",
          "parentCommandLine": "",
          "currentDirectory": "",
          "user": "",
          "processId": "",
          "parentProcessId": "",
          "hashes": ""
        },
        "account": {
          "action": "",
          "actor": "",
          "actorDomain": "",
          "actorUser": "",
          "targetUser": "",
          "targetDomain": "",
          "memberName": "",
          "memberSid": "",
          "groupName": "",
          "groupDomain": ""
        },
        "triage": {
          "status": "review",
          "score": 40,
          "reason": "Low or medium severity telemetry"
        }
      },
      {
        "id": "igWoMqABqS68G4_4qBOL",
        "index": "wazuh-alerts-4.x-2026.08.24",
        "timestamp": "2026-08-24T07:24:58.287+0000",
        "agent": {
          "id": "001",
          "name": "WIN11-SOC-ENDPOINT",
          "ip": "192.168.64.3"
        },
        "manager": "wazuh.manager",
        "rule": {
          "id": "19012",
          "level": 5,
          "description": "CIS Microsoft Windows 11 Enterprise Benchmark v3.0.0: Ensure 'Accounts: Guest account status' is set to 'Disabled'.: Status changed from passed to 'not applicable'",
          "groups": [
            "sca"
          ],
          "mitreId": "",
          "mitreTactic": "",
          "mitreTechnique": ""
        },
        "event": {
          "channel": "",
          "eventId": "",
          "provider": "",
          "message": ""
        },
        "process": {
          "image": "",
          "parentImage": "",
          "commandLine": "",
          "parentCommandLine": "",
          "currentDirectory": "",
          "user": "",
          "processId": "",
          "parentProcessId": "",
          "hashes": ""
        },
        "account": {
          "action": "",
          "actor": "",
          "actorDomain": "",
          "actorUser": "",
          "targetUser": "",
          "targetDomain": "",
          "memberName": "",
          "memberSid": "",
          "groupName": "",
          "groupDomain": ""
        },
        "triage": {
          "status": "review",
          "score": 40,
          "reason": "Low or medium severity telemetry"
        }
      },
      {
        "id": "iwWoMqABqS68G4_4qBOL",
        "index": "wazuh-alerts-4.x-2026.08.24",
        "timestamp": "2026-08-24T07:25:06.403+0000",
        "agent": {
          "id": "001",
          "name": "WIN11-SOC-ENDPOINT",
          "ip": "192.168.64.3"
        },
        "manager": "wazuh.manager",
        "rule": {
          "id": "61634",
          "level": 12,
          "description": "Sysmon - Suspicious Process - taskhost.exe",
          "groups": [
            "windows",
            "sysmon",
            "sysmon_process-anomalies"
          ],
          "mitreId": "T1055",
          "mitreTactic": "Defense Evasion",
          "mitreTechnique": "Process Injection"
        },
        "event": {
          "channel": "Microsoft-Windows-Sysmon/Operational",
          "eventId": "1",
          "provider": "Microsoft-Windows-Sysmon",
          "message": "\"Process Create:\r\nRuleName: -\r\nUtcTime: 2026-08-24 07:25:03.989\r\nProcessGuid: {39942fc6-f1cf-6a8b-3902-000000001100}\r\nProcessId: 1312\r\nImage: C:\\Windows\\System32\\backgroundTaskHost.exe\r\nFileVersion: 10.0.26100.1 (WinBuild.160101.0800)\r\nDescription: Background Task Host\r\nProduct: Microsoft\u00ae Windows\u00ae Operating System\r\nCompany: Microsoft Corporation\r\nOriginalFileName: backgroundTaskHost.exe\r\nCommandLine: \"C:\\WINDOWS\\system32\\backgroundTaskHost.exe\" -ServerName:App.AppXmtcan0h2tfbfy7k9kn8hbxb6dmzz1zh0.mca\r\nCurrentDirectory: C:\\Windows\\SystemApps\\Microsoft.Windows.ContentDeliveryManager_cw5n1h2txyewy\\\r\nUser: WIN11-SOC-ENDPO\\Shams\r\nLogonGuid: {39942fc6-7e88-6a8c-514d-010000000000}\r\nLogonId: 0x14D51\r\nTerminalSessionId: 1\r\nIntegrityLevel: AppContainer\r\nHashes: SHA256=341EE70E914BDE4F44087C61EA2BDA6C01EC54E84AEA892BE0B8EA31E479AFD3\r\nParentProcessGuid: {00000000-0000-0000-0000-000000000000}\r\nParentProcessId: 1004\r\nParentImage: -\r\nParentCommandLine: -\r\nParentUser: -\""
        },
        "process": {
          "image": "C:\\Windows\\System32\\backgroundTaskHost.exe",
          "parentImage": "",
          "commandLine": "\"C:\\WINDOWS\\system32\\backgroundTaskHost.exe\" -ServerName:App.AppXmtcan0h2tfbfy7k9kn8hbxb6dmzz1zh0.mca",
          "parentCommandLine": "",
          "currentDirectory": "C:\\Windows\\SystemApps\\Microsoft.Windows.ContentDeliveryManager_cw5n1h2txyewy\\",
          "user": "WIN11-SOC-ENDPO\\Shams",
          "processId": "1312",
          "parentProcessId": "1004",
          "hashes": "SHA256=341EE70E914BDE4F44087C61EA2BDA6C01EC54E84AEA892BE0B8EA31E479AFD3"
        },
        "account": {
          "action": "",
          "actor": "",
          "actorDomain": "",
          "actorUser": "",
          "targetUser": "",
          "targetDomain": "",
          "memberName": "",
          "memberSid": "",
          "groupName": "",
          "groupDomain": ""
        },
        "triage": {
          "status": "noise",
          "score": 15,
          "reason": "Common Windows startup/background service activity"
        }
      },
      {
        "id": "jAWoMqABqS68G4_4wxOc",
        "index": "wazuh-alerts-4.x-2026.08.24",
        "timestamp": "2026-08-24T07:25:13.605+0000",
        "agent": {
          "id": "001",
          "name": "WIN11-SOC-ENDPOINT",
          "ip": "192.168.64.3"
        },
        "manager": "wazuh.manager",
        "rule": {
          "id": "19005",
          "level": 9,
          "description": "SCA summary: CIS Microsoft Windows 11 Enterprise Benchmark v3.0.0: Score less than 30% (26)",
          "groups": [
            "sca"
          ],
          "mitreId": "",
          "mitreTactic": "",
          "mitreTechnique": ""
        },
        "event": {
          "channel": "",
          "eventId": "",
          "provider": "",
          "message": ""
        },
        "process": {
          "image": "",
          "parentImage": "",
          "commandLine": "",
          "parentCommandLine": "",
          "currentDirectory": "",
          "user": "",
          "processId": "",
          "parentProcessId": "",
          "hashes": ""
        },
        "account": {
          "action": "",
          "actor": "",
          "actorDomain": "",
          "actorUser": "",
          "targetUser": "",
          "targetDomain": "",
          "memberName": "",
          "memberSid": "",
          "groupName": "",
          "groupDomain": ""
        },
        "triage": {
          "status": "review",
          "score": 40,
          "reason": "Low or medium severity telemetry"
        }
      }
    ],
    "rgWuMqABqS68G4_4xxPk": [
      {
        "id": "dwWlMqABqS68G4_46hP2",
        "index": "wazuh-alerts-4.x-2026.08.24",
        "timestamp": "2026-08-24T07:22:00.563+0000",
        "agent": {
          "id": "001",
          "name": "WIN11-SOC-ENDPOINT",
          "ip": "192.168.64.3"
        },
        "manager": "wazuh.manager",
        "rule": {
          "id": "92021",
          "level": 3,
          "description": "Powershell was used to delete files or directories",
          "groups": [
            "sysmon",
            "sysmon_eid1_detections",
            "windows"
          ],
          "mitreId": "T1070.004",
          "mitreTactic": "Defense Evasion",
          "mitreTechnique": "File Deletion"
        },
        "event": {
          "channel": "Microsoft-Windows-Sysmon/Operational",
          "eventId": "1",
          "provider": "Microsoft-Windows-Sysmon",
          "message": "\"Process Create:\r\nRuleName: -\r\nUtcTime: 2026-08-24 07:21:56.414\r\nProcessGuid: {39942fc6-f114-6a8b-e301-000000001100}\r\nProcessId: 2228\r\nImage: C:\\Windows\\SysWOW64\\WindowsPowerShell\\v1.0\\powershell.exe\r\nFileVersion: 10.0.26100.8875 (WinBuild.160101.0800)\r\nDescription: Windows PowerShell\r\nProduct: Microsoft\u00ae Windows\u00ae Operating System\r\nCompany: Microsoft Corporation\r\nOriginalFileName: PowerShell.EXE\r\nCommandLine: powershell secedit /export /cfg $env:TEMP\\secpol.cfg; Get-Content $env:TEMP\\secpol.cfg | Select-String \"LockoutDuration\"; Remove-Item $env:TEMP\\secpol.cfg\r\nCurrentDirectory: C:\\Program Files (x86)\\ossec-agent\\\r\nUser: NT AUTHORITY\\SYSTEM\r\nLogonGuid: {39942fc6-7e86-6a8c-e703-000000000000}\r\nLogonId: 0x3E7\r\nTerminalSessionId: 0\r\nIntegrityLevel: System\r\nHashes: SHA256=18259795953A4CF4E880E40C8C87927704D89C11299CB5E2A626609FEBD9E321\r\nParentProcessGuid: {39942fc6-f05d-6a8b-cf01-000000001100}\r\nParentProcessId: 4816\r\nParentImage: C:\\Program Files (x86)\\ossec-agent\\wazuh-agent.exe\r\nParentCommandLine: \"C:\\Program Files (x86)\\ossec-agent\\wazuh-agent.exe\"\r\nParentUser: NT AUTHORITY\\SYSTEM\""
        },
        "process": {
          "image": "C:\\Windows\\SysWOW64\\WindowsPowerShell\\v1.0\\powershell.exe",
          "parentImage": "C:\\Program Files (x86)\\ossec-agent\\wazuh-agent.exe",
          "commandLine": "powershell secedit /export /cfg $env:TEMP\\secpol.cfg; Get-Content $env:TEMP\\secpol.cfg | Select-String \"LockoutDuration\"; Remove-Item $env:TEMP\\secpol.cfg",
          "parentCommandLine": "\"C:\\Program Files (x86)\\ossec-agent\\wazuh-agent.exe\"",
          "currentDirectory": "C:\\Program Files (x86)\\ossec-agent\\",
          "user": "NT AUTHORITY\\SYSTEM",
          "processId": "2228",
          "parentProcessId": "4816",
          "hashes": "SHA256=18259795953A4CF4E880E40C8C87927704D89C11299CB5E2A626609FEBD9E321"
        },
        "account": {
          "action": "",
          "actor": "",
          "actorDomain": "",
          "actorUser": "",
          "targetUser": "",
          "targetDomain": "",
          "memberName": "",
          "memberSid": "",
          "groupName": "",
          "groupDomain": ""
        },
        "triage": {
          "status": "noise",
          "score": 10,
          "reason": "Wazuh agent policy assessment self-check"
        }
      },
      {
        "id": "eAWmMqABqS68G4_4TRPU",
        "index": "wazuh-alerts-4.x-2026.08.24",
        "timestamp": "2026-08-24T07:22:32.221+0000",
        "agent": {
          "id": "001",
          "name": "WIN11-SOC-ENDPOINT",
          "ip": "192.168.64.3"
        },
        "manager": "wazuh.manager",
        "rule": {
          "id": "92021",
          "level": 3,
          "description": "Powershell was used to delete files or directories",
          "groups": [
            "sysmon",
            "sysmon_eid1_detections",
            "windows"
          ],
          "mitreId": "T1070.004",
          "mitreTactic": "Defense Evasion",
          "mitreTechnique": "File Deletion"
        },
        "event": {
          "channel": "Microsoft-Windows-Sysmon/Operational",
          "eventId": "1",
          "provider": "Microsoft-Windows-Sysmon",
          "message": "\"Process Create:\r\nRuleName: -\r\nUtcTime: 2026-08-24 07:22:29.338\r\nProcessGuid: {39942fc6-f135-6a8b-e701-000000001100}\r\nProcessId: 5192\r\nImage: C:\\Windows\\SysWOW64\\WindowsPowerShell\\v1.0\\powershell.exe\r\nFileVersion: 10.0.26100.8875 (WinBuild.160101.0800)\r\nDescription: Windows PowerShell\r\nProduct: Microsoft\u00ae Windows\u00ae Operating System\r\nCompany: Microsoft Corporation\r\nOriginalFileName: PowerShell.EXE\r\nCommandLine: powershell secedit /export /cfg $env:TEMP\\secpol.cfg; Get-Content $env:TEMP\\secpol.cfg | Select-String \"LockoutBadCount\"; Remove-Item $env:TEMP\\secpol.cfg\r\nCurrentDirectory: C:\\Program Files (x86)\\ossec-agent\\\r\nUser: NT AUTHORITY\\SYSTEM\r\nLogonGuid: {39942fc6-7e86-6a8c-e703-000000000000}\r\nLogonId: 0x3E7\r\nTerminalSessionId: 0\r\nIntegrityLevel: System\r\nHashes: SHA256=18259795953A4CF4E880E40C8C87927704D89C11299CB5E2A626609FEBD9E321\r\nParentProcessGuid: {39942fc6-f05d-6a8b-cf01-000000001100}\r\nParentProcessId: 4816\r\nParentImage: C:\\Program Files (x86)\\ossec-agent\\wazuh-agent.exe\r\nParentCommandLine: \"C:\\Program Files (x86)\\ossec-agent\\wazuh-agent.exe\"\r\nParentUser: NT AUTHORITY\\SYSTEM\""
        },
        "process": {
          "image": "C:\\Windows\\SysWOW64\\WindowsPowerShell\\v1.0\\powershell.exe",
          "parentImage": "C:\\Program Files (x86)\\ossec-agent\\wazuh-agent.exe",
          "commandLine": "powershell secedit /export /cfg $env:TEMP\\secpol.cfg; Get-Content $env:TEMP\\secpol.cfg | Select-String \"LockoutBadCount\"; Remove-Item $env:TEMP\\secpol.cfg",
          "parentCommandLine": "\"C:\\Program Files (x86)\\ossec-agent\\wazuh-agent.exe\"",
          "currentDirectory": "C:\\Program Files (x86)\\ossec-agent\\",
          "user": "NT AUTHORITY\\SYSTEM",
          "processId": "5192",
          "parentProcessId": "4816",
          "hashes": "SHA256=18259795953A4CF4E880E40C8C87927704D89C11299CB5E2A626609FEBD9E321"
        },
        "account": {
          "action": "",
          "actor": "",
          "actorDomain": "",
          "actorUser": "",
          "targetUser": "",
          "targetDomain": "",
          "memberName": "",
          "memberSid": "",
          "groupName": "",
          "groupDomain": ""
        },
        "triage": {
          "status": "noise",
          "score": 10,
          "reason": "Wazuh agent policy assessment self-check"
        }
      },
      {
        "id": "eQWmMqABqS68G4_41xM1",
        "index": "wazuh-alerts-4.x-2026.08.24",
        "timestamp": "2026-08-24T07:23:04.726+0000",
        "agent": {
          "id": "001",
          "name": "WIN11-SOC-ENDPOINT",
          "ip": "192.168.64.3"
        },
        "manager": "wazuh.manager",
        "rule": {
          "id": "92021",
          "level": 3,
          "description": "Powershell was used to delete files or directories",
          "groups": [
            "sysmon",
            "sysmon_eid1_detections",
            "windows"
          ],
          "mitreId": "T1070.004",
          "mitreTactic": "Defense Evasion",
          "mitreTechnique": "File Deletion"
        },
        "event": {
          "channel": "Microsoft-Windows-Sysmon/Operational",
          "eventId": "1",
          "provider": "Microsoft-Windows-Sysmon",
          "message": "\"Process Create:\r\nRuleName: -\r\nUtcTime: 2026-08-24 07:23:01.696\r\nProcessGuid: {39942fc6-f155-6a8b-e901-000000001100}\r\nProcessId: 5712\r\nImage: C:\\Windows\\SysWOW64\\WindowsPowerShell\\v1.0\\powershell.exe\r\nFileVersion: 10.0.26100.8875 (WinBuild.160101.0800)\r\nDescription: Windows PowerShell\r\nProduct: Microsoft\u00ae Windows\u00ae Operating System\r\nCompany: Microsoft Corporation\r\nOriginalFileName: PowerShell.EXE\r\nCommandLine: powershell secedit /export /cfg $env:TEMP\\secpol.cfg; Get-Content $env:TEMP\\secpol.cfg | Select-String \"LockoutBadCount\"; Remove-Item $env:TEMP\\secpol.cfg\r\nCurrentDirectory: C:\\Program Files (x86)\\ossec-agent\\\r\nUser: NT AUTHORITY\\SYSTEM\r\nLogonGuid: {39942fc6-7e86-6a8c-e703-000000000000}\r\nLogonId: 0x3E7\r\nTerminalSessionId: 0\r\nIntegrityLevel: System\r\nHashes: SHA256=18259795953A4CF4E880E40C8C87927704D89C11299CB5E2A626609FEBD9E321\r\nParentProcessGuid: {39942fc6-f05d-6a8b-cf01-000000001100}\r\nParentProcessId: 4816\r\nParentImage: C:\\Program Files (x86)\\ossec-agent\\wazuh-agent.exe\r\nParentCommandLine: \"C:\\Program Files (x86)\\ossec-agent\\wazuh-agent.exe\"\r\nParentUser: NT AUTHORITY\\SYSTEM\""
        },
        "process": {
          "image": "C:\\Windows\\SysWOW64\\WindowsPowerShell\\v1.0\\powershell.exe",
          "parentImage": "C:\\Program Files (x86)\\ossec-agent\\wazuh-agent.exe",
          "commandLine": "powershell secedit /export /cfg $env:TEMP\\secpol.cfg; Get-Content $env:TEMP\\secpol.cfg | Select-String \"LockoutBadCount\"; Remove-Item $env:TEMP\\secpol.cfg",
          "parentCommandLine": "\"C:\\Program Files (x86)\\ossec-agent\\wazuh-agent.exe\"",
          "currentDirectory": "C:\\Program Files (x86)\\ossec-agent\\",
          "user": "NT AUTHORITY\\SYSTEM",
          "processId": "5712",
          "parentProcessId": "4816",
          "hashes": "SHA256=18259795953A4CF4E880E40C8C87927704D89C11299CB5E2A626609FEBD9E321"
        },
        "account": {
          "action": "",
          "actor": "",
          "actorDomain": "",
          "actorUser": "",
          "targetUser": "",
          "targetDomain": "",
          "memberName": "",
          "memberSid": "",
          "groupName": "",
          "groupDomain": ""
        },
        "triage": {
          "status": "noise",
          "score": 10,
          "reason": "Wazuh agent policy assessment self-check"
        }
      },
