      {
        "id": "c3sAFaEBDhTRgcnGnTzF",
        "index": "wazuh-alerts-4.x-2026.10.07",
        "timestamp": "2026-10-07T06:15:21.203+0000",
        "agent": {
          "id": "001",
          "name": "WIN11-SOC-ENDPOINT",
          "ip": "192.168.64.3"
        },
        "manager": "wazuh.manager",
        "rule": {
          "id": "61102",
          "level": 5,
          "description": "Windows System error event",
          "groups": [
            "windows",
            "windows_system",
            "system_error"
          ],
          "mitreId": "",
          "mitreTactic": "",
          "mitreTechnique": ""
        },
        "event": {
          "channel": "System",
          "eventId": "15",
          "provider": "TPM",
          "message": "\"The device driver for the Trusted Platform Module (TPM) encountered a non-recoverable error in the TPM hardware, which prevents TPM services (such as data encryption) from being used. For further help, please contact the computer manufacturer.\""
        },
        "process": {
          "image": "",
          "parentImage": "",
          "commandLine": "",
          "parentCommandLine": "",
          "currentDirectory": "",
          "user": "",
          "processId": "",
          "parentProcessId": "",
          "hashes": ""
        },
        "account": {
          "action": "",
          "actor": "",
          "actorDomain": "",
          "actorUser": "",
          "targetUser": "",
          "targetDomain": "",
          "memberName": "",
          "memberSid": "",
          "groupName": "",
          "groupDomain": ""
        },
        "triage": {
          "status": "noise",
          "score": 15,
          "reason": "Common Windows startup/background service activity"
        }
      },
      {
        "id": "cnsAFaEBDhTRgcnGnTzD",
        "index": "wazuh-alerts-4.x-2026.10.07",
        "timestamp": "2026-10-07T06:15:21.190+0000",
        "agent": {
          "id": "001",
          "name": "WIN11-SOC-ENDPOINT",
          "ip": "192.168.64.3"
        },
        "manager": "wazuh.manager",
        "rule": {
          "id": "61102",
          "level": 5,
          "description": "Windows System error event",
          "groups": [
            "windows",
            "windows_system",
            "system_error"
          ],
          "mitreId": "",
          "mitreTactic": "",
          "mitreTechnique": ""
        },
        "event": {
          "channel": "System",
          "eventId": "15",
          "provider": "TPM",
          "message": "\"The device driver for the Trusted Platform Module (TPM) encountered a non-recoverable error in the TPM hardware, which prevents TPM services (such as data encryption) from being used. For further help, please contact the computer manufacturer.\""
        },
        "process": {
          "image": "",
          "parentImage": "",
          "commandLine": "",
          "parentCommandLine": "",
          "currentDirectory": "",
          "user": "",
          "processId": "",
          "parentProcessId": "",
          "hashes": ""
        },
        "account": {
          "action": "",
          "actor": "",
          "actorDomain": "",
          "actorUser": "",
          "targetUser": "",
          "targetDomain": "",
          "memberName": "",
          "memberSid": "",
          "groupName": "",
          "groupDomain": ""
        },
        "triage": {
          "status": "noise",
          "score": 15,
          "reason": "Common Windows startup/background service activity"
        }
      },
      {
        "id": "bXv-FKEBDhTRgcnGbzwe",
        "index": "wazuh-alerts-4.x-2026.10.07",
        "timestamp": "2026-10-07T06:12:57.422+0000",
        "agent": {
          "id": "001",
          "name": "WIN11-SOC-ENDPOINT",
          "ip": "192.168.64.3"
        },
        "manager": "wazuh.manager",
        "rule": {
          "id": "61102",
          "level": 5,
          "description": "Windows System error event",
          "groups": [
            "windows",
            "windows_system",
            "system_error"
          ],
          "mitreId": "",
          "mitreTactic": "",
          "mitreTechnique": ""
        },
        "event": {
          "channel": "System",
          "eventId": "1803",
          "provider": "Microsoft-Windows-TPM-WMI",
          "message": "\"A PK-signed Key Exchange Key (KEK) cannot be found for this device. Check with the device manufacturer for proper key provisioning.\r\nThis device signature information is included here.\r\nDeviceAttributes: BaseBoardManufacturer:;FirmwareManufacturer:EFI Development Kit II / OVMF;FirmwareVersion:0.0.0;OEMModelNumber:QEMU Virtual Machine;OEMModelBaseBoard:;OEMModelSystemFamily:;OEMManufacturerName:QEMU;OEMModelSKU:;OSArchitecture:arm64;\r\nBucketId: 42bb6a1c46e22ca23875f240e6179cd492659eb33a79697cf5e6acc5866c9d5a\r\nBucketConfidenceLevel: High Confidence.\r\nFor more information, please see https://go.microsoft.com/fwlink/?linkid=2339472\""
        },
        "process": {
          "image": "",
          "parentImage": "",
          "commandLine": "",
          "parentCommandLine": "",
          "currentDirectory": "",
          "user": "",
          "processId": "",
          "parentProcessId": "",
          "hashes": ""
        },
        "account": {
          "action": "",
          "actor": "",
          "actorDomain": "",
          "actorUser": "",
          "targetUser": "",
          "targetDomain": "",
          "memberName": "",
          "memberSid": "",
          "groupName": "",
          "groupDomain": ""
        },
        "triage": {
          "status": "noise",
          "score": 15,
          "reason": "Common Windows startup/background service activity"
        }
      },
      {
        "id": "XXvxFKEBDhTRgcnGmjzV",
        "index": "wazuh-alerts-4.x-2026.10.07",
        "timestamp": "2026-10-07T05:51:19.230+0000",
        "agent": {
          "id": "001",
          "name": "WIN11-SOC-ENDPOINT",
          "ip": "192.168.64.3"
        },
        "manager": "wazuh.manager",
        "rule": {
          "id": "61102",
          "level": 5,
          "description": "Windows System error event",
          "groups": [
            "windows",
            "windows_system",
            "system_error"
          ],
          "mitreId": "",
          "mitreTactic": "",
          "mitreTechnique": ""
        },
        "event": {
          "channel": "System",
          "eventId": "15",
          "provider": "TPM",
          "message": "\"The device driver for the Trusted Platform Module (TPM) encountered a non-recoverable error in the TPM hardware, which prevents TPM services (such as data encryption) from being used. For further help, please contact the computer manufacturer.\""
        },
        "process": {
          "image": "",
          "parentImage": "",
          "commandLine": "",
          "parentCommandLine": "",
          "currentDirectory": "",
          "user": "",
          "processId": "",
          "parentProcessId": "",
          "hashes": ""
        },
        "account": {
          "action": "",
          "actor": "",
          "actorDomain": "",
          "actorUser": "",
          "targetUser": "",
          "targetDomain": "",
          "memberName": "",
          "memberSid": "",
          "groupName": "",
          "groupDomain": ""
        },
        "triage": {
          "status": "noise",
          "score": 15,
          "reason": "Common Windows startup/background service activity"
        }
      },
      {
        "id": "XHvxFKEBDhTRgcnGmjzS",
        "index": "wazuh-alerts-4.x-2026.10.07",
        "timestamp": "2026-10-07T05:51:19.207+0000",
        "agent": {
          "id": "001",
          "name": "WIN11-SOC-ENDPOINT",
          "ip": "192.168.64.3"
        },
        "manager": "wazuh.manager",
        "rule": {
          "id": "61102",
          "level": 5,
          "description": "Windows System error event",
          "groups": [
            "windows",
            "windows_system",
            "system_error"
          ],
          "mitreId": "",
          "mitreTactic": "",
          "mitreTechnique": ""
        },
        "event": {
          "channel": "System",
          "eventId": "15",
          "provider": "TPM",
          "message": "\"The device driver for the Trusted Platform Module (TPM) encountered a non-recoverable error in the TPM hardware, which prevents TPM services (such as data encryption) from being used. For further help, please contact the computer manufacturer.\""
        },
        "process": {
          "image": "",
          "parentImage": "",
          "commandLine": "",
          "parentCommandLine": "",
          "currentDirectory": "",
          "user": "",
          "processId": "",
          "parentProcessId": "",
          "hashes": ""
        },
        "account": {
          "action": "",
          "actor": "",
          "actorDomain": "",
          "actorUser": "",
          "targetUser": "",
          "targetDomain": "",
          "memberName": "",
          "memberSid": "",
          "groupName": "",
          "groupDomain": ""
        },
        "triage": {
          "status": "noise",
          "score": 15,
          "reason": "Common Windows startup/background service activity"
        }
      },
      {
        "id": "O3v-E6EBDhTRgcnGaDxg",
        "index": "wazuh-alerts-4.x-2026.10.07",
        "timestamp": "2026-10-07T01:33:16.441+0000",
        "agent": {
          "id": "001",
          "name": "WIN11-SOC-ENDPOINT",
          "ip": "192.168.64.3"
        },
        "manager": "wazuh.manager",
        "rule": {
          "id": "61102",
          "level": 5,
          "description": "Windows System error event",
          "groups": [
            "windows",
            "windows_system",
            "system_error"
          ],
          "mitreId": "",
          "mitreTactic": "",
          "mitreTechnique": ""
        },
        "event": {
          "channel": "System",
          "eventId": "15",
          "provider": "TPM",
          "message": "\"The device driver for the Trusted Platform Module (TPM) encountered a non-recoverable error in the TPM hardware, which prevents TPM services (such as data encryption) from being used. For further help, please contact the computer manufacturer.\""
        },
        "process": {
          "image": "",
          "parentImage": "",
          "commandLine": "",
          "parentCommandLine": "",
          "currentDirectory": "",
          "user": "",
          "processId": "",
          "parentProcessId": "",
          "hashes": ""
        },
        "account": {
          "action": "",
          "actor": "",
          "actorDomain": "",
          "actorUser": "",
          "targetUser": "",
          "targetDomain": "",
          "memberName": "",
          "memberSid": "",
          "groupName": "",
          "groupDomain": ""
        },
        "triage": {
          "status": "noise",
          "score": 15,
          "reason": "Common Windows startup/background service activity"
        }
      },
      {
        "id": "Onv-E6EBDhTRgcnGaDxf",
        "index": "wazuh-alerts-4.x-2026.10.07",
        "timestamp": "2026-10-07T01:33:16.431+0000",
        "agent": {
          "id": "001",
          "name": "WIN11-SOC-ENDPOINT",
          "ip": "192.168.64.3"
        },
        "manager": "wazuh.manager",
        "rule": {
          "id": "61102",
          "level": 5,
          "description": "Windows System error event",
          "groups": [
            "windows",
            "windows_system",
            "system_error"
          ],
          "mitreId": "",
          "mitreTactic": "",
          "mitreTechnique": ""
        },
        "event": {
          "channel": "System",
          "eventId": "15",
          "provider": "TPM",
          "message": "\"The device driver for the Trusted Platform Module (TPM) encountered a non-recoverable error in the TPM hardware, which prevents TPM services (such as data encryption) from being used. For further help, please contact the computer manufacturer.\""
        },
        "process": {
          "image": "",
          "parentImage": "",
          "commandLine": "",
          "parentCommandLine": "",
          "currentDirectory": "",
          "user": "",
          "processId": "",
          "parentProcessId": "",
          "hashes": ""
        },
        "account": {
          "action": "",
          "actor": "",
          "actorDomain": "",
          "actorUser": "",
          "targetUser": "",
          "targetDomain": "",
          "memberName": "",
          "memberSid": "",
          "groupName": "",
          "groupDomain": ""
        },
        "triage": {
          "status": "noise",
          "score": 15,
          "reason": "Common Windows startup/background service activity"
        }
      },
      {
        "id": "IXviE6EBDhTRgcnGFTyQ",
        "index": "wazuh-alerts-4.x-2026.10.07",
        "timestamp": "2026-10-07T01:02:18.719+0000",
        "agent": {
          "id": "001",
          "name": "WIN11-SOC-ENDPOINT",
          "ip": "192.168.64.3"
        },
        "manager": "wazuh.manager",
        "rule": {
          "id": "61102",
          "level": 5,
          "description": "Windows System error event",
          "groups": [
            "windows",
            "windows_system",
            "system_error"
          ],
          "mitreId": "",
          "mitreTactic": "",
          "mitreTechnique": ""
        },
        "event": {
          "channel": "System",
          "eventId": "15",
          "provider": "TPM",
          "message": "\"The device driver for the Trusted Platform Module (TPM) encountered a non-recoverable error in the TPM hardware, which prevents TPM services (such as data encryption) from being used. For further help, please contact the computer manufacturer.\""
        },
        "process": {
          "image": "",
          "parentImage": "",
          "commandLine": "",
          "parentCommandLine": "",
          "currentDirectory": "",
          "user": "",
          "processId": "",
          "parentProcessId": "",
          "hashes": ""
        },
        "account": {
          "action": "",
          "actor": "",
          "actorDomain": "",
          "actorUser": "",
          "targetUser": "",
          "targetDomain": "",
          "memberName": "",
          "memberSid": "",
          "groupName": "",
          "groupDomain": ""
        },
        "triage": {
          "status": "noise",
          "score": 15,
          "reason": "Common Windows startup/background service activity"
        }
      },
      {
        "id": "IHviE6EBDhTRgcnGFTyQ",
        "index": "wazuh-alerts-4.x-2026.10.07",
        "timestamp": "2026-10-07T01:02:18.710+0000",
        "agent": {
          "id": "001",
          "name": "WIN11-SOC-ENDPOINT",
          "ip": "192.168.64.3"
        },
        "manager": "wazuh.manager",
        "rule": {
          "id": "61102",
          "level": 5,
          "description": "Windows System error event",
          "groups": [
            "windows",
            "windows_system",
            "system_error"
          ],
          "mitreId": "",
          "mitreTactic": "",
          "mitreTechnique": ""
        },
        "event": {
          "channel": "System",
          "eventId": "15",
          "provider": "TPM",
          "message": "\"The device driver for the Trusted Platform Module (TPM) encountered a non-recoverable error in the TPM hardware, which prevents TPM services (such as data encryption) from being used. For further help, please contact the computer manufacturer.\""
        },
        "process": {
          "image": "",
          "parentImage": "",
          "commandLine": "",
          "parentCommandLine": "",
          "currentDirectory": "",
          "user": "",
          "processId": "",
          "parentProcessId": "",
          "hashes": ""
        },
        "account": {
          "action": "",
          "actor": "",
          "actorDomain": "",
          "actorUser": "",
          "targetUser": "",
          "targetDomain": "",
          "memberName": "",
          "memberSid": "",
          "groupName": "",
          "groupDomain": ""
        },
        "triage": {
          "status": "noise",
          "score": 15,
          "reason": "Common Windows startup/background service activity"
        }
      },
      {
        "id": "A3uaE6EBDhTRgcnGOjyu",
        "index": "wazuh-alerts-4.x-2026.10.06",
        "timestamp": "2026-10-06T23:43:54.071+0000",
        "agent": {
          "id": "001",
          "name": "WIN11-SOC-ENDPOINT",
          "ip": "192.168.64.3"
        },
        "manager": "wazuh.manager",
        "rule": {
          "id": "61102",
          "level": 5,
          "description": "Windows System error event",
          "groups": [
            "windows",
            "windows_system",
            "system_error"
          ],
          "mitreId": "",
          "mitreTactic": "",
          "mitreTechnique": ""
        },
        "event": {
          "channel": "System",
          "eventId": "15",
          "provider": "TPM",
          "message": "\"The device driver for the Trusted Platform Module (TPM) encountered a non-recoverable error in the TPM hardware, which prevents TPM services (such as data encryption) from being used. For further help, please contact the computer manufacturer.\""
        },
        "process": {
          "image": "",
          "parentImage": "",
          "commandLine": "",
          "parentCommandLine": "",
          "currentDirectory": "",
          "user": "",
          "processId": "",
          "parentProcessId": "",
          "hashes": ""
        },
        "account": {
          "action": "",
          "actor": "",
          "actorDomain": "",
          "actorUser": "",
          "targetUser": "",
          "targetDomain": "",
          "memberName": "",
          "memberSid": "",
          "groupName": "",
          "groupDomain": ""
        },
        "triage": {
          "status": "noise",
          "score": 15,
          "reason": "Common Windows startup/background service activity"
        }
      },
      {
        "id": "AnuaE6EBDhTRgcnGOjyu",
        "index": "wazuh-alerts-4.x-2026.10.06",
        "timestamp": "2026-10-06T23:43:54.067+0000",
        "agent": {
          "id": "001",
          "name": "WIN11-SOC-ENDPOINT",
          "ip": "192.168.64.3"
        },
        "manager": "wazuh.manager",
        "rule": {
          "id": "61102",
          "level": 5,
          "description": "Windows System error event",
          "groups": [
            "windows",
            "windows_system",
            "system_error"
          ],
          "mitreId": "",
          "mitreTactic": "",
          "mitreTechnique": ""
        },
        "event": {
          "channel": "System",
          "eventId": "15",
          "provider": "TPM",
          "message": "\"The device driver for the Trusted Platform Module (TPM) encountered a non-recoverable error in the TPM hardware, which prevents TPM services (such as data encryption) from being used. For further help, please contact the computer manufacturer.\""
        },
        "process": {
          "image": "",
          "parentImage": "",
          "commandLine": "",
          "parentCommandLine": "",
          "currentDirectory": "",
          "user": "",
          "processId": "",
          "parentProcessId": "",
          "hashes": ""
        },
        "account": {
          "action": "",
          "actor": "",
          "actorDomain": "",
          "actorUser": "",
          "targetUser": "",
          "targetDomain": "",
          "memberName": "",
          "memberSid": "",
          "groupName": "",
          "groupDomain": ""
        },
        "triage": {
          "status": "noise",
          "score": 15,
          "reason": "Common Windows startup/background service activity"
        }
      },
      {
        "id": "0XsyE6EBDhTRgcnGsDvV",
        "index": "wazuh-alerts-4.x-2026.10.06",
        "timestamp": "2026-10-06T21:50:48.987+0000",
        "agent": {
          "id": "001",
          "name": "WIN11-SOC-ENDPOINT",
          "ip": "192.168.64.3"
        },
        "manager": "wazuh.manager",
        "rule": {
          "id": "61102",
          "level": 5,
          "description": "Windows System error event",
          "groups": [
            "windows",
            "windows_system",
            "system_error"
          ],
          "mitreId": "",
          "mitreTactic": "",
          "mitreTechnique": ""
        },
        "event": {
          "channel": "System",
          "eventId": "15",
          "provider": "TPM",
          "message": "\"The device driver for the Trusted Platform Module (TPM) encountered a non-recoverable error in the TPM hardware, which prevents TPM services (such as data encryption) from being used. For further help, please contact the computer manufacturer.\""
        },
        "process": {
          "image": "",
          "parentImage": "",
          "commandLine": "",
          "parentCommandLine": "",
          "currentDirectory": "",
          "user": "",
          "processId": "",
          "parentProcessId": "",
          "hashes": ""
        },
        "account": {
          "action": "",
          "actor": "",
          "actorDomain": "",
          "actorUser": "",
          "targetUser": "",
          "targetDomain": "",
          "memberName": "",
          "memberSid": "",
          "groupName": "",
          "groupDomain": ""
        },
        "triage": {
          "status": "noise",
          "score": 15,
          "reason": "Common Windows startup/background service activity"
        }
      },
      {
        "id": "0HsyE6EBDhTRgcnGsDvV",
        "index": "wazuh-alerts-4.x-2026.10.06",
        "timestamp": "2026-10-06T21:50:48.940+0000",
        "agent": {
          "id": "001",
          "name": "WIN11-SOC-ENDPOINT",
          "ip": "192.168.64.3"
        },
        "manager": "wazuh.manager",
        "rule": {
          "id": "61102",
          "level": 5,
          "description": "Windows System error event",
          "groups": [
            "windows",
            "windows_system",
            "system_error"
          ],
          "mitreId": "",
          "mitreTactic": "",
          "mitreTechnique": ""
        },
        "event": {
          "channel": "System",
          "eventId": "15",
          "provider": "TPM",
          "message": "\"The device driver for the Trusted Platform Module (TPM) encountered a non-recoverable error in the TPM hardware, which prevents TPM services (such as data encryption) from being used. For further help, please contact the computer manufacturer.\""
        },
        "process": {
          "image": "",
          "parentImage": "",
          "commandLine": "",
          "parentCommandLine": "",
          "currentDirectory": "",
          "user": "",
          "processId": "",
          "parentProcessId": "",
          "hashes": ""
        },
        "account": {
          "action": "",
          "actor": "",
          "actorDomain": "",
          "actorUser": "",
          "targetUser": "",
          "targetDomain": "",
          "memberName": "",
          "memberSid": "",
          "groupName": "",
          "groupDomain": ""
        },
        "triage": {
          "status": "noise",
          "score": 15,
          "reason": "Common Windows startup/background service activity"
        }
      },
      {
        "id": "t3v_EqEBDhTRgcnGYzuJ",
        "index": "wazuh-alerts-4.x-2026.10.06",
        "timestamp": "2026-10-06T20:54:47.247+0000",
        "agent": {
          "id": "001",
          "name": "WIN11-SOC-ENDPOINT",
          "ip": "192.168.64.3"
        },
        "manager": "wazuh.manager",
        "rule": {
          "id": "61102",
          "level": 5,
          "description": "Windows System error event",
          "groups": [
            "windows",
            "windows_system",
            "system_error"
          ],
          "mitreId": "",
          "mitreTactic": "",
          "mitreTechnique": ""
        },
        "event": {
          "channel": "System",
          "eventId": "15",
          "provider": "TPM",
          "message": "\"The device driver for the Trusted Platform Module (TPM) encountered a non-recoverable error in the TPM hardware, which prevents TPM services (such as data encryption) from being used. For further help, please contact the computer manufacturer.\""
        },
        "process": {
          "image": "",
          "parentImage": "",
          "commandLine": "",
          "parentCommandLine": "",
          "currentDirectory": "",
          "user": "",
          "processId": "",
          "parentProcessId": "",
          "hashes": ""
        },
        "account": {
          "action": "",
          "actor": "",
          "actorDomain": "",
          "actorUser": "",
          "targetUser": "",
          "targetDomain": "",
          "memberName": "",
          "memberSid": "",
          "groupName": "",
          "groupDomain": ""
        },
        "triage": {
          "status": "noise",
          "score": 15,
          "reason": "Common Windows startup/background service activity"
        }
      },
      {
        "id": "uHv_EqEBDhTRgcnGYzuK",
        "index": "wazuh-alerts-4.x-2026.10.06",
        "timestamp": "2026-10-06T20:54:47.246+0000",
        "agent": {
          "id": "001",
          "name": "WIN11-SOC-ENDPOINT",
          "ip": "192.168.64.3"
        },
        "manager": "wazuh.manager",
        "rule": {
          "id": "61102",
          "level": 5,
          "description": "Windows System error event",
          "groups": [
            "windows",
            "windows_system",
            "system_error"
          ],
          "mitreId": "",
          "mitreTactic": "",
          "mitreTechnique": ""
        },
        "event": {
          "channel": "System",
          "eventId": "15",
          "provider": "TPM",
          "message": "\"The device driver for the Trusted Platform Module (TPM) encountered a non-recoverable error in the TPM hardware, which prevents TPM services (such as data encryption) from being used. For further help, please contact the computer manufacturer.\""
        },
        "process": {
          "image": "",
          "parentImage": "",
          "commandLine": "",
          "parentCommandLine": "",
          "currentDirectory": "",
          "user": "",
          "processId": "",
          "parentProcessId": "",
          "hashes": ""
        },
        "account": {
          "action": "",
          "actor": "",
          "actorDomain": "",
          "actorUser": "",
          "targetUser": "",
          "targetDomain": "",
          "memberName": "",
          "memberSid": "",
          "groupName": "",
          "groupDomain": ""
        },
        "triage": {
          "status": "noise",
          "score": 15,
          "reason": "Common Windows startup/background service activity"
        }
      },
      {
        "id": "p3vgEqEBDhTRgcnGljuV",
        "index": "wazuh-alerts-4.x-2026.10.06",
        "timestamp": "2026-10-06T20:20:59.157+0000",
        "agent": {
          "id": "001",
          "name": "WIN11-SOC-ENDPOINT",
          "ip": "192.168.64.3"
        },
        "manager": "wazuh.manager",
        "rule": {
          "id": "61102",
          "level": 5,
          "description": "Windows System error event",
          "groups": [
            "windows",
            "windows_system",
            "system_error"
          ],
          "mitreId": "",
          "mitreTactic": "",
          "mitreTechnique": ""
        },
        "event": {
          "channel": "System",
          "eventId": "15",
          "provider": "TPM",
          "message": "\"The device driver for the Trusted Platform Module (TPM) encountered a non-recoverable error in the TPM hardware, which prevents TPM services (such as data encryption) from being used. For further help, please contact the computer manufacturer.\""
        },
        "process": {
          "image": "",
          "parentImage": "",
          "commandLine": "",
          "parentCommandLine": "",
          "currentDirectory": "",
          "user": "",
          "processId": "",
          "parentProcessId": "",
          "hashes": ""
        },
        "account": {
          "action": "",
          "actor": "",
          "actorDomain": "",
          "actorUser": "",
          "targetUser": "",
          "targetDomain": "",
          "memberName": "",
          "memberSid": "",
          "groupName": "",
          "groupDomain": ""
        },
        "triage": {
          "status": "noise",
          "score": 15,
          "reason": "Common Windows startup/background service activity"
        }
      },
      {
        "id": "pnvgEqEBDhTRgcnGljuR",
        "index": "wazuh-alerts-4.x-2026.10.06",
        "timestamp": "2026-10-06T20:20:59.150+0000",
        "agent": {
          "id": "001",
          "name": "WIN11-SOC-ENDPOINT",
          "ip": "192.168.64.3"
        },
        "manager": "wazuh.manager",
        "rule": {
          "id": "61102",
          "level": 5,
          "description": "Windows System error event",
          "groups": [
            "windows",
            "windows_system",
            "system_error"
          ],
          "mitreId": "",
          "mitreTactic": "",
          "mitreTechnique": ""
        },
        "event": {
          "channel": "System",
          "eventId": "15",
          "provider": "TPM",
          "message": "\"The device driver for the Trusted Platform Module (TPM) encountered a non-recoverable error in the TPM hardware, which prevents TPM services (such as data encryption) from being used. For further help, please contact the computer manufacturer.\""
        },
        "process": {
          "image": "",
          "parentImage": "",
          "commandLine": "",
          "parentCommandLine": "",
          "currentDirectory": "",
          "user": "",
          "processId": "",
          "parentProcessId": "",
          "hashes": ""
        },
        "account": {
          "action": "",
          "actor": "",
          "actorDomain": "",
          "actorUser": "",
          "targetUser": "",
          "targetDomain": "",
          "memberName": "",
          "memberSid": "",
          "groupName": "",
          "groupDomain": ""
        },
        "triage": {
          "status": "noise",
          "score": 15,
          "reason": "Common Windows startup/background service activity"
        }
      },
      {
        "id": "83ufEqEBDhTRgcnGWDpl",
        "index": "wazuh-alerts-4.x-2026.10.06",
        "timestamp": "2026-10-06T19:09:52.599+0000",
        "agent": {
          "id": "001",
          "name": "WIN11-SOC-ENDPOINT",
          "ip": "192.168.64.3"
        },
        "manager": "wazuh.manager",
        "rule": {
          "id": "92066",
          "level": 4,
          "description": "C:\\Windows\\SysWOW64\\SecEdit.exe binary in a suspicious location launched by C:\\Windows\\SysWOW64\\WindowsPowerShell\\v1.0\\powershell.exe",
          "groups": [
            "sysmon",
            "sysmon_eid1_detections",
            "windows"
          ],
          "mitreId": "T1059.001",
          "mitreTactic": "Execution",
          "mitreTechnique": "PowerShell"
        },
        "event": {
          "channel": "Microsoft-Windows-Sysmon/Operational",
          "eventId": "1",
          "provider": "Microsoft-Windows-Sysmon",
          "message": "\"Process Create:\r\nRuleName: -\r\nUtcTime: 2026-10-06 19:09:51.087\r\nProcessGuid: {39942fc6-477f-6ac5-6703-000000001400}\r\nProcessId: 1920\r\nImage: C:\\Windows\\SysWOW64\\SecEdit.exe\r\nFileVersion: 10.0.26100.7019 (WinBuild.160101.0800)\r\nDescription: Windows Security Configuration Editor Command Tool\r\nProduct: Microsoft\u00ae Windows\u00ae Operating System\r\nCompany: Microsoft Corporation\r\nOriginalFileName: SeCEdit\r\nCommandLine: \"C:\\WINDOWS\\system32\\SecEdit.exe\" /export /cfg C:\\WINDOWS\\TEMP\\secpol.cfg\r\nCurrentDirectory: C:\\Program Files (x86)\\ossec-agent\\\r\nUser: NT AUTHORITY\\SYSTEM\r\nLogonGuid: {39942fc6-38ea-6ac5-e703-000000000000}\r\nLogonId: 0x3E7\r\nTerminalSessionId: 0\r\nIntegrityLevel: System\r\nHashes: SHA256=4CDF95EF7BEC023FED416EA34905055132374407D565BF242B69159352AD546F\r\nParentProcessGuid: {39942fc6-4775-6ac5-6503-000000001400}\r\nParentProcessId: 4972\r\nParentImage: C:\\Windows\\SysWOW64\\WindowsPowerShell\\v1.0\\powershell.exe\r\nParentCommandLine: powershell secedit /export /cfg $env:TEMP\\secpol.cfg; Get-Content $env:TEMP\\secpol.cfg | Select-String \"ResetLockoutCount\"; Remove-Item $env:TEMP\\secpol.cfg\r\nParentUser: NT AUTHORITY\\SYSTEM\""
        },
        "process": {
          "image": "C:\\Windows\\SysWOW64\\SecEdit.exe",
          "parentImage": "C:\\Windows\\SysWOW64\\WindowsPowerShell\\v1.0\\powershell.exe",
          "commandLine": "\"C:\\WINDOWS\\system32\\SecEdit.exe\" /export /cfg C:\\WINDOWS\\TEMP\\secpol.cfg",
          "parentCommandLine": "powershell secedit /export /cfg $env:TEMP\\secpol.cfg; Get-Content $env:TEMP\\secpol.cfg | Select-String \"ResetLockoutCount\"; Remove-Item $env:TEMP\\secpol.cfg",
          "currentDirectory": "C:\\Program Files (x86)\\ossec-agent\\",
          "user": "NT AUTHORITY\\SYSTEM",
          "processId": "1920",
          "parentProcessId": "4972",
          "hashes": "SHA256=4CDF95EF7BEC023FED416EA34905055132374407D565BF242B69159352AD546F"
        },
        "account": {
          "action": "",
          "actor": "",
          "actorDomain": "",
          "actorUser": "",
          "targetUser": "",
          "targetDomain": "",
          "memberName": "",
          "memberSid": "",
          "groupName": "",
          "groupDomain": ""
        },
        "triage": {
          "status": "noise",
          "score": 10,
          "reason": "Wazuh agent policy assessment self-check"
        }
      },
      {
        "id": "8nufEqEBDhTRgcnGWDpl",
        "index": "wazuh-alerts-4.x-2026.10.06",
        "timestamp": "2026-10-06T19:09:52.282+0000",
        "agent": {
          "id": "001",
          "name": "WIN11-SOC-ENDPOINT",
          "ip": "192.168.64.3"
        },
        "manager": "wazuh.manager",
        "rule": {
          "id": "91816",
          "level": 4,
          "description": "Powershell script querying system environment variables",
          "groups": [
            "windows",
            " powershell"
          ],
          "mitreId": "T1082",
          "mitreTactic": "Discovery",
          "mitreTechnique": "System Information Discovery"
        },
        "event": {
          "channel": "Microsoft-Windows-PowerShell/Operational",
          "eventId": "4104",
          "provider": "Microsoft-Windows-PowerShell",
          "message": "\"Creating Scriptblock text (1 of 1):\r\nsecedit /export /cfg $env:TEMP\\secpol.cfg; Get-Content $env:TEMP\\secpol.cfg | Select-String ResetLockoutCount; Remove-Item $env:TEMP\\secpol.cfg\r\n\r\nScriptBlock ID: 2c1041b7-c10e-4c51-9e41-ca89f8639608\r\nPath: \""
        },
        "process": {
          "image": "",
          "parentImage": "",
          "commandLine": "",
          "parentCommandLine": "",
          "currentDirectory": "",
          "user": "",
          "processId": "",
          "parentProcessId": "",
          "hashes": ""
        },
        "account": {
          "action": "",
          "actor": "",
          "actorDomain": "",
          "actorUser": "",
          "targetUser": "",
          "targetDomain": "",
          "memberName": "",
          "memberSid": "",
          "groupName": "",
          "groupDomain": ""
        },
        "triage": {
          "status": "noise",
          "score": 10,
          "reason": "Wazuh agent policy assessment self-check"
        }
      },
      {
        "id": "7HufEqEBDhTRgcnGFTrB",
        "index": "wazuh-alerts-4.x-2026.10.06",
        "timestamp": "2026-10-06T19:09:36.480+0000",
        "agent": {
          "id": "001",
          "name": "WIN11-SOC-ENDPOINT",
          "ip": "192.168.64.3"
        },
        "manager": "wazuh.manager",
        "rule": {
          "id": "92066",
          "level": 4,
          "description": "C:\\Windows\\SysWOW64\\SecEdit.exe binary in a suspicious location launched by C:\\Windows\\SysWOW64\\WindowsPowerShell\\v1.0\\powershell.exe",
          "groups": [
            "sysmon",
            "sysmon_eid1_detections",
            "windows"
          ],
          "mitreId": "T1059.001",
          "mitreTactic": "Execution",
          "mitreTechnique": "PowerShell"
        },
        "event": {
          "channel": "Microsoft-Windows-Sysmon/Operational",
          "eventId": "1",
          "provider": "Microsoft-Windows-Sysmon",
          "message": "\"Process Create:\r\nRuleName: -\r\nUtcTime: 2026-10-06 19:09:34.915\r\nProcessGuid: {39942fc6-476e-6ac5-6403-000000001400}\r\nProcessId: 8080\r\nImage: C:\\Windows\\SysWOW64\\SecEdit.exe\r\nFileVersion: 10.0.26100.7019 (WinBuild.160101.0800)\r\nDescription: Windows Security Configuration Editor Command Tool\r\nProduct: Microsoft\u00ae Windows\u00ae Operating System\r\nCompany: Microsoft Corporation\r\nOriginalFileName: SeCEdit\r\nCommandLine: \"C:\\WINDOWS\\system32\\SecEdit.exe\" /export /cfg C:\\WINDOWS\\TEMP\\secpol.cfg\r\nCurrentDirectory: C:\\Program Files (x86)\\ossec-agent\\\r\nUser: NT AUTHORITY\\SYSTEM\r\nLogonGuid: {39942fc6-38ea-6ac5-e703-000000000000}\r\nLogonId: 0x3E7\r\nTerminalSessionId: 0\r\nIntegrityLevel: System\r\nHashes: SHA256=4CDF95EF7BEC023FED416EA34905055132374407D565BF242B69159352AD546F\r\nParentProcessGuid: {39942fc6-4766-6ac5-6203-000000001400}\r\nParentProcessId: 2568\r\nParentImage: C:\\Windows\\SysWOW64\\WindowsPowerShell\\v1.0\\powershell.exe\r\nParentCommandLine: powershell secedit /export /cfg $env:TEMP\\secpol.cfg; Get-Content $env:TEMP\\secpol.cfg | Select-String \"LockoutBadCount\"; Remove-Item $env:TEMP\\secpol.cfg\r\nParentUser: NT AUTHORITY\\SYSTEM\""
        },
        "process": {
          "image": "C:\\Windows\\SysWOW64\\SecEdit.exe",
          "parentImage": "C:\\Windows\\SysWOW64\\WindowsPowerShell\\v1.0\\powershell.exe",
          "commandLine": "\"C:\\WINDOWS\\system32\\SecEdit.exe\" /export /cfg C:\\WINDOWS\\TEMP\\secpol.cfg",
          "parentCommandLine": "powershell secedit /export /cfg $env:TEMP\\secpol.cfg; Get-Content $env:TEMP\\secpol.cfg | Select-String \"LockoutBadCount\"; Remove-Item $env:TEMP\\secpol.cfg",
          "currentDirectory": "C:\\Program Files (x86)\\ossec-agent\\",
          "user": "NT AUTHORITY\\SYSTEM",
          "processId": "8080",
          "parentProcessId": "2568",
          "hashes": "SHA256=4CDF95EF7BEC023FED416EA34905055132374407D565BF242B69159352AD546F"
        },
        "account": {
          "action": "",
          "actor": "",
          "actorDomain": "",
          "actorUser": "",
          "targetUser": "",
          "targetDomain": "",
          "memberName": "",
          "memberSid": "",
          "groupName": "",
          "groupDomain": ""
        },
        "triage": {
          "status": "noise",
          "score": 10,
          "reason": "Wazuh agent policy assessment self-check"
        }
      },
      {
        "id": "63ufEqEBDhTRgcnGFTrA",
        "index": "wazuh-alerts-4.x-2026.10.06",
        "timestamp": "2026-10-06T19:09:35.886+0000",
        "agent": {
          "id": "001",
          "name": "WIN11-SOC-ENDPOINT",
          "ip": "192.168.64.3"
        },
        "manager": "wazuh.manager",
        "rule": {
          "id": "91816",
          "level": 4,
          "description": "Powershell script querying system environment variables",
          "groups": [
            "windows",
            " powershell"
          ],
          "mitreId": "T1082",
          "mitreTactic": "Discovery",
          "mitreTechnique": "System Information Discovery"
        },
        "event": {
          "channel": "Microsoft-Windows-PowerShell/Operational",
          "eventId": "4104",
          "provider": "Microsoft-Windows-PowerShell",
          "message": "\"Creating Scriptblock text (1 of 1):\r\nsecedit /export /cfg $env:TEMP\\secpol.cfg; Get-Content $env:TEMP\\secpol.cfg | Select-String LockoutBadCount; Remove-Item $env:TEMP\\secpol.cfg\r\n\r\nScriptBlock ID: 7df75b14-68bc-4ecb-9c38-9de622161f2f\r\nPath: \""
        },
        "process": {
          "image": "",
          "parentImage": "",
          "commandLine": "",
          "parentCommandLine": "",
          "currentDirectory": "",
          "user": "",
          "processId": "",
          "parentProcessId": "",
          "hashes": ""
        },
        "account": {
          "action": "",
          "actor": "",
          "actorDomain": "",
          "actorUser": "",
          "targetUser": "",
          "targetDomain": "",
          "memberName": "",
          "memberSid": "",
          "groupName": "",
          "groupDomain": ""
        },
        "triage": {
          "status": "noise",
          "score": 10,
          "reason": "Wazuh agent policy assessment self-check"
        }
      },
      {
        "id": "6XueEqEBDhTRgcnG7jqL",
        "index": "wazuh-alerts-4.x-2026.10.06",
        "timestamp": "2026-10-06T19:09:25.374+0000",
        "agent": {
          "id": "001",
          "name": "WIN11-SOC-ENDPOINT",
          "ip": "192.168.64.3"
        },
        "manager": "wazuh.manager",
        "rule": {
          "id": "92066",
          "level": 4,
          "description": "C:\\Windows\\SysWOW64\\SecEdit.exe binary in a suspicious location launched by C:\\Windows\\SysWOW64\\WindowsPowerShell\\v1.0\\powershell.exe",
          "groups": [
            "sysmon",
            "sysmon_eid1_detections",
            "windows"
          ],
          "mitreId": "T1059.001",
          "mitreTactic": "Execution",
          "mitreTechnique": "PowerShell"
        },
        "event": {
          "channel": "Microsoft-Windows-Sysmon/Operational",
          "eventId": "1",
          "provider": "Microsoft-Windows-Sysmon",
          "message": "\"Process Create:\r\nRuleName: -\r\nUtcTime: 2026-10-06 19:09:23.800\r\nProcessGuid: {39942fc6-4763-6ac5-6103-000000001400}\r\nProcessId: 4600\r\nImage: C:\\Windows\\SysWOW64\\SecEdit.exe\r\nFileVersion: 10.0.26100.7019 (WinBuild.160101.0800)\r\nDescription: Windows Security Configuration Editor Command Tool\r\nProduct: Microsoft\u00ae Windows\u00ae Operating System\r\nCompany: Microsoft Corporation\r\nOriginalFileName: SeCEdit\r\nCommandLine: \"C:\\WINDOWS\\system32\\SecEdit.exe\" /export /cfg C:\\WINDOWS\\TEMP\\secpol.cfg\r\nCurrentDirectory: C:\\Program Files (x86)\\ossec-agent\\\r\nUser: NT AUTHORITY\\SYSTEM\r\nLogonGuid: {39942fc6-38ea-6ac5-e703-000000000000}\r\nLogonId: 0x3E7\r\nTerminalSessionId: 0\r\nIntegrityLevel: System\r\nHashes: SHA256=4CDF95EF7BEC023FED416EA34905055132374407D565BF242B69159352AD546F\r\nParentProcessGuid: {39942fc6-475b-6ac5-5f03-000000001400}\r\nParentProcessId: 4564\r\nParentImage: C:\\Windows\\SysWOW64\\WindowsPowerShell\\v1.0\\powershell.exe\r\nParentCommandLine: powershell secedit /export /cfg $env:TEMP\\secpol.cfg; Get-Content $env:TEMP\\secpol.cfg | Select-String \"LockoutDuration\"; Remove-Item $env:TEMP\\secpol.cfg\r\nParentUser: NT AUTHORITY\\SYSTEM\""
        },
        "process": {
          "image": "C:\\Windows\\SysWOW64\\SecEdit.exe",
          "parentImage": "C:\\Windows\\SysWOW64\\WindowsPowerShell\\v1.0\\powershell.exe",
          "commandLine": "\"C:\\WINDOWS\\system32\\SecEdit.exe\" /export /cfg C:\\WINDOWS\\TEMP\\secpol.cfg",
          "parentCommandLine": "powershell secedit /export /cfg $env:TEMP\\secpol.cfg; Get-Content $env:TEMP\\secpol.cfg | Select-String \"LockoutDuration\"; Remove-Item $env:TEMP\\secpol.cfg",
          "currentDirectory": "C:\\Program Files (x86)\\ossec-agent\\",
          "user": "NT AUTHORITY\\SYSTEM",
          "processId": "4600",
          "parentProcessId": "4564",
          "hashes": "SHA256=4CDF95EF7BEC023FED416EA34905055132374407D565BF242B69159352AD546F"
        },
        "account": {
          "action": "",
          "actor": "",
          "actorDomain": "",
          "actorUser": "",
          "targetUser": "",
          "targetDomain": "",
          "memberName": "",
          "memberSid": "",
          "groupName": "",
          "groupDomain": ""
        },
        "triage": {
          "status": "noise",
          "score": 10,
          "reason": "Wazuh agent policy assessment self-check"
        }
      },
      {
        "id": "6HueEqEBDhTRgcnG7jqL",
        "index": "wazuh-alerts-4.x-2026.10.06",
        "timestamp": "2026-10-06T19:09:24.931+0000",
        "agent": {
          "id": "001",
          "name": "WIN11-SOC-ENDPOINT",
          "ip": "192.168.64.3"
        },
        "manager": "wazuh.manager",
        "rule": {
          "id": "91816",
          "level": 4,
          "description": "Powershell script querying system environment variables",
          "groups": [
            "windows",
            " powershell"
          ],
          "mitreId": "T1082",
          "mitreTactic": "Discovery",
          "mitreTechnique": "System Information Discovery"
        },
        "event": {
          "channel": "Microsoft-Windows-PowerShell/Operational",
          "eventId": "4104",
          "provider": "Microsoft-Windows-PowerShell",
          "message": "\"Creating Scriptblock text (1 of 1):\r\nsecedit /export /cfg $env:TEMP\\secpol.cfg; Get-Content $env:TEMP\\secpol.cfg | Select-String LockoutDuration; Remove-Item $env:TEMP\\secpol.cfg\r\n\r\nScriptBlock ID: 3e994e83-a19a-44ec-a3f2-f191ed4034f7\r\nPath: \""
        },
        "process": {
          "image": "",
          "parentImage": "",
          "commandLine": "",
          "parentCommandLine": "",
          "currentDirectory": "",
          "user": "",
          "processId": "",
          "parentProcessId": "",
          "hashes": ""
        },
        "account": {
          "action": "",
          "actor": "",
          "actorDomain": "",
          "actorUser": "",
          "targetUser": "",
          "targetDomain": "",
          "memberName": "",
          "memberSid": "",
          "groupName": "",
          "groupDomain": ""
        },
        "triage": {
          "status": "noise",
          "score": 10,
          "reason": "Wazuh agent policy assessment self-check"
        }
      },
      {
        "id": "5nueEqEBDhTRgcnG0zpY",
        "index": "wazuh-alerts-4.x-2026.10.06",
        "timestamp": "2026-10-06T19:09:12.486+0000",
        "agent": {
          "id": "001",
          "name": "WIN11-SOC-ENDPOINT",
          "ip": "192.168.64.3"
        },
        "manager": "wazuh.manager",
        "rule": {
          "id": "92066",
          "level": 4,
          "description": "C:\\Windows\\SysWOW64\\SecEdit.exe binary in a suspicious location launched by C:\\Windows\\SysWOW64\\WindowsPowerShell\\v1.0\\powershell.exe",
          "groups": [
            "sysmon",
            "sysmon_eid1_detections",
            "windows"
          ],
          "mitreId": "T1059.001",
          "mitreTactic": "Execution",
          "mitreTechnique": "PowerShell"
        },
        "event": {
          "channel": "Microsoft-Windows-Sysmon/Operational",
          "eventId": "1",
          "provider": "Microsoft-Windows-Sysmon",
          "message": "\"Process Create:\r\nRuleName: -\r\nUtcTime: 2026-10-06 19:09:10.977\r\nProcessGuid: {39942fc6-4756-6ac5-5e03-000000001400}\r\nProcessId: 580\r\nImage: C:\\Windows\\SysWOW64\\SecEdit.exe\r\nFileVersion: 10.0.26100.7019 (WinBuild.160101.0800)\r\nDescription: Windows Security Configuration Editor Command Tool\r\nProduct: Microsoft\u00ae Windows\u00ae Operating System\r\nCompany: Microsoft Corporation\r\nOriginalFileName: SeCEdit\r\nCommandLine: \"C:\\WINDOWS\\system32\\SecEdit.exe\" /export /cfg C:\\WINDOWS\\TEMP\\secpol.cfg\r\nCurrentDirectory: C:\\Program Files (x86)\\ossec-agent\\\r\nUser: NT AUTHORITY\\SYSTEM\r\nLogonGuid: {39942fc6-38ea-6ac5-e703-000000000000}\r\nLogonId: 0x3E7\r\nTerminalSessionId: 0\r\nIntegrityLevel: System\r\nHashes: SHA256=4CDF95EF7BEC023FED416EA34905055132374407D565BF242B69159352AD546F\r\nParentProcessGuid: {39942fc6-474e-6ac5-5c03-000000001400}\r\nParentProcessId: 1712\r\nParentImage: C:\\Windows\\SysWOW64\\WindowsPowerShell\\v1.0\\powershell.exe\r\nParentCommandLine: powershell secedit /export /cfg $env:TEMP\\secpol.cfg; Get-Content $env:TEMP\\secpol.cfg | Select-String \"MinimumPasswordLength\"; Remove-Item $env:TEMP\\secpol.cfg\r\nParentUser: NT AUTHORITY\\SYSTEM\""
        },
        "process": {
          "image": "C:\\Windows\\SysWOW64\\SecEdit.exe",
          "parentImage": "C:\\Windows\\SysWOW64\\WindowsPowerShell\\v1.0\\powershell.exe",
          "commandLine": "\"C:\\WINDOWS\\system32\\SecEdit.exe\" /export /cfg C:\\WINDOWS\\TEMP\\secpol.cfg",
          "parentCommandLine": "powershell secedit /export /cfg $env:TEMP\\secpol.cfg; Get-Content $env:TEMP\\secpol.cfg | Select-String \"MinimumPasswordLength\"; Remove-Item $env:TEMP\\secpol.cfg",
          "currentDirectory": "C:\\Program Files (x86)\\ossec-agent\\",
          "user": "NT AUTHORITY\\SYSTEM",
          "processId": "580",
          "parentProcessId": "1712",
          "hashes": "SHA256=4CDF95EF7BEC023FED416EA34905055132374407D565BF242B69159352AD546F"
        },
        "account": {
          "action": "",
          "actor": "",
          "actorDomain": "",
          "actorUser": "",
          "targetUser": "",
          "targetDomain": "",
          "memberName": "",
          "memberSid": "",
          "groupName": "",
          "groupDomain": ""
        },
        "triage": {
          "status": "noise",
          "score": 10,
          "reason": "Wazuh agent policy assessment self-check"
        }
      },
