      {
        "id": "8nvcFaEBDhTRgcnGXT_k",
        "index": "wazuh-alerts-4.x-2026.10.07",
        "timestamp": "2026-10-07T10:15:19.746+0000",
        "agent": {
          "id": "001",
          "name": "WIN11-SOC-ENDPOINT",
          "ip": "192.168.64.3"
        },
        "manager": "wazuh.manager",
        "rule": {
          "id": "60608",
          "level": 4,
          "description": "Summary event of the report's signatures.",
          "groups": [
            "windows",
            "windows_application"
          ],
          "mitreId": "",
          "mitreTactic": "",
          "mitreTechnique": ""
        },
        "event": {
          "channel": "Application",
          "eventId": "1001",
          "provider": "Windows Error Reporting",
          "message": "\"Fault bucket , type 0\r\nEvent Name: BlueScreen\r\nResponse: Not available\r\nCab Id: 0\r\n\r\nProblem signature:\r\nP1: d1\r\nP2: 34\r\nP3: 2\r\nP4: 0\r\nP5: fffff8024563a740\r\nP6: 10_0_26100\r\nP7: 0_0\r\nP8: 256_1\r\nP9: \r\nP10: \r\n\r\nAttached files:\r\n\\?\\C:\\WINDOWS\\Minidump\\071526-4640-01.dmp\r\n\\?\\C:\\WINDOWS\\SystemTemp\\WER-4640-0.sysdata.xml\r\n\\?\\C:\\ProgramData\\Microsoft\\Windows\\WER\\Temp\\WER.855f05b5-abd8-4b5f-866f-a2eeda807763.tmp.WERInternalMetadata.xml\r\n\\?\\C:\\ProgramData\\Microsoft\\Windows\\WER\\Temp\\WER.bb0f93a9-4f2f-4fc2-8915-83fcdc144e25.tmp.csv\r\n\\?\\C:\\ProgramData\\Microsoft\\Windows\\WER\\Temp\\WER.5777f2b2-7b7e-4de5-a8ab-43d2602cb3bc.tmp.txt\r\n\\?\\C:\\ProgramData\\Microsoft\\Windows\\WER\\Temp\\WER.2ef9851e-b155-4e62-9aad-cb27b8bfa0fe.tmp.xml\r\n\r\nThese files may be available here:\r\n\\?\\C:\\ProgramData\\Microsoft\\Windows\\WER\\ReportQueue\\Kernel_d1_afe988ebc35889c4c095569b04020a1f8f787f3_00000000_4d512050-3d45-4d9c-811c-d53a15bf95a0\r\n\r\nAnalysis symbol: \r\nRechecking for solution: 0\r\nReport Id: 41f83e80-a01a-4a9c-9617-b540a38aa09d\r\nReport Status: 2049\r\nHashed bucket: \r\nCab Guid: 0\""
        },
        "process": {
          "image": "",
          "parentImage": "",
          "commandLine": "",
          "parentCommandLine": "",
          "currentDirectory": "",
          "user": "",
          "processId": "",
          "parentProcessId": "",
          "hashes": ""
        },
        "account": {
          "action": "",
          "actor": "",
          "actorDomain": "",
          "actorUser": "",
          "targetUser": "",
          "targetDomain": "",
          "memberName": "",
          "memberSid": "",
          "groupName": "",
          "groupDomain": ""
        },
        "triage": {
          "status": "review",
          "score": 40,
          "reason": "Low or medium severity telemetry"
        }
      },
      {
        "id": "8XvcFaEBDhTRgcnGXT_k",
        "index": "wazuh-alerts-4.x-2026.10.07",
        "timestamp": "2026-10-07T10:15:19.730+0000",
        "agent": {
          "id": "001",
          "name": "WIN11-SOC-ENDPOINT",
          "ip": "192.168.64.3"
        },
        "manager": "wazuh.manager",
        "rule": {
          "id": "60608",
          "level": 4,
          "description": "Summary event of the report's signatures.",
          "groups": [
            "windows",
            "windows_application"
          ],
          "mitreId": "",
          "mitreTactic": "",
          "mitreTechnique": ""
        },
        "event": {
          "channel": "Application",
          "eventId": "1001",
          "provider": "Windows Error Reporting",
          "message": "\"Fault bucket , type 0\r\nEvent Name: BlueScreen\r\nResponse: Not available\r\nCab Id: 0\r\n\r\nProblem signature:\r\nP1: d1\r\nP2: ffffc10006ebf242\r\nP3: 2\r\nP4: 0\r\nP5: fffff80145a8a754\r\nP6: 10_0_26100\r\nP7: 0_0\r\nP8: 256_1\r\nP9: \r\nP10: \r\n\r\nAttached files:\r\n\\?\\C:\\WINDOWS\\Minidump\\071326-4515-01.dmp\r\n\\?\\C:\\WINDOWS\\SystemTemp\\WER-4562-0.sysdata.xml\r\n\\?\\C:\\ProgramData\\Microsoft\\Windows\\WER\\Temp\\WER.991196e8-9e86-42ba-8b7d-533b6fb1a188.tmp.WERInternalMetadata.xml\r\n\\?\\C:\\ProgramData\\Microsoft\\Windows\\WER\\Temp\\WER.04c05ad2-4d30-4c94-afa1-46dc919aded2.tmp.csv\r\n\\?\\C:\\ProgramData\\Microsoft\\Windows\\WER\\Temp\\WER.195c710f-5754-4ab9-acce-4317d955420f.tmp.txt\r\n\\?\\C:\\ProgramData\\Microsoft\\Windows\\WER\\Temp\\WER.930b89cd-4fde-4f55-86e2-ef8fa22d880f.tmp.xml\r\n\r\nThese files may be available here:\r\n\\?\\C:\\ProgramData\\Microsoft\\Windows\\WER\\ReportQueue\\Kernel_d1_d14dd6358f19e35602b88c91e561ff5ccc6590_00000000_2c440d8a-cc4e-476d-af57-52785913bbb4\r\n\r\nAnalysis symbol: \r\nRechecking for solution: 0\r\nReport Id: 1bf87a6f-f3ff-4df7-ac1b-e5247f22a9d9\r\nReport Status: 2049\r\nHashed bucket: \r\nCab Guid: 0\""
        },
        "process": {
          "image": "",
          "parentImage": "",
          "commandLine": "",
          "parentCommandLine": "",
          "currentDirectory": "",
          "user": "",
          "processId": "",
          "parentProcessId": "",
          "hashes": ""
        },
        "account": {
          "action": "",
          "actor": "",
          "actorDomain": "",
          "actorUser": "",
          "targetUser": "",
          "targetDomain": "",
          "memberName": "",
          "memberSid": "",
          "groupName": "",
          "groupDomain": ""
        },
        "triage": {
          "status": "review",
          "score": 40,
          "reason": "Low or medium severity telemetry"
        }
      },
      {
        "id": "8HvcFaEBDhTRgcnGXT_k",
        "index": "wazuh-alerts-4.x-2026.10.07",
        "timestamp": "2026-10-07T10:15:19.730+0000",
        "agent": {
          "id": "001",
          "name": "WIN11-SOC-ENDPOINT",
          "ip": "192.168.64.3"
        },
        "manager": "wazuh.manager",
        "rule": {
          "id": "60608",
          "level": 4,
          "description": "Summary event of the report's signatures.",
          "groups": [
            "windows",
            "windows_application"
          ],
          "mitreId": "",
          "mitreTactic": "",
          "mitreTechnique": ""
        },
        "event": {
          "channel": "Application",
          "eventId": "1001",
          "provider": "Windows Error Reporting",
          "message": "\"Fault bucket , type 0\r\nEvent Name: StoreAgentInstallFailure1\r\nResponse: Not available\r\nCab Id: 0\r\n\r\nProblem signature:\r\nP1: Update;MoUpdateOrchestratorDeviceScan-MoUsoCoreWorker-SearchForAllUpdatesWithUpdateOptionsAsync\r\nP2: 80073d02\r\nP3: 26200\r\nP4: 9168\r\nP5: Windows.Desktop\r\nP6: 3\r\nP7: \r\nP8: \r\nP9: \r\nP10: \r\n\r\nAttached files:\r\n\r\nThese files may be available here:\r\n\\?\\C:\\ProgramData\\Microsoft\\Windows\\WER\\ReportQueue\\NonCritical_Update;MoUpdateO_acc1235016c14accfcc8c7c2f5e38161de34d01a_00000000_c82adc17-08db-4692-a7b3-839a03052ce8\r\n\r\nAnalysis symbol: \r\nRechecking for solution: 0\r\nReport Id: c82adc17-08db-4692-a7b3-839a03052ce8\r\nReport Status: 4\r\nHashed bucket: \r\nCab Guid: 0\""
        },
        "process": {
          "image": "",
          "parentImage": "",
          "commandLine": "",
          "parentCommandLine": "",
          "currentDirectory": "",
          "user": "",
          "processId": "",
          "parentProcessId": "",
          "hashes": ""
        },
        "account": {
          "action": "",
          "actor": "",
          "actorDomain": "",
          "actorUser": "",
          "targetUser": "",
          "targetDomain": "",
          "memberName": "",
          "memberSid": "",
          "groupName": "",
          "groupDomain": ""
        },
        "triage": {
          "status": "review",
          "score": 40,
          "reason": "Low or medium severity telemetry"
        }
      },
      {
        "id": "63vaFaEBDhTRgcnG6j8N",
        "index": "wazuh-alerts-4.x-2026.10.07",
        "timestamp": "2026-10-07T10:13:47.031+0000",
        "agent": {
          "id": "001",
          "name": "WIN11-SOC-ENDPOINT",
          "ip": "192.168.64.3"
        },
        "manager": "wazuh.manager",
        "rule": {
          "id": "60608",
          "level": 4,
          "description": "Summary event of the report's signatures.",
          "groups": [
            "windows",
            "windows_application"
          ],
          "mitreId": "",
          "mitreTactic": "",
          "mitreTechnique": ""
        },
        "event": {
          "channel": "Application",
          "eventId": "1001",
          "provider": "Windows Error Reporting",
          "message": "\"Fault bucket , type 0\r\nEvent Name: WindowsWcpOtherFailure3\r\nResponse: Not available\r\nCab Id: 0\r\n\r\nProblem signature:\r\nP1: 10.0.26100.9441:1\r\nP2: wcp\\componentstore\\storelayout.cpp\r\nP3: ComponentStore::CRawStoreLayout::OpenComponentFile\r\nP4: 2265\r\nP5: 800f0983\r\nP6: 0x994c3b84\r\nP7: \r\nP8: \r\nP9: \r\nP10: \r\n\r\nAttached files:\r\n\\?\\C:\\ProgramData\\Microsoft\\Windows\\WER\\Temp\\WER.34d513ff-cfc3-4851-a646-b95810fe4291.tmp.WERInternalMetadata.xml\r\n\r\nThese files may be available here:\r\n\\?\\C:\\ProgramData\\Microsoft\\Windows\\WER\\ReportArchive\\Critical_10.0.26100.9441__392393821522860dc3c217d79f9a6d1bca8d0d2_00000000_af4cd3c3-cd4a-43b7-b357-477be4bd8829\r\n\r\nAnalysis symbol: \r\nRechecking for solution: 0\r\nReport Id: af4cd3c3-cd4a-43b7-b357-477be4bd8829\r\nReport Status: 2147491840\r\nHashed bucket: \r\nCab Guid: 0\""
        },
        "process": {
          "image": "",
          "parentImage": "",
          "commandLine": "",
          "parentCommandLine": "",
          "currentDirectory": "",
          "user": "",
          "processId": "",
          "parentProcessId": "",
          "hashes": ""
        },
        "account": {
          "action": "",
          "actor": "",
          "actorDomain": "",
          "actorUser": "",
          "targetUser": "",
          "targetDomain": "",
          "memberName": "",
          "memberSid": "",
          "groupName": "",
          "groupDomain": ""
        },
        "triage": {
          "status": "review",
          "score": 40,
          "reason": "Low or medium severity telemetry"
        }
      },
      {
        "id": "6nvaFaEBDhTRgcnG0D_t",
        "index": "wazuh-alerts-4.x-2026.10.07",
        "timestamp": "2026-10-07T10:13:40.194+0000",
        "agent": {
          "id": "001",
          "name": "WIN11-SOC-ENDPOINT",
          "ip": "192.168.64.3"
        },
        "manager": "wazuh.manager",
        "rule": {
          "id": "60608",
          "level": 4,
          "description": "Summary event of the report's signatures.",
          "groups": [
            "windows",
            "windows_application"
          ],
          "mitreId": "",
          "mitreTactic": "",
          "mitreTechnique": ""
        },
        "event": {
          "channel": "Application",
          "eventId": "1001",
          "provider": "Windows Error Reporting",
          "message": "\"Fault bucket , type 0\r\nEvent Name: BlueScreen\r\nResponse: Not available\r\nCab Id: 0\r\n\r\nProblem signature:\r\nP1: d1\r\nP2: 34\r\nP3: 2\r\nP4: 0\r\nP5: fffff8024563a740\r\nP6: 10_0_26100\r\nP7: 0_0\r\nP8: 256_1\r\nP9: \r\nP10: \r\n\r\nAttached files:\r\n\\?\\C:\\WINDOWS\\Minidump\\071526-4640-01.dmp\r\n\\?\\C:\\WINDOWS\\SystemTemp\\WER-4640-0.sysdata.xml\r\n\\?\\C:\\ProgramData\\Microsoft\\Windows\\WER\\Temp\\WER.855f05b5-abd8-4b5f-866f-a2eeda807763.tmp.WERInternalMetadata.xml\r\n\\?\\C:\\ProgramData\\Microsoft\\Windows\\WER\\Temp\\WER.bb0f93a9-4f2f-4fc2-8915-83fcdc144e25.tmp.csv\r\n\\?\\C:\\ProgramData\\Microsoft\\Windows\\WER\\Temp\\WER.5777f2b2-7b7e-4de5-a8ab-43d2602cb3bc.tmp.txt\r\n\\?\\C:\\ProgramData\\Microsoft\\Windows\\WER\\Temp\\WER.2ef9851e-b155-4e62-9aad-cb27b8bfa0fe.tmp.xml\r\n\r\nThese files may be available here:\r\n\\?\\C:\\ProgramData\\Microsoft\\Windows\\WER\\ReportQueue\\Kernel_d1_afe988ebc35889c4c095569b04020a1f8f787f3_00000000_4d512050-3d45-4d9c-811c-d53a15bf95a0\r\n\r\nAnalysis symbol: \r\nRechecking for solution: 0\r\nReport Id: 41f83e80-a01a-4a9c-9617-b540a38aa09d\r\nReport Status: 2049\r\nHashed bucket: \r\nCab Guid: 0\""
        },
        "process": {
          "image": "",
          "parentImage": "",
          "commandLine": "",
          "parentCommandLine": "",
          "currentDirectory": "",
          "user": "",
          "processId": "",
          "parentProcessId": "",
          "hashes": ""
        },
        "account": {
          "action": "",
          "actor": "",
          "actorDomain": "",
          "actorUser": "",
          "targetUser": "",
          "targetDomain": "",
          "memberName": "",
          "memberSid": "",
          "groupName": "",
          "groupDomain": ""
        },
        "triage": {
          "status": "review",
          "score": 40,
          "reason": "Low or medium severity telemetry"
        }
      },
      {
        "id": "6XvaFaEBDhTRgcnG0D_t",
        "index": "wazuh-alerts-4.x-2026.10.07",
        "timestamp": "2026-10-07T10:13:40.189+0000",
        "agent": {
          "id": "001",
          "name": "WIN11-SOC-ENDPOINT",
          "ip": "192.168.64.3"
        },
        "manager": "wazuh.manager",
        "rule": {
          "id": "60608",
          "level": 4,
          "description": "Summary event of the report's signatures.",
          "groups": [
            "windows",
            "windows_application"
          ],
          "mitreId": "",
          "mitreTactic": "",
          "mitreTechnique": ""
        },
        "event": {
          "channel": "Application",
          "eventId": "1001",
          "provider": "Windows Error Reporting",
          "message": "\"Fault bucket , type 0\r\nEvent Name: BlueScreen\r\nResponse: Not available\r\nCab Id: 0\r\n\r\nProblem signature:\r\nP1: d1\r\nP2: ffffc10006ebf242\r\nP3: 2\r\nP4: 0\r\nP5: fffff80145a8a754\r\nP6: 10_0_26100\r\nP7: 0_0\r\nP8: 256_1\r\nP9: \r\nP10: \r\n\r\nAttached files:\r\n\\?\\C:\\WINDOWS\\Minidump\\071326-4515-01.dmp\r\n\\?\\C:\\WINDOWS\\SystemTemp\\WER-4562-0.sysdata.xml\r\n\\?\\C:\\ProgramData\\Microsoft\\Windows\\WER\\Temp\\WER.991196e8-9e86-42ba-8b7d-533b6fb1a188.tmp.WERInternalMetadata.xml\r\n\\?\\C:\\ProgramData\\Microsoft\\Windows\\WER\\Temp\\WER.04c05ad2-4d30-4c94-afa1-46dc919aded2.tmp.csv\r\n\\?\\C:\\ProgramData\\Microsoft\\Windows\\WER\\Temp\\WER.195c710f-5754-4ab9-acce-4317d955420f.tmp.txt\r\n\\?\\C:\\ProgramData\\Microsoft\\Windows\\WER\\Temp\\WER.930b89cd-4fde-4f55-86e2-ef8fa22d880f.tmp.xml\r\n\r\nThese files may be available here:\r\n\\?\\C:\\ProgramData\\Microsoft\\Windows\\WER\\ReportQueue\\Kernel_d1_d14dd6358f19e35602b88c91e561ff5ccc6590_00000000_2c440d8a-cc4e-476d-af57-52785913bbb4\r\n\r\nAnalysis symbol: \r\nRechecking for solution: 0\r\nReport Id: 1bf87a6f-f3ff-4df7-ac1b-e5247f22a9d9\r\nReport Status: 2049\r\nHashed bucket: \r\nCab Guid: 0\""
        },
        "process": {
          "image": "",
          "parentImage": "",
          "commandLine": "",
          "parentCommandLine": "",
          "currentDirectory": "",
          "user": "",
          "processId": "",
          "parentProcessId": "",
          "hashes": ""
        },
        "account": {
          "action": "",
          "actor": "",
          "actorDomain": "",
          "actorUser": "",
          "targetUser": "",
          "targetDomain": "",
          "memberName": "",
          "memberSid": "",
          "groupName": "",
          "groupDomain": ""
        },
        "triage": {
          "status": "review",
          "score": 40,
          "reason": "Low or medium severity telemetry"
        }
      },
      {
        "id": "6HvaFaEBDhTRgcnG0D_t",
        "index": "wazuh-alerts-4.x-2026.10.07",
        "timestamp": "2026-10-07T10:13:40.182+0000",
        "agent": {
          "id": "001",
          "name": "WIN11-SOC-ENDPOINT",
          "ip": "192.168.64.3"
        },
        "manager": "wazuh.manager",
        "rule": {
          "id": "60608",
          "level": 4,
          "description": "Summary event of the report's signatures.",
          "groups": [
            "windows",
            "windows_application"
          ],
          "mitreId": "",
          "mitreTactic": "",
          "mitreTechnique": ""
        },
        "event": {
          "channel": "Application",
          "eventId": "1001",
          "provider": "Windows Error Reporting",
          "message": "\"Fault bucket , type 0\r\nEvent Name: WindowsWcpOtherFailure3\r\nResponse: Not available\r\nCab Id: 0\r\n\r\nProblem signature:\r\nP1: 10.0.26100.9441:1\r\nP2: wcp\\componentstore\\storelayout.cpp\r\nP3: ComponentStore::CRawStoreLayout::OpenComponentFile\r\nP4: 2265\r\nP5: 800f0983\r\nP6: 0x994c3b84\r\nP7: \r\nP8: \r\nP9: \r\nP10: \r\n\r\nAttached files:\r\n\\?\\C:\\Windows\\Logs\\CBS\\CBS.log\r\n\\?\\C:\\Windows\\Logs\\CBS\\CbsPersist_20261006211922.log\r\n\\?\\C:\\Windows\\Logs\\CBS\\CbsPersist_20260824180405.cab\r\n\\?\\C:\\Windows\\Logs\\CBS\\CbsPersist_20260824175222.cab\r\n\\?\\C:\\Windows\\Logs\\CBS\\CbsPersist_20260824081938.cab\r\n\\?\\C:\\Windows\\Logs\\CBS\\CbsPersist_20260822212133.cab\r\n\\?\\C:\\Windows\\Logs\\CBS\\container.etl\r\n\\?\\C:\\WINDOWS\\servicing\\Sessions\\Sessions.xml\r\n\\?\\C:\\WINDOWS\\WinSxs\\poqexec.log\r\n\\?\\C:\\WINDOWS\\Logs\\Cbs\\FilterList.log\r\n\r\nThese files may be available here:\r\nNULL\r\n\r\nAnalysis symbol: \r\nRechecking for solution: 0\r\nReport Id: af4cd3c3-cd4a-43b7-b357-477be4bd8829\r\nReport Status: 262148\r\nHashed bucket: \r\nCab Guid: 0\""
        },
        "process": {
          "image": "",
          "parentImage": "",
          "commandLine": "",
          "parentCommandLine": "",
          "currentDirectory": "",
          "user": "",
          "processId": "",
          "parentProcessId": "",
          "hashes": ""
        },
        "account": {
          "action": "",
          "actor": "",
          "actorDomain": "",
          "actorUser": "",
          "targetUser": "",
          "targetDomain": "",
          "memberName": "",
          "memberSid": "",
          "groupName": "",
          "groupDomain": ""
        },
        "triage": {
          "status": "review",
          "score": 40,
          "reason": "Low or medium severity telemetry"
        }
      },
      {
        "id": "53vaFaEBDhTRgcnG0D_t",
        "index": "wazuh-alerts-4.x-2026.10.07",
        "timestamp": "2026-10-07T10:13:40.161+0000",
        "agent": {
          "id": "001",
          "name": "WIN11-SOC-ENDPOINT",
          "ip": "192.168.64.3"
        },
        "manager": "wazuh.manager",
        "rule": {
          "id": "60608",
          "level": 4,
          "description": "Summary event of the report's signatures.",
          "groups": [
            "windows",
            "windows_application"
          ],
          "mitreId": "",
          "mitreTactic": "",
          "mitreTechnique": ""
        },
        "event": {
          "channel": "Application",
          "eventId": "1001",
          "provider": "Windows Error Reporting",
          "message": "\"Fault bucket , type 0\r\nEvent Name: WindowsWcpOtherFailure3\r\nResponse: Not available\r\nCab Id: 0\r\n\r\nProblem signature:\r\nP1: 10.0.26100.9441:1\r\nP2: wcp\\componentstore\\storelayout.cpp\r\nP3: ComponentStore::CRawStoreLayout::OpenComponentFile\r\nP4: 2265\r\nP5: 800f0983\r\nP6: 0x994c3b84\r\nP7: \r\nP8: \r\nP9: \r\nP10: \r\n\r\nAttached files:\r\n\r\nThese files may be available here:\r\n\\?\\C:\\ProgramData\\Microsoft\\Windows\\WER\\ReportQueue\\Critical_10.0.26100.9441__392393821522860dc3c217d79f9a6d1bca8d0d2_00000000_af4cd3c3-cd4a-43b7-b357-477be4bd8829\r\n\r\nAnalysis symbol: \r\nRechecking for solution: 0\r\nReport Id: af4cd3c3-cd4a-43b7-b357-477be4bd8829\r\nReport Status: 4\r\nHashed bucket: \r\nCab Guid: 0\""
        },
        "process": {
          "image": "",
          "parentImage": "",
          "commandLine": "",
          "parentCommandLine": "",
          "currentDirectory": "",
          "user": "",
          "processId": "",
          "parentProcessId": "",
          "hashes": ""
        },
        "account": {
          "action": "",
          "actor": "",
          "actorDomain": "",
          "actorUser": "",
          "targetUser": "",
          "targetDomain": "",
          "memberName": "",
          "memberSid": "",
          "groupName": "",
          "groupDomain": ""
        },
        "triage": {
          "status": "review",
          "score": 40,
          "reason": "Low or medium severity telemetry"
        }
      },
      {
        "id": "5HvYFaEBDhTRgcnGwD8O",
        "index": "wazuh-alerts-4.x-2026.10.07",
        "timestamp": "2026-10-07T10:11:20.336+0000",
        "agent": {
          "id": "001",
          "name": "WIN11-SOC-ENDPOINT",
          "ip": "192.168.64.3"
        },
        "manager": "wazuh.manager",
        "rule": {
          "id": "60608",
          "level": 4,
          "description": "Summary event of the report's signatures.",
          "groups": [
            "windows",
            "windows_application"
          ],
          "mitreId": "",
          "mitreTactic": "",
          "mitreTechnique": ""
        },
        "event": {
          "channel": "Application",
          "eventId": "1001",
          "provider": "Windows Error Reporting",
          "message": "\"Fault bucket , type 0\r\nEvent Name: BlueScreen\r\nResponse: Not available\r\nCab Id: 0\r\n\r\nProblem signature:\r\nP1: d1\r\nP2: 34\r\nP3: 2\r\nP4: 0\r\nP5: fffff8024563a740\r\nP6: 10_0_26100\r\nP7: 0_0\r\nP8: 256_1\r\nP9: \r\nP10: \r\n\r\nAttached files:\r\n\\?\\C:\\WINDOWS\\Minidump\\071526-4640-01.dmp\r\n\\?\\C:\\WINDOWS\\SystemTemp\\WER-4640-0.sysdata.xml\r\n\\?\\C:\\ProgramData\\Microsoft\\Windows\\WER\\Temp\\WER.855f05b5-abd8-4b5f-866f-a2eeda807763.tmp.WERInternalMetadata.xml\r\n\\?\\C:\\ProgramData\\Microsoft\\Windows\\WER\\Temp\\WER.bb0f93a9-4f2f-4fc2-8915-83fcdc144e25.tmp.csv\r\n\\?\\C:\\ProgramData\\Microsoft\\Windows\\WER\\Temp\\WER.5777f2b2-7b7e-4de5-a8ab-43d2602cb3bc.tmp.txt\r\n\\?\\C:\\ProgramData\\Microsoft\\Windows\\WER\\Temp\\WER.2ef9851e-b155-4e62-9aad-cb27b8bfa0fe.tmp.xml\r\n\r\nThese files may be available here:\r\n\\?\\C:\\ProgramData\\Microsoft\\Windows\\WER\\ReportQueue\\Kernel_d1_afe988ebc35889c4c095569b04020a1f8f787f3_00000000_4d512050-3d45-4d9c-811c-d53a15bf95a0\r\n\r\nAnalysis symbol: \r\nRechecking for solution: 0\r\nReport Id: 41f83e80-a01a-4a9c-9617-b540a38aa09d\r\nReport Status: 2049\r\nHashed bucket: \r\nCab Guid: 0\""
        },
        "process": {
          "image": "",
          "parentImage": "",
          "commandLine": "",
          "parentCommandLine": "",
          "currentDirectory": "",
          "user": "",
          "processId": "",
          "parentProcessId": "",
          "hashes": ""
        },
        "account": {
          "action": "",
          "actor": "",
          "actorDomain": "",
          "actorUser": "",
          "targetUser": "",
          "targetDomain": "",
          "memberName": "",
          "memberSid": "",
          "groupName": "",
          "groupDomain": ""
        },
        "triage": {
          "status": "review",
          "score": 40,
          "reason": "Low or medium severity telemetry"
        }
      },
      {
        "id": "5XvYFaEBDhTRgcnGwD8T",
        "index": "wazuh-alerts-4.x-2026.10.07",
        "timestamp": "2026-10-07T10:11:20.319+0000",
        "agent": {
          "id": "001",
          "name": "WIN11-SOC-ENDPOINT",
          "ip": "192.168.64.3"
        },
        "manager": "wazuh.manager",
        "rule": {
          "id": "60608",
          "level": 4,
          "description": "Summary event of the report's signatures.",
          "groups": [
            "windows",
            "windows_application"
          ],
          "mitreId": "",
          "mitreTactic": "",
          "mitreTechnique": ""
        },
        "event": {
          "channel": "Application",
          "eventId": "1001",
          "provider": "Windows Error Reporting",
          "message": "\"Fault bucket , type 0\r\nEvent Name: BlueScreen\r\nResponse: Not available\r\nCab Id: 0\r\n\r\nProblem signature:\r\nP1: d1\r\nP2: ffffc10006ebf242\r\nP3: 2\r\nP4: 0\r\nP5: fffff80145a8a754\r\nP6: 10_0_26100\r\nP7: 0_0\r\nP8: 256_1\r\nP9: \r\nP10: \r\n\r\nAttached files:\r\n\\?\\C:\\WINDOWS\\Minidump\\071326-4515-01.dmp\r\n\\?\\C:\\WINDOWS\\SystemTemp\\WER-4562-0.sysdata.xml\r\n\\?\\C:\\ProgramData\\Microsoft\\Windows\\WER\\Temp\\WER.991196e8-9e86-42ba-8b7d-533b6fb1a188.tmp.WERInternalMetadata.xml\r\n\\?\\C:\\ProgramData\\Microsoft\\Windows\\WER\\Temp\\WER.04c05ad2-4d30-4c94-afa1-46dc919aded2.tmp.csv\r\n\\?\\C:\\ProgramData\\Microsoft\\Windows\\WER\\Temp\\WER.195c710f-5754-4ab9-acce-4317d955420f.tmp.txt\r\n\\?\\C:\\ProgramData\\Microsoft\\Windows\\WER\\Temp\\WER.930b89cd-4fde-4f55-86e2-ef8fa22d880f.tmp.xml\r\n\r\nThese files may be available here:\r\n\\?\\C:\\ProgramData\\Microsoft\\Windows\\WER\\ReportQueue\\Kernel_d1_d14dd6358f19e35602b88c91e561ff5ccc6590_00000000_2c440d8a-cc4e-476d-af57-52785913bbb4\r\n\r\nAnalysis symbol: \r\nRechecking for solution: 0\r\nReport Id: 1bf87a6f-f3ff-4df7-ac1b-e5247f22a9d9\r\nReport Status: 2049\r\nHashed bucket: \r\nCab Guid: 0\""
        },
        "process": {
          "image": "",
          "parentImage": "",
          "commandLine": "",
          "parentCommandLine": "",
          "currentDirectory": "",
          "user": "",
          "processId": "",
          "parentProcessId": "",
          "hashes": ""
        },
        "account": {
          "action": "",
          "actor": "",
          "actorDomain": "",
          "actorUser": "",
          "targetUser": "",
          "targetDomain": "",
          "memberName": "",
          "memberSid": "",
          "groupName": "",
          "groupDomain": ""
        },
        "triage": {
          "status": "review",
          "score": 40,
          "reason": "Low or medium severity telemetry"
        }
      },
      {
        "id": "3HvUFaEBDhTRgcnGdD-P",
        "index": "wazuh-alerts-4.x-2026.10.07",
        "timestamp": "2026-10-07T10:06:44.607+0000",
        "agent": {
          "id": "001",
          "name": "WIN11-SOC-ENDPOINT",
          "ip": "192.168.64.3"
        },
        "manager": "wazuh.manager",
        "rule": {
          "id": "60608",
          "level": 4,
          "description": "Summary event of the report's signatures.",
          "groups": [
            "windows",
            "windows_application"
          ],
          "mitreId": "",
          "mitreTactic": "",
          "mitreTechnique": ""
        },
        "event": {
          "channel": "Application",
          "eventId": "1001",
          "provider": "Windows Error Reporting",
          "message": "\"Fault bucket , type 0\r\nEvent Name: BlueScreen\r\nResponse: Not available\r\nCab Id: 0\r\n\r\nProblem signature:\r\nP1: d1\r\nP2: 34\r\nP3: 2\r\nP4: 0\r\nP5: fffff8024563a740\r\nP6: 10_0_26100\r\nP7: 0_0\r\nP8: 256_1\r\nP9: \r\nP10: \r\n\r\nAttached files:\r\n\\?\\C:\\WINDOWS\\Minidump\\071526-4640-01.dmp\r\n\\?\\C:\\WINDOWS\\SystemTemp\\WER-4640-0.sysdata.xml\r\n\\?\\C:\\ProgramData\\Microsoft\\Windows\\WER\\Temp\\WER.855f05b5-abd8-4b5f-866f-a2eeda807763.tmp.WERInternalMetadata.xml\r\n\\?\\C:\\ProgramData\\Microsoft\\Windows\\WER\\Temp\\WER.bb0f93a9-4f2f-4fc2-8915-83fcdc144e25.tmp.csv\r\n\\?\\C:\\ProgramData\\Microsoft\\Windows\\WER\\Temp\\WER.5777f2b2-7b7e-4de5-a8ab-43d2602cb3bc.tmp.txt\r\n\\?\\C:\\ProgramData\\Microsoft\\Windows\\WER\\Temp\\WER.2ef9851e-b155-4e62-9aad-cb27b8bfa0fe.tmp.xml\r\n\r\nThese files may be available here:\r\n\\?\\C:\\ProgramData\\Microsoft\\Windows\\WER\\ReportQueue\\Kernel_d1_afe988ebc35889c4c095569b04020a1f8f787f3_00000000_4d512050-3d45-4d9c-811c-d53a15bf95a0\r\n\r\nAnalysis symbol: \r\nRechecking for solution: 0\r\nReport Id: 41f83e80-a01a-4a9c-9617-b540a38aa09d\r\nReport Status: 2049\r\nHashed bucket: \r\nCab Guid: 0\""
        },
        "process": {
          "image": "",
          "parentImage": "",
          "commandLine": "",
          "parentCommandLine": "",
          "currentDirectory": "",
          "user": "",
          "processId": "",
          "parentProcessId": "",
          "hashes": ""
        },
        "account": {
          "action": "",
          "actor": "",
          "actorDomain": "",
          "actorUser": "",
          "targetUser": "",
          "targetDomain": "",
          "memberName": "",
          "memberSid": "",
          "groupName": "",
          "groupDomain": ""
        },
        "triage": {
          "status": "review",
          "score": 40,
          "reason": "Low or medium severity telemetry"
        }
      },
      {
        "id": "23vUFaEBDhTRgcnGdD-P",
        "index": "wazuh-alerts-4.x-2026.10.07",
        "timestamp": "2026-10-07T10:06:44.349+0000",
        "agent": {
          "id": "001",
          "name": "WIN11-SOC-ENDPOINT",
          "ip": "192.168.64.3"
        },
        "manager": "wazuh.manager",
        "rule": {
          "id": "60608",
          "level": 4,
          "description": "Summary event of the report's signatures.",
          "groups": [
            "windows",
            "windows_application"
          ],
          "mitreId": "",
          "mitreTactic": "",
          "mitreTechnique": ""
        },
        "event": {
          "channel": "Application",
          "eventId": "1001",
          "provider": "Windows Error Reporting",
          "message": "\"Fault bucket , type 0\r\nEvent Name: BlueScreen\r\nResponse: Not available\r\nCab Id: 0\r\n\r\nProblem signature:\r\nP1: d1\r\nP2: ffffc10006ebf242\r\nP3: 2\r\nP4: 0\r\nP5: fffff80145a8a754\r\nP6: 10_0_26100\r\nP7: 0_0\r\nP8: 256_1\r\nP9: \r\nP10: \r\n\r\nAttached files:\r\n\\?\\C:\\WINDOWS\\Minidump\\071326-4515-01.dmp\r\n\\?\\C:\\WINDOWS\\SystemTemp\\WER-4562-0.sysdata.xml\r\n\\?\\C:\\ProgramData\\Microsoft\\Windows\\WER\\Temp\\WER.991196e8-9e86-42ba-8b7d-533b6fb1a188.tmp.WERInternalMetadata.xml\r\n\\?\\C:\\ProgramData\\Microsoft\\Windows\\WER\\Temp\\WER.04c05ad2-4d30-4c94-afa1-46dc919aded2.tmp.csv\r\n\\?\\C:\\ProgramData\\Microsoft\\Windows\\WER\\Temp\\WER.195c710f-5754-4ab9-acce-4317d955420f.tmp.txt\r\n\\?\\C:\\ProgramData\\Microsoft\\Windows\\WER\\Temp\\WER.930b89cd-4fde-4f55-86e2-ef8fa22d880f.tmp.xml\r\n\r\nThese files may be available here:\r\n\\?\\C:\\ProgramData\\Microsoft\\Windows\\WER\\ReportQueue\\Kernel_d1_d14dd6358f19e35602b88c91e561ff5ccc6590_00000000_2c440d8a-cc4e-476d-af57-52785913bbb4\r\n\r\nAnalysis symbol: \r\nRechecking for solution: 0\r\nReport Id: 1bf87a6f-f3ff-4df7-ac1b-e5247f22a9d9\r\nReport Status: 2049\r\nHashed bucket: \r\nCab Guid: 0\""
        },
        "process": {
          "image": "",
          "parentImage": "",
          "commandLine": "",
          "parentCommandLine": "",
          "currentDirectory": "",
          "user": "",
          "processId": "",
          "parentProcessId": "",
          "hashes": ""
        },
        "account": {
          "action": "",
          "actor": "",
          "actorDomain": "",
          "actorUser": "",
          "targetUser": "",
          "targetDomain": "",
          "memberName": "",
          "memberSid": "",
          "groupName": "",
          "groupDomain": ""
        },
        "triage": {
          "status": "review",
          "score": 40,
          "reason": "Low or medium severity telemetry"
        }
      },
      {
        "id": "2nvUFaEBDhTRgcnGaj8G",
        "index": "wazuh-alerts-4.x-2026.10.07",
        "timestamp": "2026-10-07T10:06:42.106+0000",
        "agent": {
          "id": "001",
          "name": "WIN11-SOC-ENDPOINT",
          "ip": "192.168.64.3"
        },
        "manager": "wazuh.manager",
        "rule": {
          "id": "60608",
          "level": 4,
          "description": "Summary event of the report's signatures.",
          "groups": [
            "windows",
            "windows_application"
          ],
          "mitreId": "",
          "mitreTactic": "",
          "mitreTechnique": ""
        },
        "event": {
          "channel": "Application",
          "eventId": "1001",
          "provider": "Windows Error Reporting",
          "message": "\"Fault bucket , type 0\r\nEvent Name: BlueScreen\r\nResponse: Not available\r\nCab Id: 0\r\n\r\nProblem signature:\r\nP1: d1\r\nP2: 34\r\nP3: 2\r\nP4: 0\r\nP5: fffff8024563a740\r\nP6: 10_0_26100\r\nP7: 0_0\r\nP8: 256_1\r\nP9: \r\nP10: \r\n\r\nAttached files:\r\n\\?\\C:\\WINDOWS\\Minidump\\071526-4640-01.dmp\r\n\\?\\C:\\WINDOWS\\SystemTemp\\WER-4640-0.sysdata.xml\r\n\\?\\C:\\ProgramData\\Microsoft\\Windows\\WER\\Temp\\WER.855f05b5-abd8-4b5f-866f-a2eeda807763.tmp.WERInternalMetadata.xml\r\n\\?\\C:\\ProgramData\\Microsoft\\Windows\\WER\\Temp\\WER.bb0f93a9-4f2f-4fc2-8915-83fcdc144e25.tmp.csv\r\n\\?\\C:\\ProgramData\\Microsoft\\Windows\\WER\\Temp\\WER.5777f2b2-7b7e-4de5-a8ab-43d2602cb3bc.tmp.txt\r\n\\?\\C:\\ProgramData\\Microsoft\\Windows\\WER\\Temp\\WER.2ef9851e-b155-4e62-9aad-cb27b8bfa0fe.tmp.xml\r\n\r\nThese files may be available here:\r\n\\?\\C:\\ProgramData\\Microsoft\\Windows\\WER\\ReportQueue\\Kernel_d1_afe988ebc35889c4c095569b04020a1f8f787f3_00000000_4d512050-3d45-4d9c-811c-d53a15bf95a0\r\n\r\nAnalysis symbol: \r\nRechecking for solution: 0\r\nReport Id: 41f83e80-a01a-4a9c-9617-b540a38aa09d\r\nReport Status: 2049\r\nHashed bucket: \r\nCab Guid: 0\""
        },
        "process": {
          "image": "",
          "parentImage": "",
          "commandLine": "",
          "parentCommandLine": "",
          "currentDirectory": "",
          "user": "",
          "processId": "",
          "parentProcessId": "",
          "hashes": ""
        },
        "account": {
          "action": "",
          "actor": "",
          "actorDomain": "",
          "actorUser": "",
          "targetUser": "",
          "targetDomain": "",
          "memberName": "",
          "memberSid": "",
          "groupName": "",
          "groupDomain": ""
        },
        "triage": {
          "status": "review",
          "score": 40,
          "reason": "Low or medium severity telemetry"
        }
      },
      {
        "id": "2XvUFaEBDhTRgcnGaj8D",
        "index": "wazuh-alerts-4.x-2026.10.07",
        "timestamp": "2026-10-07T10:06:41.201+0000",
        "agent": {
          "id": "001",
          "name": "WIN11-SOC-ENDPOINT",
          "ip": "192.168.64.3"
        },
        "manager": "wazuh.manager",
        "rule": {
          "id": "60608",
          "level": 4,
          "description": "Summary event of the report's signatures.",
          "groups": [
            "windows",
            "windows_application"
          ],
          "mitreId": "",
          "mitreTactic": "",
          "mitreTechnique": ""
        },
        "event": {
          "channel": "Application",
          "eventId": "1001",
          "provider": "Windows Error Reporting",
          "message": "\"Fault bucket , type 0\r\nEvent Name: BlueScreen\r\nResponse: Not available\r\nCab Id: 0\r\n\r\nProblem signature:\r\nP1: d1\r\nP2: ffffc10006ebf242\r\nP3: 2\r\nP4: 0\r\nP5: fffff80145a8a754\r\nP6: 10_0_26100\r\nP7: 0_0\r\nP8: 256_1\r\nP9: \r\nP10: \r\n\r\nAttached files:\r\n\\?\\C:\\WINDOWS\\Minidump\\071326-4515-01.dmp\r\n\\?\\C:\\WINDOWS\\SystemTemp\\WER-4562-0.sysdata.xml\r\n\\?\\C:\\ProgramData\\Microsoft\\Windows\\WER\\Temp\\WER.991196e8-9e86-42ba-8b7d-533b6fb1a188.tmp.WERInternalMetadata.xml\r\n\\?\\C:\\ProgramData\\Microsoft\\Windows\\WER\\Temp\\WER.04c05ad2-4d30-4c94-afa1-46dc919aded2.tmp.csv\r\n\\?\\C:\\ProgramData\\Microsoft\\Windows\\WER\\Temp\\WER.195c710f-5754-4ab9-acce-4317d955420f.tmp.txt\r\n\\?\\C:\\ProgramData\\Microsoft\\Windows\\WER\\Temp\\WER.930b89cd-4fde-4f55-86e2-ef8fa22d880f.tmp.xml\r\n\r\nThese files may be available here:\r\n\\?\\C:\\ProgramData\\Microsoft\\Windows\\WER\\ReportQueue\\Kernel_d1_d14dd6358f19e35602b88c91e561ff5ccc6590_00000000_2c440d8a-cc4e-476d-af57-52785913bbb4\r\n\r\nAnalysis symbol: \r\nRechecking for solution: 0\r\nReport Id: 1bf87a6f-f3ff-4df7-ac1b-e5247f22a9d9\r\nReport Status: 2049\r\nHashed bucket: \r\nCab Guid: 0\""
        },
        "process": {
          "image": "",
          "parentImage": "",
          "commandLine": "",
          "parentCommandLine": "",
          "currentDirectory": "",
          "user": "",
          "processId": "",
          "parentProcessId": "",
          "hashes": ""
        },
        "account": {
          "action": "",
          "actor": "",
          "actorDomain": "",
          "actorUser": "",
          "targetUser": "",
          "targetDomain": "",
          "memberName": "",
          "memberSid": "",
          "groupName": "",
          "groupDomain": ""
        },
        "triage": {
          "status": "review",
          "score": 40,
          "reason": "Low or medium severity telemetry"
        }
      },
      {
        "id": "1XvTFaEBDhTRgcnGxj-g",
        "index": "wazuh-alerts-4.x-2026.10.07",
        "timestamp": "2026-10-07T10:05:51.755+0000",
        "agent": {
          "id": "001",
          "name": "WIN11-SOC-ENDPOINT",
          "ip": "192.168.64.3"
        },
        "manager": "wazuh.manager",
        "rule": {
          "id": "60132",
          "level": 5,
          "description": "System time changed",
          "groups": [
            "windows",
            "windows_security",
            "time_changed"
          ],
          "mitreId": "",
          "mitreTactic": "",
          "mitreTechnique": ""
        },
        "event": {
          "channel": "Security",
          "eventId": "4616",
          "provider": "Microsoft-Windows-Security-Auditing",
          "message": "\"The system time was changed.\r\n\r\nSubject:\r\n\tSecurity ID:\t\tS-1-5-18\r\n\tAccount Name:\t\tWIN11-SOC-ENDPO$\r\n\tAccount Domain:\t\tWORKGROUP\r\n\tLogon ID:\t\t0x3E7\r\n\r\nProcess Information:\r\n\tProcess ID:\t0xc0c\r\n\tName:\t\tC:\\Program Files\\Qemu-ga\\qemu-ga.exe\r\n\r\nPrevious Time:\t\t\u200e2026\u200e-\u200e10\u200e-\u200e07T07:59:45.329552800Z\r\nNew Time:\t\t\u200e2026\u200e-\u200e10\u200e-\u200e07T10:05:36.367000000Z\r\n\r\nThis event is generated when the system time is changed. It is normal for the Windows Time Service, which runs with System privilege, to change the system time on a regular basis. Other system time changes may be indicative of attempts to tamper with the computer.\""
        },
        "process": {
          "image": "",
          "parentImage": "",
          "commandLine": "",
          "parentCommandLine": "",
          "currentDirectory": "",
          "user": "WORKGROUP\\WIN11-SOC-ENDPO$",
          "processId": "0xc0c",
          "parentProcessId": "",
          "hashes": ""
        },
        "account": {
          "action": "",
          "actor": "WORKGROUP\\WIN11-SOC-ENDPO$",
          "actorDomain": "WORKGROUP",
          "actorUser": "WIN11-SOC-ENDPO$",
          "targetUser": "",
          "targetDomain": "",
          "memberName": "",
          "memberSid": "",
          "groupName": "",
          "groupDomain": ""
        },
        "triage": {
          "status": "review",
          "score": 40,
          "reason": "Low or medium severity telemetry"
        }
      },
      {
        "id": "1HtfFaEBDhTRgcnGRD_v",
        "index": "wazuh-alerts-4.x-2026.10.07",
        "timestamp": "2026-10-07T07:58:34.897+0000",
        "agent": {
          "id": "001",
          "name": "WIN11-SOC-ENDPOINT",
          "ip": "192.168.64.3"
        },
        "manager": "wazuh.manager",
        "rule": {
          "id": "60132",
          "level": 5,
          "description": "System time changed",
          "groups": [
            "windows",
            "windows_security",
            "time_changed"
          ],
          "mitreId": "",
          "mitreTactic": "",
          "mitreTechnique": ""
        },
        "event": {
          "channel": "Security",
          "eventId": "4616",
          "provider": "Microsoft-Windows-Security-Auditing",
          "message": "\"The system time was changed.\r\n\r\nSubject:\r\n\tSecurity ID:\t\tS-1-5-18\r\n\tAccount Name:\t\tWIN11-SOC-ENDPO$\r\n\tAccount Domain:\t\tWORKGROUP\r\n\tLogon ID:\t\t0x3E7\r\n\r\nProcess Information:\r\n\tProcess ID:\t0xc0c\r\n\tName:\t\tC:\\Program Files\\Qemu-ga\\qemu-ga.exe\r\n\r\nPrevious Time:\t\t\u200e2026\u200e-\u200e10\u200e-\u200e07T07:31:39.539981000Z\r\nNew Time:\t\t\u200e2026\u200e-\u200e10\u200e-\u200e07T07:58:23.481000000Z\r\n\r\nThis event is generated when the system time is changed. It is normal for the Windows Time Service, which runs with System privilege, to change the system time on a regular basis. Other system time changes may be indicative of attempts to tamper with the computer.\""
        },
        "process": {
          "image": "",
          "parentImage": "",
          "commandLine": "",
          "parentCommandLine": "",
          "currentDirectory": "",
          "user": "WORKGROUP\\WIN11-SOC-ENDPO$",
          "processId": "0xc0c",
          "parentProcessId": "",
          "hashes": ""
        },
        "account": {
          "action": "",
          "actor": "WORKGROUP\\WIN11-SOC-ENDPO$",
          "actorDomain": "WORKGROUP",
          "actorUser": "WIN11-SOC-ENDPO$",
          "targetUser": "",
          "targetDomain": "",
          "memberName": "",
          "memberSid": "",
          "groupName": "",
          "groupDomain": ""
        },
        "triage": {
          "status": "review",
          "score": 40,
          "reason": "Low or medium severity telemetry"
        }
      },
      {
        "id": "03tFFaEBDhTRgcnG7T8b",
        "index": "wazuh-alerts-4.x-2026.10.07",
        "timestamp": "2026-10-07T07:30:58.418+0000",
        "agent": {
          "id": "001",
          "name": "WIN11-SOC-ENDPOINT",
          "ip": "192.168.64.3"
        },
        "manager": "wazuh.manager",
        "rule": {
          "id": "92217",
          "level": 6,
          "description": "Executable dropped in Windows root folder",
          "groups": [
            "sysmon",
            "sysmon_eid11_detections",
            "windows"
          ],
          "mitreId": "T1570",
          "mitreTactic": "Lateral Movement",
          "mitreTechnique": "Lateral Tool Transfer"
        },
        "event": {
          "channel": "Microsoft-Windows-Sysmon/Operational",
          "eventId": "11",
          "provider": "Microsoft-Windows-Sysmon",
          "message": "\"File created:\r\nRuleName: DLL\r\nUtcTime: 2026-10-07 07:30:56.411\r\nProcessGuid: {39942fc6-f14e-6ac5-b107-000000001400}\r\nProcessId: 10116\r\nImage: C:\\$WinREAgent\\Scratch\\1211C1B4-FD33-43A7-8149-A37055236688\\dismhost.exe\r\nTargetFilename: C:\\Windows\\SystemTemp\\{05C08CC5-908D-4E4B-B7FD-F910B4BA2B8F}\\ssshim.dll\r\nCreationUtcTime: 2026-10-07 07:30:56.411\r\nUser: NT AUTHORITY\\SYSTEM\""
        },
        "process": {
          "image": "C:\\$WinREAgent\\Scratch\\1211C1B4-FD33-43A7-8149-A37055236688\\dismhost.exe",
          "parentImage": "",
          "commandLine": "",
          "parentCommandLine": "",
          "currentDirectory": "",
          "user": "NT AUTHORITY\\SYSTEM",
          "processId": "10116",
          "parentProcessId": "",
          "hashes": ""
        },
        "account": {
          "action": "",
          "actor": "",
          "actorDomain": "",
          "actorUser": "",
          "targetUser": "",
          "targetDomain": "",
          "memberName": "",
          "memberSid": "",
          "groupName": "",
          "groupDomain": ""
        },
        "triage": {
          "status": "review",
          "score": 40,
          "reason": "Low or medium severity telemetry"
        }
      },
      {
        "id": "zXs2FaEBDhTRgcnGuz8g",
        "index": "wazuh-alerts-4.x-2026.10.07",
        "timestamp": "2026-10-07T07:14:27.398+0000",
        "agent": {
          "id": "001",
          "name": "WIN11-SOC-ENDPOINT",
          "ip": ""
        },
        "manager": "wazuh.manager",
        "rule": {
          "id": "11",
          "level": 4,
          "description": "",
          "groups": [
            "stats"
          ],
          "mitreId": "",
          "mitreTactic": "",
          "mitreTechnique": ""
        },
        "event": {
          "channel": "Microsoft-Windows-Sysmon/Operational",
          "eventId": "11",
          "provider": "Microsoft-Windows-Sysmon",
          "message": "\"File created:\r\nRuleName: -\r\nUtcTime: 2026-10-07 07:14:09.565\r\nProcessGuid: {39942fc6-f0c1-6ac5-6407-000000001400}\r\nProcessId: 5104\r\nImage: C:\\WINDOWS\\uus\\ARM64\\wuaucltcore.exe\r\nTargetFilename: C:\\$WinREAgent\\Scratch\\Mount\\Windows\\WinSxS\\arm64_microsoft-windows-portcfg_31bf3856ad364e35_10.0.26100.1_none_2788cb7a25517062\\portcfg.sys\r\nCreationUtcTime: 2026-10-07 07:14:09.565\r\nUser: NT AUTHORITY\\SYSTEM\""
        },
        "process": {
          "image": "C:\\WINDOWS\\uus\\ARM64\\wuaucltcore.exe",
          "parentImage": "",
          "commandLine": "",
          "parentCommandLine": "",
          "currentDirectory": "",
          "user": "NT AUTHORITY\\SYSTEM",
          "processId": "5104",
          "parentProcessId": "",
          "hashes": ""
        },
        "account": {
          "action": "",
          "actor": "",
          "actorDomain": "",
          "actorUser": "",
          "targetUser": "",
          "targetDomain": "",
          "memberName": "",
          "memberSid": "",
          "groupName": "",
          "groupDomain": ""
        },
        "triage": {
          "status": "review",
          "score": 40,
          "reason": "Low or medium severity telemetry"
        }
      },
