      {
        "id": "8XD0jZ8BfU4fm0WGJOfC",
        "index": "wazuh-alerts-4.x-2026.07.23",
        "timestamp": "2026-07-23T07:50:11.988+0000",
        "agent": {
          "id": "001",
          "name": "WIN11-SOC-ENDPOINT",
          "ip": "192.168.64.3"
        },
        "manager": "wazuh.manager",
        "rule": {
          "id": "60110",
          "level": 8,
          "description": "User account changed",
          "groups": [
            "windows",
            "windows_security",
            "account_changed"
          ],
          "mitreId": "T1098",
          "mitreTactic": "Persistence",
          "mitreTechnique": "Account Manipulation"
        },
        "event": {
          "channel": "Security",
          "eventId": "4738",
          "provider": "Microsoft-Windows-Security-Auditing",
          "message": "\"A user account was changed.\r\n\r\nSubject:\r\n\tSecurity ID:\t\tS-1-5-21-3627987222-3469180906-1209694690-1001\r\n\tAccount Name:\t\tShams\r\n\tAccount Domain:\t\tWIN11-SOC-ENDPO\r\n\tLogon ID:\t\t0x17A54\r\n\r\nTarget Account:\r\n\tSecurity ID:\t\tS-1-5-21-3627987222-3469180906-1209694690-1003\r\n\tAccount Name:\t\tsoc_lab_temp_admin\r\n\tAccount Domain:\t\tWIN11-SOC-ENDPO\r\n\r\nChanged Attributes:\r\n\tSAM Account Name:\t-\r\n\tDisplay Name:\t\t-\r\n\tUser Principal Name:\t-\r\n\tHome Directory:\t\t-\r\n\tHome Drive:\t\t-\r\n\tScript Path:\t\t-\r\n\tProfile Path:\t\t-\r\n\tUser Workstations:\t-\r\n\tPassword Last Set:\t-\r\n\tAccount Expires:\t\t-\r\n\tPrimary Group ID:\t-\r\n\tAllowedToDelegateTo:\t-\r\n\tOld UAC Value:\t\t-\r\n\tNew UAC Value:\t\t-\r\n\tUser Account Control:\t-\r\n\tUser Parameters:\t-\r\n\tSID History:\t\t-\r\n\tLogon Hours:\t\t-\r\n\r\nAdditional Information:\r\n\tPrivileges:\t\t-\""
        },
        "process": {
          "image": "",
          "parentImage": "",
          "commandLine": "",
          "parentCommandLine": "",
          "currentDirectory": "",
          "user": "WIN11-SOC-ENDPO\\Shams",
          "processId": "",
          "parentProcessId": "",
          "hashes": ""
        },
        "account": {
          "action": "User account changed",
          "actor": "WIN11-SOC-ENDPO\\Shams",
          "actorDomain": "WIN11-SOC-ENDPO",
          "actorUser": "Shams",
          "targetUser": "soc_lab_temp_admin",
          "targetDomain": "WIN11-SOC-ENDPO",
          "memberName": "",
          "memberSid": "",
          "groupName": "",
          "groupDomain": ""
        },
        "triage": {
          "status": "candidate",
          "score": 85,
          "reason": "Local account enabled or its properties changed",
          "policyRule": "SOC-ACCOUNT-006",
          "policyTitle": "Local user account enabled or modified",
          "mitre": [
            "T1098"
          ],
          "detection": {},
          "matches": [
            {
              "id": "SOC-ACCOUNT-006",
              "title": "Local user account enabled or modified",
              "score": 85,
              "status": "candidate"
            },
            {
              "id": "SOC-ACCOUNT-003",
              "title": "SOC lab administrator scenario",
              "score": 55,
              "status": "candidate"
            }
          ]
        }
      },
      {
        "id": "8HD0jZ8BfU4fm0WGJOfC",
        "index": "wazuh-alerts-4.x-2026.07.23",
        "timestamp": "2026-07-23T07:50:11.986+0000",
        "agent": {
          "id": "001",
          "name": "WIN11-SOC-ENDPOINT",
          "ip": "192.168.64.3"
        },
        "manager": "wazuh.manager",
        "rule": {
          "id": "60110",
          "level": 8,
          "description": "User account changed",
          "groups": [
            "windows",
            "windows_security",
            "account_changed"
          ],
          "mitreId": "T1098",
          "mitreTactic": "Persistence",
          "mitreTechnique": "Account Manipulation"
        },
        "event": {
          "channel": "Security",
          "eventId": "4738",
          "provider": "Microsoft-Windows-Security-Auditing",
          "message": "\"A user account was changed.\r\n\r\nSubject:\r\n\tSecurity ID:\t\tS-1-5-21-3627987222-3469180906-1209694690-1001\r\n\tAccount Name:\t\tShams\r\n\tAccount Domain:\t\tWIN11-SOC-ENDPO\r\n\tLogon ID:\t\t0x17A54\r\n\r\nTarget Account:\r\n\tSecurity ID:\t\tS-1-5-21-3627987222-3469180906-1209694690-1003\r\n\tAccount Name:\t\tsoc_lab_temp_admin\r\n\tAccount Domain:\t\tWIN11-SOC-ENDPO\r\n\r\nChanged Attributes:\r\n\tSAM Account Name:\tsoc_lab_temp_admin\r\n\tDisplay Name:\t\t<value not set>\r\n\tUser Principal Name:\t-\r\n\tHome Directory:\t\t<value not set>\r\n\tHome Drive:\t\t<value not set>\r\n\tScript Path:\t\t<value not set>\r\n\tProfile Path:\t\t<value not set>\r\n\tUser Workstations:\t<value not set>\r\n\tPassword Last Set:\t<never>\r\n\tAccount Expires:\t\t<never>\r\n\tPrimary Group ID:\t513\r\n\tAllowedToDelegateTo:\t-\r\n\tOld UAC Value:\t\t0x15\r\n\tNew UAC Value:\t\t0x14\r\n\tUser Account Control:\t\r\n\t\tAccount Enabled\r\n\tUser Parameters:\t<value not set>\r\n\tSID History:\t\t-\r\n\tLogon Hours:\t\tAll\r\n\r\nAdditional Information:\r\n\tPrivileges:\t\t-\""
        },
        "process": {
          "image": "",
          "parentImage": "",
          "commandLine": "",
          "parentCommandLine": "",
          "currentDirectory": "",
          "user": "WIN11-SOC-ENDPO\\Shams",
          "processId": "",
          "parentProcessId": "",
          "hashes": ""
        },
        "account": {
          "action": "User account changed",
          "actor": "WIN11-SOC-ENDPO\\Shams",
          "actorDomain": "WIN11-SOC-ENDPO",
          "actorUser": "Shams",
          "targetUser": "soc_lab_temp_admin",
          "targetDomain": "WIN11-SOC-ENDPO",
          "memberName": "",
          "memberSid": "",
          "groupName": "",
          "groupDomain": ""
        },
        "triage": {
          "status": "candidate",
          "score": 85,
          "reason": "Local account enabled or its properties changed",
          "policyRule": "SOC-ACCOUNT-006",
          "policyTitle": "Local user account enabled or modified",
          "mitre": [
            "T1098"
          ],
          "detection": {},
          "matches": [
            {
              "id": "SOC-ACCOUNT-006",
              "title": "Local user account enabled or modified",
              "score": 85,
              "status": "candidate"
            },
            {
              "id": "SOC-ACCOUNT-003",
              "title": "SOC lab administrator scenario",
              "score": 55,
              "status": "candidate"
            }
          ]
        }
      },
      {
        "id": "7nD0jZ8BfU4fm0WGJOfC",
        "index": "wazuh-alerts-4.x-2026.07.23",
        "timestamp": "2026-07-23T07:50:11.985+0000",
        "agent": {
          "id": "001",
          "name": "WIN11-SOC-ENDPOINT",
          "ip": "192.168.64.3"
        },
        "manager": "wazuh.manager",
        "rule": {
          "id": "60109",
          "level": 8,
          "description": "User account enabled or created",
          "groups": [
            "windows",
            "windows_security",
            "adduser",
            "account_changed"
          ],
          "mitreId": "T1098",
          "mitreTactic": "Persistence",
          "mitreTechnique": "Account Manipulation"
        },
        "event": {
          "channel": "Security",
          "eventId": "4722",
          "provider": "Microsoft-Windows-Security-Auditing",
          "message": "\"A user account was enabled.\r\n\r\nSubject:\r\n\tSecurity ID:\t\tS-1-5-21-3627987222-3469180906-1209694690-1001\r\n\tAccount Name:\t\tShams\r\n\tAccount Domain:\t\tWIN11-SOC-ENDPO\r\n\tLogon ID:\t\t0x17A54\r\n\r\nTarget Account:\r\n\tSecurity ID:\t\tS-1-5-21-3627987222-3469180906-1209694690-1003\r\n\tAccount Name:\t\tsoc_lab_temp_admin\r\n\tAccount Domain:\t\tWIN11-SOC-ENDPO\""
        },
        "process": {
          "image": "",
          "parentImage": "",
          "commandLine": "",
          "parentCommandLine": "",
          "currentDirectory": "",
          "user": "WIN11-SOC-ENDPO\\Shams",
          "processId": "",
          "parentProcessId": "",
          "hashes": ""
        },
        "account": {
          "action": "User account enabled",
          "actor": "WIN11-SOC-ENDPO\\Shams",
          "actorDomain": "WIN11-SOC-ENDPO",
          "actorUser": "Shams",
          "targetUser": "soc_lab_temp_admin",
          "targetDomain": "WIN11-SOC-ENDPO",
          "memberName": "",
          "memberSid": "",
          "groupName": "",
          "groupDomain": ""
        },
        "triage": {
          "status": "candidate",
          "score": 85,
          "reason": "Local account enabled or its properties changed",
          "policyRule": "SOC-ACCOUNT-006",
          "policyTitle": "Local user account enabled or modified",
          "mitre": [
            "T1098"
          ],
          "detection": {},
          "matches": [
            {
              "id": "SOC-ACCOUNT-006",
              "title": "Local user account enabled or modified",
              "score": 85,
              "status": "candidate"
            },
            {
              "id": "SOC-ACCOUNT-003",
              "title": "SOC lab administrator scenario",
              "score": 55,
              "status": "candidate"
            }
          ]
        }
      },
      {
        "id": "73D0jZ8BfU4fm0WGJOfC",
        "index": "wazuh-alerts-4.x-2026.07.23",
        "timestamp": "2026-07-23T07:50:11.982+0000",
        "agent": {
          "id": "001",
          "name": "WIN11-SOC-ENDPOINT",
          "ip": "192.168.64.3"
        },
        "manager": "wazuh.manager",
        "rule": {
          "id": "60109",
          "level": 8,
          "description": "User account enabled or created",
          "groups": [
            "windows",
            "windows_security",
            "adduser",
            "account_changed"
          ],
          "mitreId": "T1098",
          "mitreTactic": "Persistence",
          "mitreTechnique": "Account Manipulation"
        },
        "event": {
          "channel": "Security",
          "eventId": "4720",
          "provider": "Microsoft-Windows-Security-Auditing",
          "message": "\"A user account was created.\r\n\r\nSubject:\r\n\tSecurity ID:\t\tS-1-5-21-3627987222-3469180906-1209694690-1001\r\n\tAccount Name:\t\tShams\r\n\tAccount Domain:\t\tWIN11-SOC-ENDPO\r\n\tLogon ID:\t\t0x17A54\r\n\r\nNew Account:\r\n\tSecurity ID:\t\tS-1-5-21-3627987222-3469180906-1209694690-1003\r\n\tAccount Name:\t\tsoc_lab_temp_admin\r\n\tAccount Domain:\t\tWIN11-SOC-ENDPO\r\n\r\nAttributes:\r\n\tSAM Account Name:\tsoc_lab_temp_admin\r\n\tDisplay Name:\t\t<value not set>\r\n\tUser Principal Name:\t-\r\n\tHome Directory:\t\t<value not set>\r\n\tHome Drive:\t\t<value not set>\r\n\tScript Path:\t\t<value not set>\r\n\tProfile Path:\t\t<value not set>\r\n\tUser Workstations:\t<value not set>\r\n\tPassword Last Set:\t<never>\r\n\tAccount Expires:\t\t<never>\r\n\tPrimary Group ID:\t513\r\n\tAllowed To Delegate To:\t-\r\n\tOld UAC Value:\t\t0x0\r\n\tNew UAC Value:\t\t0x15\r\n\tUser Account Control:\t\r\n\t\tAccount Disabled\r\n\t\t'Password Not Required' - Enabled\r\n\t\t'Normal Account' - Enabled\r\n\tUser Parameters:\t<value not set>\r\n\tSID History:\t\t-\r\n\tLogon Hours:\t\tAll\r\n\r\nAdditional Information:\r\n\tPrivileges\t\t-\""
        },
        "process": {
          "image": "",
          "parentImage": "",
          "commandLine": "",
          "parentCommandLine": "",
          "currentDirectory": "",
          "user": "WIN11-SOC-ENDPO\\Shams",
          "processId": "",
          "parentProcessId": "",
          "hashes": ""
        },
        "account": {
          "action": "Local user account created",
          "actor": "WIN11-SOC-ENDPO\\Shams",
          "actorDomain": "WIN11-SOC-ENDPO",
          "actorUser": "Shams",
          "targetUser": "soc_lab_temp_admin",
          "targetDomain": "WIN11-SOC-ENDPO",
          "memberName": "",
          "memberSid": "",
          "groupName": "",
          "groupDomain": ""
        },
        "triage": {
          "status": "candidate",
          "score": 92,
          "reason": "Windows local account creation event detected",
          "policyRule": "SOC-ACCOUNT-001",
          "policyTitle": "Local user account created",
          "mitre": [
            "T1136.001"
          ],
          "detection": {},
          "matches": [
            {
              "id": "SOC-ACCOUNT-001",
              "title": "Local user account created",
              "score": 92,
              "status": "candidate"
            },
            {
              "id": "SOC-ACCOUNT-003",
              "title": "SOC lab administrator scenario",
              "score": 55,
              "status": "candidate"
            }
          ]
        }
      },
      {
        "id": "0nDPjZ8BfU4fm0WGpOfF",
        "index": "wazuh-alerts-4.x-2026.07.23",
        "timestamp": "2026-07-23T07:10:13.264+0000",
        "agent": {
          "id": "001",
          "name": "WIN11-SOC-ENDPOINT",
          "ip": "192.168.64.3"
        },
        "manager": "wazuh.manager",
        "rule": {
          "id": "92057",
          "level": 12,
          "description": "Powershell.exe spawned a powershell process which executed a base64 encoded command",
          "groups": [
            "sysmon",
            "sysmon_eid1_detections",
            "windows"
          ],
          "mitreId": "T1059.001",
          "mitreTactic": "Execution",
          "mitreTechnique": "PowerShell"
        },
        "event": {
          "channel": "Microsoft-Windows-Sysmon/Operational",
          "eventId": "1",
          "provider": "Microsoft-Windows-Sysmon",
          "message": "\"Process Create:\r\nRuleName: -\r\nUtcTime: 2026-07-23 07:10:11.721\r\nProcessGuid: {39942fc6-be53-6a61-ef04-000000000e00}\r\nProcessId: 2780\r\nImage: C:\\Windows\\System32\\WindowsPowerShell\\v1.0\\powershell.exe\r\nFileVersion: 10.0.26100.8875 (WinBuild.160101.0800)\r\nDescription: Windows PowerShell\r\nProduct: Microsoft\u00ae Windows\u00ae Operating System\r\nCompany: Microsoft Corporation\r\nOriginalFileName: PowerShell.EXE\r\nCommandLine: \"C:\\WINDOWS\\System32\\WindowsPowerShell\\v1.0\\powershell.exe\" -NoProfile -EncodedCommand VwByAGkAdABlAC0ATwB1AHQAcAB1AHQAIAAnAFMATwBDAC0ATABBAEIALQBFAE4AQwBPAEQARQBEAC0AMAAwADEAJwA7ACAAdwBoAG8AYQBtAGkAOwAgAGgAbwBzAHQAbgBhAG0AZQA=\r\nCurrentDirectory: C:\\Users\\Shams\\\r\nUser: WIN11-SOC-ENDPO\\Shams\r\nLogonGuid: {39942fc6-19b8-6a61-547a-010000000000}\r\nLogonId: 0x17A54\r\nTerminalSessionId: 1\r\nIntegrityLevel: High\r\nHashes: SHA256=B3CEB27E6356848C37A5EE0C844C2D6E91F38D3EED2226757076321B05C65CAF\r\nParentProcessGuid: {39942fc6-be1f-6a61-e804-000000000e00}\r\nParentProcessId: 5700\r\nParentImage: C:\\Windows\\System32\\WindowsPowerShell\\v1.0\\powershell.exe\r\nParentCommandLine: \"C:\\Windows\\System32\\WindowsPowerShell\\v1.0\\powershell.exe\" \r\nParentUser: WIN11-SOC-ENDPO\\Shams\""
        },
        "process": {
          "image": "C:\\Windows\\System32\\WindowsPowerShell\\v1.0\\powershell.exe",
          "parentImage": "C:\\Windows\\System32\\WindowsPowerShell\\v1.0\\powershell.exe",
          "commandLine": "\"C:\\WINDOWS\\System32\\WindowsPowerShell\\v1.0\\powershell.exe\" -NoProfile -EncodedCommand VwByAGkAdABlAC0ATwB1AHQAcAB1AHQAIAAnAFMATwBDAC0ATABBAEIALQBFAE4AQwBPAEQARQBEAC0AMAAwADEAJwA7ACAAdwBoAG8AYQBtAGkAOwAgAGgAbwBzAHQAbgBhAG0AZQA=",
          "parentCommandLine": "\"C:\\Windows\\System32\\WindowsPowerShell\\v1.0\\powershell.exe\"",
          "currentDirectory": "C:\\Users\\Shams\\",
          "user": "WIN11-SOC-ENDPO\\Shams",
          "processId": "2780",
          "parentProcessId": "5700",
          "hashes": "SHA256=B3CEB27E6356848C37A5EE0C844C2D6E91F38D3EED2226757076321B05C65CAF"
        },
        "account": {
          "action": "",
          "actor": "",
          "actorDomain": "",
          "actorUser": "",
          "targetUser": "",
          "targetDomain": "",
          "memberName": "",
          "memberSid": "",
          "groupName": "",
          "groupDomain": ""
        },
        "triage": {
          "status": "candidate",
          "score": 98,
          "reason": "PowerShell encoded command detected",
          "policyRule": "SOC-PS-002",
          "policyTitle": "PowerShell encoded command",
          "mitre": [
            "T1059.001",
            "T1027"
          ],
          "detection": {
            "title": "PowerShell Encoded Command",
            "image_endswith": "\\powershell.exe",
            "command_line_any": [
              "-EncodedCommand",
              "-enc "
            ],
            "level": "high",
            "false_positives": [
              "Legitimate encoded administration scripts",
              "Authorized SOC lab validation activity"
            ]
          },
          "matches": [
            {
              "id": "SOC-PS-002",
              "title": "PowerShell encoded command",
              "score": 98,
              "status": "candidate"
            }
          ]
        }
      },
      {
        "id": "VXBsZZ8BfU4fm0WGetyd",
        "index": "wazuh-alerts-4.x-2026.07.15",
        "timestamp": "2026-07-15T10:57:13.600+0000",
        "agent": {
          "id": "001",
          "name": "WIN11-SOC-ENDPOINT",
          "ip": "192.168.64.3"
        },
        "manager": "wazuh.manager",
        "rule": {
          "id": "60154",
          "level": 12,
          "description": "Administrators Group Changed",
          "groups": [
            "windows",
            "windows_security",
            "group_changed",
            "win_group_changed"
          ],
          "mitreId": "T1484",
          "mitreTactic": "Defense Evasion",
          "mitreTechnique": "Domain Policy Modification"
        },
        "event": {
          "channel": "Security",
          "eventId": "4732",
          "provider": "Microsoft-Windows-Security-Auditing",
          "message": "\"A member was added to a security-enabled local group.\r\n\r\nSubject:\r\n\tSecurity ID:\t\tS-1-5-21-3627987222-3469180906-1209694690-1001\r\n\tAccount Name:\t\tShams\r\n\tAccount Domain:\t\tWIN11-SOC-ENDPO\r\n\tLogon ID:\t\t0x96AB6\r\n\r\nMember:\r\n\tSecurity ID:\t\tS-1-5-21-3627987222-3469180906-1209694690-1002\r\n\tAccount Name:\t\t-\r\n\r\nGroup:\r\n\tSecurity ID:\t\tS-1-5-32-544\r\n\tGroup Name:\t\tAdministrators\r\n\tGroup Domain:\t\tBuiltin\r\n\r\nAdditional Information:\r\n\tPrivileges:\t\t-\""
        },
        "process": {
          "image": "",
          "parentImage": "",
          "commandLine": "",
          "parentCommandLine": "",
          "currentDirectory": "",
          "user": "WIN11-SOC-ENDPO\\Shams",
          "processId": "",
          "parentProcessId": "",
          "hashes": ""
        },
        "account": {
          "action": "Member added to local security group",
          "actor": "WIN11-SOC-ENDPO\\Shams",
          "actorDomain": "WIN11-SOC-ENDPO",
          "actorUser": "Shams",
          "targetUser": "Administrators",
          "targetDomain": "Builtin",
          "memberName": "",
          "memberSid": "S-1-5-21-3627987222-3469180906-1209694690-1002",
          "groupName": "Administrators",
          "groupDomain": "Builtin"
        },
        "triage": {
          "status": "candidate",
          "score": 96,
          "reason": "Account added to a privileged local group",
          "policyRule": "SOC-ACCOUNT-002",
          "policyTitle": "Member added to local Administrators group",
          "mitre": [
            "T1098"
          ],
          "detection": {},
          "matches": [
            {
              "id": "SOC-ACCOUNT-002",
              "title": "Member added to local Administrators group",
              "score": 96,
              "status": "candidate"
            }
          ]
        }
      },
      {
        "id": "VHBsZZ8BfU4fm0WGddwN",
        "index": "wazuh-alerts-4.x-2026.07.15",
        "timestamp": "2026-07-15T10:57:12.436+0000",
        "agent": {
          "id": "001",
          "name": "WIN11-SOC-ENDPOINT",
          "ip": "192.168.64.3"
        },
        "manager": "wazuh.manager",
        "rule": {
          "id": "60110",
          "level": 8,
          "description": "User account changed",
          "groups": [
            "windows",
            "windows_security",
            "account_changed"
          ],
          "mitreId": "T1098",
          "mitreTactic": "Persistence",
          "mitreTechnique": "Account Manipulation"
        },
        "event": {
          "channel": "Security",
          "eventId": "4738",
          "provider": "Microsoft-Windows-Security-Auditing",
          "message": "\"A user account was changed.\r\n\r\nSubject:\r\n\tSecurity ID:\t\tS-1-5-21-3627987222-3469180906-1209694690-1001\r\n\tAccount Name:\t\tShams\r\n\tAccount Domain:\t\tWIN11-SOC-ENDPO\r\n\tLogon ID:\t\t0x96AB6\r\n\r\nTarget Account:\r\n\tSecurity ID:\t\tS-1-5-21-3627987222-3469180906-1209694690-1002\r\n\tAccount Name:\t\tsoc_lab_admin\r\n\tAccount Domain:\t\tWIN11-SOC-ENDPO\r\n\r\nChanged Attributes:\r\n\tSAM Account Name:\t-\r\n\tDisplay Name:\t\t-\r\n\tUser Principal Name:\t-\r\n\tHome Directory:\t\t-\r\n\tHome Drive:\t\t-\r\n\tScript Path:\t\t-\r\n\tProfile Path:\t\t-\r\n\tUser Workstations:\t-\r\n\tPassword Last Set:\t-\r\n\tAccount Expires:\t\t-\r\n\tPrimary Group ID:\t-\r\n\tAllowedToDelegateTo:\t-\r\n\tOld UAC Value:\t\t-\r\n\tNew UAC Value:\t\t-\r\n\tUser Account Control:\t-\r\n\tUser Parameters:\t-\r\n\tSID History:\t\t-\r\n\tLogon Hours:\t\t-\r\n\r\nAdditional Information:\r\n\tPrivileges:\t\t-\""
        },
        "process": {
          "image": "",
          "parentImage": "",
          "commandLine": "",
          "parentCommandLine": "",
          "currentDirectory": "",
          "user": "WIN11-SOC-ENDPO\\Shams",
          "processId": "",
          "parentProcessId": "",
          "hashes": ""
        },
        "account": {
          "action": "User account changed",
          "actor": "WIN11-SOC-ENDPO\\Shams",
          "actorDomain": "WIN11-SOC-ENDPO",
          "actorUser": "Shams",
          "targetUser": "soc_lab_admin",
          "targetDomain": "WIN11-SOC-ENDPO",
          "memberName": "",
          "memberSid": "",
          "groupName": "",
          "groupDomain": ""
        },
        "triage": {
          "status": "candidate",
          "score": 85,
          "reason": "Local account enabled or its properties changed",
          "policyRule": "SOC-ACCOUNT-006",
          "policyTitle": "Local user account enabled or modified",
          "mitre": [
            "T1098"
          ],
          "detection": {},
          "matches": [
            {
              "id": "SOC-ACCOUNT-006",
              "title": "Local user account enabled or modified",
              "score": 85,
              "status": "candidate"
            },
            {
              "id": "SOC-ACCOUNT-003",
              "title": "SOC lab administrator scenario",
              "score": 55,
              "status": "candidate"
            }
          ]
        }
      },
      {
        "id": "U3BsZZ8BfU4fm0WGddwN",
        "index": "wazuh-alerts-4.x-2026.07.15",
        "timestamp": "2026-07-15T10:57:12.421+0000",
        "agent": {
          "id": "001",
          "name": "WIN11-SOC-ENDPOINT",
          "ip": "192.168.64.3"
        },
        "manager": "wazuh.manager",
        "rule": {
          "id": "60110",
          "level": 8,
          "description": "User account changed",
          "groups": [
            "windows",
            "windows_security",
            "account_changed"
          ],
          "mitreId": "T1098",
          "mitreTactic": "Persistence",
          "mitreTechnique": "Account Manipulation"
        },
        "event": {
          "channel": "Security",
          "eventId": "4738",
          "provider": "Microsoft-Windows-Security-Auditing",
          "message": "\"A user account was changed.\r\n\r\nSubject:\r\n\tSecurity ID:\t\tS-1-5-21-3627987222-3469180906-1209694690-1001\r\n\tAccount Name:\t\tShams\r\n\tAccount Domain:\t\tWIN11-SOC-ENDPO\r\n\tLogon ID:\t\t0x96AB6\r\n\r\nTarget Account:\r\n\tSecurity ID:\t\tS-1-5-21-3627987222-3469180906-1209694690-1002\r\n\tAccount Name:\t\tsoc_lab_admin\r\n\tAccount Domain:\t\tWIN11-SOC-ENDPO\r\n\r\nChanged Attributes:\r\n\tSAM Account Name:\tsoc_lab_admin\r\n\tDisplay Name:\t\t<value not set>\r\n\tUser Principal Name:\t-\r\n\tHome Directory:\t\t<value not set>\r\n\tHome Drive:\t\t<value not set>\r\n\tScript Path:\t\t<value not set>\r\n\tProfile Path:\t\t<value not set>\r\n\tUser Workstations:\t<value not set>\r\n\tPassword Last Set:\t<never>\r\n\tAccount Expires:\t\t<never>\r\n\tPrimary Group ID:\t513\r\n\tAllowedToDelegateTo:\t-\r\n\tOld UAC Value:\t\t0x15\r\n\tNew UAC Value:\t\t0x14\r\n\tUser Account Control:\t\r\n\t\tAccount Enabled\r\n\tUser Parameters:\t<value not set>\r\n\tSID History:\t\t-\r\n\tLogon Hours:\t\tAll\r\n\r\nAdditional Information:\r\n\tPrivileges:\t\t-\""
        },
        "process": {
          "image": "",
          "parentImage": "",
          "commandLine": "",
          "parentCommandLine": "",
          "currentDirectory": "",
          "user": "WIN11-SOC-ENDPO\\Shams",
          "processId": "",
          "parentProcessId": "",
          "hashes": ""
        },
        "account": {
          "action": "User account changed",
          "actor": "WIN11-SOC-ENDPO\\Shams",
          "actorDomain": "WIN11-SOC-ENDPO",
          "actorUser": "Shams",
          "targetUser": "soc_lab_admin",
          "targetDomain": "WIN11-SOC-ENDPO",
          "memberName": "",
          "memberSid": "",
          "groupName": "",
          "groupDomain": ""
        },
        "triage": {
          "status": "candidate",
          "score": 85,
          "reason": "Local account enabled or its properties changed",
          "policyRule": "SOC-ACCOUNT-006",
          "policyTitle": "Local user account enabled or modified",
          "mitre": [
            "T1098"
          ],
          "detection": {},
          "matches": [
            {
              "id": "SOC-ACCOUNT-006",
              "title": "Local user account enabled or modified",
              "score": 85,
              "status": "candidate"
            },
            {
              "id": "SOC-ACCOUNT-003",
              "title": "SOC lab administrator scenario",
              "score": 55,
              "status": "candidate"
            }
          ]
        }
      },
      {
        "id": "UnBsZZ8BfU4fm0WGddwN",
        "index": "wazuh-alerts-4.x-2026.07.15",
        "timestamp": "2026-07-15T10:57:12.409+0000",
        "agent": {
          "id": "001",
          "name": "WIN11-SOC-ENDPOINT",
          "ip": "192.168.64.3"
        },
        "manager": "wazuh.manager",
        "rule": {
          "id": "60109",
          "level": 8,
          "description": "User account enabled or created",
          "groups": [
            "windows",
            "windows_security",
            "adduser",
            "account_changed"
          ],
          "mitreId": "T1098",
          "mitreTactic": "Persistence",
          "mitreTechnique": "Account Manipulation"
        },
        "event": {
          "channel": "Security",
          "eventId": "4722",
          "provider": "Microsoft-Windows-Security-Auditing",
          "message": "\"A user account was enabled.\r\n\r\nSubject:\r\n\tSecurity ID:\t\tS-1-5-21-3627987222-3469180906-1209694690-1001\r\n\tAccount Name:\t\tShams\r\n\tAccount Domain:\t\tWIN11-SOC-ENDPO\r\n\tLogon ID:\t\t0x96AB6\r\n\r\nTarget Account:\r\n\tSecurity ID:\t\tS-1-5-21-3627987222-3469180906-1209694690-1002\r\n\tAccount Name:\t\tsoc_lab_admin\r\n\tAccount Domain:\t\tWIN11-SOC-ENDPO\""
        },
        "process": {
          "image": "",
          "parentImage": "",
          "commandLine": "",
          "parentCommandLine": "",
          "currentDirectory": "",
          "user": "WIN11-SOC-ENDPO\\Shams",
          "processId": "",
          "parentProcessId": "",
          "hashes": ""
        },
        "account": {
          "action": "User account enabled",
          "actor": "WIN11-SOC-ENDPO\\Shams",
          "actorDomain": "WIN11-SOC-ENDPO",
          "actorUser": "Shams",
          "targetUser": "soc_lab_admin",
          "targetDomain": "WIN11-SOC-ENDPO",
          "memberName": "",
          "memberSid": "",
          "groupName": "",
          "groupDomain": ""
        },
        "triage": {
          "status": "candidate",
          "score": 85,
          "reason": "Local account enabled or its properties changed",
          "policyRule": "SOC-ACCOUNT-006",
          "policyTitle": "Local user account enabled or modified",
          "mitre": [
            "T1098"
          ],
          "detection": {},
          "matches": [
            {
              "id": "SOC-ACCOUNT-006",
              "title": "Local user account enabled or modified",
              "score": 85,
              "status": "candidate"
            },
            {
              "id": "SOC-ACCOUNT-003",
              "title": "SOC lab administrator scenario",
              "score": 55,
              "status": "candidate"
            }
          ]
        }
      },
      {
        "id": "UXBsZZ8BfU4fm0WGddwN",
        "index": "wazuh-alerts-4.x-2026.07.15",
        "timestamp": "2026-07-15T10:57:12.405+0000",
        "agent": {
          "id": "001",
          "name": "WIN11-SOC-ENDPOINT",
          "ip": "192.168.64.3"
        },
        "manager": "wazuh.manager",
        "rule": {
          "id": "60109",
          "level": 8,
          "description": "User account enabled or created",
          "groups": [
            "windows",
            "windows_security",
            "adduser",
            "account_changed"
          ],
          "mitreId": "T1098",
          "mitreTactic": "Persistence",
          "mitreTechnique": "Account Manipulation"
        },
        "event": {
          "channel": "Security",
          "eventId": "4720",
          "provider": "Microsoft-Windows-Security-Auditing",
          "message": "\"A user account was created.\r\n\r\nSubject:\r\n\tSecurity ID:\t\tS-1-5-21-3627987222-3469180906-1209694690-1001\r\n\tAccount Name:\t\tShams\r\n\tAccount Domain:\t\tWIN11-SOC-ENDPO\r\n\tLogon ID:\t\t0x96AB6\r\n\r\nNew Account:\r\n\tSecurity ID:\t\tS-1-5-21-3627987222-3469180906-1209694690-1002\r\n\tAccount Name:\t\tsoc_lab_admin\r\n\tAccount Domain:\t\tWIN11-SOC-ENDPO\r\n\r\nAttributes:\r\n\tSAM Account Name:\tsoc_lab_admin\r\n\tDisplay Name:\t\t<value not set>\r\n\tUser Principal Name:\t-\r\n\tHome Directory:\t\t<value not set>\r\n\tHome Drive:\t\t<value not set>\r\n\tScript Path:\t\t<value not set>\r\n\tProfile Path:\t\t<value not set>\r\n\tUser Workstations:\t<value not set>\r\n\tPassword Last Set:\t<never>\r\n\tAccount Expires:\t\t<never>\r\n\tPrimary Group ID:\t513\r\n\tAllowed To Delegate To:\t-\r\n\tOld UAC Value:\t\t0x0\r\n\tNew UAC Value:\t\t0x15\r\n\tUser Account Control:\t\r\n\t\tAccount Disabled\r\n\t\t'Password Not Required' - Enabled\r\n\t\t'Normal Account' - Enabled\r\n\tUser Parameters:\t<value not set>\r\n\tSID History:\t\t-\r\n\tLogon Hours:\t\tAll\r\n\r\nAdditional Information:\r\n\tPrivileges\t\t-\""
        },
        "process": {
          "image": "",
          "parentImage": "",
          "commandLine": "",
          "parentCommandLine": "",
          "currentDirectory": "",
          "user": "WIN11-SOC-ENDPO\\Shams",
          "processId": "",
          "parentProcessId": "",
          "hashes": ""
        },
        "account": {
          "action": "Local user account created",
          "actor": "WIN11-SOC-ENDPO\\Shams",
          "actorDomain": "WIN11-SOC-ENDPO",
          "actorUser": "Shams",
          "targetUser": "soc_lab_admin",
          "targetDomain": "WIN11-SOC-ENDPO",
          "memberName": "",
          "memberSid": "",
          "groupName": "",
          "groupDomain": ""
        },
        "triage": {
          "status": "candidate",
          "score": 92,
          "reason": "Windows local account creation event detected",
          "policyRule": "SOC-ACCOUNT-001",
          "policyTitle": "Local user account created",
          "mitre": [
            "T1136.001"
          ],
          "detection": {},
          "matches": [
            {
              "id": "SOC-ACCOUNT-001",
              "title": "Local user account created",
              "score": 92,
              "status": "candidate"
            },
            {
              "id": "SOC-ACCOUNT-003",
              "title": "SOC lab administrator scenario",
              "score": 55,
              "status": "candidate"
            }
          ]
        }
      },
      {
        "id": "-nBOZZ8BfU4fm0WGCttT",
        "index": "wazuh-alerts-4.x-2026.07.15",
        "timestamp": "2026-07-15T10:23:58.408+0000",
        "agent": {
          "id": "001",
          "name": "WIN11-SOC-ENDPOINT",
          "ip": "192.168.64.3"
        },
        "manager": "wazuh.manager",
        "rule": {
          "id": "92027",
          "level": 4,
          "description": "Powershell process spawned powershell instance",
          "groups": [
            "sysmon",
            "sysmon_eid1_detections",
            "windows"
          ],
          "mitreId": "T1059.001",
          "mitreTactic": "Execution",
          "mitreTechnique": "PowerShell"
        },
        "event": {
          "channel": "Microsoft-Windows-Sysmon/Operational",
          "eventId": "1",
          "provider": "Microsoft-Windows-Sysmon",
          "message": "\"Process Create:\r\nRuleName: -\r\nUtcTime: 2026-07-15 10:23:57.369\r\nProcessGuid: {39942fc6-5fbd-6a57-4601-000000000b00}\r\nProcessId: 4904\r\nImage: C:\\Windows\\System32\\WindowsPowerShell\\v1.0\\powershell.exe\r\nFileVersion: 10.0.26100.8875 (WinBuild.160101.0800)\r\nDescription: Windows PowerShell\r\nProduct: Microsoft\u00ae Windows\u00ae Operating System\r\nCompany: Microsoft Corporation\r\nOriginalFileName: PowerShell.EXE\r\nCommandLine: \"C:\\WINDOWS\\System32\\WindowsPowerShell\\v1.0\\powershell.exe\" -NoProfile -ExecutionPolicy Bypass -Command \"Write-Output 'WAZUH-POWERSHELL-TEST-004'; whoami; hostname\"\r\nCurrentDirectory: C:\\Users\\Shams\\\r\nUser: WIN11-SOC-ENDPO\\Shams\r\nLogonGuid: {39942fc6-5f54-6a57-b66a-090000000000}\r\nLogonId: 0x96AB6\r\nTerminalSessionId: 1\r\nIntegrityLevel: High\r\nHashes: SHA256=B3CEB27E6356848C37A5EE0C844C2D6E91F38D3EED2226757076321B05C65CAF\r\nParentProcessGuid: {39942fc6-5f8c-6a57-1201-000000000b00}\r\nParentProcessId: 10940\r\nParentImage: C:\\Windows\\System32\\WindowsPowerShell\\v1.0\\powershell.exe\r\nParentCommandLine: \"C:\\Windows\\System32\\WindowsPowerShell\\v1.0\\powershell.exe\" \r\nParentUser: WIN11-SOC-ENDPO\\Shams\""
        },
        "process": {
          "image": "C:\\Windows\\System32\\WindowsPowerShell\\v1.0\\powershell.exe",
          "parentImage": "C:\\Windows\\System32\\WindowsPowerShell\\v1.0\\powershell.exe",
          "commandLine": "\"C:\\WINDOWS\\System32\\WindowsPowerShell\\v1.0\\powershell.exe\" -NoProfile -ExecutionPolicy Bypass -Command \"Write-Output 'WAZUH-POWERSHELL-TEST-004'; whoami; hostname\"",
          "parentCommandLine": "\"C:\\Windows\\System32\\WindowsPowerShell\\v1.0\\powershell.exe\"",
          "currentDirectory": "C:\\Users\\Shams\\",
          "user": "WIN11-SOC-ENDPO\\Shams",
          "processId": "4904",
          "parentProcessId": "10940",
          "hashes": "SHA256=B3CEB27E6356848C37A5EE0C844C2D6E91F38D3EED2226757076321B05C65CAF"
        },
        "account": {
          "action": "",
          "actor": "",
          "actorDomain": "",
          "actorUser": "",
          "targetUser": "",
          "targetDomain": "",
          "memberName": "",
          "memberSid": "",
          "groupName": "",
          "groupDomain": ""
        },
        "triage": {
          "status": "candidate",
          "score": 95,
          "reason": "PowerShell execution policy bypass command detected",
          "policyRule": "SOC-PS-001",
          "policyTitle": "PowerShell execution policy bypass",
          "mitre": [
            "T1059.001"
          ],
          "detection": {
            "title": "PowerShell Execution Policy Bypass",
            "image_endswith": "\\powershell.exe",
            "command_line_any": [
              "-ExecutionPolicy Bypass"
            ],
            "level": "medium",
            "false_positives": [
              "Administrator troubleshooting",
              "Authorized SOC lab validation activity"
            ]
          },
          "matches": [
            {
              "id": "SOC-PS-001",
              "title": "PowerShell execution policy bypass",
              "score": 95,
              "status": "candidate"
            },
            {
              "id": "SOC-WAZUH-001",
              "title": "High-signal Wazuh PowerShell rule",
              "score": 85,
              "status": "candidate"
            },
            {
              "id": "SOC-PS-004",
              "title": "SOC lab PowerShell scenario",
              "score": 55,
              "status": "candidate"
            }
          ]
        }
      },
      {
        "id": "SnAGZZ8BfU4fm0WGXdt3",
        "index": "wazuh-alerts-4.x-2026.07.15",
        "timestamp": "2026-07-15T09:05:41.077+0000",
        "agent": {
          "id": "001",
          "name": "WIN11-SOC-ENDPOINT",
          "ip": "192.168.64.3"
        },
        "manager": "wazuh.manager",
        "rule": {
          "id": "92027",
          "level": 4,
          "description": "Powershell process spawned powershell instance",
          "groups": [
            "sysmon",
            "sysmon_eid1_detections",
            "windows"
          ],
          "mitreId": "T1059.001",
          "mitreTactic": "Execution",
          "mitreTechnique": "PowerShell"
        },
        "event": {
          "channel": "Microsoft-Windows-Sysmon/Operational",
          "eventId": "1",
          "provider": "Microsoft-Windows-Sysmon",
          "message": "\"Process Create:\r\nRuleName: -\r\nUtcTime: 2026-07-15 09:05:39.748\r\nProcessGuid: {39942fc6-4d63-6a57-0702-000000000900}\r\nProcessId: 2996\r\nImage: C:\\Windows\\System32\\WindowsPowerShell\\v1.0\\powershell.exe\r\nFileVersion: 10.0.26100.7309 (WinBuild.160101.0800)\r\nDescription: Windows PowerShell\r\nProduct: Microsoft\u00ae Windows\u00ae Operating System\r\nCompany: Microsoft Corporation\r\nOriginalFileName: PowerShell.EXE\r\nCommandLine: \"C:\\WINDOWS\\System32\\WindowsPowerShell\\v1.0\\powershell.exe\" -NoProfile -ExecutionPolicy Bypass -Command \"Write-Output 'WAZUH-POWERSHELL-TEST-003'; whoami; hostname\"\r\nCurrentDirectory: C:\\Users\\Shams\\\r\nUser: WIN11-SOC-ENDPO\\Shams\r\nLogonGuid: {39942fc6-ddd8-6a57-9ca3-010000000000}\r\nLogonId: 0x1A39C\r\nTerminalSessionId: 1\r\nIntegrityLevel: High\r\nHashes: SHA256=7D17056459B9CEA517B5DA515790DF351B907E516B433CAFB869ABAFF83DB648\r\nParentProcessGuid: {39942fc6-4d46-6a57-fb01-000000000900}\r\nParentProcessId: 9896\r\nParentImage: C:\\Windows\\System32\\WindowsPowerShell\\v1.0\\powershell.exe\r\nParentCommandLine: \"C:\\Windows\\System32\\WindowsPowerShell\\v1.0\\powershell.exe\" \r\nParentUser: WIN11-SOC-ENDPO\\Shams\""
        },
        "process": {
          "image": "C:\\Windows\\System32\\WindowsPowerShell\\v1.0\\powershell.exe",
          "parentImage": "C:\\Windows\\System32\\WindowsPowerShell\\v1.0\\powershell.exe",
          "commandLine": "\"C:\\WINDOWS\\System32\\WindowsPowerShell\\v1.0\\powershell.exe\" -NoProfile -ExecutionPolicy Bypass -Command \"Write-Output 'WAZUH-POWERSHELL-TEST-003'; whoami; hostname\"",
          "parentCommandLine": "\"C:\\Windows\\System32\\WindowsPowerShell\\v1.0\\powershell.exe\"",
          "currentDirectory": "C:\\Users\\Shams\\",
          "user": "WIN11-SOC-ENDPO\\Shams",
          "processId": "2996",
          "parentProcessId": "9896",
          "hashes": "SHA256=7D17056459B9CEA517B5DA515790DF351B907E516B433CAFB869ABAFF83DB648"
        },
        "account": {
          "action": "",
          "actor": "",
          "actorDomain": "",
          "actorUser": "",
          "targetUser": "",
          "targetDomain": "",
          "memberName": "",
          "memberSid": "",
          "groupName": "",
          "groupDomain": ""
        },
        "triage": {
          "status": "candidate",
          "score": 95,
          "reason": "PowerShell execution policy bypass command detected",
          "policyRule": "SOC-PS-001",
          "policyTitle": "PowerShell execution policy bypass",
          "mitre": [
            "T1059.001"
          ],
          "detection": {
            "title": "PowerShell Execution Policy Bypass",
            "image_endswith": "\\powershell.exe",
            "command_line_any": [
              "-ExecutionPolicy Bypass"
            ],
            "level": "medium",
            "false_positives": [
              "Administrator troubleshooting",
              "Authorized SOC lab validation activity"
            ]
          },
          "matches": [
            {
              "id": "SOC-PS-001",
              "title": "PowerShell execution policy bypass",
              "score": 95,
              "status": "candidate"
            },
            {
              "id": "SOC-WAZUH-001",
              "title": "High-signal Wazuh PowerShell rule",
              "score": 85,
              "status": "candidate"
            },
            {
              "id": "SOC-PS-004",
              "title": "SOC lab PowerShell scenario",
              "score": 55,
              "status": "candidate"
            }
          ]
        }
      },
      {
        "id": "WXDJX58BfU4fm0WGqtjy",
        "index": "wazuh-alerts-4.x-2026.07.14",
        "timestamp": "2026-07-14T08:41:16.550+0000",
        "agent": {
          "id": "001",
          "name": "WIN11-SOC-ENDPOINT",
          "ip": "192.168.64.3"
        },
        "manager": "wazuh.manager",
        "rule": {
          "id": "92027",
          "level": 4,
          "description": "Powershell process spawned powershell instance",
          "groups": [
            "sysmon",
            "sysmon_eid1_detections",
            "windows"
          ],
          "mitreId": "T1059.001",
          "mitreTactic": "Execution",
          "mitreTechnique": "PowerShell"
        },
        "event": {
          "channel": "Microsoft-Windows-Sysmon/Operational",
          "eventId": "1",
          "provider": "Microsoft-Windows-Sysmon",
          "message": "\"Process Create:\r\nRuleName: -\r\nUtcTime: 2026-07-14 08:41:15.331\r\nProcessGuid: {39942fc6-f62b-6a55-1303-000000000600}\r\nProcessId: 3488\r\nImage: C:\\Windows\\System32\\WindowsPowerShell\\v1.0\\powershell.exe\r\nFileVersion: 10.0.26100.3323 (WinBuild.160101.0800)\r\nDescription: Windows PowerShell\r\nProduct: Microsoft\u00ae Windows\u00ae Operating System\r\nCompany: Microsoft Corporation\r\nOriginalFileName: PowerShell.EXE\r\nCommandLine: \"C:\\WINDOWS\\System32\\WindowsPowerShell\\v1.0\\powershell.exe\" -NoProfile -ExecutionPolicy Bypass -Command \"Write-Output 'WAZUH-POWERSHELL-TEST-002'; whoami; hostname\"\r\nCurrentDirectory: C:\\Users\\Shams\\\r\nUser: WIN11-SOC-ENDPO\\Shams\r\nLogonGuid: {39942fc6-89b0-6a56-2a79-010000000000}\r\nLogonId: 0x1792A\r\nTerminalSessionId: 1\r\nIntegrityLevel: High\r\nHashes: SHA256=36C5781EAB906A70051434F004CF2B5DEE902C9DCE520BA68183183D36A9B472\r\nParentProcessGuid: {39942fc6-f2e2-6a55-8302-000000000600}\r\nParentProcessId: 6360\r\nParentImage: C:\\Windows\\System32\\WindowsPowerShell\\v1.0\\powershell.exe\r\nParentCommandLine: \"C:\\Windows\\System32\\WindowsPowerShell\\v1.0\\powershell.exe\" \r\nParentUser: WIN11-SOC-ENDPO\\Shams\""
        },
        "process": {
          "image": "C:\\Windows\\System32\\WindowsPowerShell\\v1.0\\powershell.exe",
          "parentImage": "C:\\Windows\\System32\\WindowsPowerShell\\v1.0\\powershell.exe",
          "commandLine": "\"C:\\WINDOWS\\System32\\WindowsPowerShell\\v1.0\\powershell.exe\" -NoProfile -ExecutionPolicy Bypass -Command \"Write-Output 'WAZUH-POWERSHELL-TEST-002'; whoami; hostname\"",
          "parentCommandLine": "\"C:\\Windows\\System32\\WindowsPowerShell\\v1.0\\powershell.exe\"",
          "currentDirectory": "C:\\Users\\Shams\\",
          "user": "WIN11-SOC-ENDPO\\Shams",
          "processId": "3488",
          "parentProcessId": "6360",
          "hashes": "SHA256=36C5781EAB906A70051434F004CF2B5DEE902C9DCE520BA68183183D36A9B472"
        },
        "account": {
          "action": "",
          "actor": "",
          "actorDomain": "",
          "actorUser": "",
          "targetUser": "",
          "targetDomain": "",
          "memberName": "",
          "memberSid": "",
          "groupName": "",
          "groupDomain": ""
        },
        "triage": {
          "status": "candidate",
          "score": 95,
          "reason": "PowerShell execution policy bypass command detected",
          "policyRule": "SOC-PS-001",
          "policyTitle": "PowerShell execution policy bypass",
          "mitre": [
            "T1059.001"
          ],
          "detection": {
            "title": "PowerShell Execution Policy Bypass",
            "image_endswith": "\\powershell.exe",
            "command_line_any": [
              "-ExecutionPolicy Bypass"
            ],
            "level": "medium",
            "false_positives": [
              "Administrator troubleshooting",
              "Authorized SOC lab validation activity"
            ]
          },
          "matches": [
            {
              "id": "SOC-PS-001",
              "title": "PowerShell execution policy bypass",
              "score": 95,
              "status": "candidate"
            },
            {
              "id": "SOC-WAZUH-001",
              "title": "High-signal Wazuh PowerShell rule",
              "score": 85,
              "status": "candidate"
            },
            {
              "id": "SOC-PS-004",
              "title": "SOC lab PowerShell scenario",
              "score": 55,
              "status": "candidate"
            }
          ]
        }
      }
    ],
    "review": [
      {
        "id": "83vcFaEBDhTRgcnGYj8H",
        "index": "wazuh-alerts-4.x-2026.10.07",
        "timestamp": "2026-10-07T10:15:24.058+0000",
        "agent": {
          "id": "001",
          "name": "WIN11-SOC-ENDPOINT",
          "ip": "192.168.64.3"
        },
        "manager": "wazuh.manager",
        "rule": {
          "id": "60608",
          "level": 4,
          "description": "Summary event of the report's signatures.",
          "groups": [
            "windows",
            "windows_application"
          ],
          "mitreId": "",
          "mitreTactic": "",
          "mitreTechnique": ""
        },
        "event": {
          "channel": "Application",
          "eventId": "1001",
          "provider": "Windows Error Reporting",
          "message": "\"Fault bucket 1714373851368625542, type 5\r\nEvent Name: StoreAgentInstallFailure1\r\nResponse: Not available\r\nCab Id: 0\r\n\r\nProblem signature:\r\nP1: Update;MoUpdateOrchestratorDeviceScan-MoUsoCoreWorker-SearchForAllUpdatesWithUpdateOptionsAsync\r\nP2: 80073d02\r\nP3: 26200\r\nP4: 9168\r\nP5: Windows.Desktop\r\nP6: 3\r\nP7: \r\nP8: \r\nP9: \r\nP10: \r\n\r\nAttached files:\r\n\\?\\C:\\ProgramData\\Microsoft\\Windows\\WER\\Temp\\WER.74ebc2be-b277-40ee-896f-e51047df7362.tmp.WERInternalMetadata.xml\r\n\r\nThese files may be available here:\r\n\\?\\C:\\ProgramData\\Microsoft\\Windows\\WER\\ReportArchive\\NonCritical_Update;MoUpdateO_acc1235016c14accfcc8c7c2f5e38161de34d01a_00000000_c82adc17-08db-4692-a7b3-839a03052ce8\r\n\r\nAnalysis symbol: \r\nRechecking for solution: 0\r\nReport Id: c82adc17-08db-4692-a7b3-839a03052ce8\r\nReport Status: 268435456\r\nHashed bucket: d95cf362291db7c3c7caadef470b9586\r\nCab Guid: 0\""
        },
        "process": {
          "image": "",
          "parentImage": "",
          "commandLine": "",
          "parentCommandLine": "",
          "currentDirectory": "",
          "user": "",
          "processId": "",
          "parentProcessId": "",
          "hashes": ""
        },
        "account": {
          "action": "",
          "actor": "",
          "actorDomain": "",
          "actorUser": "",
          "targetUser": "",
          "targetDomain": "",
          "memberName": "",
          "memberSid": "",
          "groupName": "",
          "groupDomain": ""
        },
        "triage": {
          "status": "review",
          "score": 40,
          "reason": "Low or medium severity telemetry"
        }
      },
