      {
        "id": "K3AexJ8BfU4fm0WGZe7u",
        "index": "wazuh-alerts-4.x-2026.08.02",
        "timestamp": "2026-08-02T19:19:10.538+0000",
        "agent": {
          "id": "000",
          "name": "wazuh.manager",
          "ip": ""
        },
        "manager": "wazuh.manager",
        "rule": {
          "id": "19014",
          "level": 9,
          "description": "CIS Benchmark for Amazon Linux 2023 Benchmark v1.0.0.: Ensure sudo is installed.: Status changed from 'not applicable' to failed",
          "groups": [
            "sca"
          ],
          "mitreId": "",
          "mitreTactic": "",
          "mitreTechnique": ""
        },
        "event": {
          "channel": "",
          "eventId": "",
          "provider": "",
          "message": ""
        },
        "process": {
          "image": "",
          "parentImage": "",
          "commandLine": "",
          "parentCommandLine": "",
          "currentDirectory": "",
          "user": "",
          "processId": "",
          "parentProcessId": "",
          "hashes": ""
        },
        "account": {
          "action": "",
          "actor": "",
          "actorDomain": "",
          "actorUser": "",
          "targetUser": "",
          "targetDomain": "",
          "memberName": "",
          "memberSid": "",
          "groupName": "",
          "groupDomain": ""
        },
        "triage": {
          "status": "review",
          "score": 40,
          "reason": "Low or medium severity telemetry"
        }
      },
      {
        "id": "KnCXwZ8BfU4fm0WGre4R",
        "index": "wazuh-alerts-4.x-2026.08.02",
        "timestamp": "2026-08-02T08:29:26.506+0000",
        "agent": {
          "id": "000",
          "name": "wazuh.manager",
          "ip": ""
        },
        "manager": "wazuh.manager",
        "rule": {
          "id": "19003",
          "level": 5,
          "description": "SCA summary: CIS Benchmark for Amazon Linux 2023 Benchmark v1.0.0.: Score less than 80% (52)",
          "groups": [
            "sca"
          ],
          "mitreId": "",
          "mitreTactic": "",
          "mitreTechnique": ""
        },
        "event": {
          "channel": "",
          "eventId": "",
          "provider": "",
          "message": ""
        },
        "process": {
          "image": "",
          "parentImage": "",
          "commandLine": "",
          "parentCommandLine": "",
          "currentDirectory": "",
          "user": "",
          "processId": "",
          "parentProcessId": "",
          "hashes": ""
        },
        "account": {
          "action": "",
          "actor": "",
          "actorDomain": "",
          "actorUser": "",
          "targetUser": "",
          "targetDomain": "",
          "memberName": "",
          "memberSid": "",
          "groupName": "",
          "groupDomain": ""
        },
        "triage": {
          "status": "review",
          "score": 40,
          "reason": "Low or medium severity telemetry"
        }
      },
      {
        "id": "KXCXwZ8BfU4fm0WGre4R",
        "index": "wazuh-alerts-4.x-2026.08.02",
        "timestamp": "2026-08-02T08:29:21.754+0000",
        "agent": {
          "id": "000",
          "name": "wazuh.manager",
          "ip": ""
        },
        "manager": "wazuh.manager",
        "rule": {
          "id": "19013",
          "level": 5,
          "description": "CIS Benchmark for Amazon Linux 2023 Benchmark v1.0.0.: Ensure sudo is installed.: Status changed from failed to 'not applicable'",
          "groups": [
            "sca"
          ],
          "mitreId": "",
          "mitreTactic": "",
          "mitreTechnique": ""
        },
        "event": {
          "channel": "",
          "eventId": "",
          "provider": "",
          "message": ""
        },
        "process": {
          "image": "",
          "parentImage": "",
          "commandLine": "",
          "parentCommandLine": "",
          "currentDirectory": "",
          "user": "",
          "processId": "",
          "parentProcessId": "",
          "hashes": ""
        },
        "account": {
          "action": "",
          "actor": "",
          "actorDomain": "",
          "actorUser": "",
          "targetUser": "",
          "targetDomain": "",
          "memberName": "",
          "memberSid": "",
          "groupName": "",
          "groupDomain": ""
        },
        "triage": {
          "status": "review",
          "score": 40,
          "reason": "Low or medium severity telemetry"
        }
      },
      {
        "id": "8XCtrZ8BfU4fm0WGqu2k",
        "index": "wazuh-alerts-4.x-2026.07.29",
        "timestamp": "2026-07-29T11:41:04.988+0000",
        "agent": {
          "id": "001",
          "name": "WIN11-SOC-ENDPOINT",
          "ip": "192.168.64.3"
        },
        "manager": "wazuh.manager",
        "rule": {
          "id": "92052",
          "level": 4,
          "description": "Windows command prompt started by an abnormal process",
          "groups": [
            "sysmon",
            "sysmon_eid1_detections",
            "windows"
          ],
          "mitreId": "T1059.003",
          "mitreTactic": "Execution",
          "mitreTechnique": "Windows Command Shell"
        },
        "event": {
          "channel": "Microsoft-Windows-Sysmon/Operational",
          "eventId": "1",
          "provider": "Microsoft-Windows-Sysmon",
          "message": "\"Process Create:\r\nRuleName: -\r\nUtcTime: 2026-07-29 11:40:44.825\r\nProcessGuid: {39942fc6-e6bc-6a69-3c10-000000000e00}\r\nProcessId: 5792\r\nImage: C:\\Windows\\System32\\cmd.exe\r\nFileVersion: 10.0.26100.8737 (WinBuild.160101.0800)\r\nDescription: Windows Command Processor\r\nProduct: Microsoft\u00ae Windows\u00ae Operating System\r\nCompany: Microsoft Corporation\r\nOriginalFileName: Cmd.Exe\r\nCommandLine: \"C:\\WINDOWS\\system32\\cmd.exe\" /d /c C:\\WINDOWS\\system32\\hpatchmonTask.cmd\r\nCurrentDirectory: C:\\WINDOWS\\system32\\\r\nUser: NT AUTHORITY\\SYSTEM\r\nLogonGuid: {39942fc6-19b6-6a61-e703-000000000000}\r\nLogonId: 0x3E7\r\nTerminalSessionId: 0\r\nIntegrityLevel: System\r\nHashes: SHA256=7E3002D1F6D840A226E5388A1A77DA87E52AC36DFDDF6F7DDF23B5EF84A4CD28\r\nParentProcessGuid: {39942fc6-19b7-6a61-1b00-000000000e00}\r\nParentProcessId: 1532\r\nParentImage: C:\\Windows\\System32\\svchost.exe\r\nParentCommandLine: C:\\WINDOWS\\system32\\svchost.exe -k netsvcs -p -s Schedule\r\nParentUser: NT AUTHORITY\\SYSTEM\""
        },
        "process": {
          "image": "C:\\\\Windows\\\\System32\\\\cmd.exe",
          "parentImage": "C:\\\\Windows\\\\System32\\\\svchost.exe",
          "commandLine": "\\\"C:\\\\WINDOWS\\\\system32\\\\cmd.exe\\\" /d /c C:\\\\WINDOWS\\\\system32\\\\hpatchmonTask.cmd",
          "parentCommandLine": "C:\\\\WINDOWS\\\\system32\\\\svchost.exe -k netsvcs -p -s Schedule",
          "currentDirectory": "C:\\\\WINDOWS\\\\system32\\\\",
          "user": "NT AUTHORITY\\\\SYSTEM",
          "processId": "5792",
          "parentProcessId": "1532",
          "hashes": "SHA256=7E3002D1F6D840A226E5388A1A77DA87E52AC36DFDDF6F7DDF23B5EF84A4CD28"
        },
        "account": {
          "action": "",
          "actor": "",
          "actorDomain": "",
          "actorUser": "",
          "targetUser": "",
          "targetDomain": "",
          "memberName": "",
          "memberSid": "",
          "groupName": "",
          "groupDomain": ""
        },
        "triage": {
          "status": "review",
          "score": 40,
          "reason": "Low or medium severity telemetry"
        }
      },
      {
        "id": "8HCtrZ8BfU4fm0WGqO06",
        "index": "wazuh-alerts-4.x-2026.07.29",
        "timestamp": "2026-07-29T11:41:04.649+0000",
        "agent": {
          "id": "001",
          "name": "WIN11-SOC-ENDPOINT",
          "ip": "192.168.64.3"
        },
        "manager": "wazuh.manager",
        "rule": {
          "id": "60132",
          "level": 5,
          "description": "System time changed",
          "groups": [
            "windows",
            "windows_security",
            "time_changed"
          ],
          "mitreId": "",
          "mitreTactic": "",
          "mitreTechnique": ""
        },
        "event": {
          "channel": "Security",
          "eventId": "4616",
          "provider": "Microsoft-Windows-Security-Auditing",
          "message": "\"The system time was changed.\r\n\r\nSubject:\r\n\tSecurity ID:\t\tS-1-5-18\r\n\tAccount Name:\t\tWIN11-SOC-ENDPO$\r\n\tAccount Domain:\t\tWORKGROUP\r\n\tLogon ID:\t\t0x3E7\r\n\r\nProcess Information:\r\n\tProcess ID:\t0xd50\r\n\tName:\t\tC:\\Program Files\\Qemu-ga\\qemu-ga.exe\r\n\r\nPrevious Time:\t\t\u200e2026\u200e-\u200e07\u200e-\u200e29T08:59:45.851055900Z\r\nNew Time:\t\t\u200e2026\u200e-\u200e07\u200e-\u200e29T11:40:39.901000000Z\r\n\r\nThis event is generated when the system time is changed. It is normal for the Windows Time Service, which runs with System privilege, to change the system time on a regular basis. Other system time changes may be indicative of attempts to tamper with the computer.\""
        },
        "process": {
          "image": "",
          "parentImage": "",
          "commandLine": "",
          "parentCommandLine": "",
          "currentDirectory": "",
          "user": "WORKGROUP\\WIN11-SOC-ENDPO$",
          "processId": "0xd50",
          "parentProcessId": "",
          "hashes": ""
        },
        "account": {
          "action": "",
          "actor": "WORKGROUP\\WIN11-SOC-ENDPO$",
          "actorDomain": "WORKGROUP",
          "actorUser": "WIN11-SOC-ENDPO$",
          "targetUser": "",
          "targetDomain": "",
          "memberName": "",
          "memberSid": "",
          "groupName": "",
          "groupDomain": ""
        },
        "triage": {
          "status": "review",
          "score": 40,
          "reason": "Low or medium severity telemetry"
        }
      },
      {
        "id": "6XAMrZ8BfU4fm0WGmO2k",
        "index": "wazuh-alerts-4.x-2026.07.29",
        "timestamp": "2026-07-29T08:45:06.107+0000",
        "agent": {
          "id": "001",
          "name": "WIN11-SOC-ENDPOINT",
          "ip": "192.168.64.3"
        },
        "manager": "wazuh.manager",
        "rule": {
          "id": "60608",
          "level": 4,
          "description": "Summary event of the report's signatures.",
          "groups": [
            "windows",
            "windows_application"
          ],
          "mitreId": "",
          "mitreTactic": "",
          "mitreTechnique": ""
        },
        "event": {
          "channel": "Application",
          "eventId": "1001",
          "provider": "Windows Error Reporting",
          "message": "\"Fault bucket , type 0\r\nEvent Name: BlueScreen\r\nResponse: Not available\r\nCab Id: 0\r\n\r\nProblem signature:\r\nP1: d1\r\nP2: 34\r\nP3: 2\r\nP4: 0\r\nP5: fffff8024563a740\r\nP6: 10_0_26100\r\nP7: 0_0\r\nP8: 256_1\r\nP9: \r\nP10: \r\n\r\nAttached files:\r\n\\\\?\\C:\\WINDOWS\\Minidump\\071526-4640-01.dmp\r\n\\\\?\\C:\\WINDOWS\\SystemTemp\\WER-4640-0.sysdata.xml\r\n\\\\?\\C:\\ProgramData\\Microsoft\\Windows\\WER\\Temp\\WER.855f05b5-abd8-4b5f-866f-a2eeda807763.tmp.WERInternalMetadata.xml\r\n\\\\?\\C:\\ProgramData\\Microsoft\\Windows\\WER\\Temp\\WER.bb0f93a9-4f2f-4fc2-8915-83fcdc144e25.tmp.csv\r\n\\\\?\\C:\\ProgramData\\Microsoft\\Windows\\WER\\Temp\\WER.5777f2b2-7b7e-4de5-a8ab-43d2602cb3bc.tmp.txt\r\n\\\\?\\C:\\ProgramData\\Microsoft\\Windows\\WER\\Temp\\WER.2ef9851e-b155-4e62-9aad-cb27b8bfa0fe.tmp.xml\r\n\r\nThese files may be available here:\r\n\\\\?\\C:\\ProgramData\\Microsoft\\Windows\\WER\\ReportQueue\\Kernel_d1_afe988ebc35889c4c095569b04020a1f8f787f3_00000000_4d512050-3d45-4d9c-811c-d53a15bf95a0\r\n\r\nAnalysis symbol: \r\nRechecking for solution: 0\r\nReport Id: 41f83e80-a01a-4a9c-9617-b540a38aa09d\r\nReport Status: 2049\r\nHashed bucket: \r\nCab Guid: 0\""
        },
        "process": {
          "image": "",
          "parentImage": "",
          "commandLine": "",
          "parentCommandLine": "",
          "currentDirectory": "",
          "user": "",
          "processId": "",
          "parentProcessId": "",
          "hashes": ""
        },
        "account": {
          "action": "",
          "actor": "",
          "actorDomain": "",
          "actorUser": "",
          "targetUser": "",
          "targetDomain": "",
          "memberName": "",
          "memberSid": "",
          "groupName": "",
          "groupDomain": ""
        },
        "triage": {
          "status": "review",
          "score": 40,
          "reason": "Low or medium severity telemetry"
        }
      },
      {
        "id": "6nAMrZ8BfU4fm0WGmO2k",
        "index": "wazuh-alerts-4.x-2026.07.29",
        "timestamp": "2026-07-29T08:45:06.096+0000",
        "agent": {
          "id": "001",
          "name": "WIN11-SOC-ENDPOINT",
          "ip": "192.168.64.3"
        },
        "manager": "wazuh.manager",
        "rule": {
          "id": "60608",
          "level": 4,
          "description": "Summary event of the report's signatures.",
          "groups": [
            "windows",
            "windows_application"
          ],
          "mitreId": "",
          "mitreTactic": "",
          "mitreTechnique": ""
        },
        "event": {
          "channel": "Application",
          "eventId": "1001",
          "provider": "Windows Error Reporting",
          "message": "\"Fault bucket , type 0\r\nEvent Name: BlueScreen\r\nResponse: Not available\r\nCab Id: 0\r\n\r\nProblem signature:\r\nP1: d1\r\nP2: ffffc10006ebf242\r\nP3: 2\r\nP4: 0\r\nP5: fffff80145a8a754\r\nP6: 10_0_26100\r\nP7: 0_0\r\nP8: 256_1\r\nP9: \r\nP10: \r\n\r\nAttached files:\r\n\\\\?\\C:\\WINDOWS\\Minidump\\071326-4515-01.dmp\r\n\\\\?\\C:\\WINDOWS\\SystemTemp\\WER-4562-0.sysdata.xml\r\n\\\\?\\C:\\ProgramData\\Microsoft\\Windows\\WER\\Temp\\WER.991196e8-9e86-42ba-8b7d-533b6fb1a188.tmp.WERInternalMetadata.xml\r\n\\\\?\\C:\\ProgramData\\Microsoft\\Windows\\WER\\Temp\\WER.04c05ad2-4d30-4c94-afa1-46dc919aded2.tmp.csv\r\n\\\\?\\C:\\ProgramData\\Microsoft\\Windows\\WER\\Temp\\WER.195c710f-5754-4ab9-acce-4317d955420f.tmp.txt\r\n\\\\?\\C:\\ProgramData\\Microsoft\\Windows\\WER\\Temp\\WER.930b89cd-4fde-4f55-86e2-ef8fa22d880f.tmp.xml\r\n\r\nThese files may be available here:\r\n\\\\?\\C:\\ProgramData\\Microsoft\\Windows\\WER\\ReportQueue\\Kernel_d1_d14dd6358f19e35602b88c91e561ff5ccc6590_00000000_2c440d8a-cc4e-476d-af57-52785913bbb4\r\n\r\nAnalysis symbol: \r\nRechecking for solution: 0\r\nReport Id: 1bf87a6f-f3ff-4df7-ac1b-e5247f22a9d9\r\nReport Status: 2049\r\nHashed bucket: \r\nCab Guid: 0\""
        },
        "process": {
          "image": "",
          "parentImage": "",
          "commandLine": "",
          "parentCommandLine": "",
          "currentDirectory": "",
          "user": "",
          "processId": "",
          "parentProcessId": "",
          "hashes": ""
        },
        "account": {
          "action": "",
          "actor": "",
          "actorDomain": "",
          "actorUser": "",
          "targetUser": "",
          "targetDomain": "",
          "memberName": "",
          "memberSid": "",
          "groupName": "",
          "groupDomain": ""
        },
        "triage": {
          "status": "review",
          "score": 40,
          "reason": "Low or medium severity telemetry"
        }
      },
      {
        "id": "4XAArZ8BfU4fm0WGr-0v",
        "index": "wazuh-alerts-4.x-2026.07.29",
        "timestamp": "2026-07-29T08:32:04.490+0000",
        "agent": {
          "id": "001",
          "name": "WIN11-SOC-ENDPOINT",
          "ip": "192.168.64.3"
        },
        "manager": "wazuh.manager",
        "rule": {
          "id": "92058",
          "level": 12,
          "description": "Application Compatibility Database launched",
          "groups": [
            "sysmon",
            "sysmon_eid1_detections",
            "windows"
          ],
          "mitreId": "T1546.011",
          "mitreTactic": "Privilege Escalation",
          "mitreTechnique": "Application Shimming"
        },
        "event": {
          "channel": "Microsoft-Windows-Sysmon/Operational",
          "eventId": "1",
          "provider": "Microsoft-Windows-Sysmon",
          "message": "\"Process Create:\r\nRuleName: -\r\nUtcTime: 2026-07-29 08:32:03.633\r\nProcessGuid: {39942fc6-ba83-6a69-0710-000000000e00}\r\nProcessId: 2240\r\nImage: C:\\Windows\\System32\\sdbinst.exe\r\nFileVersion: 10.0.26100.8737 (WinBuild.160101.0800)\r\nDescription: Application Compatibility Database Installer\r\nProduct: Microsoft\u00ae Windows\u00ae Operating System\r\nCompany: Microsoft Corporation\r\nOriginalFileName: sdbinst.exe\r\nCommandLine: C:\\WINDOWS\\System32\\sdbinst.exe -m -bg\r\nCurrentDirectory: C:\\WINDOWS\\system32\\\r\nUser: NT AUTHORITY\\SYSTEM\r\nLogonGuid: {39942fc6-19b6-6a61-e703-000000000000}\r\nLogonId: 0x3E7\r\nTerminalSessionId: 0\r\nIntegrityLevel: System\r\nHashes: SHA256=A9BBEEDB6F91D20ACFFD651CE6888D5CB5652BDC47C8CB02639AD83913BADE08\r\nParentProcessGuid: {39942fc6-7f12-6a60-8400-000000000e00}\r\nParentProcessId: 6536\r\nParentImage: C:\\Windows\\System32\\svchost.exe\r\nParentCommandLine: C:\\WINDOWS\\system32\\svchost.exe -k LocalSystemNetworkRestricted -p -s PcaSvc\r\nParentUser: NT AUTHORITY\\SYSTEM\""
        },
        "process": {
          "image": "C:\\\\Windows\\\\System32\\\\sdbinst.exe",
          "parentImage": "C:\\\\Windows\\\\System32\\\\svchost.exe",
          "commandLine": "C:\\\\WINDOWS\\\\System32\\\\sdbinst.exe -m -bg",
          "parentCommandLine": "C:\\\\WINDOWS\\\\system32\\\\svchost.exe -k LocalSystemNetworkRestricted -p -s PcaSvc",
          "currentDirectory": "C:\\\\WINDOWS\\\\system32\\\\",
          "user": "NT AUTHORITY\\\\SYSTEM",
          "processId": "2240",
          "parentProcessId": "6536",
          "hashes": "SHA256=A9BBEEDB6F91D20ACFFD651CE6888D5CB5652BDC47C8CB02639AD83913BADE08"
        },
        "account": {
          "action": "",
          "actor": "",
          "actorDomain": "",
          "actorUser": "",
          "targetUser": "",
          "targetDomain": "",
          "memberName": "",
          "memberSid": "",
          "groupName": "",
          "groupDomain": ""
        },
        "triage": {
          "status": "review",
          "score": 65,
          "reason": "High Wazuh rule level, needs analyst review"
        }
      },
      {
        "id": "vXDJrJ8BfU4fm0WGt-17",
        "index": "wazuh-alerts-4.x-2026.07.29",
        "timestamp": "2026-07-29T07:32:03.557+0000",
        "agent": {
          "id": "001",
          "name": "WIN11-SOC-ENDPOINT",
          "ip": "192.168.64.3"
        },
        "manager": "wazuh.manager",
        "rule": {
          "id": "92058",
          "level": 12,
          "description": "Application Compatibility Database launched",
          "groups": [
            "sysmon",
            "sysmon_eid1_detections",
            "windows"
          ],
          "mitreId": "T1546.011",
          "mitreTactic": "Privilege Escalation",
          "mitreTechnique": "Application Shimming"
        },
        "event": {
          "channel": "Microsoft-Windows-Sysmon/Operational",
          "eventId": "1",
          "provider": "Microsoft-Windows-Sysmon",
          "message": "\"Process Create:\r\nRuleName: -\r\nUtcTime: 2026-07-29 07:32:02.987\r\nProcessGuid: {39942fc6-ac72-6a69-cc0f-000000000e00}\r\nProcessId: 2900\r\nImage: C:\\Windows\\System32\\sdbinst.exe\r\nFileVersion: 10.0.26100.8737 (WinBuild.160101.0800)\r\nDescription: Application Compatibility Database Installer\r\nProduct: Microsoft\u00ae Windows\u00ae Operating System\r\nCompany: Microsoft Corporation\r\nOriginalFileName: sdbinst.exe\r\nCommandLine: C:\\WINDOWS\\System32\\sdbinst.exe -m -bg\r\nCurrentDirectory: C:\\WINDOWS\\system32\\\r\nUser: NT AUTHORITY\\SYSTEM\r\nLogonGuid: {39942fc6-19b6-6a61-e703-000000000000}\r\nLogonId: 0x3E7\r\nTerminalSessionId: 0\r\nIntegrityLevel: System\r\nHashes: SHA256=A9BBEEDB6F91D20ACFFD651CE6888D5CB5652BDC47C8CB02639AD83913BADE08\r\nParentProcessGuid: {39942fc6-7f12-6a60-8400-000000000e00}\r\nParentProcessId: 6536\r\nParentImage: C:\\Windows\\System32\\svchost.exe\r\nParentCommandLine: C:\\WINDOWS\\system32\\svchost.exe -k LocalSystemNetworkRestricted -p -s PcaSvc\r\nParentUser: NT AUTHORITY\\SYSTEM\""
        },
        "process": {
          "image": "C:\\\\Windows\\\\System32\\\\sdbinst.exe",
          "parentImage": "C:\\\\Windows\\\\System32\\\\svchost.exe",
          "commandLine": "C:\\\\WINDOWS\\\\System32\\\\sdbinst.exe -m -bg",
          "parentCommandLine": "C:\\\\WINDOWS\\\\system32\\\\svchost.exe -k LocalSystemNetworkRestricted -p -s PcaSvc",
          "currentDirectory": "C:\\\\WINDOWS\\\\system32\\\\",
          "user": "NT AUTHORITY\\\\SYSTEM",
          "processId": "2900",
          "parentProcessId": "6536",
          "hashes": "SHA256=A9BBEEDB6F91D20ACFFD651CE6888D5CB5652BDC47C8CB02639AD83913BADE08"
        },
        "account": {
          "action": "",
          "actor": "",
          "actorDomain": "",
          "actorUser": "",
          "targetUser": "",
          "targetDomain": "",
          "memberName": "",
          "memberSid": "",
          "groupName": "",
          "groupDomain": ""
        },
        "triage": {
          "status": "review",
          "score": 65,
          "reason": "High Wazuh rule level, needs analyst review"
        }
      },
      {
        "id": "q3CtrJ8BfU4fm0WGnO0s",
        "index": "wazuh-alerts-4.x-2026.07.29",
        "timestamp": "2026-07-29T07:01:19.562+0000",
        "agent": {
          "id": "001",
          "name": "WIN11-SOC-ENDPOINT",
          "ip": "192.168.64.3"
        },
        "manager": "wazuh.manager",
        "rule": {
          "id": "60132",
          "level": 5,
          "description": "System time changed",
          "groups": [
            "windows",
            "windows_security",
            "time_changed"
          ],
          "mitreId": "",
          "mitreTactic": "",
          "mitreTechnique": ""
        },
        "event": {
          "channel": "Security",
          "eventId": "4616",
          "provider": "Microsoft-Windows-Security-Auditing",
          "message": "\"The system time was changed.\r\n\r\nSubject:\r\n\tSecurity ID:\t\tS-1-5-18\r\n\tAccount Name:\t\tWIN11-SOC-ENDPO$\r\n\tAccount Domain:\t\tWORKGROUP\r\n\tLogon ID:\t\t0x3E7\r\n\r\nProcess Information:\r\n\tProcess ID:\t0xd50\r\n\tName:\t\tC:\\Program Files\\Qemu-ga\\qemu-ga.exe\r\n\r\nPrevious Time:\t\t\u200e2026\u200e-\u200e07\u200e-\u200e29T07:01:18.007776900Z\r\nNew Time:\t\t\u200e2026\u200e-\u200e07\u200e-\u200e29T07:03:54.289000000Z\r\n\r\nThis event is generated when the system time is changed. It is normal for the Windows Time Service, which runs with System privilege, to change the system time on a regular basis. Other system time changes may be indicative of attempts to tamper with the computer.\""
        },
        "process": {
          "image": "",
          "parentImage": "",
          "commandLine": "",
          "parentCommandLine": "",
          "currentDirectory": "",
          "user": "WORKGROUP\\WIN11-SOC-ENDPO$",
          "processId": "0xd50",
          "parentProcessId": "",
          "hashes": ""
        },
        "account": {
          "action": "",
          "actor": "WORKGROUP\\WIN11-SOC-ENDPO$",
          "actorDomain": "WORKGROUP",
          "actorUser": "WIN11-SOC-ENDPO$",
          "targetUser": "",
          "targetDomain": "",
          "memberName": "",
          "memberSid": "",
          "groupName": "",
          "groupDomain": ""
        },
        "triage": {
          "status": "review",
          "score": 40,
          "reason": "Low or medium severity telemetry"
        }
      },
      {
        "id": "p3CUrJ8BfU4fm0WGKO29",
        "index": "wazuh-alerts-4.x-2026.07.29",
        "timestamp": "2026-07-29T06:33:35.314+0000",
        "agent": {
          "id": "001",
          "name": "WIN11-SOC-ENDPOINT",
          "ip": "192.168.64.3"
        },
        "manager": "wazuh.manager",
        "rule": {
          "id": "60132",
          "level": 5,
          "description": "System time changed",
          "groups": [
            "windows",
            "windows_security",
            "time_changed"
          ],
          "mitreId": "",
          "mitreTactic": "",
          "mitreTechnique": ""
        },
        "event": {
          "channel": "Security",
          "eventId": "4616",
          "provider": "Microsoft-Windows-Security-Auditing",
          "message": "\"The system time was changed.\r\n\r\nSubject:\r\n\tSecurity ID:\t\tS-1-5-18\r\n\tAccount Name:\t\tWIN11-SOC-ENDPO$\r\n\tAccount Domain:\t\tWORKGROUP\r\n\tLogon ID:\t\t0x3E7\r\n\r\nProcess Information:\r\n\tProcess ID:\t0xd50\r\n\tName:\t\tC:\\Program Files\\Qemu-ga\\qemu-ga.exe\r\n\r\nPrevious Time:\t\t\u200e2026\u200e-\u200e07\u200e-\u200e29T06:33:33.396481600Z\r\nNew Time:\t\t\u200e2026\u200e-\u200e07\u200e-\u200e29T06:59:26.403000000Z\r\n\r\nThis event is generated when the system time is changed. It is normal for the Windows Time Service, which runs with System privilege, to change the system time on a regular basis. Other system time changes may be indicative of attempts to tamper with the computer.\""
        },
        "process": {
          "image": "",
          "parentImage": "",
          "commandLine": "",
          "parentCommandLine": "",
          "currentDirectory": "",
          "user": "WORKGROUP\\WIN11-SOC-ENDPO$",
          "processId": "0xd50",
          "parentProcessId": "",
          "hashes": ""
        },
        "account": {
          "action": "",
          "actor": "WORKGROUP\\WIN11-SOC-ENDPO$",
          "actorDomain": "WORKGROUP",
          "actorUser": "WIN11-SOC-ENDPO$",
          "targetUser": "",
          "targetDomain": "",
          "memberName": "",
          "memberSid": "",
          "groupName": "",
          "groupDomain": ""
        },
        "triage": {
          "status": "review",
          "score": 40,
          "reason": "Low or medium severity telemetry"
        }
      },
      {
        "id": "n3CHrJ8BfU4fm0WGkO0I",
        "index": "wazuh-alerts-4.x-2026.07.29",
        "timestamp": "2026-07-29T06:00:21.088+0000",
        "agent": {
          "id": "001",
          "name": "WIN11-SOC-ENDPOINT",
          "ip": "192.168.64.3"
        },
        "manager": "wazuh.manager",
        "rule": {
          "id": "60608",
          "level": 4,
          "description": "Summary event of the report's signatures.",
          "groups": [
            "windows",
            "windows_application"
          ],
          "mitreId": "",
          "mitreTactic": "",
          "mitreTechnique": ""
        },
        "event": {
          "channel": "Application",
          "eventId": "1001",
          "provider": "Windows Error Reporting",
          "message": "\"Fault bucket , type 0\r\nEvent Name: BlueScreen\r\nResponse: Not available\r\nCab Id: 0\r\n\r\nProblem signature:\r\nP1: d1\r\nP2: 34\r\nP3: 2\r\nP4: 0\r\nP5: fffff8024563a740\r\nP6: 10_0_26100\r\nP7: 0_0\r\nP8: 256_1\r\nP9: \r\nP10: \r\n\r\nAttached files:\r\n\\\\?\\C:\\WINDOWS\\Minidump\\071526-4640-01.dmp\r\n\\\\?\\C:\\WINDOWS\\SystemTemp\\WER-4640-0.sysdata.xml\r\n\\\\?\\C:\\ProgramData\\Microsoft\\Windows\\WER\\Temp\\WER.855f05b5-abd8-4b5f-866f-a2eeda807763.tmp.WERInternalMetadata.xml\r\n\\\\?\\C:\\ProgramData\\Microsoft\\Windows\\WER\\Temp\\WER.bb0f93a9-4f2f-4fc2-8915-83fcdc144e25.tmp.csv\r\n\\\\?\\C:\\ProgramData\\Microsoft\\Windows\\WER\\Temp\\WER.5777f2b2-7b7e-4de5-a8ab-43d2602cb3bc.tmp.txt\r\n\\\\?\\C:\\ProgramData\\Microsoft\\Windows\\WER\\Temp\\WER.2ef9851e-b155-4e62-9aad-cb27b8bfa0fe.tmp.xml\r\n\r\nThese files may be available here:\r\n\\\\?\\C:\\ProgramData\\Microsoft\\Windows\\WER\\ReportQueue\\Kernel_d1_afe988ebc35889c4c095569b04020a1f8f787f3_00000000_4d512050-3d45-4d9c-811c-d53a15bf95a0\r\n\r\nAnalysis symbol: \r\nRechecking for solution: 0\r\nReport Id: 41f83e80-a01a-4a9c-9617-b540a38aa09d\r\nReport Status: 2049\r\nHashed bucket: \r\nCab Guid: 0\""
        },
        "process": {
          "image": "",
          "parentImage": "",
          "commandLine": "",
          "parentCommandLine": "",
          "currentDirectory": "",
          "user": "",
          "processId": "",
          "parentProcessId": "",
          "hashes": ""
        },
        "account": {
          "action": "",
          "actor": "",
          "actorDomain": "",
          "actorUser": "",
          "targetUser": "",
          "targetDomain": "",
          "memberName": "",
          "memberSid": "",
          "groupName": "",
          "groupDomain": ""
        },
        "triage": {
          "status": "review",
          "score": 40,
          "reason": "Low or medium severity telemetry"
        }
      },
      {
        "id": "nnCHrJ8BfU4fm0WGkO0I",
        "index": "wazuh-alerts-4.x-2026.07.29",
        "timestamp": "2026-07-29T06:00:21.079+0000",
        "agent": {
          "id": "001",
          "name": "WIN11-SOC-ENDPOINT",
          "ip": "192.168.64.3"
        },
        "manager": "wazuh.manager",
        "rule": {
          "id": "60608",
          "level": 4,
          "description": "Summary event of the report's signatures.",
          "groups": [
            "windows",
            "windows_application"
          ],
          "mitreId": "",
          "mitreTactic": "",
          "mitreTechnique": ""
        },
        "event": {
          "channel": "Application",
          "eventId": "1001",
          "provider": "Windows Error Reporting",
          "message": "\"Fault bucket , type 0\r\nEvent Name: BlueScreen\r\nResponse: Not available\r\nCab Id: 0\r\n\r\nProblem signature:\r\nP1: d1\r\nP2: ffffc10006ebf242\r\nP3: 2\r\nP4: 0\r\nP5: fffff80145a8a754\r\nP6: 10_0_26100\r\nP7: 0_0\r\nP8: 256_1\r\nP9: \r\nP10: \r\n\r\nAttached files:\r\n\\\\?\\C:\\WINDOWS\\Minidump\\071326-4515-01.dmp\r\n\\\\?\\C:\\WINDOWS\\SystemTemp\\WER-4562-0.sysdata.xml\r\n\\\\?\\C:\\ProgramData\\Microsoft\\Windows\\WER\\Temp\\WER.991196e8-9e86-42ba-8b7d-533b6fb1a188.tmp.WERInternalMetadata.xml\r\n\\\\?\\C:\\ProgramData\\Microsoft\\Windows\\WER\\Temp\\WER.04c05ad2-4d30-4c94-afa1-46dc919aded2.tmp.csv\r\n\\\\?\\C:\\ProgramData\\Microsoft\\Windows\\WER\\Temp\\WER.195c710f-5754-4ab9-acce-4317d955420f.tmp.txt\r\n\\\\?\\C:\\ProgramData\\Microsoft\\Windows\\WER\\Temp\\WER.930b89cd-4fde-4f55-86e2-ef8fa22d880f.tmp.xml\r\n\r\nThese files may be available here:\r\n\\\\?\\C:\\ProgramData\\Microsoft\\Windows\\WER\\ReportQueue\\Kernel_d1_d14dd6358f19e35602b88c91e561ff5ccc6590_00000000_2c440d8a-cc4e-476d-af57-52785913bbb4\r\n\r\nAnalysis symbol: \r\nRechecking for solution: 0\r\nReport Id: 1bf87a6f-f3ff-4df7-ac1b-e5247f22a9d9\r\nReport Status: 2049\r\nHashed bucket: \r\nCab Guid: 0\""
        },
        "process": {
          "image": "",
          "parentImage": "",
          "commandLine": "",
          "parentCommandLine": "",
          "currentDirectory": "",
          "user": "",
          "processId": "",
          "parentProcessId": "",
          "hashes": ""
        },
        "account": {
          "action": "",
          "actor": "",
          "actorDomain": "",
          "actorUser": "",
          "targetUser": "",
          "targetDomain": "",
          "memberName": "",
          "memberSid": "",
          "groupName": "",
          "groupDomain": ""
        },
        "triage": {
          "status": "review",
          "score": 40,
          "reason": "Low or medium severity telemetry"
        }
      },
      {
        "id": "nXCHrJ8BfU4fm0WGkO0G",
        "index": "wazuh-alerts-4.x-2026.07.29",
        "timestamp": "2026-07-29T06:00:16.601+0000",
        "agent": {
          "id": "001",
          "name": "WIN11-SOC-ENDPOINT",
          "ip": "192.168.64.3"
        },
        "manager": "wazuh.manager",
        "rule": {
          "id": "60132",
          "level": 5,
          "description": "System time changed",
          "groups": [
            "windows",
            "windows_security",
            "time_changed"
          ],
          "mitreId": "",
          "mitreTactic": "",
          "mitreTechnique": ""
        },
        "event": {
          "channel": "Security",
          "eventId": "4616",
          "provider": "Microsoft-Windows-Security-Auditing",
          "message": "\"The system time was changed.\r\n\r\nSubject:\r\n\tSecurity ID:\t\tS-1-5-18\r\n\tAccount Name:\t\tWIN11-SOC-ENDPO$\r\n\tAccount Domain:\t\tWORKGROUP\r\n\tLogon ID:\t\t0x3E7\r\n\r\nProcess Information:\r\n\tProcess ID:\t0xd50\r\n\tName:\t\tC:\\Program Files\\Qemu-ga\\qemu-ga.exe\r\n\r\nPrevious Time:\t\t\u200e2026\u200e-\u200e07\u200e-\u200e29T02:57:51.716745900Z\r\nNew Time:\t\t\u200e2026\u200e-\u200e07\u200e-\u200e29T06:19:42.336000000Z\r\n\r\nThis event is generated when the system time is changed. It is normal for the Windows Time Service, which runs with System privilege, to change the system time on a regular basis. Other system time changes may be indicative of attempts to tamper with the computer.\""
        },
        "process": {
          "image": "",
          "parentImage": "",
          "commandLine": "",
          "parentCommandLine": "",
          "currentDirectory": "",
          "user": "WORKGROUP\\WIN11-SOC-ENDPO$",
          "processId": "0xd50",
          "parentProcessId": "",
          "hashes": ""
        },
        "account": {
          "action": "",
          "actor": "WORKGROUP\\WIN11-SOC-ENDPO$",
          "actorDomain": "WORKGROUP",
          "actorUser": "WIN11-SOC-ENDPO$",
          "targetUser": "",
          "targetDomain": "",
          "memberName": "",
          "memberSid": "",
          "groupName": "",
          "groupDomain": ""
        },
        "triage": {
          "status": "review",
          "score": 40,
          "reason": "Low or medium severity telemetry"
        }
      },
      {
        "id": "mXB1rJ8BfU4fm0WGMu10",
        "index": "wazuh-alerts-4.x-2026.07.29",
        "timestamp": "2026-07-29T05:59:47.114+0000",
        "agent": {
          "id": "001",
          "name": "WIN11-SOC-ENDPOINT",
          "ip": "192.168.64.3"
        },
        "manager": "wazuh.manager",
        "rule": {
          "id": "60608",
          "level": 4,
          "description": "Summary event of the report's signatures.",
          "groups": [
            "windows",
            "windows_application"
          ],
          "mitreId": "",
          "mitreTactic": "",
          "mitreTechnique": ""
        },
        "event": {
          "channel": "Application",
          "eventId": "1001",
          "provider": "Windows Error Reporting",
          "message": "\"Fault bucket , type 0\r\nEvent Name: BlueScreen\r\nResponse: Not available\r\nCab Id: 0\r\n\r\nProblem signature:\r\nP1: d1\r\nP2: 34\r\nP3: 2\r\nP4: 0\r\nP5: fffff8024563a740\r\nP6: 10_0_26100\r\nP7: 0_0\r\nP8: 256_1\r\nP9: \r\nP10: \r\n\r\nAttached files:\r\n\\\\?\\C:\\WINDOWS\\Minidump\\071526-4640-01.dmp\r\n\\\\?\\C:\\WINDOWS\\SystemTemp\\WER-4640-0.sysdata.xml\r\n\\\\?\\C:\\ProgramData\\Microsoft\\Windows\\WER\\Temp\\WER.855f05b5-abd8-4b5f-866f-a2eeda807763.tmp.WERInternalMetadata.xml\r\n\\\\?\\C:\\ProgramData\\Microsoft\\Windows\\WER\\Temp\\WER.bb0f93a9-4f2f-4fc2-8915-83fcdc144e25.tmp.csv\r\n\\\\?\\C:\\ProgramData\\Microsoft\\Windows\\WER\\Temp\\WER.5777f2b2-7b7e-4de5-a8ab-43d2602cb3bc.tmp.txt\r\n\\\\?\\C:\\ProgramData\\Microsoft\\Windows\\WER\\Temp\\WER.2ef9851e-b155-4e62-9aad-cb27b8bfa0fe.tmp.xml\r\n\r\nThese files may be available here:\r\n\\\\?\\C:\\ProgramData\\Microsoft\\Windows\\WER\\ReportQueue\\Kernel_d1_afe988ebc35889c4c095569b04020a1f8f787f3_00000000_4d512050-3d45-4d9c-811c-d53a15bf95a0\r\n\r\nAnalysis symbol: \r\nRechecking for solution: 0\r\nReport Id: 41f83e80-a01a-4a9c-9617-b540a38aa09d\r\nReport Status: 2049\r\nHashed bucket: \r\nCab Guid: 0\""
        },
        "process": {
          "image": "",
          "parentImage": "",
          "commandLine": "",
          "parentCommandLine": "",
          "currentDirectory": "",
          "user": "",
          "processId": "",
          "parentProcessId": "",
          "hashes": ""
        },
        "account": {
          "action": "",
          "actor": "",
          "actorDomain": "",
          "actorUser": "",
          "targetUser": "",
          "targetDomain": "",
          "memberName": "",
          "memberSid": "",
          "groupName": "",
          "groupDomain": ""
        },
        "triage": {
          "status": "review",
          "score": 40,
          "reason": "Low or medium severity telemetry"
        }
      },
