      {
        "id": "wHDKrJ8BfU4fm0WGme3d",
        "index": "wazuh-alerts-4.x-2026.07.29",
        "timestamp": "2026-07-29T07:33:03.249+0000",
        "agent": {
          "id": "001",
          "name": "WIN11-SOC-ENDPOINT",
          "ip": "192.168.64.3"
        },
        "manager": "wazuh.manager",
        "rule": {
          "id": "61102",
          "level": 5,
          "description": "Windows System error event",
          "groups": [
            "windows",
            "windows_system",
            "system_error"
          ],
          "mitreId": "",
          "mitreTactic": "",
          "mitreTechnique": ""
        },
        "event": {
          "channel": "System",
          "eventId": "1803",
          "provider": "Microsoft-Windows-TPM-WMI",
          "message": "\"A PK-signed Key Exchange Key (KEK) cannot be found for this device. Check with the device manufacturer for proper key provisioning.\r\nThis device signature information is included here.\r\nDeviceAttributes: BaseBoardManufacturer:;FirmwareManufacturer:EFI Development Kit II / OVMF;FirmwareVersion:0.0.0;OEMModelNumber:QEMU Virtual Machine;OEMModelBaseBoard:;OEMModelSystemFamily:;OEMManufacturerName:QEMU;OEMModelSKU:;OSArchitecture:arm64;\r\nBucketId: 42bb6a1c46e22ca23875f240e6179cd492659eb33a79697cf5e6acc5866c9d5a\r\nBucketConfidenceLevel: High Confidence.\r\nFor more information, please see https://go.microsoft.com/fwlink/?linkid=2339472\""
        },
        "process": {
          "image": "",
          "parentImage": "",
          "commandLine": "",
          "parentCommandLine": "",
          "currentDirectory": "",
          "user": "",
          "processId": "",
          "parentProcessId": "",
          "hashes": ""
        },
        "account": {
          "action": "",
          "actor": "",
          "actorDomain": "",
          "actorUser": "",
          "targetUser": "",
          "targetDomain": "",
          "memberName": "",
          "memberSid": "",
          "groupName": "",
          "groupDomain": ""
        },
        "triage": {
          "status": "noise",
          "score": 15,
          "reason": "Common Windows startup/background service activity"
        }
      },
      {
        "id": "v3DKrJ8BfU4fm0WGju0M",
        "index": "wazuh-alerts-4.x-2026.07.29",
        "timestamp": "2026-07-29T07:32:57.093+0000",
        "agent": {
          "id": "001",
          "name": "WIN11-SOC-ENDPOINT",
          "ip": "192.168.64.3"
        },
        "manager": "wazuh.manager",
        "rule": {
          "id": "61102",
          "level": 5,
          "description": "Windows System error event",
          "groups": [
            "windows",
            "windows_system",
            "system_error"
          ],
          "mitreId": "",
          "mitreTactic": "",
          "mitreTechnique": ""
        },
        "event": {
          "channel": "System",
          "eventId": "15",
          "provider": "TPM",
          "message": "\"The device driver for the Trusted Platform Module (TPM) encountered a non-recoverable error in the TPM hardware, which prevents TPM services (such as data encryption) from being used. For further help, please contact the computer manufacturer.\""
        },
        "process": {
          "image": "",
          "parentImage": "",
          "commandLine": "",
          "parentCommandLine": "",
          "currentDirectory": "",
          "user": "",
          "processId": "",
          "parentProcessId": "",
          "hashes": ""
        },
        "account": {
          "action": "",
          "actor": "",
          "actorDomain": "",
          "actorUser": "",
          "targetUser": "",
          "targetDomain": "",
          "memberName": "",
          "memberSid": "",
          "groupName": "",
          "groupDomain": ""
        },
        "triage": {
          "status": "noise",
          "score": 15,
          "reason": "Common Windows startup/background service activity"
        }
      },
      {
        "id": "vnDKrJ8BfU4fm0WGju0M",
        "index": "wazuh-alerts-4.x-2026.07.29",
        "timestamp": "2026-07-29T07:32:57.089+0000",
        "agent": {
          "id": "001",
          "name": "WIN11-SOC-ENDPOINT",
          "ip": "192.168.64.3"
        },
        "manager": "wazuh.manager",
        "rule": {
          "id": "61102",
          "level": 5,
          "description": "Windows System error event",
          "groups": [
            "windows",
            "windows_system",
            "system_error"
          ],
          "mitreId": "",
          "mitreTactic": "",
          "mitreTechnique": ""
        },
        "event": {
          "channel": "System",
          "eventId": "15",
          "provider": "TPM",
          "message": "\"The device driver for the Trusted Platform Module (TPM) encountered a non-recoverable error in the TPM hardware, which prevents TPM services (such as data encryption) from being used. For further help, please contact the computer manufacturer.\""
        },
        "process": {
          "image": "",
          "parentImage": "",
          "commandLine": "",
          "parentCommandLine": "",
          "currentDirectory": "",
          "user": "",
          "processId": "",
          "parentProcessId": "",
          "hashes": ""
        },
        "account": {
          "action": "",
          "actor": "",
          "actorDomain": "",
          "actorUser": "",
          "targetUser": "",
          "targetDomain": "",
          "memberName": "",
          "memberSid": "",
          "groupName": "",
          "groupDomain": ""
        },
        "triage": {
          "status": "noise",
          "score": 15,
          "reason": "Common Windows startup/background service activity"
        }
      },
      {
        "id": "rXCtrJ8BfU4fm0WGp-2R",
        "index": "wazuh-alerts-4.x-2026.07.29",
        "timestamp": "2026-07-29T07:01:27.103+0000",
        "agent": {
          "id": "001",
          "name": "WIN11-SOC-ENDPOINT",
          "ip": "192.168.64.3"
        },
        "manager": "wazuh.manager",
        "rule": {
          "id": "61102",
          "level": 5,
          "description": "Windows System error event",
          "groups": [
            "windows",
            "windows_system",
            "system_error"
          ],
          "mitreId": "",
          "mitreTactic": "",
          "mitreTechnique": ""
        },
        "event": {
          "channel": "System",
          "eventId": "15",
          "provider": "TPM",
          "message": "\"The device driver for the Trusted Platform Module (TPM) encountered a non-recoverable error in the TPM hardware, which prevents TPM services (such as data encryption) from being used. For further help, please contact the computer manufacturer.\""
        },
        "process": {
          "image": "",
          "parentImage": "",
          "commandLine": "",
          "parentCommandLine": "",
          "currentDirectory": "",
          "user": "",
          "processId": "",
          "parentProcessId": "",
          "hashes": ""
        },
        "account": {
          "action": "",
          "actor": "",
          "actorDomain": "",
          "actorUser": "",
          "targetUser": "",
          "targetDomain": "",
          "memberName": "",
          "memberSid": "",
          "groupName": "",
          "groupDomain": ""
        },
        "triage": {
          "status": "noise",
          "score": 15,
          "reason": "Common Windows startup/background service activity"
        }
      },
      {
        "id": "rHCtrJ8BfU4fm0WGp-2R",
        "index": "wazuh-alerts-4.x-2026.07.29",
        "timestamp": "2026-07-29T07:01:27.096+0000",
        "agent": {
          "id": "001",
          "name": "WIN11-SOC-ENDPOINT",
          "ip": "192.168.64.3"
        },
        "manager": "wazuh.manager",
        "rule": {
          "id": "61102",
          "level": 5,
          "description": "Windows System error event",
          "groups": [
            "windows",
            "windows_system",
            "system_error"
          ],
          "mitreId": "",
          "mitreTactic": "",
          "mitreTechnique": ""
        },
        "event": {
          "channel": "System",
          "eventId": "15",
          "provider": "TPM",
          "message": "\"The device driver for the Trusted Platform Module (TPM) encountered a non-recoverable error in the TPM hardware, which prevents TPM services (such as data encryption) from being used. For further help, please contact the computer manufacturer.\""
        },
        "process": {
          "image": "",
          "parentImage": "",
          "commandLine": "",
          "parentCommandLine": "",
          "currentDirectory": "",
          "user": "",
          "processId": "",
          "parentProcessId": "",
          "hashes": ""
        },
        "account": {
          "action": "",
          "actor": "",
          "actorDomain": "",
          "actorUser": "",
          "targetUser": "",
          "targetDomain": "",
          "memberName": "",
          "memberSid": "",
          "groupName": "",
          "groupDomain": ""
        },
        "triage": {
          "status": "noise",
          "score": 15,
          "reason": "Common Windows startup/background service activity"
        }
      },
      {
        "id": "k3BGrJ8BfU4fm0WGse2E",
        "index": "wazuh-alerts-4.x-2026.07.29",
        "timestamp": "2026-07-29T05:08:58.039+0000",
        "agent": {
          "id": "001",
          "name": "WIN11-SOC-ENDPOINT",
          "ip": "192.168.64.3"
        },
        "manager": "wazuh.manager",
        "rule": {
          "id": "92066",
          "level": 4,
          "description": "C:\\\\Windows\\\\SysWOW64\\\\SecEdit.exe binary in a suspicious location launched by C:\\\\Windows\\\\SysWOW64\\\\WindowsPowerShell\\\\v1.0\\\\powershell.exe",
          "groups": [
            "sysmon",
            "sysmon_eid1_detections",
            "windows"
          ],
          "mitreId": "T1059.001",
          "mitreTactic": "Execution",
          "mitreTechnique": "PowerShell"
        },
        "event": {
          "channel": "Microsoft-Windows-Sysmon/Operational",
          "eventId": "1",
          "provider": "Microsoft-Windows-Sysmon",
          "message": "\"Process Create:\r\nRuleName: -\r\nUtcTime: 2026-07-29 02:55:43.060\r\nProcessGuid: {39942fc6-6baf-6a69-640f-000000000e00}\r\nProcessId: 2812\r\nImage: C:\\Windows\\SysWOW64\\SecEdit.exe\r\nFileVersion: 10.0.26100.7019 (WinBuild.160101.0800)\r\nDescription: Windows Security Configuration Editor Command Tool\r\nProduct: Microsoft\u00ae Windows\u00ae Operating System\r\nCompany: Microsoft Corporation\r\nOriginalFileName: SeCEdit\r\nCommandLine: \"C:\\WINDOWS\\system32\\SecEdit.exe\" /export /cfg C:\\WINDOWS\\TEMP\\secpol.cfg\r\nCurrentDirectory: C:\\Program Files (x86)\\ossec-agent\\\r\nUser: NT AUTHORITY\\SYSTEM\r\nLogonGuid: {39942fc6-19b6-6a61-e703-000000000000}\r\nLogonId: 0x3E7\r\nTerminalSessionId: 0\r\nIntegrityLevel: System\r\nHashes: SHA256=4CDF95EF7BEC023FED416EA34905055132374407D565BF242B69159352AD546F\r\nParentProcessGuid: {39942fc6-6ba9-6a69-620f-000000000e00}\r\nParentProcessId: 11212\r\nParentImage: C:\\Windows\\SysWOW64\\WindowsPowerShell\\v1.0\\powershell.exe\r\nParentCommandLine: powershell secedit /export /cfg $env:TEMP\\secpol.cfg; Get-Content $env:TEMP\\secpol.cfg | Select-String \"ResetLockoutCount\"; Remove-Item $env:TEMP\\secpol.cfg\r\nParentUser: NT AUTHORITY\\SYSTEM\""
        },
        "process": {
          "image": "C:\\\\Windows\\\\SysWOW64\\\\SecEdit.exe",
          "parentImage": "C:\\\\Windows\\\\SysWOW64\\\\WindowsPowerShell\\\\v1.0\\\\powershell.exe",
          "commandLine": "\\\"C:\\\\WINDOWS\\\\system32\\\\SecEdit.exe\\\" /export /cfg C:\\\\WINDOWS\\\\TEMP\\\\secpol.cfg",
          "parentCommandLine": "powershell secedit /export /cfg $env:TEMP\\\\secpol.cfg; Get-Content $env:TEMP\\\\secpol.cfg | Select-String \\\"ResetLockoutCount\\\"; Remove-Item $env:TEMP\\\\secpol.cfg",
          "currentDirectory": "C:\\\\Program Files (x86)\\\\ossec-agent\\\\",
          "user": "NT AUTHORITY\\\\SYSTEM",
          "processId": "2812",
          "parentProcessId": "11212",
          "hashes": "SHA256=4CDF95EF7BEC023FED416EA34905055132374407D565BF242B69159352AD546F"
        },
        "account": {
          "action": "",
          "actor": "",
          "actorDomain": "",
          "actorUser": "",
          "targetUser": "",
          "targetDomain": "",
          "memberName": "",
          "memberSid": "",
          "groupName": "",
          "groupDomain": ""
        },
        "triage": {
          "status": "noise",
          "score": 10,
          "reason": "Wazuh agent policy assessment self-check"
        }
      },
      {
        "id": "knBGrJ8BfU4fm0WGse2D",
        "index": "wazuh-alerts-4.x-2026.07.29",
        "timestamp": "2026-07-29T05:08:57.551+0000",
        "agent": {
          "id": "001",
          "name": "WIN11-SOC-ENDPOINT",
          "ip": "192.168.64.3"
        },
        "manager": "wazuh.manager",
        "rule": {
          "id": "91816",
          "level": 4,
          "description": "Powershell script querying system environment variables",
          "groups": [
            "windows",
            " powershell"
          ],
          "mitreId": "T1082",
          "mitreTactic": "Discovery",
          "mitreTechnique": "System Information Discovery"
        },
        "event": {
          "channel": "Microsoft-Windows-PowerShell/Operational",
          "eventId": "4104",
          "provider": "Microsoft-Windows-PowerShell",
          "message": "\"Creating Scriptblock text (1 of 1):\r\nsecedit /export /cfg $env:TEMP\\secpol.cfg; Get-Content $env:TEMP\\secpol.cfg | Select-String ResetLockoutCount; Remove-Item $env:TEMP\\secpol.cfg\r\n\r\nScriptBlock ID: 2f9cdf31-ce14-4422-920a-53ccd587bcab\r\nPath: \""
        },
        "process": {
          "image": "",
          "parentImage": "",
          "commandLine": "",
          "parentCommandLine": "",
          "currentDirectory": "",
          "user": "",
          "processId": "",
          "parentProcessId": "",
          "hashes": ""
        },
        "account": {
          "action": "",
          "actor": "",
          "actorDomain": "",
          "actorUser": "",
          "targetUser": "",
          "targetDomain": "",
          "memberName": "",
          "memberSid": "",
          "groupName": "",
          "groupDomain": ""
        },
        "triage": {
          "status": "noise",
          "score": 10,
          "reason": "Wazuh agent policy assessment self-check"
        }
      },
      {
        "id": "kHBGrJ8BfU4fm0WGku0x",
        "index": "wazuh-alerts-4.x-2026.07.29",
        "timestamp": "2026-07-29T05:08:50.068+0000",
        "agent": {
          "id": "001",
          "name": "WIN11-SOC-ENDPOINT",
          "ip": "192.168.64.3"
        },
        "manager": "wazuh.manager",
        "rule": {
          "id": "92066",
          "level": 4,
          "description": "C:\\\\Windows\\\\SysWOW64\\\\SecEdit.exe binary in a suspicious location launched by C:\\\\Windows\\\\SysWOW64\\\\WindowsPowerShell\\\\v1.0\\\\powershell.exe",
          "groups": [
            "sysmon",
            "sysmon_eid1_detections",
            "windows"
          ],
          "mitreId": "T1059.001",
          "mitreTactic": "Execution",
          "mitreTechnique": "PowerShell"
        },
        "event": {
          "channel": "Microsoft-Windows-Sysmon/Operational",
          "eventId": "1",
          "provider": "Microsoft-Windows-Sysmon",
          "message": "\"Process Create:\r\nRuleName: -\r\nUtcTime: 2026-07-29 02:55:35.424\r\nProcessGuid: {39942fc6-6ba7-6a69-610f-000000000e00}\r\nProcessId: 9904\r\nImage: C:\\Windows\\SysWOW64\\SecEdit.exe\r\nFileVersion: 10.0.26100.7019 (WinBuild.160101.0800)\r\nDescription: Windows Security Configuration Editor Command Tool\r\nProduct: Microsoft\u00ae Windows\u00ae Operating System\r\nCompany: Microsoft Corporation\r\nOriginalFileName: SeCEdit\r\nCommandLine: \"C:\\WINDOWS\\system32\\SecEdit.exe\" /export /cfg C:\\WINDOWS\\TEMP\\secpol.cfg\r\nCurrentDirectory: C:\\Program Files (x86)\\ossec-agent\\\r\nUser: NT AUTHORITY\\SYSTEM\r\nLogonGuid: {39942fc6-19b6-6a61-e703-000000000000}\r\nLogonId: 0x3E7\r\nTerminalSessionId: 0\r\nIntegrityLevel: System\r\nHashes: SHA256=4CDF95EF7BEC023FED416EA34905055132374407D565BF242B69159352AD546F\r\nParentProcessGuid: {39942fc6-6ba0-6a69-5f0f-000000000e00}\r\nParentProcessId: 9544\r\nParentImage: C:\\Windows\\SysWOW64\\WindowsPowerShell\\v1.0\\powershell.exe\r\nParentCommandLine: powershell secedit /export /cfg $env:TEMP\\secpol.cfg; Get-Content $env:TEMP\\secpol.cfg | Select-String \"LockoutBadCount\"; Remove-Item $env:TEMP\\secpol.cfg\r\nParentUser: NT AUTHORITY\\SYSTEM\""
        },
        "process": {
          "image": "C:\\\\Windows\\\\SysWOW64\\\\SecEdit.exe",
          "parentImage": "C:\\\\Windows\\\\SysWOW64\\\\WindowsPowerShell\\\\v1.0\\\\powershell.exe",
          "commandLine": "\\\"C:\\\\WINDOWS\\\\system32\\\\SecEdit.exe\\\" /export /cfg C:\\\\WINDOWS\\\\TEMP\\\\secpol.cfg",
          "parentCommandLine": "powershell secedit /export /cfg $env:TEMP\\\\secpol.cfg; Get-Content $env:TEMP\\\\secpol.cfg | Select-String \\\"LockoutBadCount\\\"; Remove-Item $env:TEMP\\\\secpol.cfg",
          "currentDirectory": "C:\\\\Program Files (x86)\\\\ossec-agent\\\\",
          "user": "NT AUTHORITY\\\\SYSTEM",
          "processId": "9904",
          "parentProcessId": "9544",
          "hashes": "SHA256=4CDF95EF7BEC023FED416EA34905055132374407D565BF242B69159352AD546F"
        },
        "account": {
          "action": "",
          "actor": "",
          "actorDomain": "",
          "actorUser": "",
          "targetUser": "",
          "targetDomain": "",
          "memberName": "",
          "memberSid": "",
          "groupName": "",
          "groupDomain": ""
        },
        "triage": {
          "status": "noise",
          "score": 10,
          "reason": "Wazuh agent policy assessment self-check"
        }
      },
      {
        "id": "j3BGrJ8BfU4fm0WGku0x",
        "index": "wazuh-alerts-4.x-2026.07.29",
        "timestamp": "2026-07-29T05:08:49.082+0000",
        "agent": {
          "id": "001",
          "name": "WIN11-SOC-ENDPOINT",
          "ip": "192.168.64.3"
        },
        "manager": "wazuh.manager",
        "rule": {
          "id": "91816",
          "level": 4,
          "description": "Powershell script querying system environment variables",
          "groups": [
            "windows",
            " powershell"
          ],
          "mitreId": "T1082",
          "mitreTactic": "Discovery",
          "mitreTechnique": "System Information Discovery"
        },
        "event": {
          "channel": "Microsoft-Windows-PowerShell/Operational",
          "eventId": "4104",
          "provider": "Microsoft-Windows-PowerShell",
          "message": "\"Creating Scriptblock text (1 of 1):\r\nsecedit /export /cfg $env:TEMP\\secpol.cfg; Get-Content $env:TEMP\\secpol.cfg | Select-String LockoutBadCount; Remove-Item $env:TEMP\\secpol.cfg\r\n\r\nScriptBlock ID: b8106fde-4dac-4034-9dfb-b78a0b2d7fbb\r\nPath: \""
        },
        "process": {
          "image": "",
          "parentImage": "",
          "commandLine": "",
          "parentCommandLine": "",
          "currentDirectory": "",
          "user": "",
          "processId": "",
          "parentProcessId": "",
          "hashes": ""
        },
        "account": {
          "action": "",
          "actor": "",
          "actorDomain": "",
          "actorUser": "",
          "targetUser": "",
          "targetDomain": "",
          "memberName": "",
          "memberSid": "",
          "groupName": "",
          "groupDomain": ""
        },
        "triage": {
          "status": "noise",
          "score": 10,
          "reason": "Wazuh agent policy assessment self-check"
        }
      },
      {
        "id": "jXBGrJ8BfU4fm0WGa-0M",
        "index": "wazuh-alerts-4.x-2026.07.29",
        "timestamp": "2026-07-29T05:08:41.164+0000",
        "agent": {
          "id": "001",
          "name": "WIN11-SOC-ENDPOINT",
          "ip": "192.168.64.3"
        },
        "manager": "wazuh.manager",
        "rule": {
          "id": "92066",
          "level": 4,
          "description": "C:\\\\Windows\\\\SysWOW64\\\\SecEdit.exe binary in a suspicious location launched by C:\\\\Windows\\\\SysWOW64\\\\WindowsPowerShell\\\\v1.0\\\\powershell.exe",
          "groups": [
            "sysmon",
            "sysmon_eid1_detections",
            "windows"
          ],
          "mitreId": "T1059.001",
          "mitreTactic": "Execution",
          "mitreTechnique": "PowerShell"
        },
        "event": {
          "channel": "Microsoft-Windows-Sysmon/Operational",
          "eventId": "1",
          "provider": "Microsoft-Windows-Sysmon",
          "message": "\"Process Create:\r\nRuleName: -\r\nUtcTime: 2026-07-29 02:55:26.519\r\nProcessGuid: {39942fc6-6b9e-6a69-5e0f-000000000e00}\r\nProcessId: 2348\r\nImage: C:\\Windows\\SysWOW64\\SecEdit.exe\r\nFileVersion: 10.0.26100.7019 (WinBuild.160101.0800)\r\nDescription: Windows Security Configuration Editor Command Tool\r\nProduct: Microsoft\u00ae Windows\u00ae Operating System\r\nCompany: Microsoft Corporation\r\nOriginalFileName: SeCEdit\r\nCommandLine: \"C:\\WINDOWS\\system32\\SecEdit.exe\" /export /cfg C:\\WINDOWS\\TEMP\\secpol.cfg\r\nCurrentDirectory: C:\\Program Files (x86)\\ossec-agent\\\r\nUser: NT AUTHORITY\\SYSTEM\r\nLogonGuid: {39942fc6-19b6-6a61-e703-000000000000}\r\nLogonId: 0x3E7\r\nTerminalSessionId: 0\r\nIntegrityLevel: System\r\nHashes: SHA256=4CDF95EF7BEC023FED416EA34905055132374407D565BF242B69159352AD546F\r\nParentProcessGuid: {39942fc6-6b98-6a69-5c0f-000000000e00}\r\nParentProcessId: 3772\r\nParentImage: C:\\Windows\\SysWOW64\\WindowsPowerShell\\v1.0\\powershell.exe\r\nParentCommandLine: powershell secedit /export /cfg $env:TEMP\\secpol.cfg; Get-Content $env:TEMP\\secpol.cfg | Select-String \"LockoutDuration\"; Remove-Item $env:TEMP\\secpol.cfg\r\nParentUser: NT AUTHORITY\\SYSTEM\""
        },
        "process": {
          "image": "C:\\\\Windows\\\\SysWOW64\\\\SecEdit.exe",
          "parentImage": "C:\\\\Windows\\\\SysWOW64\\\\WindowsPowerShell\\\\v1.0\\\\powershell.exe",
          "commandLine": "\\\"C:\\\\WINDOWS\\\\system32\\\\SecEdit.exe\\\" /export /cfg C:\\\\WINDOWS\\\\TEMP\\\\secpol.cfg",
          "parentCommandLine": "powershell secedit /export /cfg $env:TEMP\\\\secpol.cfg; Get-Content $env:TEMP\\\\secpol.cfg | Select-String \\\"LockoutDuration\\\"; Remove-Item $env:TEMP\\\\secpol.cfg",
          "currentDirectory": "C:\\\\Program Files (x86)\\\\ossec-agent\\\\",
          "user": "NT AUTHORITY\\\\SYSTEM",
          "processId": "2348",
          "parentProcessId": "3772",
          "hashes": "SHA256=4CDF95EF7BEC023FED416EA34905055132374407D565BF242B69159352AD546F"
        },
        "account": {
          "action": "",
          "actor": "",
          "actorDomain": "",
          "actorUser": "",
          "targetUser": "",
          "targetDomain": "",
          "memberName": "",
          "memberSid": "",
          "groupName": "",
          "groupDomain": ""
        },
        "triage": {
          "status": "noise",
          "score": 10,
          "reason": "Wazuh agent policy assessment self-check"
        }
      },
      {
        "id": "jHBGrJ8BfU4fm0WGa-0M",
        "index": "wazuh-alerts-4.x-2026.07.29",
        "timestamp": "2026-07-29T05:08:40.221+0000",
        "agent": {
          "id": "001",
          "name": "WIN11-SOC-ENDPOINT",
          "ip": "192.168.64.3"
        },
        "manager": "wazuh.manager",
        "rule": {
          "id": "91816",
          "level": 4,
          "description": "Powershell script querying system environment variables",
          "groups": [
            "windows",
            " powershell"
          ],
          "mitreId": "T1082",
          "mitreTactic": "Discovery",
          "mitreTechnique": "System Information Discovery"
        },
        "event": {
          "channel": "Microsoft-Windows-PowerShell/Operational",
          "eventId": "4104",
          "provider": "Microsoft-Windows-PowerShell",
          "message": "\"Creating Scriptblock text (1 of 1):\r\nsecedit /export /cfg $env:TEMP\\secpol.cfg; Get-Content $env:TEMP\\secpol.cfg | Select-String LockoutDuration; Remove-Item $env:TEMP\\secpol.cfg\r\n\r\nScriptBlock ID: 5756ce8a-56d8-4224-aad5-8ae4e16c596b\r\nPath: \""
        },
        "process": {
          "image": "",
          "parentImage": "",
          "commandLine": "",
          "parentCommandLine": "",
          "currentDirectory": "",
          "user": "",
          "processId": "",
          "parentProcessId": "",
          "hashes": ""
        },
        "account": {
          "action": "",
          "actor": "",
          "actorDomain": "",
          "actorUser": "",
          "targetUser": "",
          "targetDomain": "",
          "memberName": "",
          "memberSid": "",
          "groupName": "",
          "groupDomain": ""
        },
        "triage": {
          "status": "noise",
          "score": 10,
          "reason": "Wazuh agent policy assessment self-check"
        }
      },
      {
        "id": "inBGrJ8BfU4fm0WGS-2L",
        "index": "wazuh-alerts-4.x-2026.07.29",
        "timestamp": "2026-07-29T05:08:33.208+0000",
        "agent": {
          "id": "001",
          "name": "WIN11-SOC-ENDPOINT",
          "ip": "192.168.64.3"
        },
        "manager": "wazuh.manager",
        "rule": {
          "id": "92066",
          "level": 4,
          "description": "C:\\\\Windows\\\\SysWOW64\\\\SecEdit.exe binary in a suspicious location launched by C:\\\\Windows\\\\SysWOW64\\\\WindowsPowerShell\\\\v1.0\\\\powershell.exe",
          "groups": [
            "sysmon",
            "sysmon_eid1_detections",
            "windows"
          ],
          "mitreId": "T1059.001",
          "mitreTactic": "Execution",
          "mitreTechnique": "PowerShell"
        },
        "event": {
          "channel": "Microsoft-Windows-Sysmon/Operational",
          "eventId": "1",
          "provider": "Microsoft-Windows-Sysmon",
          "message": "\"Process Create:\r\nRuleName: -\r\nUtcTime: 2026-07-29 02:55:18.578\r\nProcessGuid: {39942fc6-6b96-6a69-5b0f-000000000e00}\r\nProcessId: 3124\r\nImage: C:\\Windows\\SysWOW64\\SecEdit.exe\r\nFileVersion: 10.0.26100.7019 (WinBuild.160101.0800)\r\nDescription: Windows Security Configuration Editor Command Tool\r\nProduct: Microsoft\u00ae Windows\u00ae Operating System\r\nCompany: Microsoft Corporation\r\nOriginalFileName: SeCEdit\r\nCommandLine: \"C:\\WINDOWS\\system32\\SecEdit.exe\" /export /cfg C:\\WINDOWS\\TEMP\\secpol.cfg\r\nCurrentDirectory: C:\\Program Files (x86)\\ossec-agent\\\r\nUser: NT AUTHORITY\\SYSTEM\r\nLogonGuid: {39942fc6-19b6-6a61-e703-000000000000}\r\nLogonId: 0x3E7\r\nTerminalSessionId: 0\r\nIntegrityLevel: System\r\nHashes: SHA256=4CDF95EF7BEC023FED416EA34905055132374407D565BF242B69159352AD546F\r\nParentProcessGuid: {39942fc6-6b8e-6a69-590f-000000000e00}\r\nParentProcessId: 11416\r\nParentImage: C:\\Windows\\SysWOW64\\WindowsPowerShell\\v1.0\\powershell.exe\r\nParentCommandLine: powershell secedit /export /cfg $env:TEMP\\secpol.cfg; Get-Content $env:TEMP\\secpol.cfg | Select-String \"MinimumPasswordLength\"; Remove-Item $env:TEMP\\secpol.cfg\r\nParentUser: NT AUTHORITY\\SYSTEM\""
        },
        "process": {
          "image": "C:\\\\Windows\\\\SysWOW64\\\\SecEdit.exe",
          "parentImage": "C:\\\\Windows\\\\SysWOW64\\\\WindowsPowerShell\\\\v1.0\\\\powershell.exe",
          "commandLine": "\\\"C:\\\\WINDOWS\\\\system32\\\\SecEdit.exe\\\" /export /cfg C:\\\\WINDOWS\\\\TEMP\\\\secpol.cfg",
          "parentCommandLine": "powershell secedit /export /cfg $env:TEMP\\\\secpol.cfg; Get-Content $env:TEMP\\\\secpol.cfg | Select-String \\\"MinimumPasswordLength\\\"; Remove-Item $env:TEMP\\\\secpol.cfg",
          "currentDirectory": "C:\\\\Program Files (x86)\\\\ossec-agent\\\\",
          "user": "NT AUTHORITY\\\\SYSTEM",
          "processId": "3124",
          "parentProcessId": "11416",
          "hashes": "SHA256=4CDF95EF7BEC023FED416EA34905055132374407D565BF242B69159352AD546F"
        },
        "account": {
          "action": "",
          "actor": "",
          "actorDomain": "",
          "actorUser": "",
          "targetUser": "",
          "targetDomain": "",
          "memberName": "",
          "memberSid": "",
          "groupName": "",
          "groupDomain": ""
        },
        "triage": {
          "status": "noise",
          "score": 10,
          "reason": "Wazuh agent policy assessment self-check"
        }
      },
      {
        "id": "iXBGrJ8BfU4fm0WGR-2s",
        "index": "wazuh-alerts-4.x-2026.07.29",
        "timestamp": "2026-07-29T05:08:33.051+0000",
        "agent": {
          "id": "001",
          "name": "WIN11-SOC-ENDPOINT",
          "ip": "192.168.64.3"
        },
        "manager": "wazuh.manager",
        "rule": {
          "id": "91816",
          "level": 4,
          "description": "Powershell script querying system environment variables",
          "groups": [
            "windows",
            " powershell"
          ],
          "mitreId": "T1082",
          "mitreTactic": "Discovery",
          "mitreTechnique": "System Information Discovery"
        },
        "event": {
          "channel": "Microsoft-Windows-PowerShell/Operational",
          "eventId": "4104",
          "provider": "Microsoft-Windows-PowerShell",
          "message": "\"Creating Scriptblock text (1 of 1):\r\nsecedit /export /cfg $env:TEMP\\secpol.cfg; Get-Content $env:TEMP\\secpol.cfg | Select-String MinimumPasswordLength; Remove-Item $env:TEMP\\secpol.cfg\r\n\r\nScriptBlock ID: 9ae88854-795d-4de7-9024-ec8a0d16c340\r\nPath: \""
        },
        "process": {
          "image": "",
          "parentImage": "",
          "commandLine": "",
          "parentCommandLine": "",
          "currentDirectory": "",
          "user": "",
          "processId": "",
          "parentProcessId": "",
          "hashes": ""
        },
        "account": {
          "action": "",
          "actor": "",
          "actorDomain": "",
          "actorUser": "",
          "targetUser": "",
          "targetDomain": "",
          "memberName": "",
          "memberSid": "",
          "groupName": "",
          "groupDomain": ""
        },
        "triage": {
          "status": "noise",
          "score": 10,
          "reason": "Wazuh agent policy assessment self-check"
        }
      },
      {
        "id": "UnBGrJ8BfU4fm0WGFO29",
        "index": "wazuh-alerts-4.x-2026.07.29",
        "timestamp": "2026-07-29T05:08:19.724+0000",
        "agent": {
          "id": "001",
          "name": "WIN11-SOC-ENDPOINT",
          "ip": "192.168.64.3"
        },
        "manager": "wazuh.manager",
        "rule": {
          "id": "92066",
          "level": 4,
          "description": "C:\\\\Windows\\\\SysWOW64\\\\SecEdit.exe binary in a suspicious location launched by C:\\\\Windows\\\\SysWOW64\\\\WindowsPowerShell\\\\v1.0\\\\powershell.exe",
          "groups": [
            "sysmon",
            "sysmon_eid1_detections",
            "windows"
          ],
          "mitreId": "T1059.001",
          "mitreTactic": "Execution",
          "mitreTechnique": "PowerShell"
        },
        "event": {
          "channel": "Microsoft-Windows-Sysmon/Operational",
          "eventId": "1",
          "provider": "Microsoft-Windows-Sysmon",
          "message": "\"Process Create:\r\nRuleName: -\r\nUtcTime: 2026-07-29 02:55:05.006\r\nProcessGuid: {39942fc6-6b89-6a69-580f-000000000e00}\r\nProcessId: 2732\r\nImage: C:\\Windows\\SysWOW64\\SecEdit.exe\r\nFileVersion: 10.0.26100.7019 (WinBuild.160101.0800)\r\nDescription: Windows Security Configuration Editor Command Tool\r\nProduct: Microsoft\u00ae Windows\u00ae Operating System\r\nCompany: Microsoft Corporation\r\nOriginalFileName: SeCEdit\r\nCommandLine: \"C:\\WINDOWS\\system32\\SecEdit.exe\" /export /cfg C:\\WINDOWS\\TEMP\\secpol.cfg\r\nCurrentDirectory: C:\\Program Files (x86)\\ossec-agent\\\r\nUser: NT AUTHORITY\\SYSTEM\r\nLogonGuid: {39942fc6-19b6-6a61-e703-000000000000}\r\nLogonId: 0x3E7\r\nTerminalSessionId: 0\r\nIntegrityLevel: System\r\nHashes: SHA256=4CDF95EF7BEC023FED416EA34905055132374407D565BF242B69159352AD546F\r\nParentProcessGuid: {39942fc6-6b7b-6a69-560f-000000000e00}\r\nParentProcessId: 3940\r\nParentImage: C:\\Windows\\SysWOW64\\WindowsPowerShell\\v1.0\\powershell.exe\r\nParentCommandLine: powershell secedit /export /cfg $env:TEMP\\secpol.cfg; Get-Content $env:TEMP\\secpol.cfg | Select-String \"MinimumPasswordAge\"; Remove-Item $env:TEMP\\secpol.cfg\r\nParentUser: NT AUTHORITY\\SYSTEM\""
        },
        "process": {
          "image": "C:\\\\Windows\\\\SysWOW64\\\\SecEdit.exe",
          "parentImage": "C:\\\\Windows\\\\SysWOW64\\\\WindowsPowerShell\\\\v1.0\\\\powershell.exe",
          "commandLine": "\\\"C:\\\\WINDOWS\\\\system32\\\\SecEdit.exe\\\" /export /cfg C:\\\\WINDOWS\\\\TEMP\\\\secpol.cfg",
          "parentCommandLine": "powershell secedit /export /cfg $env:TEMP\\\\secpol.cfg; Get-Content $env:TEMP\\\\secpol.cfg | Select-String \\\"MinimumPasswordAge\\\"; Remove-Item $env:TEMP\\\\secpol.cfg",
          "currentDirectory": "C:\\\\Program Files (x86)\\\\ossec-agent\\\\",
          "user": "NT AUTHORITY\\\\SYSTEM",
          "processId": "2732",
          "parentProcessId": "3940",
          "hashes": "SHA256=4CDF95EF7BEC023FED416EA34905055132374407D565BF242B69159352AD546F"
        },
        "account": {
          "action": "",
          "actor": "",
          "actorDomain": "",
          "actorUser": "",
          "targetUser": "",
          "targetDomain": "",
          "memberName": "",
          "memberSid": "",
          "groupName": "",
          "groupDomain": ""
        },
        "triage": {
          "status": "noise",
          "score": 10,
          "reason": "Wazuh agent policy assessment self-check"
        }
      },
      {
        "id": "UXBGrJ8BfU4fm0WGEO3L",
        "index": "wazuh-alerts-4.x-2026.07.29",
        "timestamp": "2026-07-29T05:08:19.265+0000",
        "agent": {
          "id": "001",
          "name": "WIN11-SOC-ENDPOINT",
          "ip": "192.168.64.3"
        },
        "manager": "wazuh.manager",
        "rule": {
          "id": "91816",
          "level": 4,
          "description": "Powershell script querying system environment variables",
          "groups": [
            "windows",
            " powershell"
          ],
          "mitreId": "T1082",
          "mitreTactic": "Discovery",
          "mitreTechnique": "System Information Discovery"
        },
        "event": {
          "channel": "Microsoft-Windows-PowerShell/Operational",
          "eventId": "4104",
          "provider": "Microsoft-Windows-PowerShell",
          "message": "\"Creating Scriptblock text (1 of 1):\r\nsecedit /export /cfg $env:TEMP\\secpol.cfg; Get-Content $env:TEMP\\secpol.cfg | Select-String MinimumPasswordAge; Remove-Item $env:TEMP\\secpol.cfg\r\n\r\nScriptBlock ID: 78b00c08-42fd-44a2-a44f-0148a0f3351d\r\nPath: \""
        },
        "process": {
          "image": "",
          "parentImage": "",
          "commandLine": "",
          "parentCommandLine": "",
          "currentDirectory": "",
          "user": "",
          "processId": "",
          "parentProcessId": "",
          "hashes": ""
        },
        "account": {
          "action": "",
          "actor": "",
          "actorDomain": "",
          "actorUser": "",
          "targetUser": "",
          "targetDomain": "",
          "memberName": "",
          "memberSid": "",
          "groupName": "",
          "groupDomain": ""
        },
        "triage": {
          "status": "noise",
          "score": 10,
          "reason": "Wazuh agent policy assessment self-check"
        }
      },
      {
        "id": "5nA-rJ8BfU4fm0WGiuz9",
        "index": "wazuh-alerts-4.x-2026.07.29",
        "timestamp": "2026-07-29T05:00:06.556+0000",
        "agent": {
          "id": "001",
          "name": "WIN11-SOC-ENDPOINT",
          "ip": "192.168.64.3"
        },
        "manager": "wazuh.manager",
        "rule": {
          "id": "92066",
          "level": 4,
          "description": "C:\\\\Windows\\\\SysWOW64\\\\SecEdit.exe binary in a suspicious location launched by C:\\\\Windows\\\\SysWOW64\\\\WindowsPowerShell\\\\v1.0\\\\powershell.exe",
          "groups": [
            "sysmon",
            "sysmon_eid1_detections",
            "windows"
          ],
          "mitreId": "T1059.001",
          "mitreTactic": "Execution",
          "mitreTechnique": "PowerShell"
        },
        "event": {
          "channel": "Microsoft-Windows-Sysmon/Operational",
          "eventId": "1",
          "provider": "Microsoft-Windows-Sysmon",
          "message": "\"Process Create:\r\nRuleName: -\r\nUtcTime: 2026-07-29 02:54:43.581\r\nProcessGuid: {39942fc6-6b73-6a69-550f-000000000e00}\r\nProcessId: 9384\r\nImage: C:\\Windows\\SysWOW64\\SecEdit.exe\r\nFileVersion: 10.0.26100.7019 (WinBuild.160101.0800)\r\nDescription: Windows Security Configuration Editor Command Tool\r\nProduct: Microsoft\u00ae Windows\u00ae Operating System\r\nCompany: Microsoft Corporation\r\nOriginalFileName: SeCEdit\r\nCommandLine: \"C:\\WINDOWS\\system32\\SecEdit.exe\" /export /cfg C:\\WINDOWS\\TEMP\\secpol.cfg\r\nCurrentDirectory: C:\\Program Files (x86)\\ossec-agent\\\r\nUser: NT AUTHORITY\\SYSTEM\r\nLogonGuid: {39942fc6-19b6-6a61-e703-000000000000}\r\nLogonId: 0x3E7\r\nTerminalSessionId: 0\r\nIntegrityLevel: System\r\nHashes: SHA256=4CDF95EF7BEC023FED416EA34905055132374407D565BF242B69159352AD546F\r\nParentProcessGuid: {39942fc6-6b67-6a69-530f-000000000e00}\r\nParentProcessId: 4908\r\nParentImage: C:\\Windows\\SysWOW64\\WindowsPowerShell\\v1.0\\powershell.exe\r\nParentCommandLine: powershell secedit /export /cfg $env:TEMP\\secpol.cfg; Get-Content $env:TEMP\\secpol.cfg | Select-String \"MaximumPasswordAge\"; Remove-Item $env:TEMP\\secpol.cfg\r\nParentUser: NT AUTHORITY\\SYSTEM\""
        },
        "process": {
          "image": "C:\\\\Windows\\\\SysWOW64\\\\SecEdit.exe",
          "parentImage": "C:\\\\Windows\\\\SysWOW64\\\\WindowsPowerShell\\\\v1.0\\\\powershell.exe",
          "commandLine": "\\\"C:\\\\WINDOWS\\\\system32\\\\SecEdit.exe\\\" /export /cfg C:\\\\WINDOWS\\\\TEMP\\\\secpol.cfg",
          "parentCommandLine": "powershell secedit /export /cfg $env:TEMP\\\\secpol.cfg; Get-Content $env:TEMP\\\\secpol.cfg | Select-String \\\"MaximumPasswordAge\\\"; Remove-Item $env:TEMP\\\\secpol.cfg",
          "currentDirectory": "C:\\\\Program Files (x86)\\\\ossec-agent\\\\",
          "user": "NT AUTHORITY\\\\SYSTEM",
          "processId": "9384",
          "parentProcessId": "4908",
          "hashes": "SHA256=4CDF95EF7BEC023FED416EA34905055132374407D565BF242B69159352AD546F"
        },
        "account": {
          "action": "",
          "actor": "",
          "actorDomain": "",
          "actorUser": "",
          "targetUser": "",
          "targetDomain": "",
          "memberName": "",
          "memberSid": "",
          "groupName": "",
          "groupDomain": ""
        },
        "triage": {
          "status": "noise",
          "score": 10,
          "reason": "Wazuh agent policy assessment self-check"
        }
      },
      {
        "id": "53A-rJ8BfU4fm0WGiuz9",
        "index": "wazuh-alerts-4.x-2026.07.29",
        "timestamp": "2026-07-29T05:00:06.550+0000",
        "agent": {
          "id": "001",
          "name": "WIN11-SOC-ENDPOINT",
          "ip": "192.168.64.3"
        },
        "manager": "wazuh.manager",
        "rule": {
          "id": "91816",
          "level": 4,
          "description": "Powershell script querying system environment variables",
          "groups": [
            "windows",
            " powershell"
          ],
          "mitreId": "T1082",
          "mitreTactic": "Discovery",
          "mitreTechnique": "System Information Discovery"
        },
        "event": {
          "channel": "Microsoft-Windows-PowerShell/Operational",
          "eventId": "4104",
          "provider": "Microsoft-Windows-PowerShell",
          "message": "\"Creating Scriptblock text (1 of 1):\r\nsecedit /export /cfg $env:TEMP\\secpol.cfg; Get-Content $env:TEMP\\secpol.cfg | Select-String MaximumPasswordAge; Remove-Item $env:TEMP\\secpol.cfg\r\n\r\nScriptBlock ID: 7a15785e-aa13-4486-aa54-0fc6314b6e5a\r\nPath: \""
        },
        "process": {
          "image": "",
          "parentImage": "",
          "commandLine": "",
          "parentCommandLine": "",
          "currentDirectory": "",
          "user": "",
          "processId": "",
          "parentProcessId": "",
          "hashes": ""
        },
        "account": {
          "action": "",
          "actor": "",
          "actorDomain": "",
          "actorUser": "",
          "targetUser": "",
          "targetDomain": "",
          "memberName": "",
          "memberSid": "",
          "groupName": "",
          "groupDomain": ""
        },
        "triage": {
          "status": "noise",
          "score": 10,
          "reason": "Wazuh agent policy assessment self-check"
        }
      },
      {
        "id": "43A-rJ8BfU4fm0WGh-y6",
        "index": "wazuh-alerts-4.x-2026.07.29",
        "timestamp": "2026-07-29T05:00:04.767+0000",
        "agent": {
          "id": "001",
          "name": "WIN11-SOC-ENDPOINT",
          "ip": "192.168.64.3"
        },
        "manager": "wazuh.manager",
        "rule": {
          "id": "61102",
          "level": 5,
          "description": "Windows System error event",
          "groups": [
            "windows",
            "windows_system",
            "system_error"
          ],
          "mitreId": "",
          "mitreTactic": "",
          "mitreTechnique": ""
        },
        "event": {
          "channel": "System",
          "eventId": "15",
          "provider": "TPM",
          "message": "\"The device driver for the Trusted Platform Module (TPM) encountered a non-recoverable error in the TPM hardware, which prevents TPM services (such as data encryption) from being used. For further help, please contact the computer manufacturer.\""
        },
        "process": {
          "image": "",
          "parentImage": "",
          "commandLine": "",
          "parentCommandLine": "",
          "currentDirectory": "",
          "user": "",
          "processId": "",
          "parentProcessId": "",
          "hashes": ""
        },
        "account": {
          "action": "",
          "actor": "",
          "actorDomain": "",
          "actorUser": "",
          "targetUser": "",
          "targetDomain": "",
          "memberName": "",
          "memberSid": "",
          "groupName": "",
          "groupDomain": ""
        },
        "triage": {
          "status": "noise",
          "score": 15,
          "reason": "Common Windows startup/background service activity"
        }
      },
      {
        "id": "4nA-rJ8BfU4fm0WGh-y6",
        "index": "wazuh-alerts-4.x-2026.07.29",
        "timestamp": "2026-07-29T05:00:04.733+0000",
        "agent": {
          "id": "001",
          "name": "WIN11-SOC-ENDPOINT",
          "ip": "192.168.64.3"
        },
        "manager": "wazuh.manager",
        "rule": {
          "id": "61102",
          "level": 5,
          "description": "Windows System error event",
          "groups": [
            "windows",
            "windows_system",
            "system_error"
          ],
          "mitreId": "",
          "mitreTactic": "",
          "mitreTechnique": ""
        },
        "event": {
          "channel": "System",
          "eventId": "15",
          "provider": "TPM",
          "message": "\"The device driver for the Trusted Platform Module (TPM) encountered a non-recoverable error in the TPM hardware, which prevents TPM services (such as data encryption) from being used. For further help, please contact the computer manufacturer.\""
        },
        "process": {
          "image": "",
          "parentImage": "",
          "commandLine": "",
          "parentCommandLine": "",
          "currentDirectory": "",
          "user": "",
          "processId": "",
          "parentProcessId": "",
          "hashes": ""
        },
        "account": {
          "action": "",
          "actor": "",
          "actorDomain": "",
          "actorUser": "",
          "targetUser": "",
          "targetDomain": "",
          "memberName": "",
          "memberSid": "",
          "groupName": "",
          "groupDomain": ""
        },
        "triage": {
          "status": "noise",
          "score": 15,
          "reason": "Common Windows startup/background service activity"
        }
      },
      {
        "id": "kXA9rJ8BfU4fm0WGlOwS",
        "index": "wazuh-alerts-4.x-2026.07.29",
        "timestamp": "2026-07-29T04:59:02.358+0000",
        "agent": {
          "id": "001",
          "name": "WIN11-SOC-ENDPOINT",
          "ip": "192.168.64.3"
        },
        "manager": "wazuh.manager",
        "rule": {
          "id": "92066",
          "level": 4,
          "description": "C:\\\\Windows\\\\SysWOW64\\\\SecEdit.exe binary in a suspicious location launched by C:\\\\Windows\\\\SysWOW64\\\\WindowsPowerShell\\\\v1.0\\\\powershell.exe",
          "groups": [
            "sysmon",
            "sysmon_eid1_detections",
            "windows"
          ],
          "mitreId": "T1059.001",
          "mitreTactic": "Execution",
          "mitreTechnique": "PowerShell"
        },
        "event": {
          "channel": "Microsoft-Windows-Sysmon/Operational",
          "eventId": "1",
          "provider": "Microsoft-Windows-Sysmon",
          "message": "\"Process Create:\r\nRuleName: -\r\nUtcTime: 2026-07-23 20:29:27.150\r\nProcessGuid: {39942fc6-79a7-6a62-1507-000000000e00}\r\nProcessId: 3628\r\nImage: C:\\Windows\\SysWOW64\\SecEdit.exe\r\nFileVersion: 10.0.26100.7019 (WinBuild.160101.0800)\r\nDescription: Windows Security Configuration Editor Command Tool\r\nProduct: Microsoft\u00ae Windows\u00ae Operating System\r\nCompany: Microsoft Corporation\r\nOriginalFileName: SeCEdit\r\nCommandLine: \"C:\\WINDOWS\\system32\\SecEdit.exe\" /export /cfg C:\\WINDOWS\\TEMP\\secpol.cfg\r\nCurrentDirectory: C:\\Program Files (x86)\\ossec-agent\\\r\nUser: NT AUTHORITY\\SYSTEM\r\nLogonGuid: {39942fc6-19b6-6a61-e703-000000000000}\r\nLogonId: 0x3E7\r\nTerminalSessionId: 0\r\nIntegrityLevel: System\r\nHashes: SHA256=4CDF95EF7BEC023FED416EA34905055132374407D565BF242B69159352AD546F\r\nParentProcessGuid: {39942fc6-79a2-6a62-1307-000000000e00}\r\nParentProcessId: 2708\r\nParentImage: C:\\Windows\\SysWOW64\\WindowsPowerShell\\v1.0\\powershell.exe\r\nParentCommandLine: powershell secedit /export /cfg $env:TEMP\\secpol.cfg; Get-Content $env:TEMP\\secpol.cfg | Select-String \"ResetLockoutCount\"; Remove-Item $env:TEMP\\secpol.cfg\r\nParentUser: NT AUTHORITY\\SYSTEM\""
        },
        "process": {
          "image": "C:\\\\Windows\\\\SysWOW64\\\\SecEdit.exe",
          "parentImage": "C:\\\\Windows\\\\SysWOW64\\\\WindowsPowerShell\\\\v1.0\\\\powershell.exe",
          "commandLine": "\\\"C:\\\\WINDOWS\\\\system32\\\\SecEdit.exe\\\" /export /cfg C:\\\\WINDOWS\\\\TEMP\\\\secpol.cfg",
          "parentCommandLine": "powershell secedit /export /cfg $env:TEMP\\\\secpol.cfg; Get-Content $env:TEMP\\\\secpol.cfg | Select-String \\\"ResetLockoutCount\\\"; Remove-Item $env:TEMP\\\\secpol.cfg",
          "currentDirectory": "C:\\\\Program Files (x86)\\\\ossec-agent\\\\",
          "user": "NT AUTHORITY\\\\SYSTEM",
          "processId": "3628",
          "parentProcessId": "2708",
          "hashes": "SHA256=4CDF95EF7BEC023FED416EA34905055132374407D565BF242B69159352AD546F"
        },
        "account": {
          "action": "",
          "actor": "",
          "actorDomain": "",
          "actorUser": "",
          "targetUser": "",
          "targetDomain": "",
          "memberName": "",
          "memberSid": "",
          "groupName": "",
          "groupDomain": ""
        },
        "triage": {
          "status": "noise",
          "score": 10,
          "reason": "Wazuh agent policy assessment self-check"
        }
      },
