      {
        "id": "bXv-FKEBDhTRgcnGbzwe",
        "index": "wazuh-alerts-4.x-2026.10.07",
        "timestamp": "2026-10-07T06:12:57.422+0000",
        "agent": {
          "id": "001",
          "name": "WIN11-SOC-ENDPOINT",
          "ip": "192.168.64.3"
        },
        "manager": "wazuh.manager",
        "rule": {
          "id": "61102",
          "level": 5,
          "description": "Windows System error event",
          "groups": [
            "windows",
            "windows_system",
            "system_error"
          ],
          "mitreId": "",
          "mitreTactic": "",
          "mitreTechnique": ""
        },
        "event": {
          "channel": "System",
          "eventId": "1803",
          "provider": "Microsoft-Windows-TPM-WMI",
          "message": "\"A PK-signed Key Exchange Key (KEK) cannot be found for this device. Check with the device manufacturer for proper key provisioning.\r\nThis device signature information is included here.\r\nDeviceAttributes: BaseBoardManufacturer:;FirmwareManufacturer:EFI Development Kit II / OVMF;FirmwareVersion:0.0.0;OEMModelNumber:QEMU Virtual Machine;OEMModelBaseBoard:;OEMModelSystemFamily:;OEMManufacturerName:QEMU;OEMModelSKU:;OSArchitecture:arm64;\r\nBucketId: 42bb6a1c46e22ca23875f240e6179cd492659eb33a79697cf5e6acc5866c9d5a\r\nBucketConfidenceLevel: High Confidence.\r\nFor more information, please see https://go.microsoft.com/fwlink/?linkid=2339472\""
        },
        "process": {
          "image": "",
          "parentImage": "",
          "commandLine": "",
          "parentCommandLine": "",
          "currentDirectory": "",
          "user": "",
          "processId": "",
          "parentProcessId": "",
          "hashes": ""
        },
        "account": {
          "action": "",
          "actor": "",
          "actorDomain": "",
          "actorUser": "",
          "targetUser": "",
          "targetDomain": "",
          "memberName": "",
          "memberSid": "",
          "groupName": "",
          "groupDomain": ""
        },
        "triage": {
          "status": "noise",
          "score": 15,
          "reason": "Common Windows startup/background service activity"
        }
      },
      {
        "id": "b3sAFaEBDhTRgcnGfjyZ",
        "index": "wazuh-alerts-4.x-2026.10.07",
        "timestamp": "2026-10-07T06:15:12.818+0000",
        "agent": {
          "id": "001",
          "name": "WIN11-SOC-ENDPOINT",
          "ip": "192.168.64.3"
        },
        "manager": "wazuh.manager",
        "rule": {
          "id": "92217",
          "level": 6,
          "description": "Executable dropped in Windows root folder",
          "groups": [
            "sysmon",
            "sysmon_eid11_detections",
            "windows"
          ],
          "mitreId": "T1570",
          "mitreTactic": "Lateral Movement",
          "mitreTechnique": "Lateral Tool Transfer"
        },
        "event": {
          "channel": "Microsoft-Windows-Sysmon/Operational",
          "eventId": "11",
          "provider": "Microsoft-Windows-Sysmon",
          "message": "\"File created:\r\nRuleName: -\r\nUtcTime: 2026-10-07 06:15:12.602\r\nProcessGuid: {39942fc6-38eb-6ac5-1900-000000001400}\r\nProcessId: 1484\r\nImage: C:\\WINDOWS\\system32\\svchost.exe\r\nTargetFilename: C:\\Windows\\SERVIC~1\\LOCALS~1\\AppData\\Local\\Temp\\TfsStore\\Tfs_DAV\\{D73EF483-8534-4534-A627-0304DBF547B5}.ps1\r\nCreationUtcTime: 2026-10-07 06:15:12.602\r\nUser: NT AUTHORITY\\LOCAL SERVICE\""
        },
        "process": {
          "image": "C:\\WINDOWS\\system32\\svchost.exe",
          "parentImage": "",
          "commandLine": "",
          "parentCommandLine": "",
          "currentDirectory": "",
          "user": "NT AUTHORITY\\LOCAL SERVICE",
          "processId": "1484",
          "parentProcessId": "",
          "hashes": ""
        },
        "account": {
          "action": "",
          "actor": "",
          "actorDomain": "",
          "actorUser": "",
          "targetUser": "",
          "targetDomain": "",
          "memberName": "",
          "memberSid": "",
          "groupName": "",
          "groupDomain": ""
        },
        "triage": {
          "status": "review",
          "score": 40,
          "reason": "Low or medium severity telemetry"
        }
      },
      {
        "id": "cHsAFaEBDhTRgcnGfjyZ",
        "index": "wazuh-alerts-4.x-2026.10.07",
        "timestamp": "2026-10-07T06:15:12.858+0000",
        "agent": {
          "id": "001",
          "name": "WIN11-SOC-ENDPOINT",
          "ip": "192.168.64.3"
        },
        "manager": "wazuh.manager",
        "rule": {
          "id": "100101",
          "level": 12,
          "description": "Logon persistence: Run key set to launch a command interpreter \u2014 cmd.exe /c echo SOC-LAB-RUNKEY-001",
          "groups": [
            "soc_lab",
            "windows",
            "sysmon",
            "persistence",
            "registry_persistence"
          ],
          "mitreId": "T1547.001",
          "mitreTactic": "Persistence",
          "mitreTechnique": "Registry Run Keys / Startup Folder"
        },
        "event": {
          "channel": "Microsoft-Windows-Sysmon/Operational",
          "eventId": "13",
          "provider": "Microsoft-Windows-Sysmon",
          "message": "\"Registry value set:\r\nRuleName: T1060,RunKey\r\nEventType: SetValue\r\nUtcTime: 2026-10-07 06:15:12.800\r\nProcessGuid: {39942fc6-e0d9-6ac5-f206-000000001400}\r\nProcessId: 3276\r\nImage: C:\\Windows\\System32\\WindowsPowerShell\\v1.0\\powershell.exe\r\nTargetObject: HKU\\S-1-5-21-3627987222-3469180906-1209694690-1001\\Software\\Microsoft\\Windows\\CurrentVersion\\Run\\SocLabBenignRun\r\nDetails: cmd.exe /c echo SOC-LAB-RUNKEY-001\r\nUser: WIN11-SOC-ENDPO\\Shams\""
        },
        "process": {
          "image": "C:\\Windows\\System32\\WindowsPowerShell\\v1.0\\powershell.exe",
          "parentImage": "",
          "commandLine": "",
          "parentCommandLine": "",
          "currentDirectory": "",
          "user": "WIN11-SOC-ENDPO\\Shams",
          "processId": "3276",
          "parentProcessId": "",
          "hashes": ""
        },
        "account": {
          "action": "",
          "actor": "",
          "actorDomain": "",
          "actorUser": "",
          "targetUser": "",
          "targetDomain": "",
          "memberName": "",
          "memberSid": "",
          "groupName": "",
          "groupDomain": ""
        },
        "triage": {
          "status": "candidate",
          "score": 94,
          "reason": "Registry Run key persistence pattern detected",
          "policyRule": "SOC-PERSIST-002",
          "policyTitle": "Registry Run key modification",
          "mitre": [
            "T1060"
          ],
          "detection": {},
          "matches": [
            {
              "id": "SOC-PERSIST-002",
              "title": "Registry Run key modification",
              "score": 94,
              "status": "candidate"
            }
          ]
        }
      },
      {
        "id": "cXsAFaEBDhTRgcnGgjxr",
        "index": "wazuh-alerts-4.x-2026.10.07",
        "timestamp": "2026-10-07T06:15:14.932+0000",
        "agent": {
          "id": "001",
          "name": "WIN11-SOC-ENDPOINT",
          "ip": "192.168.64.3"
        },
        "manager": "wazuh.manager",
        "rule": {
          "id": "100110",
          "level": 12,
          "description": "Certutil used to encode, decode or download \u2014 \"C:\\WINDOWS\\system32\\certutil.exe\" -encode C:\\SOC-Lab\\Simulation\\benign.txt C:\\SOC-Lab\\Simulation\\benign.txt.b64",
          "groups": [
            "soc_lab",
            "windows",
            "sysmon",
            "defense_evasion",
            "lolbin"
          ],
          "mitreId": "T1140",
          "mitreTactic": "Defense Evasion",
          "mitreTechnique": "Deobfuscate/Decode Files or Information"
        },
        "event": {
          "channel": "Microsoft-Windows-Sysmon/Operational",
          "eventId": "1",
          "provider": "Microsoft-Windows-Sysmon",
          "message": "\"Process Create:\r\nRuleName: -\r\nUtcTime: 2026-10-07 06:15:13.852\r\nProcessGuid: {39942fc6-e371-6ac5-0d07-000000001400}\r\nProcessId: 9672\r\nImage: C:\\Windows\\System32\\certutil.exe\r\nFileVersion: 10.0.26100.9168 (WinBuild.160101.0800)\r\nDescription: CertUtil.exe\r\nProduct: Microsoft\u00ae Windows\u00ae Operating System\r\nCompany: Microsoft Corporation\r\nOriginalFileName: CertUtil.exe\r\nCommandLine: \"C:\\WINDOWS\\system32\\certutil.exe\" -encode C:\\SOC-Lab\\Simulation\\benign.txt C:\\SOC-Lab\\Simulation\\benign.txt.b64\r\nCurrentDirectory: C:\\Users\\Shams\\Downloads\\Sysmon\\\r\nUser: WIN11-SOC-ENDPO\\Shams\r\nLogonGuid: {39942fc6-38ec-6ac5-554c-010000000000}\r\nLogonId: 0x14C55\r\nTerminalSessionId: 1\r\nIntegrityLevel: High\r\nHashes: MD5=CF3F25E5ED1CCCEA029EBE929636849B,SHA256=014674C94FDFF51B7267BCBB16D09595E0579D749A19223E9A70B0180C6C88FF,IMPHASH=E1268FA9570E31313FCCAE97D2BB2BEA\r\nParentProcessGuid: {39942fc6-e0d9-6ac5-f206-000000001400}\r\nParentProcessId: 3276\r\nParentImage: C:\\Windows\\System32\\WindowsPowerShell\\v1.0\\powershell.exe\r\nParentCommandLine: \"C:\\Windows\\System32\\WindowsPowerShell\\v1.0\\powershell.exe\" \r\nParentUser: WIN11-SOC-ENDPO\\Shams\""
        },
        "process": {
          "image": "C:\\Windows\\System32\\certutil.exe",
          "parentImage": "C:\\Windows\\System32\\WindowsPowerShell\\v1.0\\powershell.exe",
          "commandLine": "\"C:\\WINDOWS\\system32\\certutil.exe\" -encode C:\\SOC-Lab\\Simulation\\benign.txt C:\\SOC-Lab\\Simulation\\benign.txt.b64",
          "parentCommandLine": "\"C:\\Windows\\System32\\WindowsPowerShell\\v1.0\\powershell.exe\"",
          "currentDirectory": "C:\\Users\\Shams\\Downloads\\Sysmon\\",
          "user": "WIN11-SOC-ENDPO\\Shams",
          "processId": "9672",
          "parentProcessId": "3276",
          "hashes": "MD5=CF3F25E5ED1CCCEA029EBE929636849B,SHA256=014674C94FDFF51B7267BCBB16D09595E0579D749A19223E9A70B0180C6C88FF,IMPHASH=E1268FA9570E31313FCCAE97D2BB2BEA"
        },
        "account": {
          "action": "",
          "actor": "",
          "actorDomain": "",
          "actorUser": "",
          "targetUser": "",
          "targetDomain": "",
          "memberName": "",
          "memberSid": "",
          "groupName": "",
          "groupDomain": ""
        },
        "triage": {
          "status": "candidate",
          "score": 88,
          "reason": "Certutil encode or decode activity detected",
          "policyRule": "SOC-LOLBIN-001",
          "policyTitle": "Certutil encode or decode",
          "mitre": [
            "T1140"
          ],
          "detection": {},
          "matches": [
            {
              "id": "SOC-LOLBIN-001",
              "title": "Certutil encode or decode",
              "score": 88,
              "status": "candidate"
            }
          ]
        }
      },
      {
        "id": "cnsAFaEBDhTRgcnGnTzD",
        "index": "wazuh-alerts-4.x-2026.10.07",
        "timestamp": "2026-10-07T06:15:21.190+0000",
        "agent": {
          "id": "001",
          "name": "WIN11-SOC-ENDPOINT",
          "ip": "192.168.64.3"
        },
        "manager": "wazuh.manager",
        "rule": {
          "id": "61102",
          "level": 5,
          "description": "Windows System error event",
          "groups": [
            "windows",
            "windows_system",
            "system_error"
          ],
          "mitreId": "",
          "mitreTactic": "",
          "mitreTechnique": ""
        },
        "event": {
          "channel": "System",
          "eventId": "15",
          "provider": "TPM",
          "message": "\"The device driver for the Trusted Platform Module (TPM) encountered a non-recoverable error in the TPM hardware, which prevents TPM services (such as data encryption) from being used. For further help, please contact the computer manufacturer.\""
        },
        "process": {
          "image": "",
          "parentImage": "",
          "commandLine": "",
          "parentCommandLine": "",
          "currentDirectory": "",
          "user": "",
          "processId": "",
          "parentProcessId": "",
          "hashes": ""
        },
        "account": {
          "action": "",
          "actor": "",
          "actorDomain": "",
          "actorUser": "",
          "targetUser": "",
          "targetDomain": "",
          "memberName": "",
          "memberSid": "",
          "groupName": "",
          "groupDomain": ""
        },
        "triage": {
          "status": "noise",
          "score": 15,
          "reason": "Common Windows startup/background service activity"
        }
      },
      {
        "id": "c3sAFaEBDhTRgcnGnTzF",
        "index": "wazuh-alerts-4.x-2026.10.07",
        "timestamp": "2026-10-07T06:15:21.203+0000",
        "agent": {
          "id": "001",
          "name": "WIN11-SOC-ENDPOINT",
          "ip": "192.168.64.3"
        },
        "manager": "wazuh.manager",
        "rule": {
          "id": "61102",
          "level": 5,
          "description": "Windows System error event",
          "groups": [
            "windows",
            "windows_system",
            "system_error"
          ],
          "mitreId": "",
          "mitreTactic": "",
          "mitreTechnique": ""
        },
        "event": {
          "channel": "System",
          "eventId": "15",
          "provider": "TPM",
          "message": "\"The device driver for the Trusted Platform Module (TPM) encountered a non-recoverable error in the TPM hardware, which prevents TPM services (such as data encryption) from being used. For further help, please contact the computer manufacturer.\""
        },
        "process": {
          "image": "",
          "parentImage": "",
          "commandLine": "",
          "parentCommandLine": "",
          "currentDirectory": "",
          "user": "",
          "processId": "",
          "parentProcessId": "",
          "hashes": ""
        },
        "account": {
          "action": "",
          "actor": "",
          "actorDomain": "",
          "actorUser": "",
          "targetUser": "",
          "targetDomain": "",
          "memberName": "",
          "memberSid": "",
          "groupName": "",
          "groupDomain": ""
        },
        "triage": {
          "status": "noise",
          "score": 15,
          "reason": "Common Windows startup/background service activity"
        }
      },
      {
        "id": "dHsBFaEBDhTRgcnGdDzH",
        "index": "wazuh-alerts-4.x-2026.10.07",
        "timestamp": "2026-10-07T06:16:12.200+0000",
        "agent": {
          "id": "001",
          "name": "WIN11-SOC-ENDPOINT",
          "ip": "192.168.64.3"
        },
        "manager": "wazuh.manager",
        "rule": {
          "id": "60642",
          "level": 3,
          "description": "Software protection service scheduled successfully.",
          "groups": [
            "windows",
            "windows_application"
          ],
          "mitreId": "",
          "mitreTactic": "",
          "mitreTechnique": ""
        },
        "event": {
          "channel": "Application",
          "eventId": "16384",
          "provider": "Microsoft-Windows-Security-SPP",
          "message": "\"Successfully scheduled Software Protection service for re-start at 2026-10-07T07:07:11Z. Reason: RulesEngine.\""
        },
        "process": {
          "image": "",
          "parentImage": "",
          "commandLine": "",
          "parentCommandLine": "",
          "currentDirectory": "",
          "user": "",
          "processId": "",
          "parentProcessId": "",
          "hashes": ""
        },
        "account": {
          "action": "",
          "actor": "",
          "actorDomain": "",
          "actorUser": "",
          "targetUser": "",
          "targetDomain": "",
          "memberName": "",
          "memberSid": "",
          "groupName": "",
          "groupDomain": ""
        },
        "triage": {
          "status": "noise",
          "score": 15,
          "reason": "Common Windows startup/background service activity"
        }
      },
      {
        "id": "dnsDFaEBDhTRgcnGkTxM",
        "index": "wazuh-alerts-4.x-2026.10.07",
        "timestamp": "2026-10-07T06:18:30.421+0000",
        "agent": {
          "id": "001",
          "name": "WIN11-SOC-ENDPOINT",
          "ip": "192.168.64.3"
        },
        "manager": "wazuh.manager",
        "rule": {
          "id": "60642",
          "level": 3,
          "description": "Software protection service scheduled successfully.",
          "groups": [
            "windows",
            "windows_application"
          ],
          "mitreId": "",
          "mitreTactic": "",
          "mitreTechnique": ""
        },
        "event": {
          "channel": "Application",
          "eventId": "16384",
          "provider": "Microsoft-Windows-Security-SPP",
          "message": "\"Successfully scheduled Software Protection service for re-start at 2026-10-07T07:07:30Z. Reason: RulesEngine.\""
        },
        "process": {
          "image": "",
          "parentImage": "",
          "commandLine": "",
          "parentCommandLine": "",
          "currentDirectory": "",
          "user": "",
          "processId": "",
          "parentProcessId": "",
          "hashes": ""
        },
        "account": {
          "action": "",
          "actor": "",
          "actorDomain": "",
          "actorUser": "",
          "targetUser": "",
          "targetDomain": "",
          "memberName": "",
          "memberSid": "",
          "groupName": "",
          "groupDomain": ""
        },
        "triage": {
          "status": "noise",
          "score": 15,
          "reason": "Common Windows startup/background service activity"
        }
      },
      {
        "id": "d3sEFaEBDhTRgcnGQTwS",
        "index": "wazuh-alerts-4.x-2026.10.07",
        "timestamp": "2026-10-07T06:19:16.685+0000",
        "agent": {
          "id": "001",
          "name": "WIN11-SOC-ENDPOINT",
          "ip": "192.168.64.3"
        },
        "manager": "wazuh.manager",
        "rule": {
          "id": "92217",
          "level": 6,
          "description": "Executable dropped in Windows root folder",
          "groups": [
            "sysmon",
            "sysmon_eid11_detections",
            "windows"
          ],
          "mitreId": "T1570",
          "mitreTactic": "Lateral Movement",
          "mitreTechnique": "Lateral Tool Transfer"
        },
        "event": {
          "channel": "Microsoft-Windows-Sysmon/Operational",
          "eventId": "11",
          "provider": "Microsoft-Windows-Sysmon",
          "message": "\"File created:\r\nRuleName: -\r\nUtcTime: 2026-10-07 06:19:16.125\r\nProcessGuid: {39942fc6-38eb-6ac5-1900-000000001400}\r\nProcessId: 1484\r\nImage: C:\\WINDOWS\\system32\\svchost.exe\r\nTargetFilename: C:\\Windows\\SERVIC~1\\LOCALS~1\\AppData\\Local\\Temp\\TfsStore\\Tfs_DAV\\{0F820A49-5611-42D5-BC0B-4A8D66C9D514}.ps1\r\nCreationUtcTime: 2026-10-07 06:19:16.125\r\nUser: NT AUTHORITY\\LOCAL SERVICE\""
        },
        "process": {
          "image": "C:\\WINDOWS\\system32\\svchost.exe",
          "parentImage": "",
          "commandLine": "",
          "parentCommandLine": "",
          "currentDirectory": "",
          "user": "NT AUTHORITY\\LOCAL SERVICE",
          "processId": "1484",
          "parentProcessId": "",
          "hashes": ""
        },
        "account": {
          "action": "",
          "actor": "",
          "actorDomain": "",
          "actorUser": "",
          "targetUser": "",
          "targetDomain": "",
          "memberName": "",
          "memberSid": "",
          "groupName": "",
          "groupDomain": ""
        },
        "triage": {
          "status": "review",
          "score": 40,
          "reason": "Low or medium severity telemetry"
        }
      },
      {
        "id": "ensEFaEBDhTRgcnG8Txy",
        "index": "wazuh-alerts-4.x-2026.10.07",
        "timestamp": "2026-10-07T06:20:02.325+0000",
        "agent": {
          "id": "001",
          "name": "WIN11-SOC-ENDPOINT",
          "ip": "192.168.64.3"
        },
        "manager": "wazuh.manager",
        "rule": {
          "id": "92219",
          "level": 6,
          "description": "Possible DLL search order hijack by C:\\Windows\\SystemTemp\\{11D98818-23F3-4C63-96E9-65D8BA225125}\\ssshim.dll created in Windows root folder",
          "groups": [
            "sysmon",
            "sysmon_eid11_detections",
            "windows"
          ],
          "mitreId": "T1574.001",
          "mitreTactic": "Persistence",
          "mitreTechnique": "DLL Search Order Hijacking"
        },
        "event": {
          "channel": "Microsoft-Windows-Sysmon/Operational",
          "eventId": "11",
          "provider": "Microsoft-Windows-Sysmon",
          "message": "\"File created:\r\nRuleName: DLL\r\nUtcTime: 2026-10-07 06:20:01.122\r\nProcessGuid: {39942fc6-38eb-6ac5-1400-000000001400}\r\nProcessId: 1200\r\nImage: C:\\WINDOWS\\System32\\svchost.exe\r\nTargetFilename: C:\\Windows\\SystemTemp\\{11D98818-23F3-4C63-96E9-65D8BA225125}\\ssshim.dll\r\nCreationUtcTime: 2026-10-07 06:20:01.122\r\nUser: NT AUTHORITY\\SYSTEM\""
        },
        "process": {
          "image": "C:\\WINDOWS\\System32\\svchost.exe",
          "parentImage": "",
          "commandLine": "",
          "parentCommandLine": "",
          "currentDirectory": "",
          "user": "NT AUTHORITY\\SYSTEM",
          "processId": "1200",
          "parentProcessId": "",
          "hashes": ""
        },
        "account": {
          "action": "",
          "actor": "",
          "actorDomain": "",
          "actorUser": "",
          "targetUser": "",
          "targetDomain": "",
          "memberName": "",
          "memberSid": "",
          "groupName": "",
          "groupDomain": ""
        },
        "triage": {
          "status": "review",
          "score": 40,
          "reason": "Low or medium severity telemetry"
        }
      },
      {
        "id": "e3sEFaEBDhTRgcnG8Txz",
        "index": "wazuh-alerts-4.x-2026.10.07",
        "timestamp": "2026-10-07T06:20:04.872+0000",
        "agent": {
          "id": "001",
          "name": "WIN11-SOC-ENDPOINT",
          "ip": "192.168.64.3"
        },
        "manager": "wazuh.manager",
        "rule": {
          "id": "92219",
          "level": 6,
          "description": "Possible DLL search order hijack by C:\\Windows\\SoftwareDistribution\\Download\\700c4251285132d0\\Metadata\\UpdateAgent.dll created in Windows root folder",
          "groups": [
            "sysmon",
            "sysmon_eid11_detections",
            "windows"
          ],
          "mitreId": "T1574.001",
          "mitreTactic": "Persistence",
          "mitreTechnique": "DLL Search Order Hijacking"
        },
        "event": {
          "channel": "Microsoft-Windows-Sysmon/Operational",
          "eventId": "11",
          "provider": "Microsoft-Windows-Sysmon",
          "message": "\"File created:\r\nRuleName: DLL\r\nUtcTime: 2026-10-07 06:20:03.804\r\nProcessGuid: {39942fc6-38eb-6ac5-1400-000000001400}\r\nProcessId: 1200\r\nImage: C:\\WINDOWS\\System32\\svchost.exe\r\nTargetFilename: C:\\Windows\\SoftwareDistribution\\Download\\700c4251285132d0\\Metadata\\UpdateAgent.dll\r\nCreationUtcTime: 2026-09-12 14:04:00.000\r\nUser: NT AUTHORITY\\SYSTEM\""
        },
        "process": {
          "image": "C:\\WINDOWS\\System32\\svchost.exe",
          "parentImage": "",
          "commandLine": "",
          "parentCommandLine": "",
          "currentDirectory": "",
          "user": "NT AUTHORITY\\SYSTEM",
          "processId": "1200",
          "parentProcessId": "",
          "hashes": ""
        },
        "account": {
          "action": "",
          "actor": "",
          "actorDomain": "",
          "actorUser": "",
          "targetUser": "",
          "targetDomain": "",
          "memberName": "",
          "memberSid": "",
          "groupName": "",
          "groupDomain": ""
        },
        "triage": {
          "status": "review",
          "score": 40,
          "reason": "Low or medium severity telemetry"
        }
      },
      {
        "id": "fnsEFaEBDhTRgcnG8Txz",
        "index": "wazuh-alerts-4.x-2026.10.07",
        "timestamp": "2026-10-07T06:20:04.884+0000",
        "agent": {
          "id": "001",
          "name": "WIN11-SOC-ENDPOINT",
          "ip": "192.168.64.3"
        },
        "manager": "wazuh.manager",
        "rule": {
          "id": "92219",
          "level": 6,
          "description": "Possible DLL search order hijack by C:\\Windows\\SoftwareDistribution\\Download\\700c4251285132d0\\Metadata\\Mitigation.dll created in Windows root folder",
          "groups": [
            "sysmon",
            "sysmon_eid11_detections",
            "windows"
          ],
          "mitreId": "T1574.001",
          "mitreTactic": "Persistence",
          "mitreTechnique": "DLL Search Order Hijacking"
        },
        "event": {
          "channel": "Microsoft-Windows-Sysmon/Operational",
          "eventId": "11",
          "provider": "Microsoft-Windows-Sysmon",
          "message": "\"File created:\r\nRuleName: DLL\r\nUtcTime: 2026-10-07 06:20:03.882\r\nProcessGuid: {39942fc6-38eb-6ac5-1400-000000001400}\r\nProcessId: 1200\r\nImage: C:\\WINDOWS\\System32\\svchost.exe\r\nTargetFilename: C:\\Windows\\SoftwareDistribution\\Download\\700c4251285132d0\\Metadata\\Mitigation.dll\r\nCreationUtcTime: 2026-09-12 17:37:58.000\r\nUser: NT AUTHORITY\\SYSTEM\""
        },
        "process": {
          "image": "C:\\WINDOWS\\System32\\svchost.exe",
          "parentImage": "",
          "commandLine": "",
          "parentCommandLine": "",
          "currentDirectory": "",
          "user": "NT AUTHORITY\\SYSTEM",
          "processId": "1200",
          "parentProcessId": "",
          "hashes": ""
        },
        "account": {
          "action": "",
          "actor": "",
          "actorDomain": "",
          "actorUser": "",
          "targetUser": "",
          "targetDomain": "",
          "memberName": "",
          "memberSid": "",
          "groupName": "",
          "groupDomain": ""
        },
        "triage": {
          "status": "review",
          "score": 40,
          "reason": "Low or medium severity telemetry"
        }
      },
      {
        "id": "fHsEFaEBDhTRgcnG8Txz",
        "index": "wazuh-alerts-4.x-2026.10.07",
        "timestamp": "2026-10-07T06:20:04.887+0000",
        "agent": {
          "id": "001",
          "name": "WIN11-SOC-ENDPOINT",
          "ip": "192.168.64.3"
        },
        "manager": "wazuh.manager",
        "rule": {
          "id": "92219",
          "level": 6,
          "description": "Possible DLL search order hijack by C:\\Windows\\SoftwareDistribution\\Download\\700c4251285132d0\\Metadata\\dpx.dll created in Windows root folder",
          "groups": [
            "sysmon",
            "sysmon_eid11_detections",
            "windows"
          ],
          "mitreId": "T1574.001",
          "mitreTactic": "Persistence",
          "mitreTechnique": "DLL Search Order Hijacking"
        },
        "event": {
          "channel": "Microsoft-Windows-Sysmon/Operational",
          "eventId": "11",
          "provider": "Microsoft-Windows-Sysmon",
          "message": "\"File created:\r\nRuleName: DLL\r\nUtcTime: 2026-10-07 06:20:03.852\r\nProcessGuid: {39942fc6-38eb-6ac5-1400-000000001400}\r\nProcessId: 1200\r\nImage: C:\\WINDOWS\\System32\\svchost.exe\r\nTargetFilename: C:\\Windows\\SoftwareDistribution\\Download\\700c4251285132d0\\Metadata\\dpx.dll\r\nCreationUtcTime: 2026-09-12 14:35:48.000\r\nUser: NT AUTHORITY\\SYSTEM\""
        },
        "process": {
          "image": "C:\\WINDOWS\\System32\\svchost.exe",
          "parentImage": "",
          "commandLine": "",
          "parentCommandLine": "",
          "currentDirectory": "",
          "user": "NT AUTHORITY\\SYSTEM",
          "processId": "1200",
          "parentProcessId": "",
          "hashes": ""
        },
        "account": {
          "action": "",
          "actor": "",
          "actorDomain": "",
          "actorUser": "",
          "targetUser": "",
          "targetDomain": "",
          "memberName": "",
          "memberSid": "",
          "groupName": "",
          "groupDomain": ""
        },
        "triage": {
          "status": "review",
          "score": 40,
          "reason": "Low or medium severity telemetry"
        }
      },
      {
        "id": "gHsEFaEBDhTRgcnG8Txz",
        "index": "wazuh-alerts-4.x-2026.10.07",
        "timestamp": "2026-10-07T06:20:04.896+0000",
        "agent": {
          "id": "001",
          "name": "WIN11-SOC-ENDPOINT",
          "ip": "192.168.64.3"
        },
        "manager": "wazuh.manager",
        "rule": {
          "id": "92219",
          "level": 6,
          "description": "Possible DLL search order hijack by C:\\Windows\\SoftwareDistribution\\Download\\700c4251285132d0\\Metadata\\UAOneSettings.dll created in Windows root folder",
          "groups": [
            "sysmon",
            "sysmon_eid11_detections",
            "windows"
          ],
          "mitreId": "T1574.001",
          "mitreTactic": "Persistence",
          "mitreTechnique": "DLL Search Order Hijacking"
        },
        "event": {
          "channel": "Microsoft-Windows-Sysmon/Operational",
          "eventId": "11",
          "provider": "Microsoft-Windows-Sysmon",
          "message": "\"File created:\r\nRuleName: DLL\r\nUtcTime: 2026-10-07 06:20:03.901\r\nProcessGuid: {39942fc6-38eb-6ac5-1400-000000001400}\r\nProcessId: 1200\r\nImage: C:\\WINDOWS\\System32\\svchost.exe\r\nTargetFilename: C:\\Windows\\SoftwareDistribution\\Download\\700c4251285132d0\\Metadata\\UAOneSettings.dll\r\nCreationUtcTime: 2026-09-12 14:35:50.000\r\nUser: NT AUTHORITY\\SYSTEM\""
        },
        "process": {
          "image": "C:\\WINDOWS\\System32\\svchost.exe",
          "parentImage": "",
          "commandLine": "",
          "parentCommandLine": "",
          "currentDirectory": "",
          "user": "NT AUTHORITY\\SYSTEM",
          "processId": "1200",
          "parentProcessId": "",
          "hashes": ""
        },
        "account": {
          "action": "",
          "actor": "",
          "actorDomain": "",
          "actorUser": "",
          "targetUser": "",
          "targetDomain": "",
          "memberName": "",
          "memberSid": "",
          "groupName": "",
          "groupDomain": ""
        },
        "triage": {
          "status": "review",
          "score": 40,
          "reason": "Low or medium severity telemetry"
        }
      },
      {
        "id": "fXsEFaEBDhTRgcnG8Txz",
        "index": "wazuh-alerts-4.x-2026.10.07",
        "timestamp": "2026-10-07T06:20:04.900+0000",
        "agent": {
          "id": "001",
          "name": "WIN11-SOC-ENDPOINT",
          "ip": "192.168.64.3"
        },
        "manager": "wazuh.manager",
        "rule": {
          "id": "92219",
          "level": 6,
          "description": "Possible DLL search order hijack by C:\\Windows\\SoftwareDistribution\\Download\\700c4251285132d0\\Metadata\\wcp.dll created in Windows root folder",
          "groups": [
            "sysmon",
            "sysmon_eid11_detections",
            "windows"
          ],
          "mitreId": "T1574.001",
          "mitreTactic": "Persistence",
          "mitreTechnique": "DLL Search Order Hijacking"
        },
        "event": {
          "channel": "Microsoft-Windows-Sysmon/Operational",
          "eventId": "11",
          "provider": "Microsoft-Windows-Sysmon",
          "message": "\"File created:\r\nRuleName: DLL\r\nUtcTime: 2026-10-07 06:20:03.908\r\nProcessGuid: {39942fc6-38eb-6ac5-1400-000000001400}\r\nProcessId: 1200\r\nImage: C:\\WINDOWS\\System32\\svchost.exe\r\nTargetFilename: C:\\Windows\\SoftwareDistribution\\Download\\700c4251285132d0\\Metadata\\wcp.dll\r\nCreationUtcTime: 2026-09-12 14:28:46.000\r\nUser: NT AUTHORITY\\SYSTEM\""
        },
        "process": {
          "image": "C:\\WINDOWS\\System32\\svchost.exe",
          "parentImage": "",
          "commandLine": "",
          "parentCommandLine": "",
          "currentDirectory": "",
          "user": "NT AUTHORITY\\SYSTEM",
          "processId": "1200",
          "parentProcessId": "",
          "hashes": ""
        },
        "account": {
          "action": "",
          "actor": "",
          "actorDomain": "",
          "actorUser": "",
          "targetUser": "",
          "targetDomain": "",
          "memberName": "",
          "memberSid": "",
          "groupName": "",
          "groupDomain": ""
        },
        "triage": {
          "status": "review",
          "score": 40,
          "reason": "Low or medium severity telemetry"
        }
      },
      {
        "id": "f3sEFaEBDhTRgcnG8Txz",
        "index": "wazuh-alerts-4.x-2026.10.07",
        "timestamp": "2026-10-07T06:20:04.914+0000",
        "agent": {
          "id": "001",
          "name": "WIN11-SOC-ENDPOINT",
          "ip": "192.168.64.3"
        },
        "manager": "wazuh.manager",
        "rule": {
          "id": "92219",
          "level": 6,
          "description": "Possible DLL search order hijack by C:\\Windows\\SoftwareDistribution\\Download\\700c4251285132d0\\Metadata\\TurboStack.dll created in Windows root folder",
          "groups": [
            "sysmon",
            "sysmon_eid11_detections",
            "windows"
          ],
          "mitreId": "T1574.001",
          "mitreTactic": "Persistence",
          "mitreTechnique": "DLL Search Order Hijacking"
        },
        "event": {
          "channel": "Microsoft-Windows-Sysmon/Operational",
          "eventId": "11",
          "provider": "Microsoft-Windows-Sysmon",
          "message": "\"File created:\r\nRuleName: DLL\r\nUtcTime: 2026-10-07 06:20:04.043\r\nProcessGuid: {39942fc6-38eb-6ac5-1400-000000001400}\r\nProcessId: 1200\r\nImage: C:\\WINDOWS\\System32\\svchost.exe\r\nTargetFilename: C:\\Windows\\SoftwareDistribution\\Download\\700c4251285132d0\\Metadata\\TurboStack.dll\r\nCreationUtcTime: 2026-09-12 14:03:58.000\r\nUser: NT AUTHORITY\\SYSTEM\""
        },
        "process": {
          "image": "C:\\WINDOWS\\System32\\svchost.exe",
          "parentImage": "",
          "commandLine": "",
          "parentCommandLine": "",
          "currentDirectory": "",
          "user": "NT AUTHORITY\\SYSTEM",
          "processId": "1200",
          "parentProcessId": "",
          "hashes": ""
        },
        "account": {
          "action": "",
          "actor": "",
          "actorDomain": "",
          "actorUser": "",
          "targetUser": "",
          "targetDomain": "",
          "memberName": "",
          "memberSid": "",
          "groupName": "",
          "groupDomain": ""
        },
        "triage": {
          "status": "review",
          "score": 40,
          "reason": "Low or medium severity telemetry"
        }
      },
      {
        "id": "gXsEFaEBDhTRgcnG8Txz",
        "index": "wazuh-alerts-4.x-2026.10.07",
        "timestamp": "2026-10-07T06:20:04.933+0000",
        "agent": {
          "id": "001",
          "name": "WIN11-SOC-ENDPOINT",
          "ip": "192.168.64.3"
        },
        "manager": "wazuh.manager",
        "rule": {
          "id": "92219",
          "level": 6,
          "description": "Possible DLL search order hijack by C:\\Windows\\SoftwareDistribution\\Download\\700c4251285132d0\\Metadata\\ReserveManager.dll created in Windows root folder",
          "groups": [
            "sysmon",
            "sysmon_eid11_detections",
            "windows"
          ],
          "mitreId": "T1574.001",
          "mitreTactic": "Persistence",
          "mitreTechnique": "DLL Search Order Hijacking"
        },
        "event": {
          "channel": "Microsoft-Windows-Sysmon/Operational",
          "eventId": "11",
          "provider": "Microsoft-Windows-Sysmon",
          "message": "\"File created:\r\nRuleName: DLL\r\nUtcTime: 2026-10-07 06:20:04.068\r\nProcessGuid: {39942fc6-38eb-6ac5-1400-000000001400}\r\nProcessId: 1200\r\nImage: C:\\WINDOWS\\System32\\svchost.exe\r\nTargetFilename: C:\\Windows\\SoftwareDistribution\\Download\\700c4251285132d0\\Metadata\\ReserveManager.dll\r\nCreationUtcTime: 2026-09-12 14:04:12.000\r\nUser: NT AUTHORITY\\SYSTEM\""
        },
        "process": {
          "image": "C:\\WINDOWS\\System32\\svchost.exe",
          "parentImage": "",
          "commandLine": "",
          "parentCommandLine": "",
          "currentDirectory": "",
          "user": "NT AUTHORITY\\SYSTEM",
          "processId": "1200",
          "parentProcessId": "",
          "hashes": ""
        },
        "account": {
          "action": "",
          "actor": "",
          "actorDomain": "",
          "actorUser": "",
          "targetUser": "",
          "targetDomain": "",
          "memberName": "",
          "memberSid": "",
          "groupName": "",
          "groupDomain": ""
        },
        "triage": {
          "status": "review",
          "score": 40,
          "reason": "Low or medium severity telemetry"
        }
      },
      {
        "id": "gnsEFaEBDhTRgcnG8Txz",
        "index": "wazuh-alerts-4.x-2026.10.07",
        "timestamp": "2026-10-07T06:20:04.950+0000",
        "agent": {
          "id": "001",
          "name": "WIN11-SOC-ENDPOINT",
          "ip": "192.168.64.3"
        },
        "manager": "wazuh.manager",
        "rule": {
          "id": "92219",
          "level": 6,
          "description": "Possible DLL search order hijack by C:\\Windows\\SoftwareDistribution\\Download\\700c4251285132d0\\Metadata\\WinREAgent.dll created in Windows root folder",
          "groups": [
            "sysmon",
            "sysmon_eid11_detections",
            "windows"
          ],
          "mitreId": "T1574.001",
          "mitreTactic": "Persistence",
          "mitreTechnique": "DLL Search Order Hijacking"
        },
        "event": {
          "channel": "Microsoft-Windows-Sysmon/Operational",
          "eventId": "11",
          "provider": "Microsoft-Windows-Sysmon",
          "message": "\"File created:\r\nRuleName: DLL\r\nUtcTime: 2026-10-07 06:20:04.079\r\nProcessGuid: {39942fc6-38eb-6ac5-1400-000000001400}\r\nProcessId: 1200\r\nImage: C:\\WINDOWS\\System32\\svchost.exe\r\nTargetFilename: C:\\Windows\\SoftwareDistribution\\Download\\700c4251285132d0\\Metadata\\WinREAgent.dll\r\nCreationUtcTime: 2026-09-12 17:25:08.000\r\nUser: NT AUTHORITY\\SYSTEM\""
        },
        "process": {
          "image": "C:\\WINDOWS\\System32\\svchost.exe",
          "parentImage": "",
          "commandLine": "",
          "parentCommandLine": "",
          "currentDirectory": "",
          "user": "NT AUTHORITY\\SYSTEM",
          "processId": "1200",
          "parentProcessId": "",
          "hashes": ""
        },
        "account": {
          "action": "",
          "actor": "",
          "actorDomain": "",
          "actorUser": "",
          "targetUser": "",
          "targetDomain": "",
          "memberName": "",
          "memberSid": "",
          "groupName": "",
          "groupDomain": ""
        },
        "triage": {
          "status": "review",
          "score": 40,
          "reason": "Low or medium severity telemetry"
        }
      }
    ],
    "cHsAFaEBDhTRgcnGfjyZ": [
      {
        "id": "aXv3FKEBDhTRgcnG2zyO",
        "index": "wazuh-alerts-4.x-2026.10.07",
        "timestamp": "2026-10-07T06:05:41.712+0000",
        "agent": {
          "id": "001",
          "name": "WIN11-SOC-ENDPOINT",
          "ip": "192.168.64.3"
        },
        "manager": "wazuh.manager",
        "rule": {
          "id": "60642",
          "level": 3,
          "description": "Software protection service scheduled successfully.",
          "groups": [
            "windows",
            "windows_application"
          ],
          "mitreId": "",
          "mitreTactic": "",
          "mitreTechnique": ""
        },
        "event": {
          "channel": "Application",
          "eventId": "16384",
          "provider": "Microsoft-Windows-Security-SPP",
          "message": "\"Successfully scheduled Software Protection service for re-start at 2026-10-07T07:07:40Z. Reason: RulesEngine.\""
        },
        "process": {
          "image": "",
          "parentImage": "",
          "commandLine": "",
          "parentCommandLine": "",
          "currentDirectory": "",
          "user": "",
          "processId": "",
          "parentProcessId": "",
          "hashes": ""
        },
        "account": {
          "action": "",
          "actor": "",
          "actorDomain": "",
          "actorUser": "",
          "targetUser": "",
          "targetDomain": "",
          "memberName": "",
          "memberSid": "",
          "groupName": "",
          "groupDomain": ""
        },
        "triage": {
          "status": "noise",
          "score": 15,
          "reason": "Common Windows startup/background service activity"
        }
      },
      {
        "id": "anv3FKEBDhTRgcnG2zyP",
        "index": "wazuh-alerts-4.x-2026.10.07",
        "timestamp": "2026-10-07T06:05:46.036+0000",
        "agent": {
          "id": "001",
          "name": "WIN11-SOC-ENDPOINT",
          "ip": "192.168.64.3"
        },
        "manager": "wazuh.manager",
        "rule": {
          "id": "92217",
          "level": 6,
          "description": "Executable dropped in Windows root folder",
          "groups": [
            "sysmon",
            "sysmon_eid11_detections",
            "windows"
          ],
          "mitreId": "T1570",
          "mitreTactic": "Lateral Movement",
          "mitreTechnique": "Lateral Tool Transfer"
        },
        "event": {
          "channel": "Microsoft-Windows-Sysmon/Operational",
          "eventId": "11",
          "provider": "Microsoft-Windows-Sysmon",
          "message": "\"File created:\r\nRuleName: -\r\nUtcTime: 2026-10-07 06:05:45.566\r\nProcessGuid: {39942fc6-38eb-6ac5-1900-000000001400}\r\nProcessId: 1484\r\nImage: C:\\WINDOWS\\system32\\svchost.exe\r\nTargetFilename: C:\\Windows\\SERVIC~1\\LOCALS~1\\AppData\\Local\\Temp\\TfsStore\\Tfs_DAV\\{138C98B1-3813-4C4B-B084-6820D6019EF6}.ps1\r\nCreationUtcTime: 2026-10-07 06:05:45.566\r\nUser: NT AUTHORITY\\LOCAL SERVICE\""
        },
        "process": {
          "image": "C:\\WINDOWS\\system32\\svchost.exe",
          "parentImage": "",
          "commandLine": "",
          "parentCommandLine": "",
          "currentDirectory": "",
          "user": "NT AUTHORITY\\LOCAL SERVICE",
          "processId": "1484",
          "parentProcessId": "",
          "hashes": ""
        },
        "account": {
          "action": "",
          "actor": "",
          "actorDomain": "",
          "actorUser": "",
          "targetUser": "",
          "targetDomain": "",
          "memberName": "",
          "memberSid": "",
          "groupName": "",
          "groupDomain": ""
        },
        "triage": {
          "status": "review",
          "score": 40,
          "reason": "Low or medium severity telemetry"
        }
      },
      {
        "id": "bXv-FKEBDhTRgcnGbzwe",
        "index": "wazuh-alerts-4.x-2026.10.07",
        "timestamp": "2026-10-07T06:12:57.422+0000",
        "agent": {
          "id": "001",
          "name": "WIN11-SOC-ENDPOINT",
          "ip": "192.168.64.3"
        },
        "manager": "wazuh.manager",
        "rule": {
          "id": "61102",
          "level": 5,
          "description": "Windows System error event",
          "groups": [
            "windows",
            "windows_system",
            "system_error"
          ],
          "mitreId": "",
          "mitreTactic": "",
          "mitreTechnique": ""
        },
        "event": {
          "channel": "System",
          "eventId": "1803",
          "provider": "Microsoft-Windows-TPM-WMI",
          "message": "\"A PK-signed Key Exchange Key (KEK) cannot be found for this device. Check with the device manufacturer for proper key provisioning.\r\nThis device signature information is included here.\r\nDeviceAttributes: BaseBoardManufacturer:;FirmwareManufacturer:EFI Development Kit II / OVMF;FirmwareVersion:0.0.0;OEMModelNumber:QEMU Virtual Machine;OEMModelBaseBoard:;OEMModelSystemFamily:;OEMManufacturerName:QEMU;OEMModelSKU:;OSArchitecture:arm64;\r\nBucketId: 42bb6a1c46e22ca23875f240e6179cd492659eb33a79697cf5e6acc5866c9d5a\r\nBucketConfidenceLevel: High Confidence.\r\nFor more information, please see https://go.microsoft.com/fwlink/?linkid=2339472\""
        },
        "process": {
          "image": "",
          "parentImage": "",
          "commandLine": "",
          "parentCommandLine": "",
          "currentDirectory": "",
          "user": "",
          "processId": "",
          "parentProcessId": "",
          "hashes": ""
        },
        "account": {
          "action": "",
          "actor": "",
          "actorDomain": "",
          "actorUser": "",
          "targetUser": "",
          "targetDomain": "",
          "memberName": "",
          "memberSid": "",
          "groupName": "",
          "groupDomain": ""
        },
        "triage": {
          "status": "noise",
          "score": 15,
          "reason": "Common Windows startup/background service activity"
        }
      },
      {
        "id": "b3sAFaEBDhTRgcnGfjyZ",
        "index": "wazuh-alerts-4.x-2026.10.07",
        "timestamp": "2026-10-07T06:15:12.818+0000",
        "agent": {
          "id": "001",
          "name": "WIN11-SOC-ENDPOINT",
          "ip": "192.168.64.3"
        },
        "manager": "wazuh.manager",
        "rule": {
          "id": "92217",
          "level": 6,
          "description": "Executable dropped in Windows root folder",
          "groups": [
            "sysmon",
            "sysmon_eid11_detections",
            "windows"
          ],
          "mitreId": "T1570",
          "mitreTactic": "Lateral Movement",
          "mitreTechnique": "Lateral Tool Transfer"
        },
        "event": {
          "channel": "Microsoft-Windows-Sysmon/Operational",
          "eventId": "11",
          "provider": "Microsoft-Windows-Sysmon",
          "message": "\"File created:\r\nRuleName: -\r\nUtcTime: 2026-10-07 06:15:12.602\r\nProcessGuid: {39942fc6-38eb-6ac5-1900-000000001400}\r\nProcessId: 1484\r\nImage: C:\\WINDOWS\\system32\\svchost.exe\r\nTargetFilename: C:\\Windows\\SERVIC~1\\LOCALS~1\\AppData\\Local\\Temp\\TfsStore\\Tfs_DAV\\{D73EF483-8534-4534-A627-0304DBF547B5}.ps1\r\nCreationUtcTime: 2026-10-07 06:15:12.602\r\nUser: NT AUTHORITY\\LOCAL SERVICE\""
        },
        "process": {
          "image": "C:\\WINDOWS\\system32\\svchost.exe",
          "parentImage": "",
          "commandLine": "",
          "parentCommandLine": "",
          "currentDirectory": "",
          "user": "NT AUTHORITY\\LOCAL SERVICE",
          "processId": "1484",
          "parentProcessId": "",
          "hashes": ""
        },
        "account": {
          "action": "",
          "actor": "",
          "actorDomain": "",
          "actorUser": "",
          "targetUser": "",
          "targetDomain": "",
          "memberName": "",
          "memberSid": "",
          "groupName": "",
          "groupDomain": ""
        },
        "triage": {
          "status": "review",
          "score": 40,
          "reason": "Low or medium severity telemetry"
        }
      },
