      {
        "id": "iHA9rJ8BfU4fm0WGPeuF",
        "index": "wazuh-alerts-4.x-2026.07.29",
        "timestamp": "2026-07-29T04:57:38.751+0000",
        "agent": {
          "id": "001",
          "name": "WIN11-SOC-ENDPOINT",
          "ip": "192.168.64.3"
        },
        "manager": "wazuh.manager",
        "rule": {
          "id": "61102",
          "level": 5,
          "description": "Windows System error event",
          "groups": [
            "windows",
            "windows_system",
            "system_error"
          ],
          "mitreId": "",
          "mitreTactic": "",
          "mitreTechnique": ""
        },
        "event": {
          "channel": "System",
          "eventId": "15",
          "provider": "TPM",
          "message": "\"The device driver for the Trusted Platform Module (TPM) encountered a non-recoverable error in the TPM hardware, which prevents TPM services (such as data encryption) from being used. For further help, please contact the computer manufacturer.\""
        },
        "process": {
          "image": "",
          "parentImage": "",
          "commandLine": "",
          "parentCommandLine": "",
          "currentDirectory": "",
          "user": "",
          "processId": "",
          "parentProcessId": "",
          "hashes": ""
        },
        "account": {
          "action": "",
          "actor": "",
          "actorDomain": "",
          "actorUser": "",
          "targetUser": "",
          "targetDomain": "",
          "memberName": "",
          "memberSid": "",
          "groupName": "",
          "groupDomain": ""
        },
        "triage": {
          "status": "noise",
          "score": 15,
          "reason": "Common Windows startup/background service activity"
        }
      },
      {
        "id": "h3A9rJ8BfU4fm0WGPeuE",
        "index": "wazuh-alerts-4.x-2026.07.29",
        "timestamp": "2026-07-29T04:57:38.753+0000",
        "agent": {
          "id": "001",
          "name": "WIN11-SOC-ENDPOINT",
          "ip": "192.168.64.3"
        },
        "manager": "wazuh.manager",
        "rule": {
          "id": "60642",
          "level": 3,
          "description": "Software protection service scheduled successfully.",
          "groups": [
            "windows",
            "windows_application"
          ],
          "mitreId": "",
          "mitreTactic": "",
          "mitreTechnique": ""
        },
        "event": {
          "channel": "Application",
          "eventId": "16384",
          "provider": "Microsoft-Windows-Security-SPP",
          "message": "\"Successfully scheduled Software Protection service for re-start at 2026-07-24T08:27:53Z. Reason: RulesEngine.\""
        },
        "process": {
          "image": "",
          "parentImage": "",
          "commandLine": "",
          "parentCommandLine": "",
          "currentDirectory": "",
          "user": "",
          "processId": "",
          "parentProcessId": "",
          "hashes": ""
        },
        "account": {
          "action": "",
          "actor": "",
          "actorDomain": "",
          "actorUser": "",
          "targetUser": "",
          "targetDomain": "",
          "memberName": "",
          "memberSid": "",
          "groupName": "",
          "groupDomain": ""
        },
        "triage": {
          "status": "noise",
          "score": 15,
          "reason": "Common Windows startup/background service activity"
        }
      },
      {
        "id": "iXA9rJ8BfU4fm0WGPeuF",
        "index": "wazuh-alerts-4.x-2026.07.29",
        "timestamp": "2026-07-29T04:57:38.813+0000",
        "agent": {
          "id": "001",
          "name": "WIN11-SOC-ENDPOINT",
          "ip": "192.168.64.3"
        },
        "manager": "wazuh.manager",
        "rule": {
          "id": "61104",
          "level": 3,
          "description": "Service startup type was changed",
          "groups": [
            "windows",
            "windows_system",
            "policy_changed"
          ],
          "mitreId": "",
          "mitreTactic": "",
          "mitreTechnique": ""
        },
        "event": {
          "channel": "System",
          "eventId": "7040",
          "provider": "Service Control Manager",
          "message": "\"The start type of the Background Intelligent Transfer Service service was changed from auto start to demand start.\""
        },
        "process": {
          "image": "",
          "parentImage": "",
          "commandLine": "",
          "parentCommandLine": "",
          "currentDirectory": "",
          "user": "",
          "processId": "",
          "parentProcessId": "",
          "hashes": ""
        },
        "account": {
          "action": "",
          "actor": "",
          "actorDomain": "",
          "actorUser": "",
          "targetUser": "",
          "targetDomain": "",
          "memberName": "",
          "memberSid": "",
          "groupName": "",
          "groupDomain": ""
        },
        "triage": {
          "status": "noise",
          "score": 15,
          "reason": "Common Windows startup/background service activity"
        }
      },
      {
        "id": "inA9rJ8BfU4fm0WGPeuF",
        "index": "wazuh-alerts-4.x-2026.07.29",
        "timestamp": "2026-07-29T04:57:39.540+0000",
        "agent": {
          "id": "001",
          "name": "WIN11-SOC-ENDPOINT",
          "ip": "192.168.64.3"
        },
        "manager": "wazuh.manager",
        "rule": {
          "id": "60642",
          "level": 3,
          "description": "Software protection service scheduled successfully.",
          "groups": [
            "windows",
            "windows_application"
          ],
          "mitreId": "",
          "mitreTactic": "",
          "mitreTechnique": ""
        },
        "event": {
          "channel": "Application",
          "eventId": "16384",
          "provider": "Microsoft-Windows-Security-SPP",
          "message": "\"Successfully scheduled Software Protection service for re-start at 2026-07-24T08:27:03Z. Reason: RulesEngine.\""
        },
        "process": {
          "image": "",
          "parentImage": "",
          "commandLine": "",
          "parentCommandLine": "",
          "currentDirectory": "",
          "user": "",
          "processId": "",
          "parentProcessId": "",
          "hashes": ""
        },
        "account": {
          "action": "",
          "actor": "",
          "actorDomain": "",
          "actorUser": "",
          "targetUser": "",
          "targetDomain": "",
          "memberName": "",
          "memberSid": "",
          "groupName": "",
          "groupDomain": ""
        },
        "triage": {
          "status": "noise",
          "score": 15,
          "reason": "Common Windows startup/background service activity"
        }
      },
      {
        "id": "i3A9rJ8BfU4fm0WGPeuF",
        "index": "wazuh-alerts-4.x-2026.07.29",
        "timestamp": "2026-07-29T04:57:39.933+0000",
        "agent": {
          "id": "001",
          "name": "WIN11-SOC-ENDPOINT",
          "ip": "192.168.64.3"
        },
        "manager": "wazuh.manager",
        "rule": {
          "id": "60642",
          "level": 3,
          "description": "Software protection service scheduled successfully.",
          "groups": [
            "windows",
            "windows_application"
          ],
          "mitreId": "",
          "mitreTactic": "",
          "mitreTechnique": ""
        },
        "event": {
          "channel": "Application",
          "eventId": "16384",
          "provider": "Microsoft-Windows-Security-SPP",
          "message": "\"Successfully scheduled Software Protection service for re-start at 2026-07-24T08:28:02Z. Reason: RulesEngine.\""
        },
        "process": {
          "image": "",
          "parentImage": "",
          "commandLine": "",
          "parentCommandLine": "",
          "currentDirectory": "",
          "user": "",
          "processId": "",
          "parentProcessId": "",
          "hashes": ""
        },
        "account": {
          "action": "",
          "actor": "",
          "actorDomain": "",
          "actorUser": "",
          "targetUser": "",
          "targetDomain": "",
          "memberName": "",
          "memberSid": "",
          "groupName": "",
          "groupDomain": ""
        },
        "triage": {
          "status": "noise",
          "score": 15,
          "reason": "Common Windows startup/background service activity"
        }
      },
      {
        "id": "jHA9rJ8BfU4fm0WGPeuF",
        "index": "wazuh-alerts-4.x-2026.07.29",
        "timestamp": "2026-07-29T04:57:40.152+0000",
        "agent": {
          "id": "001",
          "name": "WIN11-SOC-ENDPOINT",
          "ip": "192.168.64.3"
        },
        "manager": "wazuh.manager",
        "rule": {
          "id": "60608",
          "level": 4,
          "description": "Summary event of the report's signatures.",
          "groups": [
            "windows",
            "windows_application"
          ],
          "mitreId": "",
          "mitreTactic": "",
          "mitreTechnique": ""
        },
        "event": {
          "channel": "Application",
          "eventId": "1001",
          "provider": "Windows Error Reporting",
          "message": "\"Fault bucket , type 0\r\nEvent Name: BlueScreen\r\nResponse: Not available\r\nCab Id: 0\r\n\r\nProblem signature:\r\nP1: d1\r\nP2: ffffc10006ebf242\r\nP3: 2\r\nP4: 0\r\nP5: fffff80145a8a754\r\nP6: 10_0_26100\r\nP7: 0_0\r\nP8: 256_1\r\nP9: \r\nP10: \r\n\r\nAttached files:\r\n\\\\?\\C:\\WINDOWS\\Minidump\\071326-4515-01.dmp\r\n\\\\?\\C:\\WINDOWS\\SystemTemp\\WER-4562-0.sysdata.xml\r\n\\\\?\\C:\\ProgramData\\Microsoft\\Windows\\WER\\Temp\\WER.991196e8-9e86-42ba-8b7d-533b6fb1a188.tmp.WERInternalMetadata.xml\r\n\\\\?\\C:\\ProgramData\\Microsoft\\Windows\\WER\\Temp\\WER.04c05ad2-4d30-4c94-afa1-46dc919aded2.tmp.csv\r\n\\\\?\\C:\\ProgramData\\Microsoft\\Windows\\WER\\Temp\\WER.195c710f-5754-4ab9-acce-4317d955420f.tmp.txt\r\n\\\\?\\C:\\ProgramData\\Microsoft\\Windows\\WER\\Temp\\WER.930b89cd-4fde-4f55-86e2-ef8fa22d880f.tmp.xml\r\n\r\nThese files may be available here:\r\n\\\\?\\C:\\ProgramData\\Microsoft\\Windows\\WER\\ReportQueue\\Kernel_d1_d14dd6358f19e35602b88c91e561ff5ccc6590_00000000_2c440d8a-cc4e-476d-af57-52785913bbb4\r\n\r\nAnalysis symbol: \r\nRechecking for solution: 0\r\nReport Id: 1bf87a6f-f3ff-4df7-ac1b-e5247f22a9d9\r\nReport Status: 2049\r\nHashed bucket: \r\nCab Guid: 0\""
        },
        "process": {
          "image": "",
          "parentImage": "",
          "commandLine": "",
          "parentCommandLine": "",
          "currentDirectory": "",
          "user": "",
          "processId": "",
          "parentProcessId": "",
          "hashes": ""
        },
        "account": {
          "action": "",
          "actor": "",
          "actorDomain": "",
          "actorUser": "",
          "targetUser": "",
          "targetDomain": "",
          "memberName": "",
          "memberSid": "",
          "groupName": "",
          "groupDomain": ""
        },
        "triage": {
          "status": "review",
          "score": 40,
          "reason": "Low or medium severity telemetry"
        }
      },
      {
        "id": "jXA9rJ8BfU4fm0WGPeuF",
        "index": "wazuh-alerts-4.x-2026.07.29",
        "timestamp": "2026-07-29T04:57:40.226+0000",
        "agent": {
          "id": "001",
          "name": "WIN11-SOC-ENDPOINT",
          "ip": "192.168.64.3"
        },
        "manager": "wazuh.manager",
        "rule": {
          "id": "60608",
          "level": 4,
          "description": "Summary event of the report's signatures.",
          "groups": [
            "windows",
            "windows_application"
          ],
          "mitreId": "",
          "mitreTactic": "",
          "mitreTechnique": ""
        },
        "event": {
          "channel": "Application",
          "eventId": "1001",
          "provider": "Windows Error Reporting",
          "message": "\"Fault bucket , type 0\r\nEvent Name: BlueScreen\r\nResponse: Not available\r\nCab Id: 0\r\n\r\nProblem signature:\r\nP1: d1\r\nP2: 34\r\nP3: 2\r\nP4: 0\r\nP5: fffff8024563a740\r\nP6: 10_0_26100\r\nP7: 0_0\r\nP8: 256_1\r\nP9: \r\nP10: \r\n\r\nAttached files:\r\n\\\\?\\C:\\WINDOWS\\Minidump\\071526-4640-01.dmp\r\n\\\\?\\C:\\WINDOWS\\SystemTemp\\WER-4640-0.sysdata.xml\r\n\\\\?\\C:\\ProgramData\\Microsoft\\Windows\\WER\\Temp\\WER.855f05b5-abd8-4b5f-866f-a2eeda807763.tmp.WERInternalMetadata.xml\r\n\\\\?\\C:\\ProgramData\\Microsoft\\Windows\\WER\\Temp\\WER.bb0f93a9-4f2f-4fc2-8915-83fcdc144e25.tmp.csv\r\n\\\\?\\C:\\ProgramData\\Microsoft\\Windows\\WER\\Temp\\WER.5777f2b2-7b7e-4de5-a8ab-43d2602cb3bc.tmp.txt\r\n\\\\?\\C:\\ProgramData\\Microsoft\\Windows\\WER\\Temp\\WER.2ef9851e-b155-4e62-9aad-cb27b8bfa0fe.tmp.xml\r\n\r\nThese files may be available here:\r\n\\\\?\\C:\\ProgramData\\Microsoft\\Windows\\WER\\ReportQueue\\Kernel_d1_afe988ebc35889c4c095569b04020a1f8f787f3_00000000_4d512050-3d45-4d9c-811c-d53a15bf95a0\r\n\r\nAnalysis symbol: \r\nRechecking for solution: 0\r\nReport Id: 41f83e80-a01a-4a9c-9617-b540a38aa09d\r\nReport Status: 2049\r\nHashed bucket: \r\nCab Guid: 0\""
        },
        "process": {
          "image": "",
          "parentImage": "",
          "commandLine": "",
          "parentCommandLine": "",
          "currentDirectory": "",
          "user": "",
          "processId": "",
          "parentProcessId": "",
          "hashes": ""
        },
        "account": {
          "action": "",
          "actor": "",
          "actorDomain": "",
          "actorUser": "",
          "targetUser": "",
          "targetDomain": "",
          "memberName": "",
          "memberSid": "",
          "groupName": "",
          "groupDomain": ""
        },
        "triage": {
          "status": "review",
          "score": 40,
          "reason": "Low or medium severity telemetry"
        }
      },
      {
        "id": "jnA9rJ8BfU4fm0WGPeuF",
        "index": "wazuh-alerts-4.x-2026.07.29",
        "timestamp": "2026-07-29T04:57:40.376+0000",
        "agent": {
          "id": "001",
          "name": "WIN11-SOC-ENDPOINT",
          "ip": "192.168.64.3"
        },
        "manager": "wazuh.manager",
        "rule": {
          "id": "60642",
          "level": 3,
          "description": "Software protection service scheduled successfully.",
          "groups": [
            "windows",
            "windows_application"
          ],
          "mitreId": "",
          "mitreTactic": "",
          "mitreTechnique": ""
        },
        "event": {
          "channel": "Application",
          "eventId": "16384",
          "provider": "Microsoft-Windows-Security-SPP",
          "message": "\"Successfully scheduled Software Protection service for re-start at 2026-07-24T08:27:14Z. Reason: RulesEngine.\""
        },
        "process": {
          "image": "",
          "parentImage": "",
          "commandLine": "",
          "parentCommandLine": "",
          "currentDirectory": "",
          "user": "",
          "processId": "",
          "parentProcessId": "",
          "hashes": ""
        },
        "account": {
          "action": "",
          "actor": "",
          "actorDomain": "",
          "actorUser": "",
          "targetUser": "",
          "targetDomain": "",
          "memberName": "",
          "memberSid": "",
          "groupName": "",
          "groupDomain": ""
        },
        "triage": {
          "status": "noise",
          "score": 15,
          "reason": "Common Windows startup/background service activity"
        }
      }
    ],
    "9XD0jZ8BfU4fm0WGJOfC": [
      {
        "id": "5XDsjZ8BfU4fm0WGveco",
        "index": "wazuh-alerts-4.x-2026.07.23",
        "timestamp": "2026-07-23T07:42:01.673+0000",
        "agent": {
          "id": "001",
          "name": "WIN11-SOC-ENDPOINT",
          "ip": "192.168.64.3"
        },
        "manager": "wazuh.manager",
        "rule": {
          "id": "61104",
          "level": 3,
          "description": "Service startup type was changed",
          "groups": [
            "windows",
            "windows_system",
            "policy_changed"
          ],
          "mitreId": "",
          "mitreTactic": "",
          "mitreTechnique": ""
        },
        "event": {
          "channel": "System",
          "eventId": "7040",
          "provider": "Service Control Manager",
          "message": "\"The start type of the Background Intelligent Transfer Service service was changed from demand start to auto start.\""
        },
        "process": {
          "image": "",
          "parentImage": "",
          "commandLine": "",
          "parentCommandLine": "",
          "currentDirectory": "",
          "user": "",
          "processId": "",
          "parentProcessId": "",
          "hashes": ""
        },
        "account": {
          "action": "",
          "actor": "",
          "actorDomain": "",
          "actorUser": "",
          "targetUser": "",
          "targetDomain": "",
          "memberName": "",
          "memberSid": "",
          "groupName": "",
          "groupDomain": ""
        },
        "triage": {
          "status": "noise",
          "score": 15,
          "reason": "Common Windows startup/background service activity"
        }
      },
      {
        "id": "5nDujZ8BfU4fm0WGzOf7",
        "index": "wazuh-alerts-4.x-2026.07.23",
        "timestamp": "2026-07-23T07:44:18.254+0000",
        "agent": {
          "id": "001",
          "name": "WIN11-SOC-ENDPOINT",
          "ip": "192.168.64.3"
        },
        "manager": "wazuh.manager",
        "rule": {
          "id": "61104",
          "level": 3,
          "description": "Service startup type was changed",
          "groups": [
            "windows",
            "windows_system",
            "policy_changed"
          ],
          "mitreId": "",
          "mitreTactic": "",
          "mitreTechnique": ""
        },
        "event": {
          "channel": "System",
          "eventId": "7040",
          "provider": "Service Control Manager",
          "message": "\"The start type of the Background Intelligent Transfer Service service was changed from auto start to demand start.\""
        },
        "process": {
          "image": "",
          "parentImage": "",
          "commandLine": "",
          "parentCommandLine": "",
          "currentDirectory": "",
          "user": "",
          "processId": "",
          "parentProcessId": "",
          "hashes": ""
        },
        "account": {
          "action": "",
          "actor": "",
          "actorDomain": "",
          "actorUser": "",
          "targetUser": "",
          "targetDomain": "",
          "memberName": "",
          "memberSid": "",
          "groupName": "",
          "groupDomain": ""
        },
        "triage": {
          "status": "noise",
          "score": 15,
          "reason": "Common Windows startup/background service activity"
        }
      },
      {
        "id": "6nDxjZ8BfU4fm0WG7efJ",
        "index": "wazuh-alerts-4.x-2026.07.23",
        "timestamp": "2026-07-23T07:47:40.175+0000",
        "agent": {
          "id": "001",
          "name": "WIN11-SOC-ENDPOINT",
          "ip": "192.168.64.3"
        },
        "manager": "wazuh.manager",
        "rule": {
          "id": "60642",
          "level": 3,
          "description": "Software protection service scheduled successfully.",
          "groups": [
            "windows",
            "windows_application"
          ],
          "mitreId": "",
          "mitreTactic": "",
          "mitreTechnique": ""
        },
        "event": {
          "channel": "Application",
          "eventId": "16384",
          "provider": "Microsoft-Windows-Security-SPP",
          "message": "\"Successfully scheduled Software Protection service for re-start at 2026-07-23T08:27:39Z. Reason: RulesEngine.\""
        },
        "process": {
          "image": "",
          "parentImage": "",
          "commandLine": "",
          "parentCommandLine": "",
          "currentDirectory": "",
          "user": "",
          "processId": "",
          "parentProcessId": "",
          "hashes": ""
        },
        "account": {
          "action": "",
          "actor": "",
          "actorDomain": "",
          "actorUser": "",
          "targetUser": "",
          "targetDomain": "",
          "memberName": "",
          "memberSid": "",
          "groupName": "",
          "groupDomain": ""
        },
        "triage": {
          "status": "noise",
          "score": 15,
          "reason": "Common Windows startup/background service activity"
        }
      },
      {
        "id": "7XD0jZ8BfU4fm0WGJOfB",
        "index": "wazuh-alerts-4.x-2026.07.23",
        "timestamp": "2026-07-23T07:50:11.862+0000",
        "agent": {
          "id": "001",
          "name": "WIN11-SOC-ENDPOINT",
          "ip": "192.168.64.3"
        },
        "manager": "wazuh.manager",
        "rule": {
          "id": "60160",
          "level": 5,
          "description": "Domain Users Group Changed",
          "groups": [
            "windows",
            "windows_security",
            "group_changed",
            "win_group_changed"
          ],
          "mitreId": "T1484",
          "mitreTactic": "Defense Evasion",
          "mitreTechnique": "Domain Policy Modification"
        },
        "event": {
          "channel": "Security",
          "eventId": "4728",
          "provider": "Microsoft-Windows-Security-Auditing",
          "message": "\"A member was added to a security-enabled global group.\r\n\r\nSubject:\r\n\tSecurity ID:\t\tS-1-5-21-3627987222-3469180906-1209694690-1001\r\n\tAccount Name:\t\tShams\r\n\tAccount Domain:\t\tWIN11-SOC-ENDPO\r\n\tLogon ID:\t\t0x17A54\r\n\r\nMember:\r\n\tSecurity ID:\t\tS-1-5-21-3627987222-3469180906-1209694690-1003\r\n\tAccount Name:\t\t-\r\n\r\nGroup:\r\n\tSecurity ID:\t\tS-1-5-21-3627987222-3469180906-1209694690-513\r\n\tGroup Name:\t\tNone\r\n\tGroup Domain:\t\tWIN11-SOC-ENDPO\r\n\r\nAdditional Information:\r\n\tPrivileges:\t\t-\""
        },
        "process": {
          "image": "",
          "parentImage": "",
          "commandLine": "",
          "parentCommandLine": "",
          "currentDirectory": "",
          "user": "WIN11-SOC-ENDPO\\Shams",
          "processId": "",
          "parentProcessId": "",
          "hashes": ""
        },
        "account": {
          "action": "",
          "actor": "WIN11-SOC-ENDPO\\Shams",
          "actorDomain": "WIN11-SOC-ENDPO",
          "actorUser": "Shams",
          "targetUser": "None",
          "targetDomain": "WIN11-SOC-ENDPO",
          "memberName": "",
          "memberSid": "S-1-5-21-3627987222-3469180906-1209694690-1003",
          "groupName": "",
          "groupDomain": ""
        },
        "triage": {
          "status": "review",
          "score": 40,
          "reason": "Low or medium severity telemetry"
        }
      },
      {
        "id": "73D0jZ8BfU4fm0WGJOfC",
        "index": "wazuh-alerts-4.x-2026.07.23",
        "timestamp": "2026-07-23T07:50:11.982+0000",
        "agent": {
          "id": "001",
          "name": "WIN11-SOC-ENDPOINT",
          "ip": "192.168.64.3"
        },
        "manager": "wazuh.manager",
        "rule": {
          "id": "60109",
          "level": 8,
          "description": "User account enabled or created",
          "groups": [
            "windows",
            "windows_security",
            "adduser",
            "account_changed"
          ],
          "mitreId": "T1098",
          "mitreTactic": "Persistence",
          "mitreTechnique": "Account Manipulation"
        },
        "event": {
          "channel": "Security",
          "eventId": "4720",
          "provider": "Microsoft-Windows-Security-Auditing",
          "message": "\"A user account was created.\r\n\r\nSubject:\r\n\tSecurity ID:\t\tS-1-5-21-3627987222-3469180906-1209694690-1001\r\n\tAccount Name:\t\tShams\r\n\tAccount Domain:\t\tWIN11-SOC-ENDPO\r\n\tLogon ID:\t\t0x17A54\r\n\r\nNew Account:\r\n\tSecurity ID:\t\tS-1-5-21-3627987222-3469180906-1209694690-1003\r\n\tAccount Name:\t\tsoc_lab_temp_admin\r\n\tAccount Domain:\t\tWIN11-SOC-ENDPO\r\n\r\nAttributes:\r\n\tSAM Account Name:\tsoc_lab_temp_admin\r\n\tDisplay Name:\t\t<value not set>\r\n\tUser Principal Name:\t-\r\n\tHome Directory:\t\t<value not set>\r\n\tHome Drive:\t\t<value not set>\r\n\tScript Path:\t\t<value not set>\r\n\tProfile Path:\t\t<value not set>\r\n\tUser Workstations:\t<value not set>\r\n\tPassword Last Set:\t<never>\r\n\tAccount Expires:\t\t<never>\r\n\tPrimary Group ID:\t513\r\n\tAllowed To Delegate To:\t-\r\n\tOld UAC Value:\t\t0x0\r\n\tNew UAC Value:\t\t0x15\r\n\tUser Account Control:\t\r\n\t\tAccount Disabled\r\n\t\t'Password Not Required' - Enabled\r\n\t\t'Normal Account' - Enabled\r\n\tUser Parameters:\t<value not set>\r\n\tSID History:\t\t-\r\n\tLogon Hours:\t\tAll\r\n\r\nAdditional Information:\r\n\tPrivileges\t\t-\""
        },
        "process": {
          "image": "",
          "parentImage": "",
          "commandLine": "",
          "parentCommandLine": "",
          "currentDirectory": "",
          "user": "WIN11-SOC-ENDPO\\Shams",
          "processId": "",
          "parentProcessId": "",
          "hashes": ""
        },
        "account": {
          "action": "Local user account created",
          "actor": "WIN11-SOC-ENDPO\\Shams",
          "actorDomain": "WIN11-SOC-ENDPO",
          "actorUser": "Shams",
          "targetUser": "soc_lab_temp_admin",
          "targetDomain": "WIN11-SOC-ENDPO",
          "memberName": "",
          "memberSid": "",
          "groupName": "",
          "groupDomain": ""
        },
        "triage": {
          "status": "candidate",
          "score": 92,
          "reason": "Windows local account creation event detected",
          "policyRule": "SOC-ACCOUNT-001",
          "policyTitle": "Local user account created",
          "mitre": [
            "T1136.001"
          ],
          "detection": {},
          "matches": [
            {
              "id": "SOC-ACCOUNT-001",
              "title": "Local user account created",
              "score": 92,
              "status": "candidate"
            },
            {
              "id": "SOC-ACCOUNT-003",
              "title": "SOC lab administrator scenario",
              "score": 55,
              "status": "candidate"
            }
          ]
        }
      },
      {
        "id": "7nD0jZ8BfU4fm0WGJOfC",
        "index": "wazuh-alerts-4.x-2026.07.23",
        "timestamp": "2026-07-23T07:50:11.985+0000",
        "agent": {
          "id": "001",
          "name": "WIN11-SOC-ENDPOINT",
          "ip": "192.168.64.3"
        },
        "manager": "wazuh.manager",
        "rule": {
          "id": "60109",
          "level": 8,
          "description": "User account enabled or created",
          "groups": [
            "windows",
            "windows_security",
            "adduser",
            "account_changed"
          ],
          "mitreId": "T1098",
          "mitreTactic": "Persistence",
          "mitreTechnique": "Account Manipulation"
        },
        "event": {
          "channel": "Security",
          "eventId": "4722",
          "provider": "Microsoft-Windows-Security-Auditing",
          "message": "\"A user account was enabled.\r\n\r\nSubject:\r\n\tSecurity ID:\t\tS-1-5-21-3627987222-3469180906-1209694690-1001\r\n\tAccount Name:\t\tShams\r\n\tAccount Domain:\t\tWIN11-SOC-ENDPO\r\n\tLogon ID:\t\t0x17A54\r\n\r\nTarget Account:\r\n\tSecurity ID:\t\tS-1-5-21-3627987222-3469180906-1209694690-1003\r\n\tAccount Name:\t\tsoc_lab_temp_admin\r\n\tAccount Domain:\t\tWIN11-SOC-ENDPO\""
        },
        "process": {
          "image": "",
          "parentImage": "",
          "commandLine": "",
          "parentCommandLine": "",
          "currentDirectory": "",
          "user": "WIN11-SOC-ENDPO\\Shams",
          "processId": "",
          "parentProcessId": "",
          "hashes": ""
        },
        "account": {
          "action": "User account enabled",
          "actor": "WIN11-SOC-ENDPO\\Shams",
          "actorDomain": "WIN11-SOC-ENDPO",
          "actorUser": "Shams",
          "targetUser": "soc_lab_temp_admin",
          "targetDomain": "WIN11-SOC-ENDPO",
          "memberName": "",
          "memberSid": "",
          "groupName": "",
          "groupDomain": ""
        },
        "triage": {
          "status": "candidate",
          "score": 85,
          "reason": "Local account enabled or its properties changed",
          "policyRule": "SOC-ACCOUNT-006",
          "policyTitle": "Local user account enabled or modified",
          "mitre": [
            "T1098"
          ],
          "detection": {},
          "matches": [
            {
              "id": "SOC-ACCOUNT-006",
              "title": "Local user account enabled or modified",
              "score": 85,
              "status": "candidate"
            },
            {
              "id": "SOC-ACCOUNT-003",
              "title": "SOC lab administrator scenario",
              "score": 55,
              "status": "candidate"
            }
          ]
        }
      },
      {
        "id": "8HD0jZ8BfU4fm0WGJOfC",
        "index": "wazuh-alerts-4.x-2026.07.23",
        "timestamp": "2026-07-23T07:50:11.986+0000",
        "agent": {
          "id": "001",
          "name": "WIN11-SOC-ENDPOINT",
          "ip": "192.168.64.3"
        },
        "manager": "wazuh.manager",
        "rule": {
          "id": "60110",
          "level": 8,
          "description": "User account changed",
          "groups": [
            "windows",
            "windows_security",
            "account_changed"
          ],
          "mitreId": "T1098",
          "mitreTactic": "Persistence",
          "mitreTechnique": "Account Manipulation"
        },
        "event": {
          "channel": "Security",
          "eventId": "4738",
          "provider": "Microsoft-Windows-Security-Auditing",
          "message": "\"A user account was changed.\r\n\r\nSubject:\r\n\tSecurity ID:\t\tS-1-5-21-3627987222-3469180906-1209694690-1001\r\n\tAccount Name:\t\tShams\r\n\tAccount Domain:\t\tWIN11-SOC-ENDPO\r\n\tLogon ID:\t\t0x17A54\r\n\r\nTarget Account:\r\n\tSecurity ID:\t\tS-1-5-21-3627987222-3469180906-1209694690-1003\r\n\tAccount Name:\t\tsoc_lab_temp_admin\r\n\tAccount Domain:\t\tWIN11-SOC-ENDPO\r\n\r\nChanged Attributes:\r\n\tSAM Account Name:\tsoc_lab_temp_admin\r\n\tDisplay Name:\t\t<value not set>\r\n\tUser Principal Name:\t-\r\n\tHome Directory:\t\t<value not set>\r\n\tHome Drive:\t\t<value not set>\r\n\tScript Path:\t\t<value not set>\r\n\tProfile Path:\t\t<value not set>\r\n\tUser Workstations:\t<value not set>\r\n\tPassword Last Set:\t<never>\r\n\tAccount Expires:\t\t<never>\r\n\tPrimary Group ID:\t513\r\n\tAllowedToDelegateTo:\t-\r\n\tOld UAC Value:\t\t0x15\r\n\tNew UAC Value:\t\t0x14\r\n\tUser Account Control:\t\r\n\t\tAccount Enabled\r\n\tUser Parameters:\t<value not set>\r\n\tSID History:\t\t-\r\n\tLogon Hours:\t\tAll\r\n\r\nAdditional Information:\r\n\tPrivileges:\t\t-\""
        },
        "process": {
          "image": "",
          "parentImage": "",
          "commandLine": "",
          "parentCommandLine": "",
          "currentDirectory": "",
          "user": "WIN11-SOC-ENDPO\\Shams",
          "processId": "",
          "parentProcessId": "",
          "hashes": ""
        },
        "account": {
          "action": "User account changed",
          "actor": "WIN11-SOC-ENDPO\\Shams",
          "actorDomain": "WIN11-SOC-ENDPO",
          "actorUser": "Shams",
          "targetUser": "soc_lab_temp_admin",
          "targetDomain": "WIN11-SOC-ENDPO",
          "memberName": "",
          "memberSid": "",
          "groupName": "",
          "groupDomain": ""
        },
        "triage": {
          "status": "candidate",
          "score": 85,
          "reason": "Local account enabled or its properties changed",
          "policyRule": "SOC-ACCOUNT-006",
          "policyTitle": "Local user account enabled or modified",
          "mitre": [
            "T1098"
          ],
          "detection": {},
          "matches": [
            {
              "id": "SOC-ACCOUNT-006",
              "title": "Local user account enabled or modified",
              "score": 85,
              "status": "candidate"
            },
            {
              "id": "SOC-ACCOUNT-003",
              "title": "SOC lab administrator scenario",
              "score": 55,
              "status": "candidate"
            }
          ]
        }
      },
      {
        "id": "8XD0jZ8BfU4fm0WGJOfC",
        "index": "wazuh-alerts-4.x-2026.07.23",
        "timestamp": "2026-07-23T07:50:11.988+0000",
        "agent": {
          "id": "001",
          "name": "WIN11-SOC-ENDPOINT",
          "ip": "192.168.64.3"
        },
        "manager": "wazuh.manager",
        "rule": {
          "id": "60110",
          "level": 8,
          "description": "User account changed",
          "groups": [
            "windows",
            "windows_security",
            "account_changed"
          ],
          "mitreId": "T1098",
          "mitreTactic": "Persistence",
          "mitreTechnique": "Account Manipulation"
        },
        "event": {
          "channel": "Security",
          "eventId": "4738",
          "provider": "Microsoft-Windows-Security-Auditing",
          "message": "\"A user account was changed.\r\n\r\nSubject:\r\n\tSecurity ID:\t\tS-1-5-21-3627987222-3469180906-1209694690-1001\r\n\tAccount Name:\t\tShams\r\n\tAccount Domain:\t\tWIN11-SOC-ENDPO\r\n\tLogon ID:\t\t0x17A54\r\n\r\nTarget Account:\r\n\tSecurity ID:\t\tS-1-5-21-3627987222-3469180906-1209694690-1003\r\n\tAccount Name:\t\tsoc_lab_temp_admin\r\n\tAccount Domain:\t\tWIN11-SOC-ENDPO\r\n\r\nChanged Attributes:\r\n\tSAM Account Name:\t-\r\n\tDisplay Name:\t\t-\r\n\tUser Principal Name:\t-\r\n\tHome Directory:\t\t-\r\n\tHome Drive:\t\t-\r\n\tScript Path:\t\t-\r\n\tProfile Path:\t\t-\r\n\tUser Workstations:\t-\r\n\tPassword Last Set:\t-\r\n\tAccount Expires:\t\t-\r\n\tPrimary Group ID:\t-\r\n\tAllowedToDelegateTo:\t-\r\n\tOld UAC Value:\t\t-\r\n\tNew UAC Value:\t\t-\r\n\tUser Account Control:\t-\r\n\tUser Parameters:\t-\r\n\tSID History:\t\t-\r\n\tLogon Hours:\t\t-\r\n\r\nAdditional Information:\r\n\tPrivileges:\t\t-\""
        },
        "process": {
          "image": "",
          "parentImage": "",
          "commandLine": "",
          "parentCommandLine": "",
          "currentDirectory": "",
          "user": "WIN11-SOC-ENDPO\\Shams",
          "processId": "",
          "parentProcessId": "",
          "hashes": ""
        },
        "account": {
          "action": "User account changed",
          "actor": "WIN11-SOC-ENDPO\\Shams",
          "actorDomain": "WIN11-SOC-ENDPO",
          "actorUser": "Shams",
          "targetUser": "soc_lab_temp_admin",
          "targetDomain": "WIN11-SOC-ENDPO",
          "memberName": "",
          "memberSid": "",
          "groupName": "",
          "groupDomain": ""
        },
        "triage": {
          "status": "candidate",
          "score": 85,
          "reason": "Local account enabled or its properties changed",
          "policyRule": "SOC-ACCOUNT-006",
          "policyTitle": "Local user account enabled or modified",
          "mitre": [
            "T1098"
          ],
          "detection": {},
          "matches": [
            {
              "id": "SOC-ACCOUNT-006",
              "title": "Local user account enabled or modified",
              "score": 85,
              "status": "candidate"
            },
            {
              "id": "SOC-ACCOUNT-003",
              "title": "SOC lab administrator scenario",
              "score": 55,
              "status": "candidate"
            }
          ]
        }
      },
      {
        "id": "8nD0jZ8BfU4fm0WGJOfC",
        "index": "wazuh-alerts-4.x-2026.07.23",
        "timestamp": "2026-07-23T07:50:12.013+0000",
        "agent": {
          "id": "001",
          "name": "WIN11-SOC-ENDPOINT",
          "ip": "192.168.64.3"
        },
        "manager": "wazuh.manager",
        "rule": {
          "id": "60154",
          "level": 12,
          "description": "Administrators Group Changed",
          "groups": [
            "windows",
            "windows_security",
            "group_changed",
            "win_group_changed"
          ],
          "mitreId": "T1484",
          "mitreTactic": "Defense Evasion",
          "mitreTechnique": "Domain Policy Modification"
        },
        "event": {
          "channel": "Security",
          "eventId": "4732",
          "provider": "Microsoft-Windows-Security-Auditing",
          "message": "\"A member was added to a security-enabled local group.\r\n\r\nSubject:\r\n\tSecurity ID:\t\tS-1-5-21-3627987222-3469180906-1209694690-1001\r\n\tAccount Name:\t\tShams\r\n\tAccount Domain:\t\tWIN11-SOC-ENDPO\r\n\tLogon ID:\t\t0x17A54\r\n\r\nMember:\r\n\tSecurity ID:\t\tS-1-5-21-3627987222-3469180906-1209694690-1003\r\n\tAccount Name:\t\t-\r\n\r\nGroup:\r\n\tSecurity ID:\t\tS-1-5-32-544\r\n\tGroup Name:\t\tAdministrators\r\n\tGroup Domain:\t\tBuiltin\r\n\r\nAdditional Information:\r\n\tPrivileges:\t\t-\""
        },
        "process": {
          "image": "",
          "parentImage": "",
          "commandLine": "",
          "parentCommandLine": "",
          "currentDirectory": "",
          "user": "WIN11-SOC-ENDPO\\Shams",
          "processId": "",
          "parentProcessId": "",
          "hashes": ""
        },
        "account": {
          "action": "Member added to local security group",
          "actor": "WIN11-SOC-ENDPO\\Shams",
          "actorDomain": "WIN11-SOC-ENDPO",
          "actorUser": "Shams",
          "targetUser": "Administrators",
          "targetDomain": "Builtin",
          "memberName": "",
          "memberSid": "S-1-5-21-3627987222-3469180906-1209694690-1003",
          "groupName": "Administrators",
          "groupDomain": "Builtin"
        },
        "triage": {
          "status": "candidate",
          "score": 96,
          "reason": "Account added to a privileged local group",
          "policyRule": "SOC-ACCOUNT-002",
          "policyTitle": "Member added to local Administrators group",
          "mitre": [
            "T1098"
          ],
          "detection": {},
          "matches": [
            {
              "id": "SOC-ACCOUNT-002",
              "title": "Member added to local Administrators group",
              "score": 96,
              "status": "candidate"
            }
          ]
        }
      },
      {
        "id": "83D0jZ8BfU4fm0WGJOfC",
        "index": "wazuh-alerts-4.x-2026.07.23",
        "timestamp": "2026-07-23T07:50:12.048+0000",
        "agent": {
          "id": "001",
          "name": "WIN11-SOC-ENDPOINT",
          "ip": "192.168.64.3"
        },
        "manager": "wazuh.manager",
        "rule": {
          "id": "60154",
          "level": 12,
          "description": "Administrators Group Changed",
          "groups": [
            "windows",
            "windows_security",
            "group_changed",
            "win_group_changed"
          ],
          "mitreId": "T1484",
          "mitreTactic": "Defense Evasion",
          "mitreTechnique": "Domain Policy Modification"
        },
        "event": {
          "channel": "Security",
          "eventId": "4733",
          "provider": "Microsoft-Windows-Security-Auditing",
          "message": "\"A member was removed from a security-enabled local group.\r\n\r\nSubject:\r\n\tSecurity ID:\t\tS-1-5-21-3627987222-3469180906-1209694690-1001\r\n\tAccount Name:\t\tShams\r\n\tAccount Domain:\t\tWIN11-SOC-ENDPO\r\n\tLogon ID:\t\t0x17A54\r\n\r\nMember:\r\n\tSecurity ID:\t\tS-1-5-21-3627987222-3469180906-1209694690-1003\r\n\tAccount Name:\t\t-\r\n\r\nGroup:\r\n\tSecurity ID:\t\tS-1-5-32-544\r\n\tGroup Name:\t\tAdministrators\r\n\tGroup Domain:\t\tBuiltin\r\n\r\nAdditional Information:\r\n\tPrivileges:\t\t-\""
        },
        "process": {
          "image": "",
          "parentImage": "",
          "commandLine": "",
          "parentCommandLine": "",
          "currentDirectory": "",
          "user": "WIN11-SOC-ENDPO\\Shams",
          "processId": "",
          "parentProcessId": "",
          "hashes": ""
        },
        "account": {
          "action": "Member removed from local security group",
          "actor": "WIN11-SOC-ENDPO\\Shams",
          "actorDomain": "WIN11-SOC-ENDPO",
          "actorUser": "Shams",
          "targetUser": "Administrators",
          "targetDomain": "Builtin",
          "memberName": "",
          "memberSid": "S-1-5-21-3627987222-3469180906-1209694690-1003",
          "groupName": "Administrators",
          "groupDomain": "Builtin"
        },
        "triage": {
          "status": "candidate",
          "score": 90,
          "reason": "Account removed from a privileged local group",
          "policyRule": "SOC-ACCOUNT-004",
          "policyTitle": "Member removed from local Administrators group",
          "mitre": [
            "T1098",
            "T1070"
          ],
          "detection": {},
          "matches": [
            {
              "id": "SOC-ACCOUNT-004",
              "title": "Member removed from local Administrators group",
              "score": 90,
              "status": "candidate"
            }
          ]
        }
      },
      {
        "id": "9HD0jZ8BfU4fm0WGJOfC",
        "index": "wazuh-alerts-4.x-2026.07.23",
        "timestamp": "2026-07-23T07:50:12.065+0000",
        "agent": {
          "id": "001",
          "name": "WIN11-SOC-ENDPOINT",
          "ip": "192.168.64.3"
        },
        "manager": "wazuh.manager",
        "rule": {
          "id": "60160",
          "level": 5,
          "description": "Domain Users Group Changed",
          "groups": [
            "windows",
            "windows_security",
            "group_changed",
            "win_group_changed"
          ],
          "mitreId": "T1484",
          "mitreTactic": "Defense Evasion",
          "mitreTechnique": "Domain Policy Modification"
        },
        "event": {
          "channel": "Security",
          "eventId": "4729",
          "provider": "Microsoft-Windows-Security-Auditing",
          "message": "\"A member was removed from a security-enabled global group.\r\n\r\nSubject:\r\n\tSecurity ID:\t\tS-1-5-21-3627987222-3469180906-1209694690-1001\r\n\tAccount Name:\t\tShams\r\n\tAccount Domain:\t\tWIN11-SOC-ENDPO\r\n\tLogon ID:\t\t0x17A54\r\n\r\nMember:\r\n\tSecurity ID:\t\tS-1-5-21-3627987222-3469180906-1209694690-1003\r\n\tAccount Name:\t\t-\r\n\r\nGroup:\r\n\tSecurity ID:\t\tS-1-5-21-3627987222-3469180906-1209694690-513\r\n\tGroup Name:\t\tNone\r\n\tGroup Domain:\t\tWIN11-SOC-ENDPO\r\n\r\nAdditional Information:\r\n\tPrivileges:\t\t-\""
        },
        "process": {
          "image": "",
          "parentImage": "",
          "commandLine": "",
          "parentCommandLine": "",
          "currentDirectory": "",
          "user": "WIN11-SOC-ENDPO\\Shams",
          "processId": "",
          "parentProcessId": "",
          "hashes": ""
        },
        "account": {
          "action": "",
          "actor": "WIN11-SOC-ENDPO\\Shams",
          "actorDomain": "WIN11-SOC-ENDPO",
          "actorUser": "Shams",
          "targetUser": "None",
          "targetDomain": "WIN11-SOC-ENDPO",
          "memberName": "",
          "memberSid": "S-1-5-21-3627987222-3469180906-1209694690-1003",
          "groupName": "",
          "groupDomain": ""
        },
        "triage": {
          "status": "review",
          "score": 40,
          "reason": "Low or medium severity telemetry"
        }
      },
      {
        "id": "9XD0jZ8BfU4fm0WGJOfC",
        "index": "wazuh-alerts-4.x-2026.07.23",
        "timestamp": "2026-07-23T07:50:12.082+0000",
        "agent": {
          "id": "001",
          "name": "WIN11-SOC-ENDPOINT",
          "ip": "192.168.64.3"
        },
        "manager": "wazuh.manager",
        "rule": {
          "id": "60111",
          "level": 8,
          "description": "User account disabled or deleted",
          "groups": [
            "windows",
            "windows_security",
            "adduser",
            "account_changed"
          ],
          "mitreId": "T1098",
          "mitreTactic": "Persistence",
          "mitreTechnique": "Account Manipulation"
        },
        "event": {
          "channel": "Security",
          "eventId": "4726",
          "provider": "Microsoft-Windows-Security-Auditing",
          "message": "\"A user account was deleted.\r\n\r\nSubject:\r\n\tSecurity ID:\t\tS-1-5-21-3627987222-3469180906-1209694690-1001\r\n\tAccount Name:\t\tShams\r\n\tAccount Domain:\t\tWIN11-SOC-ENDPO\r\n\tLogon ID:\t\t0x17A54\r\n\r\nTarget Account:\r\n\tSecurity ID:\t\tS-1-5-21-3627987222-3469180906-1209694690-1003\r\n\tAccount Name:\t\tsoc_lab_temp_admin\r\n\tAccount Domain:\t\tWIN11-SOC-ENDPO\r\n\r\nAdditional Information:\r\n\tPrivileges\t-\""
        },
        "process": {
          "image": "",
          "parentImage": "",
          "commandLine": "",
          "parentCommandLine": "",
          "currentDirectory": "",
          "user": "WIN11-SOC-ENDPO\\Shams",
          "processId": "",
          "parentProcessId": "",
          "hashes": ""
        },
        "account": {
          "action": "User account deleted",
          "actor": "WIN11-SOC-ENDPO\\Shams",
          "actorDomain": "WIN11-SOC-ENDPO",
          "actorUser": "Shams",
          "targetUser": "soc_lab_temp_admin",
          "targetDomain": "WIN11-SOC-ENDPO",
          "memberName": "",
          "memberSid": "",
          "groupName": "",
          "groupDomain": ""
        },
        "triage": {
          "status": "candidate",
          "score": 88,
          "reason": "Local account deleted; check whether it was created recently by the same actor",
          "policyRule": "SOC-ACCOUNT-005",
          "policyTitle": "Local user account deleted",
          "mitre": [
            "T1070"
          ],
          "detection": {},
          "matches": [
            {
              "id": "SOC-ACCOUNT-005",
              "title": "Local user account deleted",
              "score": 88,
              "status": "candidate"
            },
            {
              "id": "SOC-ACCOUNT-003",
              "title": "SOC lab administrator scenario",
              "score": 55,
              "status": "candidate"
            }
          ]
        }
      },
