      {
        "id": "DnssFaEBDhTRgcnGIz1g",
        "index": "wazuh-alerts-4.x-2026.10.07",
        "timestamp": "2026-10-07T07:02:53.550+0000",
        "agent": {
          "id": "001",
          "name": "WIN11-SOC-ENDPOINT",
          "ip": "192.168.64.3"
        },
        "manager": "wazuh.manager",
        "rule": {
          "id": "92217",
          "level": 6,
          "description": "Executable dropped in Windows root folder",
          "groups": [
            "sysmon",
            "sysmon_eid11_detections",
            "windows"
          ],
          "mitreId": "T1570",
          "mitreTactic": "Lateral Movement",
          "mitreTechnique": "Lateral Tool Transfer"
        },
        "event": {
          "channel": "Microsoft-Windows-Sysmon/Operational",
          "eventId": "11",
          "provider": "Microsoft-Windows-Sysmon",
          "message": "\"File created:\r\nRuleName: DLL\r\nUtcTime: 2026-10-07 07:02:22.568\r\nProcessGuid: {39942fc6-e497-6ac5-1f07-000000001400}\r\nProcessId: 9252\r\nImage: C:\\WINDOWS\\winsxs\\arm64_microsoft-windows-servicingstack_31bf3856ad364e35_10.0.26100.9156_none_a54640797734da81\\TiWorker.exe\r\nTargetFilename: C:\\Windows\\SoftwareDistribution\\Download\\700c4251285132d0\\Package_for_RollupFix~~arm64~~26100.9457.1.0\\arm64.x86_microsoft-windows-d..-winproviders-image_31bf3856ad364e35_10.0.26100.9444_none_e03a09035e17bce6\\MsuProvider.dll\r\nCreationUtcTime: 2026-10-07 07:02:22.568\r\nUser: NT AUTHORITY\\SYSTEM\""
        },
        "process": {
          "image": "C:\\WINDOWS\\winsxs\\arm64_microsoft-windows-servicingstack_31bf3856ad364e35_10.0.26100.9156_none_a54640797734da81\\TiWorker.exe",
          "parentImage": "",
          "commandLine": "",
          "parentCommandLine": "",
          "currentDirectory": "",
          "user": "NT AUTHORITY\\SYSTEM",
          "processId": "9252",
          "parentProcessId": "",
          "hashes": ""
        },
        "account": {
          "action": "",
          "actor": "",
          "actorDomain": "",
          "actorUser": "",
          "targetUser": "",
          "targetDomain": "",
          "memberName": "",
          "memberSid": "",
          "groupName": "",
          "groupDomain": ""
        },
        "triage": {
          "status": "review",
          "score": 40,
          "reason": "Low or medium severity telemetry"
        }
      },
      {
        "id": "D3ssFaEBDhTRgcnGIz1g",
        "index": "wazuh-alerts-4.x-2026.10.07",
        "timestamp": "2026-10-07T07:02:53.599+0000",
        "agent": {
          "id": "001",
          "name": "WIN11-SOC-ENDPOINT",
          "ip": "192.168.64.3"
        },
        "manager": "wazuh.manager",
        "rule": {
          "id": "92217",
          "level": 6,
          "description": "Executable dropped in Windows root folder",
          "groups": [
            "sysmon",
            "sysmon_eid11_detections",
            "windows"
          ],
          "mitreId": "T1570",
          "mitreTactic": "Lateral Movement",
          "mitreTechnique": "Lateral Tool Transfer"
        },
        "event": {
          "channel": "Microsoft-Windows-Sysmon/Operational",
          "eventId": "11",
          "provider": "Microsoft-Windows-Sysmon",
          "message": "\"File created:\r\nRuleName: EXE\r\nUtcTime: 2026-10-07 07:02:32.519\r\nProcessGuid: {39942fc6-e497-6ac5-1f07-000000001400}\r\nProcessId: 9252\r\nImage: C:\\WINDOWS\\winsxs\\arm64_microsoft-windows-servicingstack_31bf3856ad364e35_10.0.26100.9156_none_a54640797734da81\\TiWorker.exe\r\nTargetFilename: C:\\Windows\\SoftwareDistribution\\Download\\700c4251285132d0\\Package_for_RollupFix~~arm64~~26100.9457.1.0\\arm64_microsoft-windows-deviceenroller_31bf3856ad364e35_10.0.26100.9444_none_5d0aee5dbd4e8006\\DeviceEnroller.exe\r\nCreationUtcTime: 2026-10-07 07:02:32.519\r\nUser: NT AUTHORITY\\SYSTEM\""
        },
        "process": {
          "image": "C:\\WINDOWS\\winsxs\\arm64_microsoft-windows-servicingstack_31bf3856ad364e35_10.0.26100.9156_none_a54640797734da81\\TiWorker.exe",
          "parentImage": "",
          "commandLine": "",
          "parentCommandLine": "",
          "currentDirectory": "",
          "user": "NT AUTHORITY\\SYSTEM",
          "processId": "9252",
          "parentProcessId": "",
          "hashes": ""
        },
        "account": {
          "action": "",
          "actor": "",
          "actorDomain": "",
          "actorUser": "",
          "targetUser": "",
          "targetDomain": "",
          "memberName": "",
          "memberSid": "",
          "groupName": "",
          "groupDomain": ""
        },
        "triage": {
          "status": "review",
          "score": 40,
          "reason": "Low or medium severity telemetry"
        }
      },
      {
        "id": "EHssFaEBDhTRgcnGIz1g",
        "index": "wazuh-alerts-4.x-2026.10.07",
        "timestamp": "2026-10-07T07:02:53.628+0000",
        "agent": {
          "id": "001",
          "name": "WIN11-SOC-ENDPOINT",
          "ip": "192.168.64.3"
        },
        "manager": "wazuh.manager",
        "rule": {
          "id": "92217",
          "level": 6,
          "description": "Executable dropped in Windows root folder",
          "groups": [
            "sysmon",
            "sysmon_eid11_detections",
            "windows"
          ],
          "mitreId": "T1570",
          "mitreTactic": "Lateral Movement",
          "mitreTechnique": "Lateral Tool Transfer"
        },
        "event": {
          "channel": "Microsoft-Windows-Sysmon/Operational",
          "eventId": "11",
          "provider": "Microsoft-Windows-Sysmon",
          "message": "\"File created:\r\nRuleName: DLL\r\nUtcTime: 2026-10-07 07:02:33.457\r\nProcessGuid: {39942fc6-e497-6ac5-1f07-000000001400}\r\nProcessId: 9252\r\nImage: C:\\WINDOWS\\winsxs\\arm64_microsoft-windows-servicingstack_31bf3856ad364e35_10.0.26100.9156_none_a54640797734da81\\TiWorker.exe\r\nTargetFilename: C:\\Windows\\SoftwareDistribution\\Download\\700c4251285132d0\\Package_for_RollupFix~~arm64~~26100.9457.1.0\\arm64_microsoft-windows-d..-agentgovernancecsp_31bf3856ad364e35_10.0.26100.9278_none_3eccf39bfca387e7\\AgentGovernanceCSP.dll\r\nCreationUtcTime: 2026-10-07 07:02:33.457\r\nUser: NT AUTHORITY\\SYSTEM\""
        },
        "process": {
          "image": "C:\\WINDOWS\\winsxs\\arm64_microsoft-windows-servicingstack_31bf3856ad364e35_10.0.26100.9156_none_a54640797734da81\\TiWorker.exe",
          "parentImage": "",
          "commandLine": "",
          "parentCommandLine": "",
          "currentDirectory": "",
          "user": "NT AUTHORITY\\SYSTEM",
          "processId": "9252",
          "parentProcessId": "",
          "hashes": ""
        },
        "account": {
          "action": "",
          "actor": "",
          "actorDomain": "",
          "actorUser": "",
          "targetUser": "",
          "targetDomain": "",
          "memberName": "",
          "memberSid": "",
          "groupName": "",
          "groupDomain": ""
        },
        "triage": {
          "status": "review",
          "score": 40,
          "reason": "Low or medium severity telemetry"
        }
      },
      {
        "id": "EXssFaEBDhTRgcnGIz1g",
        "index": "wazuh-alerts-4.x-2026.10.07",
        "timestamp": "2026-10-07T07:02:53.642+0000",
        "agent": {
          "id": "001",
          "name": "WIN11-SOC-ENDPOINT",
          "ip": "192.168.64.3"
        },
        "manager": "wazuh.manager",
        "rule": {
          "id": "92217",
          "level": 6,
          "description": "Executable dropped in Windows root folder",
          "groups": [
            "sysmon",
            "sysmon_eid11_detections",
            "windows"
          ],
          "mitreId": "T1570",
          "mitreTactic": "Lateral Movement",
          "mitreTechnique": "Lateral Tool Transfer"
        },
        "event": {
          "channel": "Microsoft-Windows-Sysmon/Operational",
          "eventId": "11",
          "provider": "Microsoft-Windows-Sysmon",
          "message": "\"File created:\r\nRuleName: EXE\r\nUtcTime: 2026-10-07 07:02:33.463\r\nProcessGuid: {39942fc6-e497-6ac5-1f07-000000001400}\r\nProcessId: 9252\r\nImage: C:\\WINDOWS\\winsxs\\arm64_microsoft-windows-servicingstack_31bf3856ad364e35_10.0.26100.9156_none_a54640797734da81\\TiWorker.exe\r\nTargetFilename: C:\\Windows\\SoftwareDistribution\\Download\\700c4251285132d0\\Package_for_RollupFix~~arm64~~26100.9457.1.0\\arm64_microsoft-windows-d..-certificateinstall_31bf3856ad364e35_10.0.26100.9444_none_d57ad1049b3a1f4d\\dmcertinst.exe\r\nCreationUtcTime: 2026-10-07 07:02:33.463\r\nUser: NT AUTHORITY\\SYSTEM\""
        },
        "process": {
          "image": "C:\\WINDOWS\\winsxs\\arm64_microsoft-windows-servicingstack_31bf3856ad364e35_10.0.26100.9156_none_a54640797734da81\\TiWorker.exe",
          "parentImage": "",
          "commandLine": "",
          "parentCommandLine": "",
          "currentDirectory": "",
          "user": "NT AUTHORITY\\SYSTEM",
          "processId": "9252",
          "parentProcessId": "",
          "hashes": ""
        },
        "account": {
          "action": "",
          "actor": "",
          "actorDomain": "",
          "actorUser": "",
          "targetUser": "",
          "targetDomain": "",
          "memberName": "",
          "memberSid": "",
          "groupName": "",
          "groupDomain": ""
        },
        "triage": {
          "status": "review",
          "score": 40,
          "reason": "Low or medium severity telemetry"
        }
      },
      {
        "id": "EnssFaEBDhTRgcnGIz1g",
        "index": "wazuh-alerts-4.x-2026.10.07",
        "timestamp": "2026-10-07T07:02:53.722+0000",
        "agent": {
          "id": "001",
          "name": "WIN11-SOC-ENDPOINT",
          "ip": "192.168.64.3"
        },
        "manager": "wazuh.manager",
        "rule": {
          "id": "92217",
          "level": 6,
          "description": "Executable dropped in Windows root folder",
          "groups": [
            "sysmon",
            "sysmon_eid11_detections",
            "windows"
          ],
          "mitreId": "T1570",
          "mitreTactic": "Lateral Movement",
          "mitreTechnique": "Lateral Tool Transfer"
        },
        "event": {
          "channel": "Microsoft-Windows-Sysmon/Operational",
          "eventId": "11",
          "provider": "Microsoft-Windows-Sysmon",
          "message": "\"File created:\r\nRuleName: DLL\r\nUtcTime: 2026-10-07 07:02:34.140\r\nProcessGuid: {39942fc6-e497-6ac5-1f07-000000001400}\r\nProcessId: 9252\r\nImage: C:\\WINDOWS\\winsxs\\arm64_microsoft-windows-servicingstack_31bf3856ad364e35_10.0.26100.9156_none_a54640797734da81\\TiWorker.exe\r\nTargetFilename: C:\\Windows\\SoftwareDistribution\\Download\\700c4251285132d0\\Package_for_RollupFix~~arm64~~26100.9457.1.0\\arm64_microsoft-windows-d..nagement-dmcmnutils_31bf3856ad364e35_10.0.26100.9444_none_32e406fa8f6cbdad\\dmcmnutils.dll\r\nCreationUtcTime: 2026-10-07 07:02:34.140\r\nUser: NT AUTHORITY\\SYSTEM\""
        },
        "process": {
          "image": "C:\\WINDOWS\\winsxs\\arm64_microsoft-windows-servicingstack_31bf3856ad364e35_10.0.26100.9156_none_a54640797734da81\\TiWorker.exe",
          "parentImage": "",
          "commandLine": "",
          "parentCommandLine": "",
          "currentDirectory": "",
          "user": "NT AUTHORITY\\SYSTEM",
          "processId": "9252",
          "parentProcessId": "",
          "hashes": ""
        },
        "account": {
          "action": "",
          "actor": "",
          "actorDomain": "",
          "actorUser": "",
          "targetUser": "",
          "targetDomain": "",
          "memberName": "",
          "memberSid": "",
          "groupName": "",
          "groupDomain": ""
        },
        "triage": {
          "status": "review",
          "score": 40,
          "reason": "Low or medium severity telemetry"
        }
      },
      {
        "id": "E3ssFaEBDhTRgcnGIz1g",
        "index": "wazuh-alerts-4.x-2026.10.07",
        "timestamp": "2026-10-07T07:02:53.734+0000",
        "agent": {
          "id": "001",
          "name": "WIN11-SOC-ENDPOINT",
          "ip": "192.168.64.3"
        },
        "manager": "wazuh.manager",
        "rule": {
          "id": "92217",
          "level": 6,
          "description": "Executable dropped in Windows root folder",
          "groups": [
            "sysmon",
            "sysmon_eid11_detections",
            "windows"
          ],
          "mitreId": "T1570",
          "mitreTactic": "Lateral Movement",
          "mitreTechnique": "Lateral Tool Transfer"
        },
        "event": {
          "channel": "Microsoft-Windows-Sysmon/Operational",
          "eventId": "11",
          "provider": "Microsoft-Windows-Sysmon",
          "message": "\"File created:\r\nRuleName: DLL\r\nUtcTime: 2026-10-07 07:02:34.190\r\nProcessGuid: {39942fc6-e497-6ac5-1f07-000000001400}\r\nProcessId: 9252\r\nImage: C:\\WINDOWS\\winsxs\\arm64_microsoft-windows-servicingstack_31bf3856ad364e35_10.0.26100.9156_none_a54640797734da81\\TiWorker.exe\r\nTargetFilename: C:\\Windows\\SoftwareDistribution\\Download\\700c4251285132d0\\Package_for_RollupFix~~arm64~~26100.9457.1.0\\arm64.x86_microsoft-windows-d..nagement-dmcmnutils_31bf3856ad364e35_10.0.26100.9278_none_d89143af13ac457c\\dmcmnutils.dll\r\nCreationUtcTime: 2026-10-07 07:02:34.190\r\nUser: NT AUTHORITY\\SYSTEM\""
        },
        "process": {
          "image": "C:\\WINDOWS\\winsxs\\arm64_microsoft-windows-servicingstack_31bf3856ad364e35_10.0.26100.9156_none_a54640797734da81\\TiWorker.exe",
          "parentImage": "",
          "commandLine": "",
          "parentCommandLine": "",
          "currentDirectory": "",
          "user": "NT AUTHORITY\\SYSTEM",
          "processId": "9252",
          "parentProcessId": "",
          "hashes": ""
        },
        "account": {
          "action": "",
          "actor": "",
          "actorDomain": "",
          "actorUser": "",
          "targetUser": "",
          "targetDomain": "",
          "memberName": "",
          "memberSid": "",
          "groupName": "",
          "groupDomain": ""
        },
        "triage": {
          "status": "review",
          "score": 40,
          "reason": "Low or medium severity telemetry"
        }
      },
      {
        "id": "FHssFaEBDhTRgcnGIz1g",
        "index": "wazuh-alerts-4.x-2026.10.07",
        "timestamp": "2026-10-07T07:02:53.749+0000",
        "agent": {
          "id": "001",
          "name": "WIN11-SOC-ENDPOINT",
          "ip": "192.168.64.3"
        },
        "manager": "wazuh.manager",
        "rule": {
          "id": "92217",
          "level": 6,
          "description": "Executable dropped in Windows root folder",
          "groups": [
            "sysmon",
            "sysmon_eid11_detections",
            "windows"
          ],
          "mitreId": "T1570",
          "mitreTactic": "Lateral Movement",
          "mitreTechnique": "Lateral Tool Transfer"
        },
        "event": {
          "channel": "Microsoft-Windows-Sysmon/Operational",
          "eventId": "11",
          "provider": "Microsoft-Windows-Sysmon",
          "message": "\"File created:\r\nRuleName: DLL\r\nUtcTime: 2026-10-07 07:02:34.337\r\nProcessGuid: {39942fc6-e497-6ac5-1f07-000000001400}\r\nProcessId: 9252\r\nImage: C:\\WINDOWS\\winsxs\\arm64_microsoft-windows-servicingstack_31bf3856ad364e35_10.0.26100.9156_none_a54640797734da81\\TiWorker.exe\r\nTargetFilename: C:\\Windows\\SoftwareDistribution\\Download\\700c4251285132d0\\Package_for_RollupFix~~arm64~~26100.9457.1.0\\arm64_microsoft-windows-d..ent-dmpolicymanager_31bf3856ad364e35_10.0.26100.9444_none_de27803a629c704b\\policymanager.dll\r\nCreationUtcTime: 2026-10-07 07:02:34.335\r\nUser: NT AUTHORITY\\SYSTEM\""
        },
        "process": {
          "image": "C:\\WINDOWS\\winsxs\\arm64_microsoft-windows-servicingstack_31bf3856ad364e35_10.0.26100.9156_none_a54640797734da81\\TiWorker.exe",
          "parentImage": "",
          "commandLine": "",
          "parentCommandLine": "",
          "currentDirectory": "",
          "user": "NT AUTHORITY\\SYSTEM",
          "processId": "9252",
          "parentProcessId": "",
          "hashes": ""
        },
        "account": {
          "action": "",
          "actor": "",
          "actorDomain": "",
          "actorUser": "",
          "targetUser": "",
          "targetDomain": "",
          "memberName": "",
          "memberSid": "",
          "groupName": "",
          "groupDomain": ""
        },
        "triage": {
          "status": "review",
          "score": 40,
          "reason": "Low or medium severity telemetry"
        }
      },
      {
        "id": "FXssFaEBDhTRgcnGIz1g",
        "index": "wazuh-alerts-4.x-2026.10.07",
        "timestamp": "2026-10-07T07:02:53.763+0000",
        "agent": {
          "id": "001",
          "name": "WIN11-SOC-ENDPOINT",
          "ip": "192.168.64.3"
        },
        "manager": "wazuh.manager",
        "rule": {
          "id": "92217",
          "level": 6,
          "description": "Executable dropped in Windows root folder",
          "groups": [
            "sysmon",
            "sysmon_eid11_detections",
            "windows"
          ],
          "mitreId": "T1570",
          "mitreTactic": "Lateral Movement",
          "mitreTechnique": "Lateral Tool Transfer"
        },
        "event": {
          "channel": "Microsoft-Windows-Sysmon/Operational",
          "eventId": "11",
          "provider": "Microsoft-Windows-Sysmon",
          "message": "\"File created:\r\nRuleName: DLL\r\nUtcTime: 2026-10-07 07:02:34.367\r\nProcessGuid: {39942fc6-e497-6ac5-1f07-000000001400}\r\nProcessId: 9252\r\nImage: C:\\WINDOWS\\winsxs\\arm64_microsoft-windows-servicingstack_31bf3856ad364e35_10.0.26100.9156_none_a54640797734da81\\TiWorker.exe\r\nTargetFilename: C:\\Windows\\SoftwareDistribution\\Download\\700c4251285132d0\\Package_for_RollupFix~~arm64~~26100.9457.1.0\\arm64.x86_microsoft-windows-d..ent-dmpolicymanager_31bf3856ad364e35_10.0.26100.9278_none_83d4bceee6dbf81a\\policymanager.dll\r\nCreationUtcTime: 2026-10-07 07:02:34.365\r\nUser: NT AUTHORITY\\SYSTEM\""
        },
        "process": {
          "image": "C:\\WINDOWS\\winsxs\\arm64_microsoft-windows-servicingstack_31bf3856ad364e35_10.0.26100.9156_none_a54640797734da81\\TiWorker.exe",
          "parentImage": "",
          "commandLine": "",
          "parentCommandLine": "",
          "currentDirectory": "",
          "user": "NT AUTHORITY\\SYSTEM",
          "processId": "9252",
          "parentProcessId": "",
          "hashes": ""
        },
        "account": {
          "action": "",
          "actor": "",
          "actorDomain": "",
          "actorUser": "",
          "targetUser": "",
          "targetDomain": "",
          "memberName": "",
          "memberSid": "",
          "groupName": "",
          "groupDomain": ""
        },
        "triage": {
          "status": "review",
          "score": 40,
          "reason": "Low or medium severity telemetry"
        }
      },
      {
        "id": "FnssFaEBDhTRgcnGIz1g",
        "index": "wazuh-alerts-4.x-2026.10.07",
        "timestamp": "2026-10-07T07:02:53.775+0000",
        "agent": {
          "id": "001",
          "name": "WIN11-SOC-ENDPOINT",
          "ip": "192.168.64.3"
        },
        "manager": "wazuh.manager",
        "rule": {
          "id": "92217",
          "level": 6,
          "description": "Executable dropped in Windows root folder",
          "groups": [
            "sysmon",
            "sysmon_eid11_detections",
            "windows"
          ],
          "mitreId": "T1570",
          "mitreTactic": "Lateral Movement",
          "mitreTechnique": "Lateral Tool Transfer"
        },
        "event": {
          "channel": "Microsoft-Windows-Sysmon/Operational",
          "eventId": "11",
          "provider": "Microsoft-Windows-Sysmon",
          "message": "\"File created:\r\nRuleName: DLL\r\nUtcTime: 2026-10-07 07:02:34.790\r\nProcessGuid: {39942fc6-e497-6ac5-1f07-000000001400}\r\nProcessId: 9252\r\nImage: C:\\WINDOWS\\winsxs\\arm64_microsoft-windows-servicingstack_31bf3856ad364e35_10.0.26100.9156_none_a54640797734da81\\TiWorker.exe\r\nTargetFilename: C:\\Windows\\SoftwareDistribution\\Download\\700c4251285132d0\\Package_for_RollupFix~~arm64~~26100.9457.1.0\\arm64_microsoft-windows-d..ment-enterprisecsps_31bf3856ad364e35_10.0.26100.9444_none_e7f898758ea0b333\\enterprisecsps.dll\r\nCreationUtcTime: 2026-10-07 07:02:34.790\r\nUser: NT AUTHORITY\\SYSTEM\""
        },
        "process": {
          "image": "C:\\WINDOWS\\winsxs\\arm64_microsoft-windows-servicingstack_31bf3856ad364e35_10.0.26100.9156_none_a54640797734da81\\TiWorker.exe",
          "parentImage": "",
          "commandLine": "",
          "parentCommandLine": "",
          "currentDirectory": "",
          "user": "NT AUTHORITY\\SYSTEM",
          "processId": "9252",
          "parentProcessId": "",
          "hashes": ""
        },
        "account": {
          "action": "",
          "actor": "",
          "actorDomain": "",
          "actorUser": "",
          "targetUser": "",
          "targetDomain": "",
          "memberName": "",
          "memberSid": "",
          "groupName": "",
          "groupDomain": ""
        },
        "triage": {
          "status": "review",
          "score": 40,
          "reason": "Low or medium severity telemetry"
        }
      },
      {
        "id": "F3ssFaEBDhTRgcnGIz1g",
        "index": "wazuh-alerts-4.x-2026.10.07",
        "timestamp": "2026-10-07T07:02:53.788+0000",
        "agent": {
          "id": "001",
          "name": "WIN11-SOC-ENDPOINT",
          "ip": "192.168.64.3"
        },
        "manager": "wazuh.manager",
        "rule": {
          "id": "92217",
          "level": 6,
          "description": "Executable dropped in Windows root folder",
          "groups": [
            "sysmon",
            "sysmon_eid11_detections",
            "windows"
          ],
          "mitreId": "T1570",
          "mitreTactic": "Lateral Movement",
          "mitreTechnique": "Lateral Tool Transfer"
        },
        "event": {
          "channel": "Microsoft-Windows-Sysmon/Operational",
          "eventId": "11",
          "provider": "Microsoft-Windows-Sysmon",
          "message": "\"File created:\r\nRuleName: DLL\r\nUtcTime: 2026-10-07 07:02:34.913\r\nProcessGuid: {39942fc6-e497-6ac5-1f07-000000001400}\r\nProcessId: 9252\r\nImage: C:\\WINDOWS\\winsxs\\arm64_microsoft-windows-servicingstack_31bf3856ad364e35_10.0.26100.9156_none_a54640797734da81\\TiWorker.exe\r\nTargetFilename: C:\\Windows\\SoftwareDistribution\\Download\\700c4251285132d0\\Package_for_RollupFix~~arm64~~26100.9457.1.0\\arm64_microsoft-windows-d..terprisediagnostics_31bf3856ad364e35_10.0.26100.9444_none_6ce4cfcc33c84480\\dmenterprisediagnostics.dll\r\nCreationUtcTime: 2026-10-07 07:02:34.913\r\nUser: NT AUTHORITY\\SYSTEM\""
        },
        "process": {
          "image": "C:\\WINDOWS\\winsxs\\arm64_microsoft-windows-servicingstack_31bf3856ad364e35_10.0.26100.9156_none_a54640797734da81\\TiWorker.exe",
          "parentImage": "",
          "commandLine": "",
          "parentCommandLine": "",
          "currentDirectory": "",
          "user": "NT AUTHORITY\\SYSTEM",
          "processId": "9252",
          "parentProcessId": "",
          "hashes": ""
        },
        "account": {
          "action": "",
          "actor": "",
          "actorDomain": "",
          "actorUser": "",
          "targetUser": "",
          "targetDomain": "",
          "memberName": "",
          "memberSid": "",
          "groupName": "",
          "groupDomain": ""
        },
        "triage": {
          "status": "review",
          "score": 40,
          "reason": "Low or medium severity telemetry"
        }
      },
      {
        "id": "GHssFaEBDhTRgcnGIz1g",
        "index": "wazuh-alerts-4.x-2026.10.07",
        "timestamp": "2026-10-07T07:02:53.801+0000",
        "agent": {
          "id": "001",
          "name": "WIN11-SOC-ENDPOINT",
          "ip": "192.168.64.3"
        },
        "manager": "wazuh.manager",
        "rule": {
          "id": "92217",
          "level": 6,
          "description": "Executable dropped in Windows root folder",
          "groups": [
            "sysmon",
            "sysmon_eid11_detections",
            "windows"
          ],
          "mitreId": "T1570",
          "mitreTactic": "Lateral Movement",
          "mitreTechnique": "Lateral Tool Transfer"
        },
        "event": {
          "channel": "Microsoft-Windows-Sysmon/Operational",
          "eventId": "11",
          "provider": "Microsoft-Windows-Sysmon",
          "message": "\"File created:\r\nRuleName: DLL\r\nUtcTime: 2026-10-07 07:02:35.212\r\nProcessGuid: {39942fc6-e497-6ac5-1f07-000000001400}\r\nProcessId: 9252\r\nImage: C:\\WINDOWS\\winsxs\\arm64_microsoft-windows-servicingstack_31bf3856ad364e35_10.0.26100.9156_none_a54640797734da81\\TiWorker.exe\r\nTargetFilename: C:\\Windows\\SoftwareDistribution\\Download\\700c4251285132d0\\Package_for_RollupFix~~arm64~~26100.9457.1.0\\arm64_microsoft-windows-d..management-omadmapi_31bf3856ad364e35_10.0.26100.9444_none_4b03431fefab50e7\\omadmapi.dll\r\nCreationUtcTime: 2026-10-07 07:02:35.212\r\nUser: NT AUTHORITY\\SYSTEM\""
        },
        "process": {
          "image": "C:\\WINDOWS\\winsxs\\arm64_microsoft-windows-servicingstack_31bf3856ad364e35_10.0.26100.9156_none_a54640797734da81\\TiWorker.exe",
          "parentImage": "",
          "commandLine": "",
          "parentCommandLine": "",
          "currentDirectory": "",
          "user": "NT AUTHORITY\\SYSTEM",
          "processId": "9252",
          "parentProcessId": "",
          "hashes": ""
        },
        "account": {
          "action": "",
          "actor": "",
          "actorDomain": "",
          "actorUser": "",
          "targetUser": "",
          "targetDomain": "",
          "memberName": "",
          "memberSid": "",
          "groupName": "",
          "groupDomain": ""
        },
        "triage": {
          "status": "review",
          "score": 40,
          "reason": "Low or medium severity telemetry"
        }
      },
      {
        "id": "GXssFaEBDhTRgcnGIz1g",
        "index": "wazuh-alerts-4.x-2026.10.07",
        "timestamp": "2026-10-07T07:02:53.831+0000",
        "agent": {
          "id": "001",
          "name": "WIN11-SOC-ENDPOINT",
          "ip": "192.168.64.3"
        },
        "manager": "wazuh.manager",
        "rule": {
          "id": "92217",
          "level": 6,
          "description": "Executable dropped in Windows root folder",
          "groups": [
            "sysmon",
            "sysmon_eid11_detections",
            "windows"
          ],
          "mitreId": "T1570",
          "mitreTactic": "Lateral Movement",
          "mitreTechnique": "Lateral Tool Transfer"
        },
        "event": {
          "channel": "Microsoft-Windows-Sysmon/Operational",
          "eventId": "11",
          "provider": "Microsoft-Windows-Sysmon",
          "message": "\"File created:\r\nRuleName: DLL\r\nUtcTime: 2026-10-07 07:02:35.226\r\nProcessGuid: {39942fc6-e497-6ac5-1f07-000000001400}\r\nProcessId: 9252\r\nImage: C:\\WINDOWS\\winsxs\\arm64_microsoft-windows-servicingstack_31bf3856ad364e35_10.0.26100.9156_none_a54640797734da81\\TiWorker.exe\r\nTargetFilename: C:\\Windows\\SoftwareDistribution\\Download\\700c4251285132d0\\Package_for_RollupFix~~arm64~~26100.9457.1.0\\arm64.x86_microsoft-windows-d..management-omadmapi_31bf3856ad364e35_10.0.26100.9444_none_f0983a3e73fd5e0f\\omadmapi.dll\r\nCreationUtcTime: 2026-10-07 07:02:35.226\r\nUser: NT AUTHORITY\\SYSTEM\""
        },
        "process": {
          "image": "C:\\WINDOWS\\winsxs\\arm64_microsoft-windows-servicingstack_31bf3856ad364e35_10.0.26100.9156_none_a54640797734da81\\TiWorker.exe",
          "parentImage": "",
          "commandLine": "",
          "parentCommandLine": "",
          "currentDirectory": "",
          "user": "NT AUTHORITY\\SYSTEM",
          "processId": "9252",
          "parentProcessId": "",
          "hashes": ""
        },
        "account": {
          "action": "",
          "actor": "",
          "actorDomain": "",
          "actorUser": "",
          "targetUser": "",
          "targetDomain": "",
          "memberName": "",
          "memberSid": "",
          "groupName": "",
          "groupDomain": ""
        },
        "triage": {
          "status": "review",
          "score": 40,
          "reason": "Low or medium severity telemetry"
        }
      },
      {
        "id": "GnssFaEBDhTRgcnGIz1g",
        "index": "wazuh-alerts-4.x-2026.10.07",
        "timestamp": "2026-10-07T07:02:53.839+0000",
        "agent": {
          "id": "001",
          "name": "WIN11-SOC-ENDPOINT",
          "ip": "192.168.64.3"
        },
        "manager": "wazuh.manager",
        "rule": {
          "id": "92217",
          "level": 6,
          "description": "Executable dropped in Windows root folder",
          "groups": [
            "sysmon",
            "sysmon_eid11_detections",
            "windows"
          ],
          "mitreId": "T1570",
          "mitreTactic": "Lateral Movement",
          "mitreTechnique": "Lateral Tool Transfer"
        },
        "event": {
          "channel": "Microsoft-Windows-Sysmon/Operational",
          "eventId": "11",
          "provider": "Microsoft-Windows-Sysmon",
          "message": "\"File created:\r\nRuleName: EXE\r\nUtcTime: 2026-10-07 07:02:35.233\r\nProcessGuid: {39942fc6-e497-6ac5-1f07-000000001400}\r\nProcessId: 9252\r\nImage: C:\\WINDOWS\\winsxs\\arm64_microsoft-windows-servicingstack_31bf3856ad364e35_10.0.26100.9156_none_a54640797734da81\\TiWorker.exe\r\nTargetFilename: C:\\Windows\\SoftwareDistribution\\Download\\700c4251285132d0\\Package_for_RollupFix~~arm64~~26100.9457.1.0\\arm64_microsoft-windows-d..agement-omadmclient_31bf3856ad364e35_10.0.26100.9444_none_ef65730c3183380e\\omadmclient.exe\r\nCreationUtcTime: 2026-10-07 07:02:35.233\r\nUser: NT AUTHORITY\\SYSTEM\""
        },
        "process": {
          "image": "C:\\WINDOWS\\winsxs\\arm64_microsoft-windows-servicingstack_31bf3856ad364e35_10.0.26100.9156_none_a54640797734da81\\TiWorker.exe",
          "parentImage": "",
          "commandLine": "",
          "parentCommandLine": "",
          "currentDirectory": "",
          "user": "NT AUTHORITY\\SYSTEM",
          "processId": "9252",
          "parentProcessId": "",
          "hashes": ""
        },
        "account": {
          "action": "",
          "actor": "",
          "actorDomain": "",
          "actorUser": "",
          "targetUser": "",
          "targetDomain": "",
          "memberName": "",
          "memberSid": "",
          "groupName": "",
          "groupDomain": ""
        },
        "triage": {
          "status": "review",
          "score": 40,
          "reason": "Low or medium severity telemetry"
        }
      },
      {
        "id": "G3ssFaEBDhTRgcnGIz1g",
        "index": "wazuh-alerts-4.x-2026.10.07",
        "timestamp": "2026-10-07T07:02:53.858+0000",
        "agent": {
          "id": "001",
          "name": "WIN11-SOC-ENDPOINT",
          "ip": "192.168.64.3"
        },
        "manager": "wazuh.manager",
        "rule": {
          "id": "92217",
          "level": 6,
          "description": "Executable dropped in Windows root folder",
          "groups": [
            "sysmon",
            "sysmon_eid11_detections",
            "windows"
          ],
          "mitreId": "T1570",
          "mitreTactic": "Lateral Movement",
          "mitreTechnique": "Lateral Tool Transfer"
        },
        "event": {
          "channel": "Microsoft-Windows-Sysmon/Operational",
          "eventId": "11",
          "provider": "Microsoft-Windows-Sysmon",
          "message": "\"File created:\r\nRuleName: EXE\r\nUtcTime: 2026-10-07 07:02:35.246\r\nProcessGuid: {39942fc6-e497-6ac5-1f07-000000001400}\r\nProcessId: 9252\r\nImage: C:\\WINDOWS\\winsxs\\arm64_microsoft-windows-servicingstack_31bf3856ad364e35_10.0.26100.9156_none_a54640797734da81\\TiWorker.exe\r\nTargetFilename: C:\\Windows\\SoftwareDistribution\\Download\\700c4251285132d0\\Package_for_RollupFix~~arm64~~26100.9457.1.0\\arm64_microsoft-windows-d..management-omadmprc_31bf3856ad364e35_10.0.26100.9444_none_518e8d3deb7a34a8\\omadmprc.exe\r\nCreationUtcTime: 2026-10-07 07:02:35.246\r\nUser: NT AUTHORITY\\SYSTEM\""
        },
        "process": {
          "image": "C:\\WINDOWS\\winsxs\\arm64_microsoft-windows-servicingstack_31bf3856ad364e35_10.0.26100.9156_none_a54640797734da81\\TiWorker.exe",
          "parentImage": "",
          "commandLine": "",
          "parentCommandLine": "",
          "currentDirectory": "",
          "user": "NT AUTHORITY\\SYSTEM",
          "processId": "9252",
          "parentProcessId": "",
          "hashes": ""
        },
        "account": {
          "action": "",
          "actor": "",
          "actorDomain": "",
          "actorUser": "",
          "targetUser": "",
          "targetDomain": "",
          "memberName": "",
          "memberSid": "",
          "groupName": "",
          "groupDomain": ""
        },
        "triage": {
          "status": "review",
          "score": 40,
          "reason": "Low or medium severity telemetry"
        }
      },
      {
        "id": "HHssFaEBDhTRgcnGIz1g",
        "index": "wazuh-alerts-4.x-2026.10.07",
        "timestamp": "2026-10-07T07:02:53.883+0000",
        "agent": {
          "id": "001",
          "name": "WIN11-SOC-ENDPOINT",
          "ip": "192.168.64.3"
        },
        "manager": "wazuh.manager",
        "rule": {
          "id": "92217",
          "level": 6,
          "description": "Executable dropped in Windows root folder",
          "groups": [
            "sysmon",
            "sysmon_eid11_detections",
            "windows"
          ],
          "mitreId": "T1570",
          "mitreTactic": "Lateral Movement",
          "mitreTechnique": "Lateral Tool Transfer"
        },
        "event": {
          "channel": "Microsoft-Windows-Sysmon/Operational",
          "eventId": "11",
          "provider": "Microsoft-Windows-Sysmon",
          "message": "\"File created:\r\nRuleName: DLL\r\nUtcTime: 2026-10-07 07:02:38.010\r\nProcessGuid: {39942fc6-e497-6ac5-1f07-000000001400}\r\nProcessId: 9252\r\nImage: C:\\WINDOWS\\winsxs\\arm64_microsoft-windows-servicingstack_31bf3856ad364e35_10.0.26100.9156_none_a54640797734da81\\TiWorker.exe\r\nTargetFilename: C:\\Windows\\SoftwareDistribution\\Download\\700c4251285132d0\\Package_for_RollupFix~~arm64~~26100.9457.1.0\\arm64_microsoft-windows-d..ights-configuration_31bf3856ad364e35_10.0.26100.9278_none_9b6a77e71f1ce370\\Windows.Internal.Devices.Lights.Configuration.dll\r\nCreationUtcTime: 2026-10-07 07:02:38.010\r\nUser: NT AUTHORITY\\SYSTEM\""
        },
        "process": {
          "image": "C:\\WINDOWS\\winsxs\\arm64_microsoft-windows-servicingstack_31bf3856ad364e35_10.0.26100.9156_none_a54640797734da81\\TiWorker.exe",
          "parentImage": "",
          "commandLine": "",
          "parentCommandLine": "",
          "currentDirectory": "",
          "user": "NT AUTHORITY\\SYSTEM",
          "processId": "9252",
          "parentProcessId": "",
          "hashes": ""
        },
        "account": {
          "action": "",
          "actor": "",
          "actorDomain": "",
          "actorUser": "",
          "targetUser": "",
          "targetDomain": "",
          "memberName": "",
          "memberSid": "",
          "groupName": "",
          "groupDomain": ""
        },
        "triage": {
          "status": "review",
          "score": 40,
          "reason": "Low or medium severity telemetry"
        }
      },
      {
        "id": "HXssFaEBDhTRgcnGIz1g",
        "index": "wazuh-alerts-4.x-2026.10.07",
        "timestamp": "2026-10-07T07:02:54.091+0000",
        "agent": {
          "id": "001",
          "name": "WIN11-SOC-ENDPOINT",
          "ip": "192.168.64.3"
        },
        "manager": "wazuh.manager",
        "rule": {
          "id": "92217",
          "level": 6,
          "description": "Executable dropped in Windows root folder",
          "groups": [
            "sysmon",
            "sysmon_eid11_detections",
            "windows"
          ],
          "mitreId": "T1570",
          "mitreTactic": "Lateral Movement",
          "mitreTechnique": "Lateral Tool Transfer"
        },
        "event": {
          "channel": "Microsoft-Windows-Sysmon/Operational",
          "eventId": "11",
          "provider": "Microsoft-Windows-Sysmon",
          "message": "\"File created:\r\nRuleName: DLL\r\nUtcTime: 2026-10-07 07:02:38.738\r\nProcessGuid: {39942fc6-e497-6ac5-1f07-000000001400}\r\nProcessId: 9252\r\nImage: C:\\WINDOWS\\winsxs\\arm64_microsoft-windows-servicingstack_31bf3856ad364e35_10.0.26100.9156_none_a54640797734da81\\TiWorker.exe\r\nTargetFilename: C:\\Windows\\SoftwareDistribution\\Download\\700c4251285132d0\\Package_for_RollupFix~~arm64~~26100.9457.1.0\\arm64_microsoft-windows-devices-midi2_31bf3856ad364e35_10.0.26100.9457_none_1914493ce1751c44\\Midi2.BS2UMPTransform.dll\r\nCreationUtcTime: 2026-10-07 07:02:38.736\r\nUser: NT AUTHORITY\\SYSTEM\""
        },
        "process": {
          "image": "C:\\WINDOWS\\winsxs\\arm64_microsoft-windows-servicingstack_31bf3856ad364e35_10.0.26100.9156_none_a54640797734da81\\TiWorker.exe",
          "parentImage": "",
          "commandLine": "",
          "parentCommandLine": "",
          "currentDirectory": "",
          "user": "NT AUTHORITY\\SYSTEM",
          "processId": "9252",
          "parentProcessId": "",
          "hashes": ""
        },
        "account": {
          "action": "",
          "actor": "",
          "actorDomain": "",
          "actorUser": "",
          "targetUser": "",
          "targetDomain": "",
          "memberName": "",
          "memberSid": "",
          "groupName": "",
          "groupDomain": ""
        },
        "triage": {
          "status": "review",
          "score": 40,
          "reason": "Low or medium severity telemetry"
        }
      },
      {
        "id": "HnssFaEBDhTRgcnGIz1g",
        "index": "wazuh-alerts-4.x-2026.10.07",
        "timestamp": "2026-10-07T07:02:54.239+0000",
        "agent": {
          "id": "001",
          "name": "WIN11-SOC-ENDPOINT",
          "ip": "192.168.64.3"
        },
        "manager": "wazuh.manager",
        "rule": {
          "id": "92217",
          "level": 6,
          "description": "Executable dropped in Windows root folder",
          "groups": [
            "sysmon",
            "sysmon_eid11_detections",
            "windows"
          ],
          "mitreId": "T1570",
          "mitreTactic": "Lateral Movement",
          "mitreTechnique": "Lateral Tool Transfer"
        },
        "event": {
          "channel": "Microsoft-Windows-Sysmon/Operational",
          "eventId": "11",
          "provider": "Microsoft-Windows-Sysmon",
          "message": "\"File created:\r\nRuleName: DLL\r\nUtcTime: 2026-10-07 07:02:38.774\r\nProcessGuid: {39942fc6-e497-6ac5-1f07-000000001400}\r\nProcessId: 9252\r\nImage: C:\\WINDOWS\\winsxs\\arm64_microsoft-windows-servicingstack_31bf3856ad364e35_10.0.26100.9156_none_a54640797734da81\\TiWorker.exe\r\nTargetFilename: C:\\Windows\\SoftwareDistribution\\Download\\700c4251285132d0\\Package_for_RollupFix~~arm64~~26100.9457.1.0\\arm64_microsoft-windows-devices-midi2_31bf3856ad364e35_10.0.26100.9457_none_1914493ce1751c44\\Midi2.DiagnosticsTransport.dll\r\nCreationUtcTime: 2026-10-07 07:02:38.774\r\nUser: NT AUTHORITY\\SYSTEM\""
        },
        "process": {
          "image": "C:\\WINDOWS\\winsxs\\arm64_microsoft-windows-servicingstack_31bf3856ad364e35_10.0.26100.9156_none_a54640797734da81\\TiWorker.exe",
          "parentImage": "",
          "commandLine": "",
          "parentCommandLine": "",
          "currentDirectory": "",
          "user": "NT AUTHORITY\\SYSTEM",
          "processId": "9252",
          "parentProcessId": "",
          "hashes": ""
        },
        "account": {
          "action": "",
          "actor": "",
          "actorDomain": "",
          "actorUser": "",
          "targetUser": "",
          "targetDomain": "",
          "memberName": "",
          "memberSid": "",
          "groupName": "",
          "groupDomain": ""
        },
        "triage": {
          "status": "review",
          "score": 40,
          "reason": "Low or medium severity telemetry"
        }
      },
      {
        "id": "H3ssFaEBDhTRgcnGIz1g",
        "index": "wazuh-alerts-4.x-2026.10.07",
        "timestamp": "2026-10-07T07:02:54.240+0000",
        "agent": {
          "id": "001",
          "name": "WIN11-SOC-ENDPOINT",
          "ip": "192.168.64.3"
        },
        "manager": "wazuh.manager",
        "rule": {
          "id": "92217",
          "level": 6,
          "description": "Executable dropped in Windows root folder",
          "groups": [
            "sysmon",
            "sysmon_eid11_detections",
            "windows"
          ],
          "mitreId": "T1570",
          "mitreTactic": "Lateral Movement",
          "mitreTechnique": "Lateral Tool Transfer"
        },
        "event": {
          "channel": "Microsoft-Windows-Sysmon/Operational",
          "eventId": "11",
          "provider": "Microsoft-Windows-Sysmon",
          "message": "\"File created:\r\nRuleName: DLL\r\nUtcTime: 2026-10-07 07:02:38.808\r\nProcessGuid: {39942fc6-e497-6ac5-1f07-000000001400}\r\nProcessId: 9252\r\nImage: C:\\WINDOWS\\winsxs\\arm64_microsoft-windows-servicingstack_31bf3856ad364e35_10.0.26100.9156_none_a54640797734da81\\TiWorker.exe\r\nTargetFilename: C:\\Windows\\SoftwareDistribution\\Download\\700c4251285132d0\\Package_for_RollupFix~~arm64~~26100.9457.1.0\\arm64_microsoft-windows-devices-midi2_31bf3856ad364e35_10.0.26100.9457_none_1914493ce1751c44\\Midi2.KSAggregateTransport.dll\r\nCreationUtcTime: 2026-10-07 07:02:38.808\r\nUser: NT AUTHORITY\\SYSTEM\""
        },
        "process": {
          "image": "C:\\WINDOWS\\winsxs\\arm64_microsoft-windows-servicingstack_31bf3856ad364e35_10.0.26100.9156_none_a54640797734da81\\TiWorker.exe",
          "parentImage": "",
          "commandLine": "",
          "parentCommandLine": "",
          "currentDirectory": "",
          "user": "NT AUTHORITY\\SYSTEM",
          "processId": "9252",
          "parentProcessId": "",
          "hashes": ""
        },
        "account": {
          "action": "",
          "actor": "",
          "actorDomain": "",
          "actorUser": "",
          "targetUser": "",
          "targetDomain": "",
          "memberName": "",
          "memberSid": "",
          "groupName": "",
          "groupDomain": ""
        },
        "triage": {
          "status": "review",
          "score": 40,
          "reason": "Low or medium severity telemetry"
        }
      },
      {
        "id": "IHssFaEBDhTRgcnGIz1g",
        "index": "wazuh-alerts-4.x-2026.10.07",
        "timestamp": "2026-10-07T07:02:54.262+0000",
        "agent": {
          "id": "001",
          "name": "WIN11-SOC-ENDPOINT",
          "ip": "192.168.64.3"
        },
        "manager": "wazuh.manager",
        "rule": {
          "id": "92217",
          "level": 6,
          "description": "Executable dropped in Windows root folder",
          "groups": [
            "sysmon",
            "sysmon_eid11_detections",
            "windows"
          ],
          "mitreId": "T1570",
          "mitreTactic": "Lateral Movement",
          "mitreTechnique": "Lateral Tool Transfer"
        },
        "event": {
          "channel": "Microsoft-Windows-Sysmon/Operational",
          "eventId": "11",
          "provider": "Microsoft-Windows-Sysmon",
          "message": "\"File created:\r\nRuleName: DLL\r\nUtcTime: 2026-10-07 07:02:38.873\r\nProcessGuid: {39942fc6-e497-6ac5-1f07-000000001400}\r\nProcessId: 9252\r\nImage: C:\\WINDOWS\\winsxs\\arm64_microsoft-windows-servicingstack_31bf3856ad364e35_10.0.26100.9156_none_a54640797734da81\\TiWorker.exe\r\nTargetFilename: C:\\Windows\\SoftwareDistribution\\Download\\700c4251285132d0\\Package_for_RollupFix~~arm64~~26100.9457.1.0\\arm64_microsoft-windows-devices-midi2_31bf3856ad364e35_10.0.26100.9457_none_1914493ce1751c44\\Midi2.KSTransport.dll\r\nCreationUtcTime: 2026-10-07 07:02:38.873\r\nUser: NT AUTHORITY\\SYSTEM\""
        },
        "process": {
          "image": "C:\\WINDOWS\\winsxs\\arm64_microsoft-windows-servicingstack_31bf3856ad364e35_10.0.26100.9156_none_a54640797734da81\\TiWorker.exe",
          "parentImage": "",
          "commandLine": "",
          "parentCommandLine": "",
          "currentDirectory": "",
          "user": "NT AUTHORITY\\SYSTEM",
          "processId": "9252",
          "parentProcessId": "",
          "hashes": ""
        },
        "account": {
          "action": "",
          "actor": "",
          "actorDomain": "",
          "actorUser": "",
          "targetUser": "",
          "targetDomain": "",
          "memberName": "",
          "memberSid": "",
          "groupName": "",
          "groupDomain": ""
        },
        "triage": {
          "status": "review",
          "score": 40,
          "reason": "Low or medium severity telemetry"
        }
      }
    ],
    "wXs0FaEBDhTRgcnG-z_r": [
      {
        "id": "DXssFaEBDhTRgcnGIz1g",
        "index": "wazuh-alerts-4.x-2026.10.07",
        "timestamp": "2026-10-07T07:02:53.451+0000",
        "agent": {
          "id": "001",
          "name": "WIN11-SOC-ENDPOINT",
          "ip": "192.168.64.3"
        },
        "manager": "wazuh.manager",
        "rule": {
          "id": "92217",
          "level": 6,
          "description": "Executable dropped in Windows root folder",
          "groups": [
            "sysmon",
            "sysmon_eid11_detections",
            "windows"
          ],
          "mitreId": "T1570",
          "mitreTactic": "Lateral Movement",
          "mitreTechnique": "Lateral Tool Transfer"
        },
        "event": {
          "channel": "Microsoft-Windows-Sysmon/Operational",
          "eventId": "11",
          "provider": "Microsoft-Windows-Sysmon",
          "message": "\"File created:\r\nRuleName: DLL\r\nUtcTime: 2026-10-07 07:02:21.942\r\nProcessGuid: {39942fc6-e497-6ac5-1f07-000000001400}\r\nProcessId: 9252\r\nImage: C:\\WINDOWS\\winsxs\\arm64_microsoft-windows-servicingstack_31bf3856ad364e35_10.0.26100.9156_none_a54640797734da81\\TiWorker.exe\r\nTargetFilename: C:\\Windows\\SoftwareDistribution\\Download\\700c4251285132d0\\Package_for_RollupFix~~arm64~~26100.9457.1.0\\arm64_microsoft-windows-d..-winproviders-image_31bf3856ad364e35_10.0.26100.9278_none_3abd577ad9b32a65\\MsuProvider.dll\r\nCreationUtcTime: 2026-10-07 07:02:21.942\r\nUser: NT AUTHORITY\\SYSTEM\""
        },
        "process": {
          "image": "C:\\WINDOWS\\winsxs\\arm64_microsoft-windows-servicingstack_31bf3856ad364e35_10.0.26100.9156_none_a54640797734da81\\TiWorker.exe",
          "parentImage": "",
          "commandLine": "",
          "parentCommandLine": "",
          "currentDirectory": "",
          "user": "NT AUTHORITY\\SYSTEM",
          "processId": "9252",
          "parentProcessId": "",
          "hashes": ""
        },
        "account": {
          "action": "",
          "actor": "",
          "actorDomain": "",
          "actorUser": "",
          "targetUser": "",
          "targetDomain": "",
          "memberName": "",
          "memberSid": "",
          "groupName": "",
          "groupDomain": ""
        },
        "triage": {
          "status": "review",
          "score": 40,
          "reason": "Low or medium severity telemetry"
        }
      },
