      {
        "id": "zHs1FaEBDhTRgcnGlD-A",
        "index": "wazuh-alerts-4.x-2026.10.07",
        "timestamp": "2026-10-07T07:13:11.196+0000",
        "agent": {
          "id": "001",
          "name": "WIN11-SOC-ENDPOINT",
          "ip": "192.168.64.3"
        },
        "manager": "wazuh.manager",
        "rule": {
          "id": "19005",
          "level": 9,
          "description": "SCA summary: CIS Microsoft Windows 11 Enterprise Benchmark v3.0.0: Score less than 30% (26)",
          "groups": [
            "sca"
          ],
          "mitreId": "",
          "mitreTactic": "",
          "mitreTechnique": ""
        },
        "event": {
          "channel": "",
          "eventId": "",
          "provider": "",
          "message": ""
        },
        "process": {
          "image": "",
          "parentImage": "",
          "commandLine": "",
          "parentCommandLine": "",
          "currentDirectory": "",
          "user": "",
          "processId": "",
          "parentProcessId": "",
          "hashes": ""
        },
        "account": {
          "action": "",
          "actor": "",
          "actorDomain": "",
          "actorUser": "",
          "targetUser": "",
          "targetDomain": "",
          "memberName": "",
          "memberSid": "",
          "groupName": "",
          "groupDomain": ""
        },
        "triage": {
          "status": "review",
          "score": 40,
          "reason": "Low or medium severity telemetry"
        }
      },
      {
        "id": "x3s1FaEBDhTRgcnGeT8i",
        "index": "wazuh-alerts-4.x-2026.10.07",
        "timestamp": "2026-10-07T07:13:02.739+0000",
        "agent": {
          "id": "001",
          "name": "WIN11-SOC-ENDPOINT",
          "ip": "192.168.64.3"
        },
        "manager": "wazuh.manager",
        "rule": {
          "id": "19012",
          "level": 5,
          "description": "CIS Microsoft Windows 11 Enterprise Benchmark v3.0.0: Ensure 'Accounts: Guest account status' is set to 'Disabled'.: Status changed from passed to 'not applicable'",
          "groups": [
            "sca"
          ],
          "mitreId": "",
          "mitreTactic": "",
          "mitreTechnique": ""
        },
        "event": {
          "channel": "",
          "eventId": "",
          "provider": "",
          "message": ""
        },
        "process": {
          "image": "",
          "parentImage": "",
          "commandLine": "",
          "parentCommandLine": "",
          "currentDirectory": "",
          "user": "",
          "processId": "",
          "parentProcessId": "",
          "hashes": ""
        },
        "account": {
          "action": "",
          "actor": "",
          "actorDomain": "",
          "actorUser": "",
          "targetUser": "",
          "targetDomain": "",
          "memberName": "",
          "memberSid": "",
          "groupName": "",
          "groupDomain": ""
        },
        "triage": {
          "status": "review",
          "score": 40,
          "reason": "Low or medium severity telemetry"
        }
      },
      {
        "id": "xns1FaEBDhTRgcnGXj8Y",
        "index": "wazuh-alerts-4.x-2026.10.07",
        "timestamp": "2026-10-07T07:12:59.649+0000",
        "agent": {
          "id": "001",
          "name": "WIN11-SOC-ENDPOINT",
          "ip": "192.168.64.3"
        },
        "manager": "wazuh.manager",
        "rule": {
          "id": "92205",
          "level": 9,
          "description": "Powershell process created an executable file in Windows root folder",
          "groups": [
            "sysmon",
            "sysmon_eid11_detections",
            "windows"
          ],
          "mitreId": "T1105",
          "mitreTactic": "Command and Control",
          "mitreTechnique": "Ingress Tool Transfer"
        },
        "event": {
          "channel": "Microsoft-Windows-Sysmon/Operational",
          "eventId": "11",
          "provider": "Microsoft-Windows-Sysmon",
          "message": "\"File created:\r\nRuleName: -\r\nUtcTime: 2026-10-07 07:12:58.216\r\nProcessGuid: {39942fc6-f0df-6ac5-6a07-000000001400}\r\nProcessId: 4604\r\nImage: C:\\WINDOWS\\SysWOW64\\WindowsPowerShell\\v1.0\\powershell.exe\r\nTargetFilename: C:\\Windows\\SystemTemp\\__PSScriptPolicyTest_jabtvob0.qmz.ps1\r\nCreationUtcTime: 2026-10-07 07:12:58.216\r\nUser: NT AUTHORITY\\SYSTEM\""
        },
        "process": {
          "image": "C:\\WINDOWS\\SysWOW64\\WindowsPowerShell\\v1.0\\powershell.exe",
          "parentImage": "",
          "commandLine": "",
          "parentCommandLine": "",
          "currentDirectory": "",
          "user": "NT AUTHORITY\\SYSTEM",
          "processId": "4604",
          "parentProcessId": "",
          "hashes": ""
        },
        "account": {
          "action": "",
          "actor": "",
          "actorDomain": "",
          "actorUser": "",
          "targetUser": "",
          "targetDomain": "",
          "memberName": "",
          "memberSid": "",
          "groupName": "",
          "groupDomain": ""
        },
        "triage": {
          "status": "review",
          "score": 40,
          "reason": "Low or medium severity telemetry"
        }
      },
      {
        "id": "xXs1FaEBDhTRgcnGXj8W",
        "index": "wazuh-alerts-4.x-2026.10.07",
        "timestamp": "2026-10-07T07:12:56.085+0000",
        "agent": {
          "id": "001",
          "name": "WIN11-SOC-ENDPOINT",
          "ip": "192.168.64.3"
        },
        "manager": "wazuh.manager",
        "rule": {
          "id": "60608",
          "level": 4,
          "description": "Summary event of the report's signatures.",
          "groups": [
            "windows",
            "windows_application"
          ],
          "mitreId": "",
          "mitreTactic": "",
          "mitreTechnique": ""
        },
        "event": {
          "channel": "Application",
          "eventId": "1001",
          "provider": "Windows Error Reporting",
          "message": "\"Fault bucket 2128050227251624312, type 5\r\nEvent Name: RADAR_PRE_LEAK_64\r\nResponse: Not available\r\nCab Id: 0\r\n\r\nProblem signature:\r\nP1: wuaucltcore.exe\r\nP2: 1509.2607.1012.0\r\nP3: 10.0.26200.2.0.0\r\nP4: \r\nP5: \r\nP6: \r\nP7: \r\nP8: \r\nP9: \r\nP10: \r\n\r\nAttached files:\r\n\\?\\C:\\Users\\Shams\\AppData\\Local\\Temp\\RDRC599.tmp\\empty.txt\r\n\\?\\C:\\ProgramData\\Microsoft\\Windows\\WER\\Temp\\WER.e3ab233b-0892-497f-8613-e376ab8d1e9f.tmp.WERInternalMetadata.xml\r\n\\?\\C:\\ProgramData\\Microsoft\\Windows\\WER\\Temp\\WER.43296f97-2c97-4b85-bf67-de6215dde878.tmp.csv\r\n\\?\\C:\\ProgramData\\Microsoft\\Windows\\WER\\Temp\\WER.40bcf88d-764b-40d0-891e-ddf65a3df3ea.tmp.txt\r\n\\?\\C:\\ProgramData\\Microsoft\\Windows\\WER\\Temp\\WER.b00e9e03-cb32-44d3-ac06-ac2f64062767.tmp.xml\r\n\r\nThese files may be available here:\r\nNULL\r\n\r\nAnalysis symbol: \r\nRechecking for solution: 0\r\nReport Id: 7f01a81b-89a4-48c5-ba23-0771a6d2a6d1\r\nReport Status: 268435456\r\nHashed bucket: 9348aae650230c0c2d885a682385b978\r\nCab Guid: 0\""
        },
        "process": {
          "image": "",
          "parentImage": "",
          "commandLine": "",
          "parentCommandLine": "",
          "currentDirectory": "",
          "user": "",
          "processId": "",
          "parentProcessId": "",
          "hashes": ""
        },
        "account": {
          "action": "",
          "actor": "",
          "actorDomain": "",
          "actorUser": "",
          "targetUser": "",
          "targetDomain": "",
          "memberName": "",
          "memberSid": "",
          "groupName": "",
          "groupDomain": ""
        },
        "triage": {
          "status": "review",
          "score": 40,
          "reason": "Low or medium severity telemetry"
        }
      },
      {
        "id": "w3s1FaEBDhTRgcnGFz9J",
        "index": "wazuh-alerts-4.x-2026.10.07",
        "timestamp": "2026-10-07T07:12:41.019+0000",
        "agent": {
          "id": "001",
          "name": "WIN11-SOC-ENDPOINT",
          "ip": "192.168.64.3"
        },
        "manager": "wazuh.manager",
        "rule": {
          "id": "92205",
          "level": 9,
          "description": "Powershell process created an executable file in Windows root folder",
          "groups": [
            "sysmon",
            "sysmon_eid11_detections",
            "windows"
          ],
          "mitreId": "T1105",
          "mitreTactic": "Command and Control",
          "mitreTechnique": "Ingress Tool Transfer"
        },
        "event": {
          "channel": "Microsoft-Windows-Sysmon/Operational",
          "eventId": "11",
          "provider": "Microsoft-Windows-Sysmon",
          "message": "\"File created:\r\nRuleName: -\r\nUtcTime: 2026-10-07 07:12:39.625\r\nProcessGuid: {39942fc6-f0df-6ac5-6a07-000000001400}\r\nProcessId: 4604\r\nImage: C:\\WINDOWS\\SysWOW64\\WindowsPowerShell\\v1.0\\powershell.exe\r\nTargetFilename: C:\\Windows\\SystemTemp\\__PSScriptPolicyTest_wgiwfcps.p5h.ps1\r\nCreationUtcTime: 2026-10-07 07:12:39.607\r\nUser: NT AUTHORITY\\SYSTEM\""
        },
        "process": {
          "image": "C:\\WINDOWS\\SysWOW64\\WindowsPowerShell\\v1.0\\powershell.exe",
          "parentImage": "",
          "commandLine": "",
          "parentCommandLine": "",
          "currentDirectory": "",
          "user": "NT AUTHORITY\\SYSTEM",
          "processId": "4604",
          "parentProcessId": "",
          "hashes": ""
        },
        "account": {
          "action": "",
          "actor": "",
          "actorDomain": "",
          "actorUser": "",
          "targetUser": "",
          "targetDomain": "",
          "memberName": "",
          "memberSid": "",
          "groupName": "",
          "groupDomain": ""
        },
        "triage": {
          "status": "review",
          "score": 40,
          "reason": "Low or medium severity telemetry"
        }
      },
      {
        "id": "wHs0FaEBDhTRgcnG8z_C",
        "index": "wazuh-alerts-4.x-2026.10.07",
        "timestamp": "2026-10-07T07:12:32.152+0000",
        "agent": {
          "id": "001",
          "name": "WIN11-SOC-ENDPOINT",
          "ip": "192.168.64.3"
        },
        "manager": "wazuh.manager",
        "rule": {
          "id": "19013",
          "level": 5,
          "description": "CIS Microsoft Windows 11 Enterprise Benchmark v3.0.0: Ensure 'Reset account lockout counter after' is set to '15 or more minute(s)'.: Status changed from failed to 'not applicable'",
          "groups": [
            "sca"
          ],
          "mitreId": "",
          "mitreTactic": "",
          "mitreTechnique": ""
        },
        "event": {
          "channel": "",
          "eventId": "",
          "provider": "",
          "message": ""
        },
        "process": {
          "image": "",
          "parentImage": "",
          "commandLine": "",
          "parentCommandLine": "",
          "currentDirectory": "",
          "user": "",
          "processId": "",
          "parentProcessId": "",
          "hashes": ""
        },
        "account": {
          "action": "",
          "actor": "",
          "actorDomain": "",
          "actorUser": "",
          "targetUser": "",
          "targetDomain": "",
          "memberName": "",
          "memberSid": "",
          "groupName": "",
          "groupDomain": ""
        },
        "triage": {
          "status": "review",
          "score": 40,
          "reason": "Low or medium severity telemetry"
        }
      },
      {
        "id": "v3s0FaEBDhTRgcnG5z_v",
        "index": "wazuh-alerts-4.x-2026.10.07",
        "timestamp": "2026-10-07T07:12:27.911+0000",
        "agent": {
          "id": "001",
          "name": "WIN11-SOC-ENDPOINT",
          "ip": "192.168.64.3"
        },
        "manager": "wazuh.manager",
        "rule": {
          "id": "92217",
          "level": 6,
          "description": "Executable dropped in Windows root folder",
          "groups": [
            "sysmon",
            "sysmon_eid11_detections",
            "windows"
          ],
          "mitreId": "T1570",
          "mitreTactic": "Lateral Movement",
          "mitreTechnique": "Lateral Tool Transfer"
        },
        "event": {
          "channel": "Microsoft-Windows-Sysmon/Operational",
          "eventId": "11",
          "provider": "Microsoft-Windows-Sysmon",
          "message": "\"File created:\r\nRuleName: -\r\nUtcTime: 2026-10-07 07:12:26.423\r\nProcessGuid: {39942fc6-38eb-6ac5-1900-000000001400}\r\nProcessId: 1484\r\nImage: C:\\WINDOWS\\system32\\svchost.exe\r\nTargetFilename: C:\\Windows\\SERVIC~1\\LOCALS~1\\AppData\\Local\\Temp\\TfsStore\\Tfs_DAV\\{C7DAABF4-05B6-4685-9CB9-DA332358B5D2}.ps1\r\nCreationUtcTime: 2026-10-07 07:12:26.423\r\nUser: NT AUTHORITY\\LOCAL SERVICE\""
        },
        "process": {
          "image": "C:\\WINDOWS\\system32\\svchost.exe",
          "parentImage": "",
          "commandLine": "",
          "parentCommandLine": "",
          "currentDirectory": "",
          "user": "NT AUTHORITY\\LOCAL SERVICE",
          "processId": "1484",
          "parentProcessId": "",
          "hashes": ""
        },
        "account": {
          "action": "",
          "actor": "",
          "actorDomain": "",
          "actorUser": "",
          "targetUser": "",
          "targetDomain": "",
          "memberName": "",
          "memberSid": "",
          "groupName": "",
          "groupDomain": ""
        },
        "triage": {
          "status": "review",
          "score": 40,
          "reason": "Low or medium severity telemetry"
        }
      },
      {
        "id": "vns0FaEBDhTRgcnG3D-z",
        "index": "wazuh-alerts-4.x-2026.10.07",
        "timestamp": "2026-10-07T07:12:22.668+0000",
        "agent": {
          "id": "001",
          "name": "WIN11-SOC-ENDPOINT",
          "ip": "192.168.64.3"
        },
        "manager": "wazuh.manager",
        "rule": {
          "id": "92205",
          "level": 9,
          "description": "Powershell process created an executable file in Windows root folder",
          "groups": [
            "sysmon",
            "sysmon_eid11_detections",
            "windows"
          ],
          "mitreId": "T1105",
          "mitreTactic": "Command and Control",
          "mitreTechnique": "Ingress Tool Transfer"
        },
        "event": {
          "channel": "Microsoft-Windows-Sysmon/Operational",
          "eventId": "11",
          "provider": "Microsoft-Windows-Sysmon",
          "message": "\"File created:\r\nRuleName: -\r\nUtcTime: 2026-10-07 07:12:20.774\r\nProcessGuid: {39942fc6-f0c0-6ac5-6307-000000001400}\r\nProcessId: 3940\r\nImage: C:\\WINDOWS\\SysWOW64\\WindowsPowerShell\\v1.0\\powershell.exe\r\nTargetFilename: C:\\Windows\\SystemTemp\\__PSScriptPolicyTest_wetbv5nv.v4u.ps1\r\nCreationUtcTime: 2026-10-07 07:12:20.770\r\nUser: NT AUTHORITY\\SYSTEM\""
        },
        "process": {
          "image": "C:\\WINDOWS\\SysWOW64\\WindowsPowerShell\\v1.0\\powershell.exe",
          "parentImage": "",
          "commandLine": "",
          "parentCommandLine": "",
          "currentDirectory": "",
          "user": "NT AUTHORITY\\SYSTEM",
          "processId": "3940",
          "parentProcessId": "",
          "hashes": ""
        },
        "account": {
          "action": "",
          "actor": "",
          "actorDomain": "",
          "actorUser": "",
          "targetUser": "",
          "targetDomain": "",
          "memberName": "",
          "memberSid": "",
          "groupName": "",
          "groupDomain": ""
        },
        "triage": {
          "status": "review",
          "score": 40,
          "reason": "Low or medium severity telemetry"
        }
      },
      {
        "id": "vXs0FaEBDhTRgcnGoT9i",
        "index": "wazuh-alerts-4.x-2026.10.07",
        "timestamp": "2026-10-07T07:12:10.840+0000",
        "agent": {
          "id": "001",
          "name": "WIN11-SOC-ENDPOINT",
          "ip": "192.168.64.3"
        },
        "manager": "wazuh.manager",
        "rule": {
          "id": "751",
          "level": 5,
          "description": "Registry Value Entry Deleted.",
          "groups": [
            "ossec",
            "syscheck",
            "syscheck_entry_deleted",
            "syscheck_registry"
          ],
          "mitreId": "T1070.004",
          "mitreTactic": "Defense Evasion",
          "mitreTechnique": "File Deletion"
        },
        "event": {
          "channel": "",
          "eventId": "",
          "provider": "",
          "message": ""
        },
        "process": {
          "image": "",
          "parentImage": "",
          "commandLine": "",
          "parentCommandLine": "",
          "currentDirectory": "",
          "user": "",
          "processId": "",
          "parentProcessId": "",
          "hashes": ""
        },
        "account": {
          "action": "",
          "actor": "",
          "actorDomain": "",
          "actorUser": "",
          "targetUser": "",
          "targetDomain": "",
          "memberName": "",
          "memberSid": "",
          "groupName": "",
          "groupDomain": ""
        },
        "triage": {
          "status": "review",
          "score": 40,
          "reason": "Low or medium severity telemetry"
        }
      },
      {
        "id": "vHs0FaEBDhTRgcnGnT_r",
        "index": "wazuh-alerts-4.x-2026.10.07",
        "timestamp": "2026-10-07T07:12:10.188+0000",
        "agent": {
          "id": "001",
          "name": "WIN11-SOC-ENDPOINT",
          "ip": "192.168.64.3"
        },
        "manager": "wazuh.manager",
        "rule": {
          "id": "750",
          "level": 5,
          "description": "Registry Value Integrity Checksum Changed",
          "groups": [
            "ossec",
            "syscheck",
            "syscheck_entry_modified",
            "syscheck_registry"
          ],
          "mitreId": "T1565.001",
          "mitreTactic": "Impact",
          "mitreTechnique": "Stored Data Manipulation"
        },
        "event": {
          "channel": "",
          "eventId": "",
          "provider": "",
          "message": ""
        },
        "process": {
          "image": "",
          "parentImage": "",
          "commandLine": "",
          "parentCommandLine": "",
          "currentDirectory": "",
          "user": "",
          "processId": "",
          "parentProcessId": "",
          "hashes": ""
        },
        "account": {
          "action": "",
          "actor": "",
          "actorDomain": "",
          "actorUser": "",
          "targetUser": "",
          "targetDomain": "",
          "memberName": "",
          "memberSid": "",
          "groupName": "",
          "groupDomain": ""
        },
        "triage": {
          "status": "review",
          "score": 40,
          "reason": "Low or medium severity telemetry"
        }
      },
      {
        "id": "u3s0FaEBDhTRgcnGnT_q",
        "index": "wazuh-alerts-4.x-2026.10.07",
        "timestamp": "2026-10-07T07:12:10.186+0000",
        "agent": {
          "id": "001",
          "name": "WIN11-SOC-ENDPOINT",
          "ip": "192.168.64.3"
        },
        "manager": "wazuh.manager",
        "rule": {
          "id": "594",
          "level": 5,
          "description": "Registry Key Integrity Checksum Changed",
          "groups": [
            "ossec",
            "syscheck",
            "syscheck_entry_modified",
            "syscheck_registry"
          ],
          "mitreId": "T1565.001",
          "mitreTactic": "Impact",
          "mitreTechnique": "Stored Data Manipulation"
        },
        "event": {
          "channel": "",
          "eventId": "",
          "provider": "",
          "message": ""
        },
        "process": {
          "image": "",
          "parentImage": "",
          "commandLine": "",
          "parentCommandLine": "",
          "currentDirectory": "",
          "user": "",
          "processId": "",
          "parentProcessId": "",
          "hashes": ""
        },
        "account": {
          "action": "",
          "actor": "",
          "actorDomain": "",
          "actorUser": "",
          "targetUser": "",
          "targetDomain": "",
          "memberName": "",
          "memberSid": "",
          "groupName": "",
          "groupDomain": ""
        },
        "triage": {
          "status": "review",
          "score": 40,
          "reason": "Low or medium severity telemetry"
        }
      },
      {
        "id": "uXs0FaEBDhTRgcnGnD-P",
        "index": "wazuh-alerts-4.x-2026.10.07",
        "timestamp": "2026-10-07T07:12:09.008+0000",
        "agent": {
          "id": "001",
          "name": "WIN11-SOC-ENDPOINT",
          "ip": "192.168.64.3"
        },
        "manager": "wazuh.manager",
        "rule": {
          "id": "92217",
          "level": 6,
          "description": "Executable dropped in Windows root folder",
          "groups": [
            "sysmon",
            "sysmon_eid11_detections",
            "windows"
          ],
          "mitreId": "T1570",
          "mitreTactic": "Lateral Movement",
          "mitreTechnique": "Lateral Tool Transfer"
        },
        "event": {
          "channel": "Microsoft-Windows-Sysmon/Operational",
          "eventId": "11",
          "provider": "Microsoft-Windows-Sysmon",
          "message": "\"File created:\r\nRuleName: DLL\r\nUtcTime: 2026-10-07 07:12:08.424\r\nProcessGuid: {39942fc6-f0c1-6ac5-6407-000000001400}\r\nProcessId: 5104\r\nImage: C:\\WINDOWS\\uus\\ARM64\\wuaucltcore.exe\r\nTargetFilename: C:\\Windows\\SoftwareDistribution\\Download\\700c4251285132d0\\Metadata\\featurestaging.dll\r\nCreationUtcTime: 2026-09-12 14:36:16.000\r\nUser: NT AUTHORITY\\SYSTEM\""
        },
        "process": {
          "image": "C:\\WINDOWS\\uus\\ARM64\\wuaucltcore.exe",
          "parentImage": "",
          "commandLine": "",
          "parentCommandLine": "",
          "currentDirectory": "",
          "user": "NT AUTHORITY\\SYSTEM",
          "processId": "5104",
          "parentProcessId": "",
          "hashes": ""
        },
        "account": {
          "action": "",
          "actor": "",
          "actorDomain": "",
          "actorUser": "",
          "targetUser": "",
          "targetDomain": "",
          "memberName": "",
          "memberSid": "",
          "groupName": "",
          "groupDomain": ""
        },
        "triage": {
          "status": "review",
          "score": 40,
          "reason": "Low or medium severity telemetry"
        }
      },
      {
        "id": "uns0FaEBDhTRgcnGnD-P",
        "index": "wazuh-alerts-4.x-2026.10.07",
        "timestamp": "2026-10-07T07:12:09.008+0000",
        "agent": {
          "id": "001",
          "name": "WIN11-SOC-ENDPOINT",
          "ip": "192.168.64.3"
        },
        "manager": "wazuh.manager",
        "rule": {
          "id": "92217",
          "level": 6,
          "description": "Executable dropped in Windows root folder",
          "groups": [
            "sysmon",
            "sysmon_eid11_detections",
            "windows"
          ],
          "mitreId": "T1570",
          "mitreTactic": "Lateral Movement",
          "mitreTechnique": "Lateral Tool Transfer"
        },
        "event": {
          "channel": "Microsoft-Windows-Sysmon/Operational",
          "eventId": "11",
          "provider": "Microsoft-Windows-Sysmon",
          "message": "\"File created:\r\nRuleName: DLL\r\nUtcTime: 2026-10-07 07:12:08.444\r\nProcessGuid: {39942fc6-f0c1-6ac5-6407-000000001400}\r\nProcessId: 5104\r\nImage: C:\\WINDOWS\\uus\\ARM64\\wuaucltcore.exe\r\nTargetFilename: C:\\Windows\\SoftwareDistribution\\Download\\700c4251285132d0\\Metadata\\turbocontainer.dll\r\nCreationUtcTime: 2026-09-12 14:04:02.000\r\nUser: NT AUTHORITY\\SYSTEM\""
        },
        "process": {
          "image": "C:\\WINDOWS\\uus\\ARM64\\wuaucltcore.exe",
          "parentImage": "",
          "commandLine": "",
          "parentCommandLine": "",
          "currentDirectory": "",
          "user": "NT AUTHORITY\\SYSTEM",
          "processId": "5104",
          "parentProcessId": "",
          "hashes": ""
        },
        "account": {
          "action": "",
          "actor": "",
          "actorDomain": "",
          "actorUser": "",
          "targetUser": "",
          "targetDomain": "",
          "memberName": "",
          "memberSid": "",
          "groupName": "",
          "groupDomain": ""
        },
        "triage": {
          "status": "review",
          "score": 40,
          "reason": "Low or medium severity telemetry"
        }
      },
      {
        "id": "uHs0FaEBDhTRgcnGnD-P",
        "index": "wazuh-alerts-4.x-2026.10.07",
        "timestamp": "2026-10-07T07:12:08.997+0000",
        "agent": {
          "id": "001",
          "name": "WIN11-SOC-ENDPOINT",
          "ip": "192.168.64.3"
        },
        "manager": "wazuh.manager",
        "rule": {
          "id": "92217",
          "level": 6,
          "description": "Executable dropped in Windows root folder",
          "groups": [
            "sysmon",
            "sysmon_eid11_detections",
            "windows"
          ],
          "mitreId": "T1570",
          "mitreTactic": "Lateral Movement",
          "mitreTechnique": "Lateral Tool Transfer"
        },
        "event": {
          "channel": "Microsoft-Windows-Sysmon/Operational",
          "eventId": "11",
          "provider": "Microsoft-Windows-Sysmon",
          "message": "\"File created:\r\nRuleName: DLL\r\nUtcTime: 2026-10-07 07:12:08.382\r\nProcessGuid: {39942fc6-f0c1-6ac5-6407-000000001400}\r\nProcessId: 5104\r\nImage: C:\\WINDOWS\\uus\\ARM64\\wuaucltcore.exe\r\nTargetFilename: C:\\Windows\\SoftwareDistribution\\Download\\700c4251285132d0\\Metadata\\MsixPackageProvisioner.dll\r\nCreationUtcTime: 2026-09-12 14:35:48.000\r\nUser: NT AUTHORITY\\SYSTEM\""
        },
        "process": {
          "image": "C:\\WINDOWS\\uus\\ARM64\\wuaucltcore.exe",
          "parentImage": "",
          "commandLine": "",
          "parentCommandLine": "",
          "currentDirectory": "",
          "user": "NT AUTHORITY\\SYSTEM",
          "processId": "5104",
          "parentProcessId": "",
          "hashes": ""
        },
        "account": {
          "action": "",
          "actor": "",
          "actorDomain": "",
          "actorUser": "",
          "targetUser": "",
          "targetDomain": "",
          "memberName": "",
          "memberSid": "",
          "groupName": "",
          "groupDomain": ""
        },
        "triage": {
          "status": "review",
          "score": 40,
          "reason": "Low or medium severity telemetry"
        }
      },
      {
        "id": "t3s0FaEBDhTRgcnGnD-P",
        "index": "wazuh-alerts-4.x-2026.10.07",
        "timestamp": "2026-10-07T07:12:08.991+0000",
        "agent": {
          "id": "001",
          "name": "WIN11-SOC-ENDPOINT",
          "ip": "192.168.64.3"
        },
        "manager": "wazuh.manager",
        "rule": {
          "id": "92217",
          "level": 6,
          "description": "Executable dropped in Windows root folder",
          "groups": [
            "sysmon",
            "sysmon_eid11_detections",
            "windows"
          ],
          "mitreId": "T1570",
          "mitreTactic": "Lateral Movement",
          "mitreTechnique": "Lateral Tool Transfer"
        },
        "event": {
          "channel": "Microsoft-Windows-Sysmon/Operational",
          "eventId": "11",
          "provider": "Microsoft-Windows-Sysmon",
          "message": "\"File created:\r\nRuleName: DLL\r\nUtcTime: 2026-10-07 07:12:08.345\r\nProcessGuid: {39942fc6-f0c1-6ac5-6407-000000001400}\r\nProcessId: 5104\r\nImage: C:\\WINDOWS\\uus\\ARM64\\wuaucltcore.exe\r\nTargetFilename: C:\\Windows\\SoftwareDistribution\\Download\\700c4251285132d0\\Metadata\\AppxDeviceInventory.dll\r\nCreationUtcTime: 2026-09-12 14:28:32.000\r\nUser: NT AUTHORITY\\SYSTEM\""
        },
        "process": {
          "image": "C:\\WINDOWS\\uus\\ARM64\\wuaucltcore.exe",
          "parentImage": "",
          "commandLine": "",
          "parentCommandLine": "",
          "currentDirectory": "",
          "user": "NT AUTHORITY\\SYSTEM",
          "processId": "5104",
          "parentProcessId": "",
          "hashes": ""
        },
        "account": {
          "action": "",
          "actor": "",
          "actorDomain": "",
          "actorUser": "",
          "targetUser": "",
          "targetDomain": "",
          "memberName": "",
          "memberSid": "",
          "groupName": "",
          "groupDomain": ""
        },
        "triage": {
          "status": "review",
          "score": 40,
          "reason": "Low or medium severity telemetry"
        }
      },
      {
        "id": "tXs0FaEBDhTRgcnGnD-P",
        "index": "wazuh-alerts-4.x-2026.10.07",
        "timestamp": "2026-10-07T07:12:08.981+0000",
        "agent": {
          "id": "001",
          "name": "WIN11-SOC-ENDPOINT",
          "ip": "192.168.64.3"
        },
        "manager": "wazuh.manager",
        "rule": {
          "id": "92217",
          "level": 6,
          "description": "Executable dropped in Windows root folder",
          "groups": [
            "sysmon",
            "sysmon_eid11_detections",
            "windows"
          ],
          "mitreId": "T1570",
          "mitreTactic": "Lateral Movement",
          "mitreTechnique": "Lateral Tool Transfer"
        },
        "event": {
          "channel": "Microsoft-Windows-Sysmon/Operational",
          "eventId": "11",
          "provider": "Microsoft-Windows-Sysmon",
          "message": "\"File created:\r\nRuleName: DLL\r\nUtcTime: 2026-10-07 07:12:08.258\r\nProcessGuid: {39942fc6-f0c1-6ac5-6407-000000001400}\r\nProcessId: 5104\r\nImage: C:\\WINDOWS\\uus\\ARM64\\wuaucltcore.exe\r\nTargetFilename: C:\\Windows\\SoftwareDistribution\\Download\\700c4251285132d0\\Metadata\\UpdateCompression.dll\r\nCreationUtcTime: 2026-09-12 14:03:58.000\r\nUser: NT AUTHORITY\\SYSTEM\""
        },
        "process": {
          "image": "C:\\WINDOWS\\uus\\ARM64\\wuaucltcore.exe",
          "parentImage": "",
          "commandLine": "",
          "parentCommandLine": "",
          "currentDirectory": "",
          "user": "NT AUTHORITY\\SYSTEM",
          "processId": "5104",
          "parentProcessId": "",
          "hashes": ""
        },
        "account": {
          "action": "",
          "actor": "",
          "actorDomain": "",
          "actorUser": "",
          "targetUser": "",
          "targetDomain": "",
          "memberName": "",
          "memberSid": "",
          "groupName": "",
          "groupDomain": ""
        },
        "triage": {
          "status": "review",
          "score": 40,
          "reason": "Low or medium severity telemetry"
        }
      },
      {
        "id": "tns0FaEBDhTRgcnGnD-P",
        "index": "wazuh-alerts-4.x-2026.10.07",
        "timestamp": "2026-10-07T07:12:08.981+0000",
        "agent": {
          "id": "001",
          "name": "WIN11-SOC-ENDPOINT",
          "ip": "192.168.64.3"
        },
        "manager": "wazuh.manager",
        "rule": {
          "id": "92217",
          "level": 6,
          "description": "Executable dropped in Windows root folder",
          "groups": [
            "sysmon",
            "sysmon_eid11_detections",
            "windows"
          ],
          "mitreId": "T1570",
          "mitreTactic": "Lateral Movement",
          "mitreTechnique": "Lateral Tool Transfer"
        },
        "event": {
          "channel": "Microsoft-Windows-Sysmon/Operational",
          "eventId": "11",
          "provider": "Microsoft-Windows-Sysmon",
          "message": "\"File created:\r\nRuleName: DLL\r\nUtcTime: 2026-10-07 07:12:08.317\r\nProcessGuid: {39942fc6-f0c1-6ac5-6407-000000001400}\r\nProcessId: 5104\r\nImage: C:\\WINDOWS\\uus\\ARM64\\wuaucltcore.exe\r\nTargetFilename: C:\\Windows\\SoftwareDistribution\\Download\\700c4251285132d0\\Metadata\\updatedeploy.dll\r\nCreationUtcTime: 2026-09-12 14:06:54.000\r\nUser: NT AUTHORITY\\SYSTEM\""
        },
        "process": {
          "image": "C:\\WINDOWS\\uus\\ARM64\\wuaucltcore.exe",
          "parentImage": "",
          "commandLine": "",
          "parentCommandLine": "",
          "currentDirectory": "",
          "user": "NT AUTHORITY\\SYSTEM",
          "processId": "5104",
          "parentProcessId": "",
          "hashes": ""
        },
        "account": {
          "action": "",
          "actor": "",
          "actorDomain": "",
          "actorUser": "",
          "targetUser": "",
          "targetDomain": "",
          "memberName": "",
          "memberSid": "",
          "groupName": "",
          "groupDomain": ""
        },
        "triage": {
          "status": "review",
          "score": 40,
          "reason": "Low or medium severity telemetry"
        }
      },
      {
        "id": "tHs0FaEBDhTRgcnGnD-P",
        "index": "wazuh-alerts-4.x-2026.10.07",
        "timestamp": "2026-10-07T07:12:08.961+0000",
        "agent": {
          "id": "001",
          "name": "WIN11-SOC-ENDPOINT",
          "ip": "192.168.64.3"
        },
        "manager": "wazuh.manager",
        "rule": {
          "id": "92217",
          "level": 6,
          "description": "Executable dropped in Windows root folder",
          "groups": [
            "sysmon",
            "sysmon_eid11_detections",
            "windows"
          ],
          "mitreId": "T1570",
          "mitreTactic": "Lateral Movement",
          "mitreTechnique": "Lateral Tool Transfer"
        },
        "event": {
          "channel": "Microsoft-Windows-Sysmon/Operational",
          "eventId": "11",
          "provider": "Microsoft-Windows-Sysmon",
          "message": "\"File created:\r\nRuleName: DLL\r\nUtcTime: 2026-10-07 07:12:08.195\r\nProcessGuid: {39942fc6-f0c1-6ac5-6407-000000001400}\r\nProcessId: 5104\r\nImage: C:\\WINDOWS\\uus\\ARM64\\wuaucltcore.exe\r\nTargetFilename: C:\\Windows\\SoftwareDistribution\\Download\\700c4251285132d0\\Metadata\\WinREAgent.dll\r\nCreationUtcTime: 2026-09-12 17:25:08.000\r\nUser: NT AUTHORITY\\SYSTEM\""
        },
        "process": {
          "image": "C:\\WINDOWS\\uus\\ARM64\\wuaucltcore.exe",
          "parentImage": "",
          "commandLine": "",
          "parentCommandLine": "",
          "currentDirectory": "",
          "user": "NT AUTHORITY\\SYSTEM",
          "processId": "5104",
          "parentProcessId": "",
          "hashes": ""
        },
        "account": {
          "action": "",
          "actor": "",
          "actorDomain": "",
          "actorUser": "",
          "targetUser": "",
          "targetDomain": "",
          "memberName": "",
          "memberSid": "",
          "groupName": "",
          "groupDomain": ""
        },
        "triage": {
          "status": "review",
          "score": 40,
          "reason": "Low or medium severity telemetry"
        }
      },
      {
        "id": "s3s0FaEBDhTRgcnGnD-P",
        "index": "wazuh-alerts-4.x-2026.10.07",
        "timestamp": "2026-10-07T07:12:08.960+0000",
        "agent": {
          "id": "001",
          "name": "WIN11-SOC-ENDPOINT",
          "ip": "192.168.64.3"
        },
        "manager": "wazuh.manager",
        "rule": {
          "id": "92217",
          "level": 6,
          "description": "Executable dropped in Windows root folder",
          "groups": [
            "sysmon",
            "sysmon_eid11_detections",
            "windows"
          ],
          "mitreId": "T1570",
          "mitreTactic": "Lateral Movement",
          "mitreTechnique": "Lateral Tool Transfer"
        },
        "event": {
          "channel": "Microsoft-Windows-Sysmon/Operational",
          "eventId": "11",
          "provider": "Microsoft-Windows-Sysmon",
          "message": "\"File created:\r\nRuleName: DLL\r\nUtcTime: 2026-10-07 07:12:08.024\r\nProcessGuid: {39942fc6-f0c1-6ac5-6407-000000001400}\r\nProcessId: 5104\r\nImage: C:\\WINDOWS\\uus\\ARM64\\wuaucltcore.exe\r\nTargetFilename: C:\\Windows\\SoftwareDistribution\\Download\\700c4251285132d0\\Metadata\\TurboStack.dll\r\nCreationUtcTime: 2026-09-12 14:03:58.000\r\nUser: NT AUTHORITY\\SYSTEM\""
        },
        "process": {
          "image": "C:\\WINDOWS\\uus\\ARM64\\wuaucltcore.exe",
          "parentImage": "",
          "commandLine": "",
          "parentCommandLine": "",
          "currentDirectory": "",
          "user": "NT AUTHORITY\\SYSTEM",
          "processId": "5104",
          "parentProcessId": "",
          "hashes": ""
        },
        "account": {
          "action": "",
          "actor": "",
          "actorDomain": "",
          "actorUser": "",
          "targetUser": "",
          "targetDomain": "",
          "memberName": "",
          "memberSid": "",
          "groupName": "",
          "groupDomain": ""
        },
        "triage": {
          "status": "review",
          "score": 40,
          "reason": "Low or medium severity telemetry"
        }
      },
      {
        "id": "sXs0FaEBDhTRgcnGnD-P",
        "index": "wazuh-alerts-4.x-2026.10.07",
        "timestamp": "2026-10-07T07:12:08.957+0000",
        "agent": {
          "id": "001",
          "name": "WIN11-SOC-ENDPOINT",
          "ip": "192.168.64.3"
        },
        "manager": "wazuh.manager",
        "rule": {
          "id": "92217",
          "level": 6,
          "description": "Executable dropped in Windows root folder",
          "groups": [
            "sysmon",
            "sysmon_eid11_detections",
            "windows"
          ],
          "mitreId": "T1570",
          "mitreTactic": "Lateral Movement",
          "mitreTechnique": "Lateral Tool Transfer"
        },
        "event": {
          "channel": "Microsoft-Windows-Sysmon/Operational",
          "eventId": "11",
          "provider": "Microsoft-Windows-Sysmon",
          "message": "\"File created:\r\nRuleName: DLL\r\nUtcTime: 2026-10-07 07:12:08.167\r\nProcessGuid: {39942fc6-f0c1-6ac5-6407-000000001400}\r\nProcessId: 5104\r\nImage: C:\\WINDOWS\\uus\\ARM64\\wuaucltcore.exe\r\nTargetFilename: C:\\Windows\\SoftwareDistribution\\Download\\700c4251285132d0\\Metadata\\ReserveManager.dll\r\nCreationUtcTime: 2026-09-12 14:04:12.000\r\nUser: NT AUTHORITY\\SYSTEM\""
        },
        "process": {
          "image": "C:\\WINDOWS\\uus\\ARM64\\wuaucltcore.exe",
          "parentImage": "",
          "commandLine": "",
          "parentCommandLine": "",
          "currentDirectory": "",
          "user": "NT AUTHORITY\\SYSTEM",
          "processId": "5104",
          "parentProcessId": "",
          "hashes": ""
        },
        "account": {
          "action": "",
          "actor": "",
          "actorDomain": "",
          "actorUser": "",
          "targetUser": "",
          "targetDomain": "",
          "memberName": "",
          "memberSid": "",
          "groupName": "",
          "groupDomain": ""
        },
        "triage": {
          "status": "review",
          "score": 40,
          "reason": "Low or medium severity telemetry"
        }
      },
      {
        "id": "rns0FaEBDhTRgcnGnD-P",
        "index": "wazuh-alerts-4.x-2026.10.07",
        "timestamp": "2026-10-07T07:12:08.947+0000",
        "agent": {
          "id": "001",
          "name": "WIN11-SOC-ENDPOINT",
          "ip": "192.168.64.3"
        },
        "manager": "wazuh.manager",
        "rule": {
          "id": "92217",
          "level": 6,
          "description": "Executable dropped in Windows root folder",
          "groups": [
            "sysmon",
            "sysmon_eid11_detections",
            "windows"
          ],
          "mitreId": "T1570",
          "mitreTactic": "Lateral Movement",
          "mitreTechnique": "Lateral Tool Transfer"
        },
        "event": {
          "channel": "Microsoft-Windows-Sysmon/Operational",
          "eventId": "11",
          "provider": "Microsoft-Windows-Sysmon",
          "message": "\"File created:\r\nRuleName: DLL\r\nUtcTime: 2026-10-07 07:12:07.804\r\nProcessGuid: {39942fc6-f0c1-6ac5-6407-000000001400}\r\nProcessId: 5104\r\nImage: C:\\WINDOWS\\uus\\ARM64\\wuaucltcore.exe\r\nTargetFilename: C:\\Windows\\SoftwareDistribution\\Download\\700c4251285132d0\\Metadata\\wcp.dll\r\nCreationUtcTime: 2026-09-12 14:28:46.000\r\nUser: NT AUTHORITY\\SYSTEM\""
        },
        "process": {
          "image": "C:\\WINDOWS\\uus\\ARM64\\wuaucltcore.exe",
          "parentImage": "",
          "commandLine": "",
          "parentCommandLine": "",
          "currentDirectory": "",
          "user": "NT AUTHORITY\\SYSTEM",
          "processId": "5104",
          "parentProcessId": "",
          "hashes": ""
        },
        "account": {
          "action": "",
          "actor": "",
          "actorDomain": "",
          "actorUser": "",
          "targetUser": "",
          "targetDomain": "",
          "memberName": "",
          "memberSid": "",
          "groupName": "",
          "groupDomain": ""
        },
        "triage": {
          "status": "review",
          "score": 40,
          "reason": "Low or medium severity telemetry"
        }
      },
      {
        "id": "sHs0FaEBDhTRgcnGnD-P",
        "index": "wazuh-alerts-4.x-2026.10.07",
        "timestamp": "2026-10-07T07:12:08.943+0000",
        "agent": {
          "id": "001",
          "name": "WIN11-SOC-ENDPOINT",
          "ip": "192.168.64.3"
        },
        "manager": "wazuh.manager",
        "rule": {
          "id": "92217",
          "level": 6,
          "description": "Executable dropped in Windows root folder",
          "groups": [
            "sysmon",
            "sysmon_eid11_detections",
            "windows"
          ],
          "mitreId": "T1570",
          "mitreTactic": "Lateral Movement",
          "mitreTechnique": "Lateral Tool Transfer"
        },
        "event": {
          "channel": "Microsoft-Windows-Sysmon/Operational",
          "eventId": "11",
          "provider": "Microsoft-Windows-Sysmon",
          "message": "\"File created:\r\nRuleName: DLL\r\nUtcTime: 2026-10-07 07:12:07.792\r\nProcessGuid: {39942fc6-f0c1-6ac5-6407-000000001400}\r\nProcessId: 5104\r\nImage: C:\\WINDOWS\\uus\\ARM64\\wuaucltcore.exe\r\nTargetFilename: C:\\Windows\\SoftwareDistribution\\Download\\700c4251285132d0\\Metadata\\UAOneSettings.dll\r\nCreationUtcTime: 2026-09-12 14:35:50.000\r\nUser: NT AUTHORITY\\SYSTEM\""
        },
        "process": {
          "image": "C:\\WINDOWS\\uus\\ARM64\\wuaucltcore.exe",
          "parentImage": "",
          "commandLine": "",
          "parentCommandLine": "",
          "currentDirectory": "",
          "user": "NT AUTHORITY\\SYSTEM",
          "processId": "5104",
          "parentProcessId": "",
          "hashes": ""
        },
        "account": {
          "action": "",
          "actor": "",
          "actorDomain": "",
          "actorUser": "",
          "targetUser": "",
          "targetDomain": "",
          "memberName": "",
          "memberSid": "",
          "groupName": "",
          "groupDomain": ""
        },
        "triage": {
          "status": "review",
          "score": 40,
          "reason": "Low or medium severity telemetry"
        }
      },
      {
        "id": "r3s0FaEBDhTRgcnGnD-P",
        "index": "wazuh-alerts-4.x-2026.10.07",
        "timestamp": "2026-10-07T07:12:08.933+0000",
        "agent": {
          "id": "001",
          "name": "WIN11-SOC-ENDPOINT",
          "ip": "192.168.64.3"
        },
        "manager": "wazuh.manager",
        "rule": {
          "id": "92217",
          "level": 6,
          "description": "Executable dropped in Windows root folder",
          "groups": [
            "sysmon",
            "sysmon_eid11_detections",
            "windows"
          ],
          "mitreId": "T1570",
          "mitreTactic": "Lateral Movement",
          "mitreTechnique": "Lateral Tool Transfer"
        },
        "event": {
          "channel": "Microsoft-Windows-Sysmon/Operational",
          "eventId": "11",
          "provider": "Microsoft-Windows-Sysmon",
          "message": "\"File created:\r\nRuleName: DLL\r\nUtcTime: 2026-10-07 07:12:07.741\r\nProcessGuid: {39942fc6-f0c1-6ac5-6407-000000001400}\r\nProcessId: 5104\r\nImage: C:\\WINDOWS\\uus\\ARM64\\wuaucltcore.exe\r\nTargetFilename: C:\\Windows\\SoftwareDistribution\\Download\\700c4251285132d0\\Metadata\\Mitigation.dll\r\nCreationUtcTime: 2026-09-12 17:37:58.000\r\nUser: NT AUTHORITY\\SYSTEM\""
        },
        "process": {
          "image": "C:\\WINDOWS\\uus\\ARM64\\wuaucltcore.exe",
          "parentImage": "",
          "commandLine": "",
          "parentCommandLine": "",
          "currentDirectory": "",
          "user": "NT AUTHORITY\\SYSTEM",
          "processId": "5104",
          "parentProcessId": "",
          "hashes": ""
        },
        "account": {
          "action": "",
          "actor": "",
          "actorDomain": "",
          "actorUser": "",
          "targetUser": "",
          "targetDomain": "",
          "memberName": "",
          "memberSid": "",
          "groupName": "",
          "groupDomain": ""
        },
        "triage": {
          "status": "review",
          "score": 40,
          "reason": "Low or medium severity telemetry"
        }
      },
      {
        "id": "rXs0FaEBDhTRgcnGnD-N",
        "index": "wazuh-alerts-4.x-2026.10.07",
        "timestamp": "2026-10-07T07:12:08.925+0000",
        "agent": {
          "id": "001",
          "name": "WIN11-SOC-ENDPOINT",
          "ip": "192.168.64.3"
        },
        "manager": "wazuh.manager",
        "rule": {
          "id": "92217",
          "level": 6,
          "description": "Executable dropped in Windows root folder",
          "groups": [
            "sysmon",
            "sysmon_eid11_detections",
            "windows"
          ],
          "mitreId": "T1570",
          "mitreTactic": "Lateral Movement",
          "mitreTechnique": "Lateral Tool Transfer"
        },
        "event": {
          "channel": "Microsoft-Windows-Sysmon/Operational",
          "eventId": "11",
          "provider": "Microsoft-Windows-Sysmon",
          "message": "\"File created:\r\nRuleName: DLL\r\nUtcTime: 2026-10-07 07:12:07.640\r\nProcessGuid: {39942fc6-f0c1-6ac5-6407-000000001400}\r\nProcessId: 5104\r\nImage: C:\\WINDOWS\\uus\\ARM64\\wuaucltcore.exe\r\nTargetFilename: C:\\Windows\\SoftwareDistribution\\Download\\700c4251285132d0\\Metadata\\dpx.dll\r\nCreationUtcTime: 2026-09-12 14:35:48.000\r\nUser: NT AUTHORITY\\SYSTEM\""
        },
        "process": {
          "image": "C:\\WINDOWS\\uus\\ARM64\\wuaucltcore.exe",
          "parentImage": "",
          "commandLine": "",
          "parentCommandLine": "",
          "currentDirectory": "",
          "user": "NT AUTHORITY\\SYSTEM",
          "processId": "5104",
          "parentProcessId": "",
          "hashes": ""
        },
        "account": {
          "action": "",
          "actor": "",
          "actorDomain": "",
          "actorUser": "",
          "targetUser": "",
          "targetDomain": "",
          "memberName": "",
          "memberSid": "",
          "groupName": "",
          "groupDomain": ""
        },
        "triage": {
          "status": "review",
          "score": 40,
          "reason": "Low or medium severity telemetry"
        }
      },
