      {
        "id": "qXs0FaEBDhTRgcnGjT9I",
        "index": "wazuh-alerts-4.x-2026.10.07",
        "timestamp": "2026-10-07T07:12:05.017+0000",
        "agent": {
          "id": "001",
          "name": "WIN11-SOC-ENDPOINT",
          "ip": "192.168.64.3"
        },
        "manager": "wazuh.manager",
        "rule": {
          "id": "61102",
          "level": 5,
          "description": "Windows System error event",
          "groups": [
            "windows",
            "windows_system",
            "system_error"
          ],
          "mitreId": "",
          "mitreTactic": "",
          "mitreTechnique": ""
        },
        "event": {
          "channel": "System",
          "eventId": "15",
          "provider": "TPM",
          "message": "\"The device driver for the Trusted Platform Module (TPM) encountered a non-recoverable error in the TPM hardware, which prevents TPM services (such as data encryption) from being used. For further help, please contact the computer manufacturer.\""
        },
        "process": {
          "image": "",
          "parentImage": "",
          "commandLine": "",
          "parentCommandLine": "",
          "currentDirectory": "",
          "user": "",
          "processId": "",
          "parentProcessId": "",
          "hashes": ""
        },
        "account": {
          "action": "",
          "actor": "",
          "actorDomain": "",
          "actorUser": "",
          "targetUser": "",
          "targetDomain": "",
          "memberName": "",
          "memberSid": "",
          "groupName": "",
          "groupDomain": ""
        },
        "triage": {
          "status": "noise",
          "score": 15,
          "reason": "Common Windows startup/background service activity"
        }
      },
      {
        "id": "p3s0FaEBDhTRgcnGgz8d",
        "index": "wazuh-alerts-4.x-2026.10.07",
        "timestamp": "2026-10-07T07:12:02.469+0000",
        "agent": {
          "id": "001",
          "name": "WIN11-SOC-ENDPOINT",
          "ip": "192.168.64.3"
        },
        "manager": "wazuh.manager",
        "rule": {
          "id": "750",
          "level": 5,
          "description": "Registry Value Integrity Checksum Changed",
          "groups": [
            "ossec",
            "syscheck",
            "syscheck_entry_modified",
            "syscheck_registry"
          ],
          "mitreId": "T1565.001",
          "mitreTactic": "Impact",
          "mitreTechnique": "Stored Data Manipulation"
        },
        "event": {
          "channel": "",
          "eventId": "",
          "provider": "",
          "message": ""
        },
        "process": {
          "image": "",
          "parentImage": "",
          "commandLine": "",
          "parentCommandLine": "",
          "currentDirectory": "",
          "user": "",
          "processId": "",
          "parentProcessId": "",
          "hashes": ""
        },
        "account": {
          "action": "",
          "actor": "",
          "actorDomain": "",
          "actorUser": "",
          "targetUser": "",
          "targetDomain": "",
          "memberName": "",
          "memberSid": "",
          "groupName": "",
          "groupDomain": ""
        },
        "triage": {
          "status": "review",
          "score": 40,
          "reason": "Low or medium severity telemetry"
        }
      },
      {
        "id": "pns0FaEBDhTRgcnGgz8d",
        "index": "wazuh-alerts-4.x-2026.10.07",
        "timestamp": "2026-10-07T07:12:02.341+0000",
        "agent": {
          "id": "001",
          "name": "WIN11-SOC-ENDPOINT",
          "ip": "192.168.64.3"
        },
        "manager": "wazuh.manager",
        "rule": {
          "id": "750",
          "level": 5,
          "description": "Registry Value Integrity Checksum Changed",
          "groups": [
            "ossec",
            "syscheck",
            "syscheck_entry_modified",
            "syscheck_registry"
          ],
          "mitreId": "T1565.001",
          "mitreTactic": "Impact",
          "mitreTechnique": "Stored Data Manipulation"
        },
        "event": {
          "channel": "",
          "eventId": "",
          "provider": "",
          "message": ""
        },
        "process": {
          "image": "",
          "parentImage": "",
          "commandLine": "",
          "parentCommandLine": "",
          "currentDirectory": "",
          "user": "",
          "processId": "",
          "parentProcessId": "",
          "hashes": ""
        },
        "account": {
          "action": "",
          "actor": "",
          "actorDomain": "",
          "actorUser": "",
          "targetUser": "",
          "targetDomain": "",
          "memberName": "",
          "memberSid": "",
          "groupName": "",
          "groupDomain": ""
        },
        "triage": {
          "status": "review",
          "score": 40,
          "reason": "Low or medium severity telemetry"
        }
      },
      {
        "id": "pXs0FaEBDhTRgcnGgz8d",
        "index": "wazuh-alerts-4.x-2026.10.07",
        "timestamp": "2026-10-07T07:12:02.333+0000",
        "agent": {
          "id": "001",
          "name": "WIN11-SOC-ENDPOINT",
          "ip": "192.168.64.3"
        },
        "manager": "wazuh.manager",
        "rule": {
          "id": "750",
          "level": 5,
          "description": "Registry Value Integrity Checksum Changed",
          "groups": [
            "ossec",
            "syscheck",
            "syscheck_entry_modified",
            "syscheck_registry"
          ],
          "mitreId": "T1565.001",
          "mitreTactic": "Impact",
          "mitreTechnique": "Stored Data Manipulation"
        },
        "event": {
          "channel": "",
          "eventId": "",
          "provider": "",
          "message": ""
        },
        "process": {
          "image": "",
          "parentImage": "",
          "commandLine": "",
          "parentCommandLine": "",
          "currentDirectory": "",
          "user": "",
          "processId": "",
          "parentProcessId": "",
          "hashes": ""
        },
        "account": {
          "action": "",
          "actor": "",
          "actorDomain": "",
          "actorUser": "",
          "targetUser": "",
          "targetDomain": "",
          "memberName": "",
          "memberSid": "",
          "groupName": "",
          "groupDomain": ""
        },
        "triage": {
          "status": "review",
          "score": 40,
          "reason": "Low or medium severity telemetry"
        }
      },
      {
        "id": "pHs0FaEBDhTRgcnGgz8d",
        "index": "wazuh-alerts-4.x-2026.10.07",
        "timestamp": "2026-10-07T07:12:02.328+0000",
        "agent": {
          "id": "001",
          "name": "WIN11-SOC-ENDPOINT",
          "ip": "192.168.64.3"
        },
        "manager": "wazuh.manager",
        "rule": {
          "id": "594",
          "level": 5,
          "description": "Registry Key Integrity Checksum Changed",
          "groups": [
            "ossec",
            "syscheck",
            "syscheck_entry_modified",
            "syscheck_registry"
          ],
          "mitreId": "T1565.001",
          "mitreTactic": "Impact",
          "mitreTechnique": "Stored Data Manipulation"
        },
        "event": {
          "channel": "",
          "eventId": "",
          "provider": "",
          "message": ""
        },
        "process": {
          "image": "",
          "parentImage": "",
          "commandLine": "",
          "parentCommandLine": "",
          "currentDirectory": "",
          "user": "",
          "processId": "",
          "parentProcessId": "",
          "hashes": ""
        },
        "account": {
          "action": "",
          "actor": "",
          "actorDomain": "",
          "actorUser": "",
          "targetUser": "",
          "targetDomain": "",
          "memberName": "",
          "memberSid": "",
          "groupName": "",
          "groupDomain": ""
        },
        "triage": {
          "status": "review",
          "score": 40,
          "reason": "Low or medium severity telemetry"
        }
      },
      {
        "id": "o3s0FaEBDhTRgcnGgz8d",
        "index": "wazuh-alerts-4.x-2026.10.07",
        "timestamp": "2026-10-07T07:12:02.319+0000",
        "agent": {
          "id": "001",
          "name": "WIN11-SOC-ENDPOINT",
          "ip": "192.168.64.3"
        },
        "manager": "wazuh.manager",
        "rule": {
          "id": "750",
          "level": 5,
          "description": "Registry Value Integrity Checksum Changed",
          "groups": [
            "ossec",
            "syscheck",
            "syscheck_entry_modified",
            "syscheck_registry"
          ],
          "mitreId": "T1565.001",
          "mitreTactic": "Impact",
          "mitreTechnique": "Stored Data Manipulation"
        },
        "event": {
          "channel": "",
          "eventId": "",
          "provider": "",
          "message": ""
        },
        "process": {
          "image": "",
          "parentImage": "",
          "commandLine": "",
          "parentCommandLine": "",
          "currentDirectory": "",
          "user": "",
          "processId": "",
          "parentProcessId": "",
          "hashes": ""
        },
        "account": {
          "action": "",
          "actor": "",
          "actorDomain": "",
          "actorUser": "",
          "targetUser": "",
          "targetDomain": "",
          "memberName": "",
          "memberSid": "",
          "groupName": "",
          "groupDomain": ""
        },
        "triage": {
          "status": "review",
          "score": 40,
          "reason": "Low or medium severity telemetry"
        }
      }
    ],
    "noise": [
      {
        "id": "73vcFaEBDhTRgcnGXT_j",
        "index": "wazuh-alerts-4.x-2026.10.07",
        "timestamp": "2026-10-07T10:15:17.163+0000",
        "agent": {
          "id": "001",
          "name": "WIN11-SOC-ENDPOINT",
          "ip": "192.168.64.3"
        },
        "manager": "wazuh.manager",
        "rule": {
          "id": "61102",
          "level": 5,
          "description": "Windows System error event",
          "groups": [
            "windows",
            "windows_system",
            "system_error"
          ],
          "mitreId": "",
          "mitreTactic": "",
          "mitreTechnique": ""
        },
        "event": {
          "channel": "System",
          "eventId": "20",
          "provider": "Microsoft-Windows-WindowsUpdateClient",
          "message": "\"Installation Failure: Windows failed to install the following update with error 0x80073D02: 9MSMLRH6LZF3-Microsoft.WindowsNotepad.\""
        },
        "process": {
          "image": "",
          "parentImage": "",
          "commandLine": "",
          "parentCommandLine": "",
          "currentDirectory": "",
          "user": "",
          "processId": "",
          "parentProcessId": "",
          "hashes": ""
        },
        "account": {
          "action": "",
          "actor": "",
          "actorDomain": "",
          "actorUser": "",
          "targetUser": "",
          "targetDomain": "",
          "memberName": "",
          "memberSid": "",
          "groupName": "",
          "groupDomain": ""
        },
        "triage": {
          "status": "noise",
          "score": 15,
          "reason": "Common Windows startup/background service activity"
        }
      },
      {
        "id": "4HvWFaEBDhTRgcnG1D-9",
        "index": "wazuh-alerts-4.x-2026.10.07",
        "timestamp": "2026-10-07T10:09:21.095+0000",
        "agent": {
          "id": "001",
          "name": "WIN11-SOC-ENDPOINT",
          "ip": "192.168.64.3"
        },
        "manager": "wazuh.manager",
        "rule": {
          "id": "61102",
          "level": 5,
          "description": "Windows System error event",
          "groups": [
            "windows",
            "windows_system",
            "system_error"
          ],
          "mitreId": "",
          "mitreTactic": "",
          "mitreTechnique": ""
        },
        "event": {
          "channel": "System",
          "eventId": "15",
          "provider": "TPM",
          "message": "\"The device driver for the Trusted Platform Module (TPM) encountered a non-recoverable error in the TPM hardware, which prevents TPM services (such as data encryption) from being used. For further help, please contact the computer manufacturer.\""
        },
        "process": {
          "image": "",
          "parentImage": "",
          "commandLine": "",
          "parentCommandLine": "",
          "currentDirectory": "",
          "user": "",
          "processId": "",
          "parentProcessId": "",
          "hashes": ""
        },
        "account": {
          "action": "",
          "actor": "",
          "actorDomain": "",
          "actorUser": "",
          "targetUser": "",
          "targetDomain": "",
          "memberName": "",
          "memberSid": "",
          "groupName": "",
          "groupDomain": ""
        },
        "triage": {
          "status": "noise",
          "score": 15,
          "reason": "Common Windows startup/background service activity"
        }
      },
      {
        "id": "33vWFaEBDhTRgcnG1D-7",
        "index": "wazuh-alerts-4.x-2026.10.07",
        "timestamp": "2026-10-07T10:09:21.075+0000",
        "agent": {
          "id": "001",
          "name": "WIN11-SOC-ENDPOINT",
          "ip": "192.168.64.3"
        },
        "manager": "wazuh.manager",
        "rule": {
          "id": "61102",
          "level": 5,
          "description": "Windows System error event",
          "groups": [
            "windows",
            "windows_system",
            "system_error"
          ],
          "mitreId": "",
          "mitreTactic": "",
          "mitreTechnique": ""
        },
        "event": {
          "channel": "System",
          "eventId": "15",
          "provider": "TPM",
          "message": "\"The device driver for the Trusted Platform Module (TPM) encountered a non-recoverable error in the TPM hardware, which prevents TPM services (such as data encryption) from being used. For further help, please contact the computer manufacturer.\""
        },
        "process": {
          "image": "",
          "parentImage": "",
          "commandLine": "",
          "parentCommandLine": "",
          "currentDirectory": "",
          "user": "",
          "processId": "",
          "parentProcessId": "",
          "hashes": ""
        },
        "account": {
          "action": "",
          "actor": "",
          "actorDomain": "",
          "actorUser": "",
          "targetUser": "",
          "targetDomain": "",
          "memberName": "",
          "memberSid": "",
          "groupName": "",
          "groupDomain": ""
        },
        "triage": {
          "status": "noise",
          "score": 15,
          "reason": "Common Windows startup/background service activity"
        }
      },
      {
        "id": "2HvUFaEBDhTRgcnGTj_W",
        "index": "wazuh-alerts-4.x-2026.10.07",
        "timestamp": "2026-10-07T10:06:34.851+0000",
        "agent": {
          "id": "001",
          "name": "WIN11-SOC-ENDPOINT",
          "ip": "192.168.64.3"
        },
        "manager": "wazuh.manager",
        "rule": {
          "id": "61102",
          "level": 5,
          "description": "Windows System error event",
          "groups": [
            "windows",
            "windows_system",
            "system_error"
          ],
          "mitreId": "",
          "mitreTactic": "",
          "mitreTechnique": ""
        },
        "event": {
          "channel": "System",
          "eventId": "15",
          "provider": "TPM",
          "message": "\"The device driver for the Trusted Platform Module (TPM) encountered a non-recoverable error in the TPM hardware, which prevents TPM services (such as data encryption) from being used. For further help, please contact the computer manufacturer.\""
        },
        "process": {
          "image": "",
          "parentImage": "",
          "commandLine": "",
          "parentCommandLine": "",
          "currentDirectory": "",
          "user": "",
          "processId": "",
          "parentProcessId": "",
          "hashes": ""
        },
        "account": {
          "action": "",
          "actor": "",
          "actorDomain": "",
          "actorUser": "",
          "targetUser": "",
          "targetDomain": "",
          "memberName": "",
          "memberSid": "",
          "groupName": "",
          "groupDomain": ""
        },
        "triage": {
          "status": "noise",
          "score": 15,
          "reason": "Common Windows startup/background service activity"
        }
      },
      {
        "id": "13vUFaEBDhTRgcnGTj_W",
        "index": "wazuh-alerts-4.x-2026.10.07",
        "timestamp": "2026-10-07T10:06:34.846+0000",
        "agent": {
          "id": "001",
          "name": "WIN11-SOC-ENDPOINT",
          "ip": "192.168.64.3"
        },
        "manager": "wazuh.manager",
        "rule": {
          "id": "61102",
          "level": 5,
          "description": "Windows System error event",
          "groups": [
            "windows",
            "windows_system",
            "system_error"
          ],
          "mitreId": "",
          "mitreTactic": "",
          "mitreTechnique": ""
        },
        "event": {
          "channel": "System",
          "eventId": "15",
          "provider": "TPM",
          "message": "\"The device driver for the Trusted Platform Module (TPM) encountered a non-recoverable error in the TPM hardware, which prevents TPM services (such as data encryption) from being used. For further help, please contact the computer manufacturer.\""
        },
        "process": {
          "image": "",
          "parentImage": "",
          "commandLine": "",
          "parentCommandLine": "",
          "currentDirectory": "",
          "user": "",
          "processId": "",
          "parentProcessId": "",
          "hashes": ""
        },
        "account": {
          "action": "",
          "actor": "",
          "actorDomain": "",
          "actorUser": "",
          "targetUser": "",
          "targetDomain": "",
          "memberName": "",
          "memberSid": "",
          "groupName": "",
          "groupDomain": ""
        },
        "triage": {
          "status": "noise",
          "score": 15,
          "reason": "Common Windows startup/background service activity"
        }
      },
      {
        "id": "qns0FaEBDhTRgcnGjT9J",
        "index": "wazuh-alerts-4.x-2026.10.07",
        "timestamp": "2026-10-07T07:12:05.071+0000",
        "agent": {
          "id": "001",
          "name": "WIN11-SOC-ENDPOINT",
          "ip": "192.168.64.3"
        },
        "manager": "wazuh.manager",
        "rule": {
          "id": "61102",
          "level": 5,
          "description": "Windows System error event",
          "groups": [
            "windows",
            "windows_system",
            "system_error"
          ],
          "mitreId": "",
          "mitreTactic": "",
          "mitreTechnique": ""
        },
        "event": {
          "channel": "System",
          "eventId": "15",
          "provider": "TPM",
          "message": "\"The device driver for the Trusted Platform Module (TPM) encountered a non-recoverable error in the TPM hardware, which prevents TPM services (such as data encryption) from being used. For further help, please contact the computer manufacturer.\""
        },
        "process": {
          "image": "",
          "parentImage": "",
          "commandLine": "",
          "parentCommandLine": "",
          "currentDirectory": "",
          "user": "",
          "processId": "",
          "parentProcessId": "",
          "hashes": ""
        },
        "account": {
          "action": "",
          "actor": "",
          "actorDomain": "",
          "actorUser": "",
          "targetUser": "",
          "targetDomain": "",
          "memberName": "",
          "memberSid": "",
          "groupName": "",
          "groupDomain": ""
        },
        "triage": {
          "status": "noise",
          "score": 15,
          "reason": "Common Windows startup/background service activity"
        }
      },
      {
        "id": "qXs0FaEBDhTRgcnGjT9I",
        "index": "wazuh-alerts-4.x-2026.10.07",
        "timestamp": "2026-10-07T07:12:05.017+0000",
        "agent": {
          "id": "001",
          "name": "WIN11-SOC-ENDPOINT",
          "ip": "192.168.64.3"
        },
        "manager": "wazuh.manager",
        "rule": {
          "id": "61102",
          "level": 5,
          "description": "Windows System error event",
          "groups": [
            "windows",
            "windows_system",
            "system_error"
          ],
          "mitreId": "",
          "mitreTactic": "",
          "mitreTechnique": ""
        },
        "event": {
          "channel": "System",
          "eventId": "15",
          "provider": "TPM",
          "message": "\"The device driver for the Trusted Platform Module (TPM) encountered a non-recoverable error in the TPM hardware, which prevents TPM services (such as data encryption) from being used. For further help, please contact the computer manufacturer.\""
        },
        "process": {
          "image": "",
          "parentImage": "",
          "commandLine": "",
          "parentCommandLine": "",
          "currentDirectory": "",
          "user": "",
          "processId": "",
          "parentProcessId": "",
          "hashes": ""
        },
        "account": {
          "action": "",
          "actor": "",
          "actorDomain": "",
          "actorUser": "",
          "targetUser": "",
          "targetDomain": "",
          "memberName": "",
          "memberSid": "",
          "groupName": "",
          "groupDomain": ""
        },
        "triage": {
          "status": "noise",
          "score": 15,
          "reason": "Common Windows startup/background service activity"
        }
      },
      {
        "id": "Yns0FaEBDhTRgcnGNz8t",
        "index": "wazuh-alerts-4.x-2026.10.07",
        "timestamp": "2026-10-07T07:11:39.379+0000",
        "agent": {
          "id": "001",
          "name": "WIN11-SOC-ENDPOINT",
          "ip": "192.168.64.3"
        },
        "manager": "wazuh.manager",
        "rule": {
          "id": "92066",
          "level": 4,
          "description": "C:\\Windows\\SysWOW64\\SecEdit.exe binary in a suspicious location launched by C:\\Windows\\SysWOW64\\WindowsPowerShell\\v1.0\\powershell.exe",
          "groups": [
            "sysmon",
            "sysmon_eid1_detections",
            "windows"
          ],
          "mitreId": "T1059.001",
          "mitreTactic": "Execution",
          "mitreTechnique": "PowerShell"
        },
        "event": {
          "channel": "Microsoft-Windows-Sysmon/Operational",
          "eventId": "1",
          "provider": "Microsoft-Windows-Sysmon",
          "message": "\"Process Create:\r\nRuleName: -\r\nUtcTime: 2026-10-07 07:11:15.607\r\nProcessGuid: {39942fc6-f093-6ac5-5c07-000000001400}\r\nProcessId: 5644\r\nImage: C:\\Windows\\SysWOW64\\SecEdit.exe\r\nFileVersion: 10.0.26100.7019 (WinBuild.160101.0800)\r\nDescription: Windows Security Configuration Editor Command Tool\r\nProduct: Microsoft\u00ae Windows\u00ae Operating System\r\nCompany: Microsoft Corporation\r\nOriginalFileName: SeCEdit\r\nCommandLine: \"C:\\WINDOWS\\system32\\SecEdit.exe\" /export /cfg C:\\WINDOWS\\TEMP\\secpol.cfg\r\nCurrentDirectory: C:\\Program Files (x86)\\ossec-agent\\\r\nUser: NT AUTHORITY\\SYSTEM\r\nLogonGuid: {39942fc6-38ea-6ac5-e703-000000000000}\r\nLogonId: 0x3E7\r\nTerminalSessionId: 0\r\nIntegrityLevel: System\r\nHashes: MD5=48E4CE5F62EC6F67697C1ED7270EABA3,SHA256=4CDF95EF7BEC023FED416EA34905055132374407D565BF242B69159352AD546F,IMPHASH=615449A6A25801F47AE0D7578EB950B4\r\nParentProcessGuid: {39942fc6-f082-6ac5-5907-000000001400}\r\nParentProcessId: 9168\r\nParentImage: C:\\Windows\\SysWOW64\\WindowsPowerShell\\v1.0\\powershell.exe\r\nParentCommandLine: powershell secedit /export /cfg $env:TEMP\\secpol.cfg; Get-Content $env:TEMP\\secpol.cfg | Select-String \"LockoutBadCount\"; Remove-Item $env:TEMP\\secpol.cfg\r\nParentUser: NT AUTHORITY\\SYSTEM\""
        },
        "process": {
          "image": "C:\\Windows\\SysWOW64\\SecEdit.exe",
          "parentImage": "C:\\Windows\\SysWOW64\\WindowsPowerShell\\v1.0\\powershell.exe",
          "commandLine": "\"C:\\WINDOWS\\system32\\SecEdit.exe\" /export /cfg C:\\WINDOWS\\TEMP\\secpol.cfg",
          "parentCommandLine": "powershell secedit /export /cfg $env:TEMP\\secpol.cfg; Get-Content $env:TEMP\\secpol.cfg | Select-String \"LockoutBadCount\"; Remove-Item $env:TEMP\\secpol.cfg",
          "currentDirectory": "C:\\Program Files (x86)\\ossec-agent\\",
          "user": "NT AUTHORITY\\SYSTEM",
          "processId": "5644",
          "parentProcessId": "9168",
          "hashes": "MD5=48E4CE5F62EC6F67697C1ED7270EABA3,SHA256=4CDF95EF7BEC023FED416EA34905055132374407D565BF242B69159352AD546F,IMPHASH=615449A6A25801F47AE0D7578EB950B4"
        },
        "account": {
          "action": "",
          "actor": "",
          "actorDomain": "",
          "actorUser": "",
          "targetUser": "",
          "targetDomain": "",
          "memberName": "",
          "memberSid": "",
          "groupName": "",
          "groupDomain": ""
        },
        "triage": {
          "status": "noise",
          "score": 10,
          "reason": "Wazuh agent policy assessment self-check"
        }
      },
      {
        "id": "THs0FaEBDhTRgcnGNz8t",
        "index": "wazuh-alerts-4.x-2026.10.07",
        "timestamp": "2026-10-07T07:11:37.161+0000",
        "agent": {
          "id": "001",
          "name": "WIN11-SOC-ENDPOINT",
          "ip": "192.168.64.3"
        },
        "manager": "wazuh.manager",
        "rule": {
          "id": "91816",
          "level": 4,
          "description": "Powershell script querying system environment variables",
          "groups": [
            "windows",
            " powershell"
          ],
          "mitreId": "T1082",
          "mitreTactic": "Discovery",
          "mitreTechnique": "System Information Discovery"
        },
        "event": {
          "channel": "Microsoft-Windows-PowerShell/Operational",
          "eventId": "4104",
          "provider": "Microsoft-Windows-PowerShell",
          "message": "\"Creating Scriptblock text (1 of 1):\r\nsecedit /export /cfg $env:TEMP\\secpol.cfg; Get-Content $env:TEMP\\secpol.cfg | Select-String LockoutBadCount; Remove-Item $env:TEMP\\secpol.cfg\r\n\r\nScriptBlock ID: 1a17d10d-8fe0-465d-ae83-7a58c7abe303\r\nPath: \""
        },
        "process": {
          "image": "",
          "parentImage": "",
          "commandLine": "",
          "parentCommandLine": "",
          "currentDirectory": "",
          "user": "",
          "processId": "",
          "parentProcessId": "",
          "hashes": ""
        },
        "account": {
          "action": "",
          "actor": "",
          "actorDomain": "",
          "actorUser": "",
          "targetUser": "",
          "targetDomain": "",
          "memberName": "",
          "memberSid": "",
          "groupName": "",
          "groupDomain": ""
        },
        "triage": {
          "status": "noise",
          "score": 10,
          "reason": "Wazuh agent policy assessment self-check"
        }
      },
      {
        "id": "PHszFaEBDhTRgcnGZj8P",
        "index": "wazuh-alerts-4.x-2026.10.07",
        "timestamp": "2026-10-07T07:10:50.474+0000",
        "agent": {
          "id": "001",
          "name": "WIN11-SOC-ENDPOINT",
          "ip": "192.168.64.3"
        },
        "manager": "wazuh.manager",
        "rule": {
          "id": "92066",
          "level": 4,
          "description": "C:\\Windows\\SysWOW64\\SecEdit.exe binary in a suspicious location launched by C:\\Windows\\SysWOW64\\WindowsPowerShell\\v1.0\\powershell.exe",
          "groups": [
            "sysmon",
            "sysmon_eid1_detections",
            "windows"
          ],
          "mitreId": "T1059.001",
          "mitreTactic": "Execution",
          "mitreTechnique": "PowerShell"
        },
        "event": {
          "channel": "Microsoft-Windows-Sysmon/Operational",
          "eventId": "1",
          "provider": "Microsoft-Windows-Sysmon",
          "message": "\"Process Create:\r\nRuleName: -\r\nUtcTime: 2026-10-07 07:10:48.947\r\nProcessGuid: {39942fc6-f078-6ac5-5807-000000001400}\r\nProcessId: 120\r\nImage: C:\\Windows\\SysWOW64\\SecEdit.exe\r\nFileVersion: 10.0.26100.7019 (WinBuild.160101.0800)\r\nDescription: Windows Security Configuration Editor Command Tool\r\nProduct: Microsoft\u00ae Windows\u00ae Operating System\r\nCompany: Microsoft Corporation\r\nOriginalFileName: SeCEdit\r\nCommandLine: \"C:\\WINDOWS\\system32\\SecEdit.exe\" /export /cfg C:\\WINDOWS\\TEMP\\secpol.cfg\r\nCurrentDirectory: C:\\Program Files (x86)\\ossec-agent\\\r\nUser: NT AUTHORITY\\SYSTEM\r\nLogonGuid: {39942fc6-38ea-6ac5-e703-000000000000}\r\nLogonId: 0x3E7\r\nTerminalSessionId: 0\r\nIntegrityLevel: System\r\nHashes: MD5=48E4CE5F62EC6F67697C1ED7270EABA3,SHA256=4CDF95EF7BEC023FED416EA34905055132374407D565BF242B69159352AD546F,IMPHASH=615449A6A25801F47AE0D7578EB950B4\r\nParentProcessGuid: {39942fc6-f06d-6ac5-5607-000000001400}\r\nParentProcessId: 5652\r\nParentImage: C:\\Windows\\SysWOW64\\WindowsPowerShell\\v1.0\\powershell.exe\r\nParentCommandLine: powershell secedit /export /cfg $env:TEMP\\secpol.cfg; Get-Content $env:TEMP\\secpol.cfg | Select-String \"LockoutDuration\"; Remove-Item $env:TEMP\\secpol.cfg\r\nParentUser: NT AUTHORITY\\SYSTEM\""
        },
        "process": {
          "image": "C:\\Windows\\SysWOW64\\SecEdit.exe",
          "parentImage": "C:\\Windows\\SysWOW64\\WindowsPowerShell\\v1.0\\powershell.exe",
          "commandLine": "\"C:\\WINDOWS\\system32\\SecEdit.exe\" /export /cfg C:\\WINDOWS\\TEMP\\secpol.cfg",
          "parentCommandLine": "powershell secedit /export /cfg $env:TEMP\\secpol.cfg; Get-Content $env:TEMP\\secpol.cfg | Select-String \"LockoutDuration\"; Remove-Item $env:TEMP\\secpol.cfg",
          "currentDirectory": "C:\\Program Files (x86)\\ossec-agent\\",
          "user": "NT AUTHORITY\\SYSTEM",
          "processId": "120",
          "parentProcessId": "5652",
          "hashes": "MD5=48E4CE5F62EC6F67697C1ED7270EABA3,SHA256=4CDF95EF7BEC023FED416EA34905055132374407D565BF242B69159352AD546F,IMPHASH=615449A6A25801F47AE0D7578EB950B4"
        },
        "account": {
          "action": "",
          "actor": "",
          "actorDomain": "",
          "actorUser": "",
          "targetUser": "",
          "targetDomain": "",
          "memberName": "",
          "memberSid": "",
          "groupName": "",
          "groupDomain": ""
        },
        "triage": {
          "status": "noise",
          "score": 10,
          "reason": "Wazuh agent policy assessment self-check"
        }
      },
      {
        "id": "O3szFaEBDhTRgcnGYj8t",
        "index": "wazuh-alerts-4.x-2026.10.07",
        "timestamp": "2026-10-07T07:10:49.669+0000",
        "agent": {
          "id": "001",
          "name": "WIN11-SOC-ENDPOINT",
          "ip": "192.168.64.3"
        },
        "manager": "wazuh.manager",
        "rule": {
          "id": "91816",
          "level": 4,
          "description": "Powershell script querying system environment variables",
          "groups": [
            "windows",
            " powershell"
          ],
          "mitreId": "T1082",
          "mitreTactic": "Discovery",
          "mitreTechnique": "System Information Discovery"
        },
        "event": {
          "channel": "Microsoft-Windows-PowerShell/Operational",
          "eventId": "4104",
          "provider": "Microsoft-Windows-PowerShell",
          "message": "\"Creating Scriptblock text (1 of 1):\r\nsecedit /export /cfg $env:TEMP\\secpol.cfg; Get-Content $env:TEMP\\secpol.cfg | Select-String LockoutDuration; Remove-Item $env:TEMP\\secpol.cfg\r\n\r\nScriptBlock ID: 688091b5-0c60-411c-881e-04542b91b677\r\nPath: \""
        },
        "process": {
          "image": "",
          "parentImage": "",
          "commandLine": "",
          "parentCommandLine": "",
          "currentDirectory": "",
          "user": "",
          "processId": "",
          "parentProcessId": "",
          "hashes": ""
        },
        "account": {
          "action": "",
          "actor": "",
          "actorDomain": "",
          "actorUser": "",
          "targetUser": "",
          "targetDomain": "",
          "memberName": "",
          "memberSid": "",
          "groupName": "",
          "groupDomain": ""
        },
        "triage": {
          "status": "noise",
          "score": 10,
          "reason": "Wazuh agent policy assessment self-check"
        }
      },
      {
        "id": "M3szFaEBDhTRgcnGEz-w",
        "index": "wazuh-alerts-4.x-2026.10.07",
        "timestamp": "2026-10-07T07:10:29.110+0000",
        "agent": {
          "id": "001",
          "name": "WIN11-SOC-ENDPOINT",
          "ip": "192.168.64.3"
        },
        "manager": "wazuh.manager",
        "rule": {
          "id": "92066",
          "level": 4,
          "description": "C:\\Windows\\SysWOW64\\SecEdit.exe binary in a suspicious location launched by C:\\Windows\\SysWOW64\\WindowsPowerShell\\v1.0\\powershell.exe",
          "groups": [
            "sysmon",
            "sysmon_eid1_detections",
            "windows"
          ],
          "mitreId": "T1059.001",
          "mitreTactic": "Execution",
          "mitreTechnique": "PowerShell"
        },
        "event": {
          "channel": "Microsoft-Windows-Sysmon/Operational",
          "eventId": "1",
          "provider": "Microsoft-Windows-Sysmon",
          "message": "\"Process Create:\r\nRuleName: -\r\nUtcTime: 2026-10-07 07:10:27.612\r\nProcessGuid: {39942fc6-f063-6ac5-5407-000000001400}\r\nProcessId: 2008\r\nImage: C:\\Windows\\SysWOW64\\SecEdit.exe\r\nFileVersion: 10.0.26100.7019 (WinBuild.160101.0800)\r\nDescription: Windows Security Configuration Editor Command Tool\r\nProduct: Microsoft\u00ae Windows\u00ae Operating System\r\nCompany: Microsoft Corporation\r\nOriginalFileName: SeCEdit\r\nCommandLine: \"C:\\WINDOWS\\system32\\SecEdit.exe\" /export /cfg C:\\WINDOWS\\TEMP\\secpol.cfg\r\nCurrentDirectory: C:\\Program Files (x86)\\ossec-agent\\\r\nUser: NT AUTHORITY\\SYSTEM\r\nLogonGuid: {39942fc6-38ea-6ac5-e703-000000000000}\r\nLogonId: 0x3E7\r\nTerminalSessionId: 0\r\nIntegrityLevel: System\r\nHashes: MD5=48E4CE5F62EC6F67697C1ED7270EABA3,SHA256=4CDF95EF7BEC023FED416EA34905055132374407D565BF242B69159352AD546F,IMPHASH=615449A6A25801F47AE0D7578EB950B4\r\nParentProcessGuid: {39942fc6-f053-6ac5-5207-000000001400}\r\nParentProcessId: 6608\r\nParentImage: C:\\Windows\\SysWOW64\\WindowsPowerShell\\v1.0\\powershell.exe\r\nParentCommandLine: powershell secedit /export /cfg $env:TEMP\\secpol.cfg; Get-Content $env:TEMP\\secpol.cfg | Select-String \"MinimumPasswordLength\"; Remove-Item $env:TEMP\\secpol.cfg\r\nParentUser: NT AUTHORITY\\SYSTEM\""
        },
        "process": {
          "image": "C:\\Windows\\SysWOW64\\SecEdit.exe",
          "parentImage": "C:\\Windows\\SysWOW64\\WindowsPowerShell\\v1.0\\powershell.exe",
          "commandLine": "\"C:\\WINDOWS\\system32\\SecEdit.exe\" /export /cfg C:\\WINDOWS\\TEMP\\secpol.cfg",
          "parentCommandLine": "powershell secedit /export /cfg $env:TEMP\\secpol.cfg; Get-Content $env:TEMP\\secpol.cfg | Select-String \"MinimumPasswordLength\"; Remove-Item $env:TEMP\\secpol.cfg",
          "currentDirectory": "C:\\Program Files (x86)\\ossec-agent\\",
          "user": "NT AUTHORITY\\SYSTEM",
          "processId": "2008",
          "parentProcessId": "6608",
          "hashes": "MD5=48E4CE5F62EC6F67697C1ED7270EABA3,SHA256=4CDF95EF7BEC023FED416EA34905055132374407D565BF242B69159352AD546F,IMPHASH=615449A6A25801F47AE0D7578EB950B4"
        },
        "account": {
          "action": "",
          "actor": "",
          "actorDomain": "",
          "actorUser": "",
          "targetUser": "",
          "targetDomain": "",
          "memberName": "",
          "memberSid": "",
          "groupName": "",
          "groupDomain": ""
        },
        "triage": {
          "status": "noise",
          "score": 10,
          "reason": "Wazuh agent policy assessment self-check"
        }
      },
      {
        "id": "MnszFaEBDhTRgcnGEz-v",
        "index": "wazuh-alerts-4.x-2026.10.07",
        "timestamp": "2026-10-07T07:10:28.345+0000",
        "agent": {
          "id": "001",
          "name": "WIN11-SOC-ENDPOINT",
          "ip": "192.168.64.3"
        },
        "manager": "wazuh.manager",
        "rule": {
          "id": "91816",
          "level": 4,
          "description": "Powershell script querying system environment variables",
          "groups": [
            "windows",
            " powershell"
          ],
          "mitreId": "T1082",
          "mitreTactic": "Discovery",
          "mitreTechnique": "System Information Discovery"
        },
        "event": {
          "channel": "Microsoft-Windows-PowerShell/Operational",
          "eventId": "4104",
          "provider": "Microsoft-Windows-PowerShell",
          "message": "\"Creating Scriptblock text (1 of 1):\r\nsecedit /export /cfg $env:TEMP\\secpol.cfg; Get-Content $env:TEMP\\secpol.cfg | Select-String MinimumPasswordLength; Remove-Item $env:TEMP\\secpol.cfg\r\n\r\nScriptBlock ID: 512554af-c308-42e6-9913-a44985dcfdd2\r\nPath: \""
        },
        "process": {
          "image": "",
          "parentImage": "",
          "commandLine": "",
          "parentCommandLine": "",
          "currentDirectory": "",
          "user": "",
          "processId": "",
          "parentProcessId": "",
          "hashes": ""
        },
        "account": {
          "action": "",
          "actor": "",
          "actorDomain": "",
          "actorUser": "",
          "targetUser": "",
          "targetDomain": "",
          "memberName": "",
          "memberSid": "",
          "groupName": "",
          "groupDomain": ""
        },
        "triage": {
          "status": "noise",
          "score": 10,
          "reason": "Wazuh agent policy assessment self-check"
        }
      },
      {
        "id": "FXsyFaEBDhTRgcnG1T8e",
        "index": "wazuh-alerts-4.x-2026.10.07",
        "timestamp": "2026-10-07T07:10:12.172+0000",
        "agent": {
          "id": "001",
          "name": "WIN11-SOC-ENDPOINT",
          "ip": "192.168.64.3"
        },
        "manager": "wazuh.manager",
        "rule": {
          "id": "92066",
          "level": 4,
          "description": "C:\\Windows\\SysWOW64\\SecEdit.exe binary in a suspicious location launched by C:\\Windows\\SysWOW64\\WindowsPowerShell\\v1.0\\powershell.exe",
          "groups": [
            "sysmon",
            "sysmon_eid1_detections",
            "windows"
          ],
          "mitreId": "T1059.001",
          "mitreTactic": "Execution",
          "mitreTechnique": "PowerShell"
        },
        "event": {
          "channel": "Microsoft-Windows-Sysmon/Operational",
          "eventId": "1",
          "provider": "Microsoft-Windows-Sysmon",
          "message": "\"Process Create:\r\nRuleName: -\r\nUtcTime: 2026-10-07 07:10:10.505\r\nProcessGuid: {39942fc6-f052-6ac5-5107-000000001400}\r\nProcessId: 5032\r\nImage: C:\\Windows\\SysWOW64\\SecEdit.exe\r\nFileVersion: 10.0.26100.7019 (WinBuild.160101.0800)\r\nDescription: Windows Security Configuration Editor Command Tool\r\nProduct: Microsoft\u00ae Windows\u00ae Operating System\r\nCompany: Microsoft Corporation\r\nOriginalFileName: SeCEdit\r\nCommandLine: \"C:\\WINDOWS\\system32\\SecEdit.exe\" /export /cfg C:\\WINDOWS\\TEMP\\secpol.cfg\r\nCurrentDirectory: C:\\Program Files (x86)\\ossec-agent\\\r\nUser: NT AUTHORITY\\SYSTEM\r\nLogonGuid: {39942fc6-38ea-6ac5-e703-000000000000}\r\nLogonId: 0x3E7\r\nTerminalSessionId: 0\r\nIntegrityLevel: System\r\nHashes: MD5=48E4CE5F62EC6F67697C1ED7270EABA3,SHA256=4CDF95EF7BEC023FED416EA34905055132374407D565BF242B69159352AD546F,IMPHASH=615449A6A25801F47AE0D7578EB950B4\r\nParentProcessGuid: {39942fc6-f034-6ac5-4d07-000000001400}\r\nParentProcessId: 2580\r\nParentImage: C:\\Windows\\SysWOW64\\WindowsPowerShell\\v1.0\\powershell.exe\r\nParentCommandLine: powershell secedit /export /cfg $env:TEMP\\secpol.cfg; Get-Content $env:TEMP\\secpol.cfg | Select-String \"MinimumPasswordAge\"; Remove-Item $env:TEMP\\secpol.cfg\r\nParentUser: NT AUTHORITY\\SYSTEM\""
        },
        "process": {
          "image": "C:\\Windows\\SysWOW64\\SecEdit.exe",
          "parentImage": "C:\\Windows\\SysWOW64\\WindowsPowerShell\\v1.0\\powershell.exe",
          "commandLine": "\"C:\\WINDOWS\\system32\\SecEdit.exe\" /export /cfg C:\\WINDOWS\\TEMP\\secpol.cfg",
          "parentCommandLine": "powershell secedit /export /cfg $env:TEMP\\secpol.cfg; Get-Content $env:TEMP\\secpol.cfg | Select-String \"MinimumPasswordAge\"; Remove-Item $env:TEMP\\secpol.cfg",
          "currentDirectory": "C:\\Program Files (x86)\\ossec-agent\\",
          "user": "NT AUTHORITY\\SYSTEM",
          "processId": "5032",
          "parentProcessId": "2580",
          "hashes": "MD5=48E4CE5F62EC6F67697C1ED7270EABA3,SHA256=4CDF95EF7BEC023FED416EA34905055132374407D565BF242B69159352AD546F,IMPHASH=615449A6A25801F47AE0D7578EB950B4"
        },
        "account": {
          "action": "",
          "actor": "",
          "actorDomain": "",
          "actorUser": "",
          "targetUser": "",
          "targetDomain": "",
          "memberName": "",
          "memberSid": "",
          "groupName": "",
          "groupDomain": ""
        },
        "triage": {
          "status": "noise",
          "score": 10,
          "reason": "Wazuh agent policy assessment self-check"
        }
      },
      {
        "id": "DXsyFaEBDhTRgcnG1T8e",
        "index": "wazuh-alerts-4.x-2026.10.07",
        "timestamp": "2026-10-07T07:10:11.220+0000",
        "agent": {
          "id": "001",
          "name": "WIN11-SOC-ENDPOINT",
          "ip": "192.168.64.3"
        },
        "manager": "wazuh.manager",
        "rule": {
          "id": "91816",
          "level": 4,
          "description": "Powershell script querying system environment variables",
          "groups": [
            "windows",
            " powershell"
          ],
          "mitreId": "T1082",
          "mitreTactic": "Discovery",
          "mitreTechnique": "System Information Discovery"
        },
        "event": {
          "channel": "Microsoft-Windows-PowerShell/Operational",
          "eventId": "4104",
          "provider": "Microsoft-Windows-PowerShell",
          "message": "\"Creating Scriptblock text (1 of 1):\r\nsecedit /export /cfg $env:TEMP\\secpol.cfg; Get-Content $env:TEMP\\secpol.cfg | Select-String MinimumPasswordAge; Remove-Item $env:TEMP\\secpol.cfg\r\n\r\nScriptBlock ID: 02eb46ae-9c1c-4af1-870e-3eaa2b466987\r\nPath: \""
        },
        "process": {
          "image": "",
          "parentImage": "",
          "commandLine": "",
          "parentCommandLine": "",
          "currentDirectory": "",
          "user": "",
          "processId": "",
          "parentProcessId": "",
          "hashes": ""
        },
        "account": {
          "action": "",
          "actor": "",
          "actorDomain": "",
          "actorUser": "",
          "targetUser": "",
          "targetDomain": "",
          "memberName": "",
          "memberSid": "",
          "groupName": "",
          "groupDomain": ""
        },
        "triage": {
          "status": "noise",
          "score": 10,
          "reason": "Wazuh agent policy assessment self-check"
        }
      },
      {
        "id": "dHsxFaEBDhTRgcnGwz73",
        "index": "wazuh-alerts-4.x-2026.10.07",
        "timestamp": "2026-10-07T07:09:02.698+0000",
        "agent": {
          "id": "001",
          "name": "WIN11-SOC-ENDPOINT",
          "ip": "192.168.64.3"
        },
        "manager": "wazuh.manager",
        "rule": {
          "id": "92066",
          "level": 4,
          "description": "C:\\Windows\\SysWOW64\\SecEdit.exe binary in a suspicious location launched by C:\\Windows\\SysWOW64\\WindowsPowerShell\\v1.0\\powershell.exe",
          "groups": [
            "sysmon",
            "sysmon_eid1_detections",
            "windows"
          ],
          "mitreId": "T1059.001",
          "mitreTactic": "Execution",
          "mitreTechnique": "PowerShell"
        },
        "event": {
          "channel": "Microsoft-Windows-Sysmon/Operational",
          "eventId": "1",
          "provider": "Microsoft-Windows-Sysmon",
          "message": "\"Process Create:\r\nRuleName: -\r\nUtcTime: 2026-10-07 07:09:01.987\r\nProcessGuid: {39942fc6-f00d-6ac5-4a07-000000001400}\r\nProcessId: 10064\r\nImage: C:\\Windows\\SysWOW64\\SecEdit.exe\r\nFileVersion: 10.0.26100.7019 (WinBuild.160101.0800)\r\nDescription: Windows Security Configuration Editor Command Tool\r\nProduct: Microsoft\u00ae Windows\u00ae Operating System\r\nCompany: Microsoft Corporation\r\nOriginalFileName: SeCEdit\r\nCommandLine: \"C:\\WINDOWS\\system32\\SecEdit.exe\" /export /cfg C:\\WINDOWS\\TEMP\\secpol.cfg\r\nCurrentDirectory: C:\\Program Files (x86)\\ossec-agent\\\r\nUser: NT AUTHORITY\\SYSTEM\r\nLogonGuid: {39942fc6-38ea-6ac5-e703-000000000000}\r\nLogonId: 0x3E7\r\nTerminalSessionId: 0\r\nIntegrityLevel: System\r\nHashes: MD5=48E4CE5F62EC6F67697C1ED7270EABA3,SHA256=4CDF95EF7BEC023FED416EA34905055132374407D565BF242B69159352AD546F,IMPHASH=615449A6A25801F47AE0D7578EB950B4\r\nParentProcessGuid: {39942fc6-eff5-6ac5-4807-000000001400}\r\nParentProcessId: 1720\r\nParentImage: C:\\Windows\\SysWOW64\\WindowsPowerShell\\v1.0\\powershell.exe\r\nParentCommandLine: powershell secedit /export /cfg $env:TEMP\\secpol.cfg; Get-Content $env:TEMP\\secpol.cfg | Select-String \"MaximumPasswordAge\"; Remove-Item $env:TEMP\\secpol.cfg\r\nParentUser: NT AUTHORITY\\SYSTEM\""
        },
        "process": {
          "image": "C:\\Windows\\SysWOW64\\SecEdit.exe",
          "parentImage": "C:\\Windows\\SysWOW64\\WindowsPowerShell\\v1.0\\powershell.exe",
          "commandLine": "\"C:\\WINDOWS\\system32\\SecEdit.exe\" /export /cfg C:\\WINDOWS\\TEMP\\secpol.cfg",
          "parentCommandLine": "powershell secedit /export /cfg $env:TEMP\\secpol.cfg; Get-Content $env:TEMP\\secpol.cfg | Select-String \"MaximumPasswordAge\"; Remove-Item $env:TEMP\\secpol.cfg",
          "currentDirectory": "C:\\Program Files (x86)\\ossec-agent\\",
          "user": "NT AUTHORITY\\SYSTEM",
          "processId": "10064",
          "parentProcessId": "1720",
          "hashes": "MD5=48E4CE5F62EC6F67697C1ED7270EABA3,SHA256=4CDF95EF7BEC023FED416EA34905055132374407D565BF242B69159352AD546F,IMPHASH=615449A6A25801F47AE0D7578EB950B4"
        },
        "account": {
          "action": "",
          "actor": "",
          "actorDomain": "",
          "actorUser": "",
          "targetUser": "",
          "targetDomain": "",
          "memberName": "",
          "memberSid": "",
          "groupName": "",
          "groupDomain": ""
        },
        "triage": {
          "status": "noise",
          "score": 10,
          "reason": "Wazuh agent policy assessment self-check"
        }
      },
      {
        "id": "cnsxFaEBDhTRgcnGwD4c",
        "index": "wazuh-alerts-4.x-2026.10.07",
        "timestamp": "2026-10-07T07:09:02.652+0000",
        "agent": {
          "id": "001",
          "name": "WIN11-SOC-ENDPOINT",
          "ip": "192.168.64.3"
        },
        "manager": "wazuh.manager",
        "rule": {
          "id": "91816",
          "level": 4,
          "description": "Powershell script querying system environment variables",
          "groups": [
            "windows",
            " powershell"
          ],
          "mitreId": "T1082",
          "mitreTactic": "Discovery",
          "mitreTechnique": "System Information Discovery"
        },
        "event": {
          "channel": "Microsoft-Windows-PowerShell/Operational",
          "eventId": "4104",
          "provider": "Microsoft-Windows-PowerShell",
          "message": "\"Creating Scriptblock text (1 of 1):\r\nsecedit /export /cfg $env:TEMP\\secpol.cfg; Get-Content $env:TEMP\\secpol.cfg | Select-String MaximumPasswordAge; Remove-Item $env:TEMP\\secpol.cfg\r\n\r\nScriptBlock ID: 490c00b1-00f5-4c70-9bfd-0e9550098cd6\r\nPath: \""
        },
        "process": {
          "image": "",
          "parentImage": "",
          "commandLine": "",
          "parentCommandLine": "",
          "currentDirectory": "",
          "user": "",
          "processId": "",
          "parentProcessId": "",
          "hashes": ""
        },
        "account": {
          "action": "",
          "actor": "",
          "actorDomain": "",
          "actorUser": "",
          "targetUser": "",
          "targetDomain": "",
          "memberName": "",
          "memberSid": "",
          "groupName": "",
          "groupDomain": ""
        },
        "triage": {
          "status": "noise",
          "score": 10,
          "reason": "Wazuh agent policy assessment self-check"
        }
      },
