      {
        "id": "U3A9rJ8BfU4fm0WGeOyX",
        "index": "wazuh-alerts-4.x-2026.07.29",
        "timestamp": "2026-07-29T04:58:56.160+0000",
        "agent": {
          "id": "001",
          "name": "WIN11-SOC-ENDPOINT",
          "ip": "192.168.64.3"
        },
        "manager": "wazuh.manager",
        "rule": {
          "id": "61102",
          "level": 5,
          "description": "Windows System error event",
          "groups": [
            "windows",
            "windows_system",
            "system_error"
          ],
          "mitreId": "",
          "mitreTactic": "",
          "mitreTechnique": ""
        },
        "event": {
          "channel": "System",
          "eventId": "15",
          "provider": "TPM",
          "message": "\"The device driver for the Trusted Platform Module (TPM) encountered a non-recoverable error in the TPM hardware, which prevents TPM services (such as data encryption) from being used. For further help, please contact the computer manufacturer.\""
        },
        "process": {
          "image": "",
          "parentImage": "",
          "commandLine": "",
          "parentCommandLine": "",
          "currentDirectory": "",
          "user": "",
          "processId": "",
          "parentProcessId": "",
          "hashes": ""
        },
        "account": {
          "action": "",
          "actor": "",
          "actorDomain": "",
          "actorUser": "",
          "targetUser": "",
          "targetDomain": "",
          "memberName": "",
          "memberSid": "",
          "groupName": "",
          "groupDomain": ""
        },
        "triage": {
          "status": "noise",
          "score": 15,
          "reason": "Common Windows startup/background service activity"
        }
      },
      {
        "id": "THA9rJ8BfU4fm0WGcOyg",
        "index": "wazuh-alerts-4.x-2026.07.29",
        "timestamp": "2026-07-29T04:58:53.111+0000",
        "agent": {
          "id": "001",
          "name": "WIN11-SOC-ENDPOINT",
          "ip": "192.168.64.3"
        },
        "manager": "wazuh.manager",
        "rule": {
          "id": "61102",
          "level": 5,
          "description": "Windows System error event",
          "groups": [
            "windows",
            "windows_system",
            "system_error"
          ],
          "mitreId": "",
          "mitreTactic": "",
          "mitreTechnique": ""
        },
        "event": {
          "channel": "System",
          "eventId": "1803",
          "provider": "Microsoft-Windows-TPM-WMI",
          "message": "\"A PK-signed Key Exchange Key (KEK) cannot be found for this device. Check with the device manufacturer for proper key provisioning.\r\nThis device signature information is included here.\r\nDeviceAttributes: BaseBoardManufacturer:;FirmwareManufacturer:EFI Development Kit II / OVMF;FirmwareVersion:0.0.0;OEMModelNumber:QEMU Virtual Machine;OEMModelBaseBoard:;OEMModelSystemFamily:;OEMManufacturerName:QEMU;OEMModelSKU:;OSArchitecture:arm64;\r\nBucketId: 42bb6a1c46e22ca23875f240e6179cd492659eb33a79697cf5e6acc5866c9d5a\r\nBucketConfidenceLevel: High Confidence.\r\nFor more information, please see https://go.microsoft.com/fwlink/?linkid=2339472\""
        },
        "process": {
          "image": "",
          "parentImage": "",
          "commandLine": "",
          "parentCommandLine": "",
          "currentDirectory": "",
          "user": "",
          "processId": "",
          "parentProcessId": "",
          "hashes": ""
        },
        "account": {
          "action": "",
          "actor": "",
          "actorDomain": "",
          "actorUser": "",
          "targetUser": "",
          "targetDomain": "",
          "memberName": "",
          "memberSid": "",
          "groupName": "",
          "groupDomain": ""
        },
        "triage": {
          "status": "noise",
          "score": 15,
          "reason": "Common Windows startup/background service activity"
        }
      },
      {
        "id": "PHA9rJ8BfU4fm0WGZewU",
        "index": "wazuh-alerts-4.x-2026.07.29",
        "timestamp": "2026-07-29T04:58:45.744+0000",
        "agent": {
          "id": "001",
          "name": "WIN11-SOC-ENDPOINT",
          "ip": "192.168.64.3"
        },
        "manager": "wazuh.manager",
        "rule": {
          "id": "61102",
          "level": 5,
          "description": "Windows System error event",
          "groups": [
            "windows",
            "windows_system",
            "system_error"
          ],
          "mitreId": "",
          "mitreTactic": "",
          "mitreTechnique": ""
        },
        "event": {
          "channel": "System",
          "eventId": "15",
          "provider": "TPM",
          "message": "\"The device driver for the Trusted Platform Module (TPM) encountered a non-recoverable error in the TPM hardware, which prevents TPM services (such as data encryption) from being used. For further help, please contact the computer manufacturer.\""
        },
        "process": {
          "image": "",
          "parentImage": "",
          "commandLine": "",
          "parentCommandLine": "",
          "currentDirectory": "",
          "user": "",
          "processId": "",
          "parentProcessId": "",
          "hashes": ""
        },
        "account": {
          "action": "",
          "actor": "",
          "actorDomain": "",
          "actorUser": "",
          "targetUser": "",
          "targetDomain": "",
          "memberName": "",
          "memberSid": "",
          "groupName": "",
          "groupDomain": ""
        },
        "triage": {
          "status": "noise",
          "score": 15,
          "reason": "Common Windows startup/background service activity"
        }
      },
      {
        "id": "O3A9rJ8BfU4fm0WGZewU",
        "index": "wazuh-alerts-4.x-2026.07.29",
        "timestamp": "2026-07-29T04:58:45.691+0000",
        "agent": {
          "id": "001",
          "name": "WIN11-SOC-ENDPOINT",
          "ip": "192.168.64.3"
        },
        "manager": "wazuh.manager",
        "rule": {
          "id": "61102",
          "level": 5,
          "description": "Windows System error event",
          "groups": [
            "windows",
            "windows_system",
            "system_error"
          ],
          "mitreId": "",
          "mitreTactic": "",
          "mitreTechnique": ""
        },
        "event": {
          "channel": "System",
          "eventId": "15",
          "provider": "TPM",
          "message": "\"The device driver for the Trusted Platform Module (TPM) encountered a non-recoverable error in the TPM hardware, which prevents TPM services (such as data encryption) from being used. For further help, please contact the computer manufacturer.\""
        },
        "process": {
          "image": "",
          "parentImage": "",
          "commandLine": "",
          "parentCommandLine": "",
          "currentDirectory": "",
          "user": "",
          "processId": "",
          "parentProcessId": "",
          "hashes": ""
        },
        "account": {
          "action": "",
          "actor": "",
          "actorDomain": "",
          "actorUser": "",
          "targetUser": "",
          "targetDomain": "",
          "memberName": "",
          "memberSid": "",
          "groupName": "",
          "groupDomain": ""
        },
        "triage": {
          "status": "noise",
          "score": 15,
          "reason": "Common Windows startup/background service activity"
        }
      },
      {
        "id": "NnA9rJ8BfU4fm0WGZewU",
        "index": "wazuh-alerts-4.x-2026.07.29",
        "timestamp": "2026-07-29T04:58:44.158+0000",
        "agent": {
          "id": "001",
          "name": "WIN11-SOC-ENDPOINT",
          "ip": "192.168.64.3"
        },
        "manager": "wazuh.manager",
        "rule": {
          "id": "61102",
          "level": 5,
          "description": "Windows System error event",
          "groups": [
            "windows",
            "windows_system",
            "system_error"
          ],
          "mitreId": "",
          "mitreTactic": "",
          "mitreTechnique": ""
        },
        "event": {
          "channel": "System",
          "eventId": "15",
          "provider": "TPM",
          "message": "\"The device driver for the Trusted Platform Module (TPM) encountered a non-recoverable error in the TPM hardware, which prevents TPM services (such as data encryption) from being used. For further help, please contact the computer manufacturer.\""
        },
        "process": {
          "image": "",
          "parentImage": "",
          "commandLine": "",
          "parentCommandLine": "",
          "currentDirectory": "",
          "user": "",
          "processId": "",
          "parentProcessId": "",
          "hashes": ""
        },
        "account": {
          "action": "",
          "actor": "",
          "actorDomain": "",
          "actorUser": "",
          "targetUser": "",
          "targetDomain": "",
          "memberName": "",
          "memberSid": "",
          "groupName": "",
          "groupDomain": ""
        },
        "triage": {
          "status": "noise",
          "score": 15,
          "reason": "Common Windows startup/background service activity"
        }
      },
      {
        "id": "K3A9rJ8BfU4fm0WGZewU",
        "index": "wazuh-alerts-4.x-2026.07.29",
        "timestamp": "2026-07-29T04:58:42.767+0000",
        "agent": {
          "id": "001",
          "name": "WIN11-SOC-ENDPOINT",
          "ip": "192.168.64.3"
        },
        "manager": "wazuh.manager",
        "rule": {
          "id": "61102",
          "level": 5,
          "description": "Windows System error event",
          "groups": [
            "windows",
            "windows_system",
            "system_error"
          ],
          "mitreId": "",
          "mitreTactic": "",
          "mitreTechnique": ""
        },
        "event": {
          "channel": "System",
          "eventId": "1803",
          "provider": "Microsoft-Windows-TPM-WMI",
          "message": "\"A PK-signed Key Exchange Key (KEK) cannot be found for this device. Check with the device manufacturer for proper key provisioning.\r\nThis device signature information is included here.\r\nDeviceAttributes: BaseBoardManufacturer:;FirmwareManufacturer:EFI Development Kit II / OVMF;FirmwareVersion:0.0.0;OEMModelNumber:QEMU Virtual Machine;OEMModelBaseBoard:;OEMModelSystemFamily:;OEMManufacturerName:QEMU;OEMModelSKU:;OSArchitecture:arm64;\r\nBucketId: 42bb6a1c46e22ca23875f240e6179cd492659eb33a79697cf5e6acc5866c9d5a\r\nBucketConfidenceLevel: High Confidence.\r\nFor more information, please see https://go.microsoft.com/fwlink/?linkid=2339472\""
        },
        "process": {
          "image": "",
          "parentImage": "",
          "commandLine": "",
          "parentCommandLine": "",
          "currentDirectory": "",
          "user": "",
          "processId": "",
          "parentProcessId": "",
          "hashes": ""
        },
        "account": {
          "action": "",
          "actor": "",
          "actorDomain": "",
          "actorUser": "",
          "targetUser": "",
          "targetDomain": "",
          "memberName": "",
          "memberSid": "",
          "groupName": "",
          "groupDomain": ""
        },
        "triage": {
          "status": "noise",
          "score": 15,
          "reason": "Common Windows startup/background service activity"
        }
      },
      {
        "id": "KnA9rJ8BfU4fm0WGZewU",
        "index": "wazuh-alerts-4.x-2026.07.29",
        "timestamp": "2026-07-29T04:58:42.733+0000",
        "agent": {
          "id": "001",
          "name": "WIN11-SOC-ENDPOINT",
          "ip": "192.168.64.3"
        },
        "manager": "wazuh.manager",
        "rule": {
          "id": "61102",
          "level": 5,
          "description": "Windows System error event",
          "groups": [
            "windows",
            "windows_system",
            "system_error"
          ],
          "mitreId": "",
          "mitreTactic": "",
          "mitreTechnique": ""
        },
        "event": {
          "channel": "System",
          "eventId": "15",
          "provider": "TPM",
          "message": "\"The device driver for the Trusted Platform Module (TPM) encountered a non-recoverable error in the TPM hardware, which prevents TPM services (such as data encryption) from being used. For further help, please contact the computer manufacturer.\""
        },
        "process": {
          "image": "",
          "parentImage": "",
          "commandLine": "",
          "parentCommandLine": "",
          "currentDirectory": "",
          "user": "",
          "processId": "",
          "parentProcessId": "",
          "hashes": ""
        },
        "account": {
          "action": "",
          "actor": "",
          "actorDomain": "",
          "actorUser": "",
          "targetUser": "",
          "targetDomain": "",
          "memberName": "",
          "memberSid": "",
          "groupName": "",
          "groupDomain": ""
        },
        "triage": {
          "status": "noise",
          "score": 15,
          "reason": "Common Windows startup/background service activity"
        }
      },
      {
        "id": "KHA9rJ8BfU4fm0WGZewU",
        "index": "wazuh-alerts-4.x-2026.07.29",
        "timestamp": "2026-07-29T04:58:42.710+0000",
        "agent": {
          "id": "001",
          "name": "WIN11-SOC-ENDPOINT",
          "ip": "192.168.64.3"
        },
        "manager": "wazuh.manager",
        "rule": {
          "id": "61102",
          "level": 5,
          "description": "Windows System error event",
          "groups": [
            "windows",
            "windows_system",
            "system_error"
          ],
          "mitreId": "",
          "mitreTactic": "",
          "mitreTechnique": ""
        },
        "event": {
          "channel": "System",
          "eventId": "15",
          "provider": "TPM",
          "message": "\"The device driver for the Trusted Platform Module (TPM) encountered a non-recoverable error in the TPM hardware, which prevents TPM services (such as data encryption) from being used. For further help, please contact the computer manufacturer.\""
        },
        "process": {
          "image": "",
          "parentImage": "",
          "commandLine": "",
          "parentCommandLine": "",
          "currentDirectory": "",
          "user": "",
          "processId": "",
          "parentProcessId": "",
          "hashes": ""
        },
        "account": {
          "action": "",
          "actor": "",
          "actorDomain": "",
          "actorUser": "",
          "targetUser": "",
          "targetDomain": "",
          "memberName": "",
          "memberSid": "",
          "groupName": "",
          "groupDomain": ""
        },
        "triage": {
          "status": "noise",
          "score": 15,
          "reason": "Common Windows startup/background service activity"
        }
      },
      {
        "id": "JnA9rJ8BfU4fm0WGZewU",
        "index": "wazuh-alerts-4.x-2026.07.29",
        "timestamp": "2026-07-29T04:58:42.518+0000",
        "agent": {
          "id": "001",
          "name": "WIN11-SOC-ENDPOINT",
          "ip": "192.168.64.3"
        },
        "manager": "wazuh.manager",
        "rule": {
          "id": "61102",
          "level": 5,
          "description": "Windows System error event",
          "groups": [
            "windows",
            "windows_system",
            "system_error"
          ],
          "mitreId": "",
          "mitreTactic": "",
          "mitreTechnique": ""
        },
        "event": {
          "channel": "System",
          "eventId": "1803",
          "provider": "Microsoft-Windows-TPM-WMI",
          "message": "\"A PK-signed Key Exchange Key (KEK) cannot be found for this device. Check with the device manufacturer for proper key provisioning.\r\nThis device signature information is included here.\r\nDeviceAttributes: BaseBoardManufacturer:;FirmwareManufacturer:EFI Development Kit II / OVMF;FirmwareVersion:0.0.0;OEMModelNumber:QEMU Virtual Machine;OEMModelBaseBoard:;OEMModelSystemFamily:;OEMManufacturerName:QEMU;OEMModelSKU:;OSArchitecture:arm64;\r\nBucketId: 42bb6a1c46e22ca23875f240e6179cd492659eb33a79697cf5e6acc5866c9d5a\r\nBucketConfidenceLevel: High Confidence.\r\nFor more information, please see https://go.microsoft.com/fwlink/?linkid=2339472\""
        },
        "process": {
          "image": "",
          "parentImage": "",
          "commandLine": "",
          "parentCommandLine": "",
          "currentDirectory": "",
          "user": "",
          "processId": "",
          "parentProcessId": "",
          "hashes": ""
        },
        "account": {
          "action": "",
          "actor": "",
          "actorDomain": "",
          "actorUser": "",
          "targetUser": "",
          "targetDomain": "",
          "memberName": "",
          "memberSid": "",
          "groupName": "",
          "groupDomain": ""
        },
        "triage": {
          "status": "noise",
          "score": 15,
          "reason": "Common Windows startup/background service activity"
        }
      },
      {
        "id": "JXA9rJ8BfU4fm0WGZewU",
        "index": "wazuh-alerts-4.x-2026.07.29",
        "timestamp": "2026-07-29T04:58:42.245+0000",
        "agent": {
          "id": "001",
          "name": "WIN11-SOC-ENDPOINT",
          "ip": "192.168.64.3"
        },
        "manager": "wazuh.manager",
        "rule": {
          "id": "61102",
          "level": 5,
          "description": "Windows System error event",
          "groups": [
            "windows",
            "windows_system",
            "system_error"
          ],
          "mitreId": "",
          "mitreTactic": "",
          "mitreTechnique": ""
        },
        "event": {
          "channel": "System",
          "eventId": "15",
          "provider": "TPM",
          "message": "\"The device driver for the Trusted Platform Module (TPM) encountered a non-recoverable error in the TPM hardware, which prevents TPM services (such as data encryption) from being used. For further help, please contact the computer manufacturer.\""
        },
        "process": {
          "image": "",
          "parentImage": "",
          "commandLine": "",
          "parentCommandLine": "",
          "currentDirectory": "",
          "user": "",
          "processId": "",
          "parentProcessId": "",
          "hashes": ""
        },
        "account": {
          "action": "",
          "actor": "",
          "actorDomain": "",
          "actorUser": "",
          "targetUser": "",
          "targetDomain": "",
          "memberName": "",
          "memberSid": "",
          "groupName": "",
          "groupDomain": ""
        },
        "triage": {
          "status": "noise",
          "score": 15,
          "reason": "Common Windows startup/background service activity"
        }
      },
      {
        "id": "JHA9rJ8BfU4fm0WGZewU",
        "index": "wazuh-alerts-4.x-2026.07.29",
        "timestamp": "2026-07-29T04:58:42.186+0000",
        "agent": {
          "id": "001",
          "name": "WIN11-SOC-ENDPOINT",
          "ip": "192.168.64.3"
        },
        "manager": "wazuh.manager",
        "rule": {
          "id": "61102",
          "level": 5,
          "description": "Windows System error event",
          "groups": [
            "windows",
            "windows_system",
            "system_error"
          ],
          "mitreId": "",
          "mitreTactic": "",
          "mitreTechnique": ""
        },
        "event": {
          "channel": "System",
          "eventId": "15",
          "provider": "TPM",
          "message": "\"The device driver for the Trusted Platform Module (TPM) encountered a non-recoverable error in the TPM hardware, which prevents TPM services (such as data encryption) from being used. For further help, please contact the computer manufacturer.\""
        },
        "process": {
          "image": "",
          "parentImage": "",
          "commandLine": "",
          "parentCommandLine": "",
          "currentDirectory": "",
          "user": "",
          "processId": "",
          "parentProcessId": "",
          "hashes": ""
        },
        "account": {
          "action": "",
          "actor": "",
          "actorDomain": "",
          "actorUser": "",
          "targetUser": "",
          "targetDomain": "",
          "memberName": "",
          "memberSid": "",
          "groupName": "",
          "groupDomain": ""
        },
        "triage": {
          "status": "noise",
          "score": 15,
          "reason": "Common Windows startup/background service activity"
        }
      },
      {
        "id": "H3A9rJ8BfU4fm0WGZewU",
        "index": "wazuh-alerts-4.x-2026.07.29",
        "timestamp": "2026-07-29T04:58:41.389+0000",
        "agent": {
          "id": "001",
          "name": "WIN11-SOC-ENDPOINT",
          "ip": "192.168.64.3"
        },
        "manager": "wazuh.manager",
        "rule": {
          "id": "61102",
          "level": 5,
          "description": "Windows System error event",
          "groups": [
            "windows",
            "windows_system",
            "system_error"
          ],
          "mitreId": "",
          "mitreTactic": "",
          "mitreTechnique": ""
        },
        "event": {
          "channel": "System",
          "eventId": "15",
          "provider": "TPM",
          "message": "\"The device driver for the Trusted Platform Module (TPM) encountered a non-recoverable error in the TPM hardware, which prevents TPM services (such as data encryption) from being used. For further help, please contact the computer manufacturer.\""
        },
        "process": {
          "image": "",
          "parentImage": "",
          "commandLine": "",
          "parentCommandLine": "",
          "currentDirectory": "",
          "user": "",
          "processId": "",
          "parentProcessId": "",
          "hashes": ""
        },
        "account": {
          "action": "",
          "actor": "",
          "actorDomain": "",
          "actorUser": "",
          "targetUser": "",
          "targetDomain": "",
          "memberName": "",
          "memberSid": "",
          "groupName": "",
          "groupDomain": ""
        },
        "triage": {
          "status": "noise",
          "score": 15,
          "reason": "Common Windows startup/background service activity"
        }
      },
      {
        "id": "GXA9rJ8BfU4fm0WGZewU",
        "index": "wazuh-alerts-4.x-2026.07.29",
        "timestamp": "2026-07-29T04:58:41.227+0000",
        "agent": {
          "id": "001",
          "name": "WIN11-SOC-ENDPOINT",
          "ip": "192.168.64.3"
        },
        "manager": "wazuh.manager",
        "rule": {
          "id": "61102",
          "level": 5,
          "description": "Windows System error event",
          "groups": [
            "windows",
            "windows_system",
            "system_error"
          ],
          "mitreId": "",
          "mitreTactic": "",
          "mitreTechnique": ""
        },
        "event": {
          "channel": "System",
          "eventId": "15",
          "provider": "TPM",
          "message": "\"The device driver for the Trusted Platform Module (TPM) encountered a non-recoverable error in the TPM hardware, which prevents TPM services (such as data encryption) from being used. For further help, please contact the computer manufacturer.\""
        },
        "process": {
          "image": "",
          "parentImage": "",
          "commandLine": "",
          "parentCommandLine": "",
          "currentDirectory": "",
          "user": "",
          "processId": "",
          "parentProcessId": "",
          "hashes": ""
        },
        "account": {
          "action": "",
          "actor": "",
          "actorDomain": "",
          "actorUser": "",
          "targetUser": "",
          "targetDomain": "",
          "memberName": "",
          "memberSid": "",
          "groupName": "",
          "groupDomain": ""
        },
        "triage": {
          "status": "noise",
          "score": 15,
          "reason": "Common Windows startup/background service activity"
        }
      },
      {
        "id": "GHA9rJ8BfU4fm0WGZewU",
        "index": "wazuh-alerts-4.x-2026.07.29",
        "timestamp": "2026-07-29T04:58:41.204+0000",
        "agent": {
          "id": "001",
          "name": "WIN11-SOC-ENDPOINT",
          "ip": "192.168.64.3"
        },
        "manager": "wazuh.manager",
        "rule": {
          "id": "61102",
          "level": 5,
          "description": "Windows System error event",
          "groups": [
            "windows",
            "windows_system",
            "system_error"
          ],
          "mitreId": "",
          "mitreTactic": "",
          "mitreTechnique": ""
        },
        "event": {
          "channel": "System",
          "eventId": "15",
          "provider": "TPM",
          "message": "\"The device driver for the Trusted Platform Module (TPM) encountered a non-recoverable error in the TPM hardware, which prevents TPM services (such as data encryption) from being used. For further help, please contact the computer manufacturer.\""
        },
        "process": {
          "image": "",
          "parentImage": "",
          "commandLine": "",
          "parentCommandLine": "",
          "currentDirectory": "",
          "user": "",
          "processId": "",
          "parentProcessId": "",
          "hashes": ""
        },
        "account": {
          "action": "",
          "actor": "",
          "actorDomain": "",
          "actorUser": "",
          "targetUser": "",
          "targetDomain": "",
          "memberName": "",
          "memberSid": "",
          "groupName": "",
          "groupDomain": ""
        },
        "triage": {
          "status": "noise",
          "score": 15,
          "reason": "Common Windows startup/background service activity"
        }
      },
      {
        "id": "D3A9rJ8BfU4fm0WGXex5",
        "index": "wazuh-alerts-4.x-2026.07.29",
        "timestamp": "2026-07-29T04:57:49.033+0000",
        "agent": {
          "id": "001",
          "name": "WIN11-SOC-ENDPOINT",
          "ip": "192.168.64.3"
        },
        "manager": "wazuh.manager",
        "rule": {
          "id": "61102",
          "level": 5,
          "description": "Windows System error event",
          "groups": [
            "windows",
            "windows_system",
            "system_error"
          ],
          "mitreId": "",
          "mitreTactic": "",
          "mitreTechnique": ""
        },
        "event": {
          "channel": "System",
          "eventId": "15",
          "provider": "TPM",
          "message": "\"The device driver for the Trusted Platform Module (TPM) encountered a non-recoverable error in the TPM hardware, which prevents TPM services (such as data encryption) from being used. For further help, please contact the computer manufacturer.\""
        },
        "process": {
          "image": "",
          "parentImage": "",
          "commandLine": "",
          "parentCommandLine": "",
          "currentDirectory": "",
          "user": "",
          "processId": "",
          "parentProcessId": "",
          "hashes": ""
        },
        "account": {
          "action": "",
          "actor": "",
          "actorDomain": "",
          "actorUser": "",
          "targetUser": "",
          "targetDomain": "",
          "memberName": "",
          "memberSid": "",
          "groupName": "",
          "groupDomain": ""
        },
        "triage": {
          "status": "noise",
          "score": 15,
          "reason": "Common Windows startup/background service activity"
        }
      },
      {
        "id": "DnA9rJ8BfU4fm0WGXex5",
        "index": "wazuh-alerts-4.x-2026.07.29",
        "timestamp": "2026-07-29T04:57:49.000+0000",
        "agent": {
          "id": "001",
          "name": "WIN11-SOC-ENDPOINT",
          "ip": "192.168.64.3"
        },
        "manager": "wazuh.manager",
        "rule": {
          "id": "61102",
          "level": 5,
          "description": "Windows System error event",
          "groups": [
            "windows",
            "windows_system",
            "system_error"
          ],
          "mitreId": "",
          "mitreTactic": "",
          "mitreTechnique": ""
        },
        "event": {
          "channel": "System",
          "eventId": "15",
          "provider": "TPM",
          "message": "\"The device driver for the Trusted Platform Module (TPM) encountered a non-recoverable error in the TPM hardware, which prevents TPM services (such as data encryption) from being used. For further help, please contact the computer manufacturer.\""
        },
        "process": {
          "image": "",
          "parentImage": "",
          "commandLine": "",
          "parentCommandLine": "",
          "currentDirectory": "",
          "user": "",
          "processId": "",
          "parentProcessId": "",
          "hashes": ""
        },
        "account": {
          "action": "",
          "actor": "",
          "actorDomain": "",
          "actorUser": "",
          "targetUser": "",
          "targetDomain": "",
          "memberName": "",
          "memberSid": "",
          "groupName": "",
          "groupDomain": ""
        },
        "triage": {
          "status": "noise",
          "score": 15,
          "reason": "Common Windows startup/background service activity"
        }
      },
      {
        "id": "DXA9rJ8BfU4fm0WGXex5",
        "index": "wazuh-alerts-4.x-2026.07.29",
        "timestamp": "2026-07-29T04:57:48.943+0000",
        "agent": {
          "id": "001",
          "name": "WIN11-SOC-ENDPOINT",
          "ip": "192.168.64.3"
        },
        "manager": "wazuh.manager",
        "rule": {
          "id": "61102",
          "level": 5,
          "description": "Windows System error event",
          "groups": [
            "windows",
            "windows_system",
            "system_error"
          ],
          "mitreId": "",
          "mitreTactic": "",
          "mitreTechnique": ""
        },
        "event": {
          "channel": "System",
          "eventId": "15",
          "provider": "TPM",
          "message": "\"The device driver for the Trusted Platform Module (TPM) encountered a non-recoverable error in the TPM hardware, which prevents TPM services (such as data encryption) from being used. For further help, please contact the computer manufacturer.\""
        },
        "process": {
          "image": "",
          "parentImage": "",
          "commandLine": "",
          "parentCommandLine": "",
          "currentDirectory": "",
          "user": "",
          "processId": "",
          "parentProcessId": "",
          "hashes": ""
        },
        "account": {
          "action": "",
          "actor": "",
          "actorDomain": "",
          "actorUser": "",
          "targetUser": "",
          "targetDomain": "",
          "memberName": "",
          "memberSid": "",
          "groupName": "",
          "groupDomain": ""
        },
        "triage": {
          "status": "noise",
          "score": 15,
          "reason": "Common Windows startup/background service activity"
        }
      },
      {
        "id": "DHA9rJ8BfU4fm0WGXex5",
        "index": "wazuh-alerts-4.x-2026.07.29",
        "timestamp": "2026-07-29T04:57:48.682+0000",
        "agent": {
          "id": "001",
          "name": "WIN11-SOC-ENDPOINT",
          "ip": "192.168.64.3"
        },
        "manager": "wazuh.manager",
        "rule": {
          "id": "61102",
          "level": 5,
          "description": "Windows System error event",
          "groups": [
            "windows",
            "windows_system",
            "system_error"
          ],
          "mitreId": "",
          "mitreTactic": "",
          "mitreTechnique": ""
        },
        "event": {
          "channel": "System",
          "eventId": "15",
          "provider": "TPM",
          "message": "\"The device driver for the Trusted Platform Module (TPM) encountered a non-recoverable error in the TPM hardware, which prevents TPM services (such as data encryption) from being used. For further help, please contact the computer manufacturer.\""
        },
        "process": {
          "image": "",
          "parentImage": "",
          "commandLine": "",
          "parentCommandLine": "",
          "currentDirectory": "",
          "user": "",
          "processId": "",
          "parentProcessId": "",
          "hashes": ""
        },
        "account": {
          "action": "",
          "actor": "",
          "actorDomain": "",
          "actorUser": "",
          "targetUser": "",
          "targetDomain": "",
          "memberName": "",
          "memberSid": "",
          "groupName": "",
          "groupDomain": ""
        },
        "triage": {
          "status": "noise",
          "score": 15,
          "reason": "Common Windows startup/background service activity"
        }
      }
    ]
  },
  "context": {
    "LnA9rJ8BfU4fm0WGZewU": [
      {
        "id": "e3A9rJ8BfU4fm0WGPeuD",
        "index": "wazuh-alerts-4.x-2026.07.29",
        "timestamp": "2026-07-29T04:57:36.706+0000",
        "agent": {
          "id": "001",
          "name": "WIN11-SOC-ENDPOINT",
          "ip": "192.168.64.3"
        },
        "manager": "wazuh.manager",
        "rule": {
          "id": "60608",
          "level": 4,
          "description": "Summary event of the report's signatures.",
          "groups": [
            "windows",
            "windows_application"
          ],
          "mitreId": "",
          "mitreTactic": "",
          "mitreTechnique": ""
        },
        "event": {
          "channel": "Application",
          "eventId": "1001",
          "provider": "Windows Error Reporting",
          "message": "\"Fault bucket , type 0\r\nEvent Name: BlueScreen\r\nResponse: Not available\r\nCab Id: 0\r\n\r\nProblem signature:\r\nP1: d1\r\nP2: ffffc10006ebf242\r\nP3: 2\r\nP4: 0\r\nP5: fffff80145a8a754\r\nP6: 10_0_26100\r\nP7: 0_0\r\nP8: 256_1\r\nP9: \r\nP10: \r\n\r\nAttached files:\r\n\\\\?\\C:\\WINDOWS\\Minidump\\071326-4515-01.dmp\r\n\\\\?\\C:\\WINDOWS\\SystemTemp\\WER-4562-0.sysdata.xml\r\n\\\\?\\C:\\ProgramData\\Microsoft\\Windows\\WER\\Temp\\WER.991196e8-9e86-42ba-8b7d-533b6fb1a188.tmp.WERInternalMetadata.xml\r\n\\\\?\\C:\\ProgramData\\Microsoft\\Windows\\WER\\Temp\\WER.04c05ad2-4d30-4c94-afa1-46dc919aded2.tmp.csv\r\n\\\\?\\C:\\ProgramData\\Microsoft\\Windows\\WER\\Temp\\WER.195c710f-5754-4ab9-acce-4317d955420f.tmp.txt\r\n\\\\?\\C:\\ProgramData\\Microsoft\\Windows\\WER\\Temp\\WER.930b89cd-4fde-4f55-86e2-ef8fa22d880f.tmp.xml\r\n\r\nThese files may be available here:\r\n\\\\?\\C:\\ProgramData\\Microsoft\\Windows\\WER\\ReportQueue\\Kernel_d1_d14dd6358f19e35602b88c91e561ff5ccc6590_00000000_2c440d8a-cc4e-476d-af57-52785913bbb4\r\n\r\nAnalysis symbol: \r\nRechecking for solution: 0\r\nReport Id: 1bf87a6f-f3ff-4df7-ac1b-e5247f22a9d9\r\nReport Status: 2049\r\nHashed bucket: \r\nCab Guid: 0\""
        },
        "process": {
          "image": "",
          "parentImage": "",
          "commandLine": "",
          "parentCommandLine": "",
          "currentDirectory": "",
          "user": "",
          "processId": "",
          "parentProcessId": "",
          "hashes": ""
        },
        "account": {
          "action": "",
          "actor": "",
          "actorDomain": "",
          "actorUser": "",
          "targetUser": "",
          "targetDomain": "",
          "memberName": "",
          "memberSid": "",
          "groupName": "",
          "groupDomain": ""
        },
        "triage": {
          "status": "review",
          "score": 40,
          "reason": "Low or medium severity telemetry"
        }
      },
      {
        "id": "fXA9rJ8BfU4fm0WGPeuE",
        "index": "wazuh-alerts-4.x-2026.07.29",
        "timestamp": "2026-07-29T04:57:37.300+0000",
        "agent": {
          "id": "001",
          "name": "WIN11-SOC-ENDPOINT",
          "ip": "192.168.64.3"
        },
        "manager": "wazuh.manager",
        "rule": {
          "id": "60608",
          "level": 4,
          "description": "Summary event of the report's signatures.",
          "groups": [
            "windows",
            "windows_application"
          ],
          "mitreId": "",
          "mitreTactic": "",
          "mitreTechnique": ""
        },
        "event": {
          "channel": "Application",
          "eventId": "1001",
          "provider": "Windows Error Reporting",
          "message": "\"Fault bucket , type 0\r\nEvent Name: BlueScreen\r\nResponse: Not available\r\nCab Id: 0\r\n\r\nProblem signature:\r\nP1: d1\r\nP2: 34\r\nP3: 2\r\nP4: 0\r\nP5: fffff8024563a740\r\nP6: 10_0_26100\r\nP7: 0_0\r\nP8: 256_1\r\nP9: \r\nP10: \r\n\r\nAttached files:\r\n\\\\?\\C:\\WINDOWS\\Minidump\\071526-4640-01.dmp\r\n\\\\?\\C:\\WINDOWS\\SystemTemp\\WER-4640-0.sysdata.xml\r\n\\\\?\\C:\\ProgramData\\Microsoft\\Windows\\WER\\Temp\\WER.855f05b5-abd8-4b5f-866f-a2eeda807763.tmp.WERInternalMetadata.xml\r\n\\\\?\\C:\\ProgramData\\Microsoft\\Windows\\WER\\Temp\\WER.bb0f93a9-4f2f-4fc2-8915-83fcdc144e25.tmp.csv\r\n\\\\?\\C:\\ProgramData\\Microsoft\\Windows\\WER\\Temp\\WER.5777f2b2-7b7e-4de5-a8ab-43d2602cb3bc.tmp.txt\r\n\\\\?\\C:\\ProgramData\\Microsoft\\Windows\\WER\\Temp\\WER.2ef9851e-b155-4e62-9aad-cb27b8bfa0fe.tmp.xml\r\n\r\nThese files may be available here:\r\n\\\\?\\C:\\ProgramData\\Microsoft\\Windows\\WER\\ReportQueue\\Kernel_d1_afe988ebc35889c4c095569b04020a1f8f787f3_00000000_4d512050-3d45-4d9c-811c-d53a15bf95a0\r\n\r\nAnalysis symbol: \r\nRechecking for solution: 0\r\nReport Id: 41f83e80-a01a-4a9c-9617-b540a38aa09d\r\nReport Status: 2049\r\nHashed bucket: \r\nCab Guid: 0\""
        },
        "process": {
          "image": "",
          "parentImage": "",
          "commandLine": "",
          "parentCommandLine": "",
          "currentDirectory": "",
          "user": "",
          "processId": "",
          "parentProcessId": "",
          "hashes": ""
        },
        "account": {
          "action": "",
          "actor": "",
          "actorDomain": "",
          "actorUser": "",
          "targetUser": "",
          "targetDomain": "",
          "memberName": "",
          "memberSid": "",
          "groupName": "",
          "groupDomain": ""
        },
        "triage": {
          "status": "review",
          "score": 40,
          "reason": "Low or medium severity telemetry"
        }
      },
      {
        "id": "fHA9rJ8BfU4fm0WGPeuE",
        "index": "wazuh-alerts-4.x-2026.07.29",
        "timestamp": "2026-07-29T04:57:37.326+0000",
        "agent": {
          "id": "001",
          "name": "WIN11-SOC-ENDPOINT",
          "ip": "192.168.64.3"
        },
        "manager": "wazuh.manager",
        "rule": {
          "id": "60132",
          "level": 5,
          "description": "System time changed",
          "groups": [
            "windows",
            "windows_security",
            "time_changed"
          ],
          "mitreId": "",
          "mitreTactic": "",
          "mitreTechnique": ""
        },
        "event": {
          "channel": "Security",
          "eventId": "4616",
          "provider": "Microsoft-Windows-Security-Auditing",
          "message": "\"The system time was changed.\r\n\r\nSubject:\r\n\tSecurity ID:\t\tS-1-5-18\r\n\tAccount Name:\t\tWIN11-SOC-ENDPO$\r\n\tAccount Domain:\t\tWORKGROUP\r\n\tLogon ID:\t\t0x3E7\r\n\r\nProcess Information:\r\n\tProcess ID:\t0xd50\r\n\tName:\t\tC:\\Program Files\\Qemu-ga\\qemu-ga.exe\r\n\r\nPrevious Time:\t\t\u200e2026\u200e-\u200e07\u200e-\u200e23T12:40:01.867261600Z\r\nNew Time:\t\t\u200e2026\u200e-\u200e07\u200e-\u200e23T18:55:48.591000000Z\r\n\r\nThis event is generated when the system time is changed. It is normal for the Windows Time Service, which runs with System privilege, to change the system time on a regular basis. Other system time changes may be indicative of attempts to tamper with the computer.\""
        },
        "process": {
          "image": "",
          "parentImage": "",
          "commandLine": "",
          "parentCommandLine": "",
          "currentDirectory": "",
          "user": "WORKGROUP\\WIN11-SOC-ENDPO$",
          "processId": "0xd50",
          "parentProcessId": "",
          "hashes": ""
        },
        "account": {
          "action": "",
          "actor": "WORKGROUP\\WIN11-SOC-ENDPO$",
          "actorDomain": "WORKGROUP",
          "actorUser": "WIN11-SOC-ENDPO$",
          "targetUser": "",
          "targetDomain": "",
          "memberName": "",
          "memberSid": "",
          "groupName": "",
          "groupDomain": ""
        },
        "triage": {
          "status": "review",
          "score": 40,
          "reason": "Low or medium severity telemetry"
        }
      },
      {
        "id": "fnA9rJ8BfU4fm0WGPeuE",
        "index": "wazuh-alerts-4.x-2026.07.29",
        "timestamp": "2026-07-29T04:57:37.395+0000",
        "agent": {
          "id": "001",
          "name": "WIN11-SOC-ENDPOINT",
          "ip": "192.168.64.3"
        },
        "manager": "wazuh.manager",
        "rule": {
          "id": "60642",
          "level": 3,
          "description": "Software protection service scheduled successfully.",
          "groups": [
            "windows",
            "windows_application"
          ],
          "mitreId": "",
          "mitreTactic": "",
          "mitreTechnique": ""
        },
        "event": {
          "channel": "Application",
          "eventId": "16384",
          "provider": "Microsoft-Windows-Security-SPP",
          "message": "\"Successfully scheduled Software Protection service for re-start at 2026-07-24T08:27:23Z. Reason: RulesEngine.\""
        },
        "process": {
          "image": "",
          "parentImage": "",
          "commandLine": "",
          "parentCommandLine": "",
          "currentDirectory": "",
          "user": "",
          "processId": "",
          "parentProcessId": "",
          "hashes": ""
        },
        "account": {
          "action": "",
          "actor": "",
          "actorDomain": "",
          "actorUser": "",
          "targetUser": "",
          "targetDomain": "",
          "memberName": "",
          "memberSid": "",
          "groupName": "",
          "groupDomain": ""
        },
        "triage": {
          "status": "noise",
          "score": 15,
          "reason": "Common Windows startup/background service activity"
        }
      },
      {
        "id": "f3A9rJ8BfU4fm0WGPeuE",
        "index": "wazuh-alerts-4.x-2026.07.29",
        "timestamp": "2026-07-29T04:57:37.449+0000",
        "agent": {
          "id": "001",
          "name": "WIN11-SOC-ENDPOINT",
          "ip": "192.168.64.3"
        },
        "manager": "wazuh.manager",
        "rule": {
          "id": "60608",
          "level": 4,
          "description": "Summary event of the report's signatures.",
          "groups": [
            "windows",
            "windows_application"
          ],
          "mitreId": "",
          "mitreTactic": "",
          "mitreTechnique": ""
        },
        "event": {
          "channel": "Application",
          "eventId": "1001",
          "provider": "Windows Error Reporting",
          "message": "\"Fault bucket , type 0\r\nEvent Name: BlueScreen\r\nResponse: Not available\r\nCab Id: 0\r\n\r\nProblem signature:\r\nP1: d1\r\nP2: ffffc10006ebf242\r\nP3: 2\r\nP4: 0\r\nP5: fffff80145a8a754\r\nP6: 10_0_26100\r\nP7: 0_0\r\nP8: 256_1\r\nP9: \r\nP10: \r\n\r\nAttached files:\r\n\\\\?\\C:\\WINDOWS\\Minidump\\071326-4515-01.dmp\r\n\\\\?\\C:\\WINDOWS\\SystemTemp\\WER-4562-0.sysdata.xml\r\n\\\\?\\C:\\ProgramData\\Microsoft\\Windows\\WER\\Temp\\WER.991196e8-9e86-42ba-8b7d-533b6fb1a188.tmp.WERInternalMetadata.xml\r\n\\\\?\\C:\\ProgramData\\Microsoft\\Windows\\WER\\Temp\\WER.04c05ad2-4d30-4c94-afa1-46dc919aded2.tmp.csv\r\n\\\\?\\C:\\ProgramData\\Microsoft\\Windows\\WER\\Temp\\WER.195c710f-5754-4ab9-acce-4317d955420f.tmp.txt\r\n\\\\?\\C:\\ProgramData\\Microsoft\\Windows\\WER\\Temp\\WER.930b89cd-4fde-4f55-86e2-ef8fa22d880f.tmp.xml\r\n\r\nThese files may be available here:\r\n\\\\?\\C:\\ProgramData\\Microsoft\\Windows\\WER\\ReportQueue\\Kernel_d1_d14dd6358f19e35602b88c91e561ff5ccc6590_00000000_2c440d8a-cc4e-476d-af57-52785913bbb4\r\n\r\nAnalysis symbol: \r\nRechecking for solution: 0\r\nReport Id: 1bf87a6f-f3ff-4df7-ac1b-e5247f22a9d9\r\nReport Status: 2049\r\nHashed bucket: \r\nCab Guid: 0\""
        },
        "process": {
          "image": "",
          "parentImage": "",
          "commandLine": "",
          "parentCommandLine": "",
          "currentDirectory": "",
          "user": "",
          "processId": "",
          "parentProcessId": "",
          "hashes": ""
        },
        "account": {
          "action": "",
          "actor": "",
          "actorDomain": "",
          "actorUser": "",
          "targetUser": "",
          "targetDomain": "",
          "memberName": "",
          "memberSid": "",
          "groupName": "",
          "groupDomain": ""
        },
        "triage": {
          "status": "review",
          "score": 40,
          "reason": "Low or medium severity telemetry"
        }
      },
      {
        "id": "gHA9rJ8BfU4fm0WGPeuE",
        "index": "wazuh-alerts-4.x-2026.07.29",
        "timestamp": "2026-07-29T04:57:37.472+0000",
        "agent": {
          "id": "001",
          "name": "WIN11-SOC-ENDPOINT",
          "ip": "192.168.64.3"
        },
        "manager": "wazuh.manager",
        "rule": {
          "id": "60608",
          "level": 4,
          "description": "Summary event of the report's signatures.",
          "groups": [
            "windows",
            "windows_application"
          ],
          "mitreId": "",
          "mitreTactic": "",
          "mitreTechnique": ""
        },
        "event": {
          "channel": "Application",
          "eventId": "1001",
          "provider": "Windows Error Reporting",
          "message": "\"Fault bucket , type 0\r\nEvent Name: BlueScreen\r\nResponse: Not available\r\nCab Id: 0\r\n\r\nProblem signature:\r\nP1: d1\r\nP2: 34\r\nP3: 2\r\nP4: 0\r\nP5: fffff8024563a740\r\nP6: 10_0_26100\r\nP7: 0_0\r\nP8: 256_1\r\nP9: \r\nP10: \r\n\r\nAttached files:\r\n\\\\?\\C:\\WINDOWS\\Minidump\\071526-4640-01.dmp\r\n\\\\?\\C:\\WINDOWS\\SystemTemp\\WER-4640-0.sysdata.xml\r\n\\\\?\\C:\\ProgramData\\Microsoft\\Windows\\WER\\Temp\\WER.855f05b5-abd8-4b5f-866f-a2eeda807763.tmp.WERInternalMetadata.xml\r\n\\\\?\\C:\\ProgramData\\Microsoft\\Windows\\WER\\Temp\\WER.bb0f93a9-4f2f-4fc2-8915-83fcdc144e25.tmp.csv\r\n\\\\?\\C:\\ProgramData\\Microsoft\\Windows\\WER\\Temp\\WER.5777f2b2-7b7e-4de5-a8ab-43d2602cb3bc.tmp.txt\r\n\\\\?\\C:\\ProgramData\\Microsoft\\Windows\\WER\\Temp\\WER.2ef9851e-b155-4e62-9aad-cb27b8bfa0fe.tmp.xml\r\n\r\nThese files may be available here:\r\n\\\\?\\C:\\ProgramData\\Microsoft\\Windows\\WER\\ReportQueue\\Kernel_d1_afe988ebc35889c4c095569b04020a1f8f787f3_00000000_4d512050-3d45-4d9c-811c-d53a15bf95a0\r\n\r\nAnalysis symbol: \r\nRechecking for solution: 0\r\nReport Id: 41f83e80-a01a-4a9c-9617-b540a38aa09d\r\nReport Status: 2049\r\nHashed bucket: \r\nCab Guid: 0\""
        },
        "process": {
          "image": "",
          "parentImage": "",
          "commandLine": "",
          "parentCommandLine": "",
          "currentDirectory": "",
          "user": "",
          "processId": "",
          "parentProcessId": "",
          "hashes": ""
        },
        "account": {
          "action": "",
          "actor": "",
          "actorDomain": "",
          "actorUser": "",
          "targetUser": "",
          "targetDomain": "",
          "memberName": "",
          "memberSid": "",
          "groupName": "",
          "groupDomain": ""
        },
        "triage": {
          "status": "review",
          "score": 40,
          "reason": "Low or medium severity telemetry"
        }
      },
      {
        "id": "gXA9rJ8BfU4fm0WGPeuE",
        "index": "wazuh-alerts-4.x-2026.07.29",
        "timestamp": "2026-07-29T04:57:37.524+0000",
        "agent": {
          "id": "001",
          "name": "WIN11-SOC-ENDPOINT",
          "ip": "192.168.64.3"
        },
        "manager": "wazuh.manager",
        "rule": {
          "id": "60642",
          "level": 3,
          "description": "Software protection service scheduled successfully.",
          "groups": [
            "windows",
            "windows_application"
          ],
          "mitreId": "",
          "mitreTactic": "",
          "mitreTechnique": ""
        },
        "event": {
          "channel": "Application",
          "eventId": "16384",
          "provider": "Microsoft-Windows-Security-SPP",
          "message": "\"Successfully scheduled Software Protection service for re-start at 2026-07-24T08:27:27Z. Reason: RulesEngine.\""
        },
        "process": {
          "image": "",
          "parentImage": "",
          "commandLine": "",
          "parentCommandLine": "",
          "currentDirectory": "",
          "user": "",
          "processId": "",
          "parentProcessId": "",
          "hashes": ""
        },
        "account": {
          "action": "",
          "actor": "",
          "actorDomain": "",
          "actorUser": "",
          "targetUser": "",
          "targetDomain": "",
          "memberName": "",
          "memberSid": "",
          "groupName": "",
          "groupDomain": ""
        },
        "triage": {
          "status": "noise",
          "score": 15,
          "reason": "Common Windows startup/background service activity"
        }
      },
