{
  "generatedAt": "2026-10-07T10:21:17.436524+00:00",
  "source": "Wazuh indexer export from the local AI SOC lab",
  "note": "Point-in-time snapshot of real alerts from WIN11-SOC-ENDPOINT. The hosted demo serves this because the live indexer is local-only.",
  "windowMinutes": 129600,
  "summary": {
    "candidates": {
      "raw": 6259,
      "candidates": 28,
      "review": 4478,
      "suppressed": 1753,
      "severity": {
        "critical": 0,
        "high": 1282,
        "medium": 531,
        "low": 4446
      },
      "agents": {
        "active": 2,
        "disconnected": 0
      },
      "profile": "candidates"
    },
    "review": {
      "raw": 6259,
      "candidates": 28,
      "review": 4478,
      "suppressed": 1753,
      "severity": {
        "critical": 0,
        "high": 1282,
        "medium": 531,
        "low": 4446
      },
      "agents": {
        "active": 2,
        "disconnected": 0
      },
      "profile": "review"
    },
    "raw": {
      "raw": 6259,
      "candidates": 28,
      "review": 4478,
      "suppressed": 1753,
      "severity": {
        "critical": 0,
        "high": 1282,
        "medium": 531,
        "low": 4446
      },
      "agents": {
        "active": 2,
        "disconnected": 0
      },
      "profile": "raw"
    },
    "noise": {
      "raw": 6259,
      "candidates": 28,
      "review": 4478,
      "suppressed": 1753,
      "severity": {
        "critical": 0,
        "high": 1282,
        "medium": 531,
        "low": 4446
      },
      "agents": {
        "active": 2,
        "disconnected": 0
      },
      "profile": "noise"
    }
  },
  "queues": {
    "candidates": [
      {
        "id": "xHs1FaEBDhTRgcnGIj_z",
        "index": "wazuh-alerts-4.x-2026.10.07",
        "timestamp": "2026-10-07T07:12:43.747+0000",
        "agent": {
          "id": "001",
          "name": "WIN11-SOC-ENDPOINT",
          "ip": "192.168.64.3"
        },
        "manager": "wazuh.manager",
        "rule": {
          "id": "100120",
          "level": 10,
          "description": "Scheduled task created, modified or removed through PowerShell cmdlets",
          "groups": [
            "soc_lab",
            "windows",
            "sysmon",
            "persistence",
            "scheduled_task"
          ],
          "mitreId": "T1053.005",
          "mitreTactic": "Execution",
          "mitreTechnique": "Scheduled Task"
        },
        "event": {
          "channel": "Microsoft-Windows-PowerShell/Operational",
          "eventId": "4103",
          "provider": "Microsoft-Windows-PowerShell",
          "message": "\"CommandInvocation(Unregister-ScheduledTask): \"Unregister-ScheduledTask\"\r\nParameterBinding(Unregister-ScheduledTask): name=\"TaskName\"; value=\"SOC-Lab-Benign-Task\"\r\nParameterBinding(Unregister-ScheduledTask): name=\"Confirm\"; value=\"False\"\r\nParameterBinding(Unregister-ScheduledTask): name=\"ErrorAction\"; value=\"SilentlyContinue\"\r\nParameterBinding(Unregister-ScheduledTask): name=\"ThrottleLimit\"; value=\"0\"\r\nParameterBinding(Unregister-ScheduledTask): name=\"AsJob\"; value=\"False\"\r\nParameterBinding(Unregister-ScheduledTask): name=\"PassThru\"; value=\"False\"\r\n\r\n\r\nContext:\r\n        Severity = Informational\r\n        Host Name = ConsoleHost\r\n        Host Version = 5.1.26100.9168\r\n        Host ID = 2937e08b-b17b-4eb9-80d0-6f527a73759d\r\n        Host Application = C:\\Windows\\System32\\WindowsPowerShell\\v1.0\\powershell.exe\r\n        Engine Version = 5.1.26100.9168\r\n        Runspace ID = 33def0b2-a639-4c05-a6e7-b60b95b01e4e\r\n        Pipeline ID = 65\r\n        Command Name = Unregister-ScheduledTask\r\n        Command Type = Function\r\n        Script Name = Z:\\Simulations\\Invoke-SocLabScenario.ps1\r\n        Command Path = \r\n        Sequence Number = 1161\r\n        User = WIN11-SOC-ENDPO\\Shams\r\n        Connected User = \r\n        Shell ID = Microsoft.PowerShell\r\n\r\n\r\nUser Data:\r\n\r\n\""
        },
        "process": {
          "image": "",
          "parentImage": "",
          "commandLine": "",
          "parentCommandLine": "",
          "currentDirectory": "",
          "user": "",
          "processId": "",
          "parentProcessId": "",
          "hashes": ""
        },
        "account": {
          "action": "",
          "actor": "",
          "actorDomain": "",
          "actorUser": "",
          "targetUser": "",
          "targetDomain": "",
          "memberName": "",
          "memberSid": "",
          "groupName": "",
          "groupDomain": ""
        },
        "triage": {
          "status": "candidate",
          "score": 92,
          "reason": "Scheduled task creation command detected",
          "policyRule": "SOC-PERSIST-001",
          "policyTitle": "Scheduled task creation",
          "mitre": [
            "T1053.005"
          ],
          "detection": {},
          "matches": [
            {
              "id": "SOC-PERSIST-001",
              "title": "Scheduled task creation",
              "score": 92,
              "status": "candidate"
            }
          ]
        }
      },
      {
        "id": "wXs0FaEBDhTRgcnG-z_r",
        "index": "wazuh-alerts-4.x-2026.10.07",
        "timestamp": "2026-10-07T07:12:33.760+0000",
        "agent": {
          "id": "001",
          "name": "WIN11-SOC-ENDPOINT",
          "ip": "192.168.64.3"
        },
        "manager": "wazuh.manager",
        "rule": {
          "id": "100120",
          "level": 10,
          "description": "Scheduled task created, modified or removed through PowerShell cmdlets",
          "groups": [
            "soc_lab",
            "windows",
            "sysmon",
            "persistence",
            "scheduled_task"
          ],
          "mitreId": "T1053.005",
          "mitreTactic": "Execution",
          "mitreTechnique": "Scheduled Task"
        },
        "event": {
          "channel": "Microsoft-Windows-PowerShell/Operational",
          "eventId": "4103",
          "provider": "Microsoft-Windows-PowerShell",
          "message": "\"CommandInvocation(Register-ScheduledTask): \"Register-ScheduledTask\"\r\nParameterBinding(Register-ScheduledTask): name=\"TaskName\"; value=\"SOC-Lab-Benign-Task\"\r\nParameterBinding(Register-ScheduledTask): name=\"Action\"; value=\"MSFT_TaskExecAction\"\r\nParameterBinding(Register-ScheduledTask): name=\"Trigger\"; value=\"MSFT_TaskTimeTrigger\"\r\nParameterBinding(Register-ScheduledTask): name=\"Description\"; value=\"AI SOC lab benign simulation\"\r\nParameterBinding(Register-ScheduledTask): name=\"Force\"; value=\"True\"\r\nParameterBinding(Register-ScheduledTask): name=\"Password\"; value=\"\"\r\nParameterBinding(Register-ScheduledTask): name=\"User\"; value=\"\"\r\nParameterBinding(Register-ScheduledTask): name=\"TaskPath\"; value=\"\"\r\nParameterBinding(Register-ScheduledTask): name=\"Xml\"; value=\"\"\r\nParameterBinding(Register-ScheduledTask): name=\"ThrottleLimit\"; value=\"0\"\r\nParameterBinding(Register-ScheduledTask): name=\"AsJob\"; value=\"False\"\r\nCommandInvocation(Out-Null): \"Out-Null\"\r\nParameterBinding(Out-Null): name=\"InputObject\"; value=\"MSFT_ScheduledTask (TaskName = \"SOC-Lab-Benign-Task\", TaskPath = \"\")\"\r\n\r\n\r\nContext:\r\n        Severity = Informational\r\n        Host Name = ConsoleHost\r\n        Host Version = 5.1.26100.9168\r\n        Host ID = 2937e08b-b17b-4eb9-80d0-6f527a73759d\r\n        Host Application = C:\\Windows\\System32\\WindowsPowerShell\\v1.0\\powershell.exe\r\n        Engine Version = 5.1.26100.9168\r\n        Runspace ID = 33def0b2-a639-4c05-a6e7-b60b95b01e4e\r\n        Pipeline ID = 65\r\n        Command Name = Register-ScheduledTask\r\n        Command Type = Function\r\n        Script Name = Z:\\Simulations\\Invoke-SocLabScenario.ps1\r\n        Command Path = \r\n        Sequence Number = 1147\r\n        User = WIN11-SOC-ENDPO\\Shams\r\n        Connected User = \r\n        Shell ID = Microsoft.PowerShell\r\n\r\n\r\nUser Data:\r\n\r\n\""
        },
        "process": {
          "image": "",
          "parentImage": "",
          "commandLine": "",
          "parentCommandLine": "",
          "currentDirectory": "",
          "user": "",
          "processId": "",
          "parentProcessId": "",
          "hashes": ""
        },
        "account": {
          "action": "",
          "actor": "",
          "actorDomain": "",
          "actorUser": "",
          "targetUser": "",
          "targetDomain": "",
          "memberName": "",
          "memberSid": "",
          "groupName": "",
          "groupDomain": ""
        },
        "triage": {
          "status": "candidate",
          "score": 92,
          "reason": "Scheduled task creation command detected",
          "policyRule": "SOC-PERSIST-001",
          "policyTitle": "Scheduled task creation",
          "mitre": [
            "T1053.005"
          ],
          "detection": {},
          "matches": [
            {
              "id": "SOC-PERSIST-001",
              "title": "Scheduled task creation",
              "score": 92,
              "status": "candidate"
            }
          ]
        }
      },
      {
        "id": "cXsAFaEBDhTRgcnGgjxr",
        "index": "wazuh-alerts-4.x-2026.10.07",
        "timestamp": "2026-10-07T06:15:14.932+0000",
        "agent": {
          "id": "001",
          "name": "WIN11-SOC-ENDPOINT",
          "ip": "192.168.64.3"
        },
        "manager": "wazuh.manager",
        "rule": {
          "id": "100110",
          "level": 12,
          "description": "Certutil used to encode, decode or download \u2014 \"C:\\WINDOWS\\system32\\certutil.exe\" -encode C:\\SOC-Lab\\Simulation\\benign.txt C:\\SOC-Lab\\Simulation\\benign.txt.b64",
          "groups": [
            "soc_lab",
            "windows",
            "sysmon",
            "defense_evasion",
            "lolbin"
          ],
          "mitreId": "T1140",
          "mitreTactic": "Defense Evasion",
          "mitreTechnique": "Deobfuscate/Decode Files or Information"
        },
        "event": {
          "channel": "Microsoft-Windows-Sysmon/Operational",
          "eventId": "1",
          "provider": "Microsoft-Windows-Sysmon",
          "message": "\"Process Create:\r\nRuleName: -\r\nUtcTime: 2026-10-07 06:15:13.852\r\nProcessGuid: {39942fc6-e371-6ac5-0d07-000000001400}\r\nProcessId: 9672\r\nImage: C:\\Windows\\System32\\certutil.exe\r\nFileVersion: 10.0.26100.9168 (WinBuild.160101.0800)\r\nDescription: CertUtil.exe\r\nProduct: Microsoft\u00ae Windows\u00ae Operating System\r\nCompany: Microsoft Corporation\r\nOriginalFileName: CertUtil.exe\r\nCommandLine: \"C:\\WINDOWS\\system32\\certutil.exe\" -encode C:\\SOC-Lab\\Simulation\\benign.txt C:\\SOC-Lab\\Simulation\\benign.txt.b64\r\nCurrentDirectory: C:\\Users\\Shams\\Downloads\\Sysmon\\\r\nUser: WIN11-SOC-ENDPO\\Shams\r\nLogonGuid: {39942fc6-38ec-6ac5-554c-010000000000}\r\nLogonId: 0x14C55\r\nTerminalSessionId: 1\r\nIntegrityLevel: High\r\nHashes: MD5=CF3F25E5ED1CCCEA029EBE929636849B,SHA256=014674C94FDFF51B7267BCBB16D09595E0579D749A19223E9A70B0180C6C88FF,IMPHASH=E1268FA9570E31313FCCAE97D2BB2BEA\r\nParentProcessGuid: {39942fc6-e0d9-6ac5-f206-000000001400}\r\nParentProcessId: 3276\r\nParentImage: C:\\Windows\\System32\\WindowsPowerShell\\v1.0\\powershell.exe\r\nParentCommandLine: \"C:\\Windows\\System32\\WindowsPowerShell\\v1.0\\powershell.exe\" \r\nParentUser: WIN11-SOC-ENDPO\\Shams\""
        },
        "process": {
          "image": "C:\\Windows\\System32\\certutil.exe",
          "parentImage": "C:\\Windows\\System32\\WindowsPowerShell\\v1.0\\powershell.exe",
          "commandLine": "\"C:\\WINDOWS\\system32\\certutil.exe\" -encode C:\\SOC-Lab\\Simulation\\benign.txt C:\\SOC-Lab\\Simulation\\benign.txt.b64",
          "parentCommandLine": "\"C:\\Windows\\System32\\WindowsPowerShell\\v1.0\\powershell.exe\"",
          "currentDirectory": "C:\\Users\\Shams\\Downloads\\Sysmon\\",
          "user": "WIN11-SOC-ENDPO\\Shams",
          "processId": "9672",
          "parentProcessId": "3276",
          "hashes": "MD5=CF3F25E5ED1CCCEA029EBE929636849B,SHA256=014674C94FDFF51B7267BCBB16D09595E0579D749A19223E9A70B0180C6C88FF,IMPHASH=E1268FA9570E31313FCCAE97D2BB2BEA"
        },
        "account": {
          "action": "",
          "actor": "",
          "actorDomain": "",
          "actorUser": "",
          "targetUser": "",
          "targetDomain": "",
          "memberName": "",
          "memberSid": "",
          "groupName": "",
          "groupDomain": ""
        },
        "triage": {
          "status": "candidate",
          "score": 88,
          "reason": "Certutil encode or decode activity detected",
          "policyRule": "SOC-LOLBIN-001",
          "policyTitle": "Certutil encode or decode",
          "mitre": [
            "T1140"
          ],
          "detection": {},
          "matches": [
            {
              "id": "SOC-LOLBIN-001",
              "title": "Certutil encode or decode",
              "score": 88,
              "status": "candidate"
            }
          ]
        }
      },
      {
        "id": "cHsAFaEBDhTRgcnGfjyZ",
        "index": "wazuh-alerts-4.x-2026.10.07",
        "timestamp": "2026-10-07T06:15:12.858+0000",
        "agent": {
          "id": "001",
          "name": "WIN11-SOC-ENDPOINT",
          "ip": "192.168.64.3"
        },
        "manager": "wazuh.manager",
        "rule": {
          "id": "100101",
          "level": 12,
          "description": "Logon persistence: Run key set to launch a command interpreter \u2014 cmd.exe /c echo SOC-LAB-RUNKEY-001",
          "groups": [
            "soc_lab",
            "windows",
            "sysmon",
            "persistence",
            "registry_persistence"
          ],
          "mitreId": "T1547.001",
          "mitreTactic": "Persistence",
          "mitreTechnique": "Registry Run Keys / Startup Folder"
        },
        "event": {
          "channel": "Microsoft-Windows-Sysmon/Operational",
          "eventId": "13",
          "provider": "Microsoft-Windows-Sysmon",
          "message": "\"Registry value set:\r\nRuleName: T1060,RunKey\r\nEventType: SetValue\r\nUtcTime: 2026-10-07 06:15:12.800\r\nProcessGuid: {39942fc6-e0d9-6ac5-f206-000000001400}\r\nProcessId: 3276\r\nImage: C:\\Windows\\System32\\WindowsPowerShell\\v1.0\\powershell.exe\r\nTargetObject: HKU\\S-1-5-21-3627987222-3469180906-1209694690-1001\\Software\\Microsoft\\Windows\\CurrentVersion\\Run\\SocLabBenignRun\r\nDetails: cmd.exe /c echo SOC-LAB-RUNKEY-001\r\nUser: WIN11-SOC-ENDPO\\Shams\""
        },
        "process": {
          "image": "C:\\Windows\\System32\\WindowsPowerShell\\v1.0\\powershell.exe",
          "parentImage": "",
          "commandLine": "",
          "parentCommandLine": "",
          "currentDirectory": "",
          "user": "WIN11-SOC-ENDPO\\Shams",
          "processId": "3276",
          "parentProcessId": "",
          "hashes": ""
        },
        "account": {
          "action": "",
          "actor": "",
          "actorDomain": "",
          "actorUser": "",
          "targetUser": "",
          "targetDomain": "",
          "memberName": "",
          "memberSid": "",
          "groupName": "",
          "groupDomain": ""
        },
        "triage": {
          "status": "candidate",
          "score": 94,
          "reason": "Registry Run key persistence pattern detected",
          "policyRule": "SOC-PERSIST-002",
          "policyTitle": "Registry Run key modification",
          "mitre": [
            "T1060"
          ],
          "detection": {},
          "matches": [
            {
              "id": "SOC-PERSIST-002",
              "title": "Registry Run key modification",
              "score": 94,
              "status": "candidate"
            }
          ]
        }
      },
      {
        "id": "sQWuMqABqS68G4_4xxPk",
        "index": "wazuh-alerts-4.x-2026.08.24",
        "timestamp": "2026-08-24T07:31:47.082+0000",
        "agent": {
          "id": "001",
          "name": "WIN11-SOC-ENDPOINT",
          "ip": "192.168.64.3"
        },
        "manager": "wazuh.manager",
        "rule": {
          "id": "60111",
          "level": 8,
          "description": "User account disabled or deleted",
          "groups": [
            "windows",
            "windows_security",
            "adduser",
            "account_changed"
          ],
          "mitreId": "T1098",
          "mitreTactic": "Persistence",
          "mitreTechnique": "Account Manipulation"
        },
        "event": {
          "channel": "Security",
          "eventId": "4726",
          "provider": "Microsoft-Windows-Security-Auditing",
          "message": "\"A user account was deleted.\r\n\r\nSubject:\r\n\tSecurity ID:\t\tS-1-5-21-3627987222-3469180906-1209694690-1001\r\n\tAccount Name:\t\tShams\r\n\tAccount Domain:\t\tWIN11-SOC-ENDPO\r\n\tLogon ID:\t\t0x14D51\r\n\r\nTarget Account:\r\n\tSecurity ID:\t\tS-1-5-21-3627987222-3469180906-1209694690-1004\r\n\tAccount Name:\t\tsoc_lab_temp_admin\r\n\tAccount Domain:\t\tWIN11-SOC-ENDPO\r\n\r\nAdditional Information:\r\n\tPrivileges\t-\""
        },
        "process": {
          "image": "",
          "parentImage": "",
          "commandLine": "",
          "parentCommandLine": "",
          "currentDirectory": "",
          "user": "WIN11-SOC-ENDPO\\Shams",
          "processId": "",
          "parentProcessId": "",
          "hashes": ""
        },
        "account": {
          "action": "User account deleted",
          "actor": "WIN11-SOC-ENDPO\\Shams",
          "actorDomain": "WIN11-SOC-ENDPO",
          "actorUser": "Shams",
          "targetUser": "soc_lab_temp_admin",
          "targetDomain": "WIN11-SOC-ENDPO",
          "memberName": "",
          "memberSid": "",
          "groupName": "",
          "groupDomain": ""
        },
        "triage": {
          "status": "candidate",
          "score": 88,
          "reason": "Local account deleted; check whether it was created recently by the same actor",
          "policyRule": "SOC-ACCOUNT-005",
          "policyTitle": "Local user account deleted",
          "mitre": [
            "T1070"
          ],
          "detection": {},
          "matches": [
            {
              "id": "SOC-ACCOUNT-005",
              "title": "Local user account deleted",
              "score": 88,
              "status": "candidate"
            },
            {
              "id": "SOC-ACCOUNT-003",
              "title": "SOC lab administrator scenario",
              "score": 55,
              "status": "candidate"
            }
          ]
        }
      },
      {
        "id": "rgWuMqABqS68G4_4xxPk",
        "index": "wazuh-alerts-4.x-2026.08.24",
        "timestamp": "2026-08-24T07:31:46.702+0000",
        "agent": {
          "id": "001",
          "name": "WIN11-SOC-ENDPOINT",
          "ip": "192.168.64.3"
        },
        "manager": "wazuh.manager",
        "rule": {
          "id": "60154",
          "level": 12,
          "description": "Administrators Group Changed",
          "groups": [
            "windows",
            "windows_security",
            "group_changed",
            "win_group_changed"
          ],
          "mitreId": "T1484",
          "mitreTactic": "Defense Evasion",
          "mitreTechnique": "Domain Policy Modification"
        },
        "event": {
          "channel": "Security",
          "eventId": "4733",
          "provider": "Microsoft-Windows-Security-Auditing",
          "message": "\"A member was removed from a security-enabled local group.\r\n\r\nSubject:\r\n\tSecurity ID:\t\tS-1-5-21-3627987222-3469180906-1209694690-1001\r\n\tAccount Name:\t\tShams\r\n\tAccount Domain:\t\tWIN11-SOC-ENDPO\r\n\tLogon ID:\t\t0x14D51\r\n\r\nMember:\r\n\tSecurity ID:\t\tS-1-5-21-3627987222-3469180906-1209694690-1004\r\n\tAccount Name:\t\t-\r\n\r\nGroup:\r\n\tSecurity ID:\t\tS-1-5-32-544\r\n\tGroup Name:\t\tAdministrators\r\n\tGroup Domain:\t\tBuiltin\r\n\r\nAdditional Information:\r\n\tPrivileges:\t\t-\""
        },
        "process": {
          "image": "",
          "parentImage": "",
          "commandLine": "",
          "parentCommandLine": "",
          "currentDirectory": "",
          "user": "WIN11-SOC-ENDPO\\Shams",
          "processId": "",
          "parentProcessId": "",
          "hashes": ""
        },
        "account": {
          "action": "Member removed from local security group",
          "actor": "WIN11-SOC-ENDPO\\Shams",
          "actorDomain": "WIN11-SOC-ENDPO",
          "actorUser": "Shams",
          "targetUser": "Administrators",
          "targetDomain": "Builtin",
          "memberName": "",
          "memberSid": "S-1-5-21-3627987222-3469180906-1209694690-1004",
          "groupName": "Administrators",
          "groupDomain": "Builtin"
        },
        "triage": {
          "status": "candidate",
          "score": 90,
          "reason": "Account removed from a privileged local group",
          "policyRule": "SOC-ACCOUNT-004",
          "policyTitle": "Member removed from local Administrators group",
          "mitre": [
            "T1098",
            "T1070"
          ],
          "detection": {},
          "matches": [
            {
              "id": "SOC-ACCOUNT-004",
              "title": "Member removed from local Administrators group",
              "score": 90,
              "status": "candidate"
            }
          ]
        }
      },
      {
        "id": "rQWuMqABqS68G4_4xxOz",
        "index": "wazuh-alerts-4.x-2026.08.24",
        "timestamp": "2026-08-24T07:31:46.438+0000",
        "agent": {
          "id": "001",
          "name": "WIN11-SOC-ENDPOINT",
          "ip": "192.168.64.3"
        },
        "manager": "wazuh.manager",
        "rule": {
          "id": "60154",
          "level": 12,
          "description": "Administrators Group Changed",
          "groups": [
            "windows",
            "windows_security",
            "group_changed",
            "win_group_changed"
          ],
          "mitreId": "T1484",
          "mitreTactic": "Defense Evasion",
          "mitreTechnique": "Domain Policy Modification"
        },
        "event": {
          "channel": "Security",
          "eventId": "4732",
          "provider": "Microsoft-Windows-Security-Auditing",
          "message": "\"A member was added to a security-enabled local group.\r\n\r\nSubject:\r\n\tSecurity ID:\t\tS-1-5-21-3627987222-3469180906-1209694690-1001\r\n\tAccount Name:\t\tShams\r\n\tAccount Domain:\t\tWIN11-SOC-ENDPO\r\n\tLogon ID:\t\t0x14D51\r\n\r\nMember:\r\n\tSecurity ID:\t\tS-1-5-21-3627987222-3469180906-1209694690-1004\r\n\tAccount Name:\t\t-\r\n\r\nGroup:\r\n\tSecurity ID:\t\tS-1-5-32-544\r\n\tGroup Name:\t\tAdministrators\r\n\tGroup Domain:\t\tBuiltin\r\n\r\nAdditional Information:\r\n\tPrivileges:\t\t-\""
        },
        "process": {
          "image": "",
          "parentImage": "",
          "commandLine": "",
          "parentCommandLine": "",
          "currentDirectory": "",
          "user": "WIN11-SOC-ENDPO\\Shams",
          "processId": "",
          "parentProcessId": "",
          "hashes": ""
        },
        "account": {
          "action": "Member added to local security group",
          "actor": "WIN11-SOC-ENDPO\\Shams",
          "actorDomain": "WIN11-SOC-ENDPO",
          "actorUser": "Shams",
          "targetUser": "Administrators",
          "targetDomain": "Builtin",
          "memberName": "",
          "memberSid": "S-1-5-21-3627987222-3469180906-1209694690-1004",
          "groupName": "Administrators",
          "groupDomain": "Builtin"
        },
        "triage": {
          "status": "candidate",
          "score": 96,
          "reason": "Account added to a privileged local group",
          "policyRule": "SOC-ACCOUNT-002",
          "policyTitle": "Member added to local Administrators group",
          "mitre": [
            "T1098"
          ],
          "detection": {},
          "matches": [
            {
              "id": "SOC-ACCOUNT-002",
              "title": "Member added to local Administrators group",
              "score": 96,
              "status": "candidate"
            }
          ]
        }
      },
      {
        "id": "rAWuMqABqS68G4_4xxOy",
        "index": "wazuh-alerts-4.x-2026.08.24",
        "timestamp": "2026-08-24T07:31:44.749+0000",
        "agent": {
          "id": "001",
          "name": "WIN11-SOC-ENDPOINT",
          "ip": "192.168.64.3"
        },
        "manager": "wazuh.manager",
        "rule": {
          "id": "60110",
          "level": 8,
          "description": "User account changed",
          "groups": [
            "windows",
            "windows_security",
            "account_changed"
          ],
          "mitreId": "T1098",
          "mitreTactic": "Persistence",
          "mitreTechnique": "Account Manipulation"
        },
        "event": {
          "channel": "Security",
          "eventId": "4738",
          "provider": "Microsoft-Windows-Security-Auditing",
          "message": "\"A user account was changed.\r\n\r\nSubject:\r\n\tSecurity ID:\t\tS-1-5-21-3627987222-3469180906-1209694690-1001\r\n\tAccount Name:\t\tShams\r\n\tAccount Domain:\t\tWIN11-SOC-ENDPO\r\n\tLogon ID:\t\t0x14D51\r\n\r\nTarget Account:\r\n\tSecurity ID:\t\tS-1-5-21-3627987222-3469180906-1209694690-1004\r\n\tAccount Name:\t\tsoc_lab_temp_admin\r\n\tAccount Domain:\t\tWIN11-SOC-ENDPO\r\n\r\nChanged Attributes:\r\n\tSAM Account Name:\t-\r\n\tDisplay Name:\t\t-\r\n\tUser Principal Name:\t-\r\n\tHome Directory:\t\t-\r\n\tHome Drive:\t\t-\r\n\tScript Path:\t\t-\r\n\tProfile Path:\t\t-\r\n\tUser Workstations:\t-\r\n\tPassword Last Set:\t-\r\n\tAccount Expires:\t\t-\r\n\tPrimary Group ID:\t-\r\n\tAllowedToDelegateTo:\t-\r\n\tOld UAC Value:\t\t-\r\n\tNew UAC Value:\t\t-\r\n\tUser Account Control:\t-\r\n\tUser Parameters:\t-\r\n\tSID History:\t\t-\r\n\tLogon Hours:\t\t-\r\n\r\nAdditional Information:\r\n\tPrivileges:\t\t-\""
        },
        "process": {
          "image": "",
          "parentImage": "",
          "commandLine": "",
          "parentCommandLine": "",
          "currentDirectory": "",
          "user": "WIN11-SOC-ENDPO\\Shams",
          "processId": "",
          "parentProcessId": "",
          "hashes": ""
        },
        "account": {
          "action": "User account changed",
          "actor": "WIN11-SOC-ENDPO\\Shams",
          "actorDomain": "WIN11-SOC-ENDPO",
          "actorUser": "Shams",
          "targetUser": "soc_lab_temp_admin",
          "targetDomain": "WIN11-SOC-ENDPO",
          "memberName": "",
          "memberSid": "",
          "groupName": "",
          "groupDomain": ""
        },
        "triage": {
          "status": "candidate",
          "score": 85,
          "reason": "Local account enabled or its properties changed",
          "policyRule": "SOC-ACCOUNT-006",
          "policyTitle": "Local user account enabled or modified",
          "mitre": [
            "T1098"
          ],
          "detection": {},
          "matches": [
            {
              "id": "SOC-ACCOUNT-006",
              "title": "Local user account enabled or modified",
              "score": 85,
              "status": "candidate"
            },
            {
              "id": "SOC-ACCOUNT-003",
              "title": "SOC lab administrator scenario",
              "score": 55,
              "status": "candidate"
            }
          ]
        }
      },
      {
        "id": "qwWuMqABqS68G4_4uBOK",
        "index": "wazuh-alerts-4.x-2026.08.24",
        "timestamp": "2026-08-24T07:31:44.735+0000",
        "agent": {
          "id": "001",
          "name": "WIN11-SOC-ENDPOINT",
          "ip": "192.168.64.3"
        },
        "manager": "wazuh.manager",
        "rule": {
          "id": "60110",
          "level": 8,
          "description": "User account changed",
          "groups": [
            "windows",
            "windows_security",
            "account_changed"
          ],
          "mitreId": "T1098",
          "mitreTactic": "Persistence",
          "mitreTechnique": "Account Manipulation"
        },
        "event": {
          "channel": "Security",
          "eventId": "4738",
          "provider": "Microsoft-Windows-Security-Auditing",
          "message": "\"A user account was changed.\r\n\r\nSubject:\r\n\tSecurity ID:\t\tS-1-5-21-3627987222-3469180906-1209694690-1001\r\n\tAccount Name:\t\tShams\r\n\tAccount Domain:\t\tWIN11-SOC-ENDPO\r\n\tLogon ID:\t\t0x14D51\r\n\r\nTarget Account:\r\n\tSecurity ID:\t\tS-1-5-21-3627987222-3469180906-1209694690-1004\r\n\tAccount Name:\t\tsoc_lab_temp_admin\r\n\tAccount Domain:\t\tWIN11-SOC-ENDPO\r\n\r\nChanged Attributes:\r\n\tSAM Account Name:\tsoc_lab_temp_admin\r\n\tDisplay Name:\t\t<value not set>\r\n\tUser Principal Name:\t-\r\n\tHome Directory:\t\t<value not set>\r\n\tHome Drive:\t\t<value not set>\r\n\tScript Path:\t\t<value not set>\r\n\tProfile Path:\t\t<value not set>\r\n\tUser Workstations:\t<value not set>\r\n\tPassword Last Set:\t<never>\r\n\tAccount Expires:\t\t<never>\r\n\tPrimary Group ID:\t513\r\n\tAllowedToDelegateTo:\t-\r\n\tOld UAC Value:\t\t0x15\r\n\tNew UAC Value:\t\t0x14\r\n\tUser Account Control:\t\r\n\t\tAccount Enabled\r\n\tUser Parameters:\t<value not set>\r\n\tSID History:\t\t-\r\n\tLogon Hours:\t\tAll\r\n\r\nAdditional Information:\r\n\tPrivileges:\t\t-\""
        },
        "process": {
          "image": "",
          "parentImage": "",
          "commandLine": "",
          "parentCommandLine": "",
          "currentDirectory": "",
          "user": "WIN11-SOC-ENDPO\\Shams",
          "processId": "",
          "parentProcessId": "",
          "hashes": ""
        },
        "account": {
          "action": "User account changed",
          "actor": "WIN11-SOC-ENDPO\\Shams",
          "actorDomain": "WIN11-SOC-ENDPO",
          "actorUser": "Shams",
          "targetUser": "soc_lab_temp_admin",
          "targetDomain": "WIN11-SOC-ENDPO",
          "memberName": "",
          "memberSid": "",
          "groupName": "",
          "groupDomain": ""
        },
        "triage": {
          "status": "candidate",
          "score": 85,
          "reason": "Local account enabled or its properties changed",
          "policyRule": "SOC-ACCOUNT-006",
          "policyTitle": "Local user account enabled or modified",
          "mitre": [
            "T1098"
          ],
          "detection": {},
          "matches": [
            {
              "id": "SOC-ACCOUNT-006",
              "title": "Local user account enabled or modified",
              "score": 85,
              "status": "candidate"
            },
            {
              "id": "SOC-ACCOUNT-003",
              "title": "SOC lab administrator scenario",
              "score": 55,
              "status": "candidate"
            }
          ]
        }
      },
      {
        "id": "qgWuMqABqS68G4_4uBOK",
        "index": "wazuh-alerts-4.x-2026.08.24",
        "timestamp": "2026-08-24T07:31:44.714+0000",
        "agent": {
          "id": "001",
          "name": "WIN11-SOC-ENDPOINT",
          "ip": "192.168.64.3"
        },
        "manager": "wazuh.manager",
        "rule": {
          "id": "60109",
          "level": 8,
          "description": "User account enabled or created",
          "groups": [
            "windows",
            "windows_security",
            "adduser",
            "account_changed"
          ],
          "mitreId": "T1098",
          "mitreTactic": "Persistence",
          "mitreTechnique": "Account Manipulation"
        },
        "event": {
          "channel": "Security",
          "eventId": "4722",
          "provider": "Microsoft-Windows-Security-Auditing",
          "message": "\"A user account was enabled.\r\n\r\nSubject:\r\n\tSecurity ID:\t\tS-1-5-21-3627987222-3469180906-1209694690-1001\r\n\tAccount Name:\t\tShams\r\n\tAccount Domain:\t\tWIN11-SOC-ENDPO\r\n\tLogon ID:\t\t0x14D51\r\n\r\nTarget Account:\r\n\tSecurity ID:\t\tS-1-5-21-3627987222-3469180906-1209694690-1004\r\n\tAccount Name:\t\tsoc_lab_temp_admin\r\n\tAccount Domain:\t\tWIN11-SOC-ENDPO\""
        },
        "process": {
          "image": "",
          "parentImage": "",
          "commandLine": "",
          "parentCommandLine": "",
          "currentDirectory": "",
          "user": "WIN11-SOC-ENDPO\\Shams",
          "processId": "",
          "parentProcessId": "",
          "hashes": ""
        },
        "account": {
          "action": "User account enabled",
          "actor": "WIN11-SOC-ENDPO\\Shams",
          "actorDomain": "WIN11-SOC-ENDPO",
          "actorUser": "Shams",
          "targetUser": "soc_lab_temp_admin",
          "targetDomain": "WIN11-SOC-ENDPO",
          "memberName": "",
          "memberSid": "",
          "groupName": "",
          "groupDomain": ""
        },
        "triage": {
          "status": "candidate",
          "score": 85,
          "reason": "Local account enabled or its properties changed",
          "policyRule": "SOC-ACCOUNT-006",
          "policyTitle": "Local user account enabled or modified",
          "mitre": [
            "T1098"
          ],
          "detection": {},
          "matches": [
            {
              "id": "SOC-ACCOUNT-006",
              "title": "Local user account enabled or modified",
              "score": 85,
              "status": "candidate"
            },
            {
              "id": "SOC-ACCOUNT-003",
              "title": "SOC lab administrator scenario",
              "score": 55,
              "status": "candidate"
            }
          ]
        }
      },
      {
        "id": "qQWuMqABqS68G4_4uBOK",
        "index": "wazuh-alerts-4.x-2026.08.24",
        "timestamp": "2026-08-24T07:31:44.692+0000",
        "agent": {
          "id": "001",
          "name": "WIN11-SOC-ENDPOINT",
          "ip": "192.168.64.3"
        },
        "manager": "wazuh.manager",
        "rule": {
          "id": "60109",
          "level": 8,
          "description": "User account enabled or created",
          "groups": [
            "windows",
            "windows_security",
            "adduser",
            "account_changed"
          ],
          "mitreId": "T1098",
          "mitreTactic": "Persistence",
          "mitreTechnique": "Account Manipulation"
        },
        "event": {
          "channel": "Security",
          "eventId": "4720",
          "provider": "Microsoft-Windows-Security-Auditing",
          "message": "\"A user account was created.\r\n\r\nSubject:\r\n\tSecurity ID:\t\tS-1-5-21-3627987222-3469180906-1209694690-1001\r\n\tAccount Name:\t\tShams\r\n\tAccount Domain:\t\tWIN11-SOC-ENDPO\r\n\tLogon ID:\t\t0x14D51\r\n\r\nNew Account:\r\n\tSecurity ID:\t\tS-1-5-21-3627987222-3469180906-1209694690-1004\r\n\tAccount Name:\t\tsoc_lab_temp_admin\r\n\tAccount Domain:\t\tWIN11-SOC-ENDPO\r\n\r\nAttributes:\r\n\tSAM Account Name:\tsoc_lab_temp_admin\r\n\tDisplay Name:\t\t<value not set>\r\n\tUser Principal Name:\t-\r\n\tHome Directory:\t\t<value not set>\r\n\tHome Drive:\t\t<value not set>\r\n\tScript Path:\t\t<value not set>\r\n\tProfile Path:\t\t<value not set>\r\n\tUser Workstations:\t<value not set>\r\n\tPassword Last Set:\t<never>\r\n\tAccount Expires:\t\t<never>\r\n\tPrimary Group ID:\t513\r\n\tAllowed To Delegate To:\t-\r\n\tOld UAC Value:\t\t0x0\r\n\tNew UAC Value:\t\t0x15\r\n\tUser Account Control:\t\r\n\t\tAccount Disabled\r\n\t\t'Password Not Required' - Enabled\r\n\t\t'Normal Account' - Enabled\r\n\tUser Parameters:\t<value not set>\r\n\tSID History:\t\t-\r\n\tLogon Hours:\t\tAll\r\n\r\nAdditional Information:\r\n\tPrivileges\t\t-\""
        },
        "process": {
          "image": "",
          "parentImage": "",
          "commandLine": "",
          "parentCommandLine": "",
          "currentDirectory": "",
          "user": "WIN11-SOC-ENDPO\\Shams",
          "processId": "",
          "parentProcessId": "",
          "hashes": ""
        },
        "account": {
          "action": "Local user account created",
          "actor": "WIN11-SOC-ENDPO\\Shams",
          "actorDomain": "WIN11-SOC-ENDPO",
          "actorUser": "Shams",
          "targetUser": "soc_lab_temp_admin",
          "targetDomain": "WIN11-SOC-ENDPO",
          "memberName": "",
          "memberSid": "",
          "groupName": "",
          "groupDomain": ""
        },
        "triage": {
          "status": "candidate",
          "score": 92,
          "reason": "Windows local account creation event detected",
          "policyRule": "SOC-ACCOUNT-001",
          "policyTitle": "Local user account created",
          "mitre": [
            "T1136.001"
          ],
          "detection": {},
          "matches": [
            {
              "id": "SOC-ACCOUNT-001",
              "title": "Local user account created",
              "score": 92,
              "status": "candidate"
            },
            {
              "id": "SOC-ACCOUNT-003",
              "title": "SOC lab administrator scenario",
              "score": 55,
              "status": "candidate"
            }
          ]
        }
      },
      {
        "id": "jQWpMqABqS68G4_4TBOM",
        "index": "wazuh-alerts-4.x-2026.08.24",
        "timestamp": "2026-08-24T07:25:40.516+0000",
        "agent": {
          "id": "001",
          "name": "WIN11-SOC-ENDPOINT",
          "ip": "192.168.64.3"
        },
        "manager": "wazuh.manager",
        "rule": {
          "id": "92057",
          "level": 12,
          "description": "Powershell.exe spawned a powershell process which executed a base64 encoded command",
          "groups": [
            "sysmon",
            "sysmon_eid1_detections",
            "windows"
          ],
          "mitreId": "T1059.001",
          "mitreTactic": "Execution",
          "mitreTechnique": "PowerShell"
        },
        "event": {
          "channel": "Microsoft-Windows-Sysmon/Operational",
          "eventId": "1",
          "provider": "Microsoft-Windows-Sysmon",
          "message": "\"Process Create:\r\nRuleName: -\r\nUtcTime: 2026-08-24 07:25:38.048\r\nProcessGuid: {39942fc6-f1f2-6a8b-3b02-000000001100}\r\nProcessId: 1792\r\nImage: C:\\Windows\\System32\\WindowsPowerShell\\v1.0\\powershell.exe\r\nFileVersion: 10.0.26100.8875 (WinBuild.160101.0800)\r\nDescription: Windows PowerShell\r\nProduct: Microsoft\u00ae Windows\u00ae Operating System\r\nCompany: Microsoft Corporation\r\nOriginalFileName: PowerShell.EXE\r\nCommandLine: \"C:\\WINDOWS\\System32\\WindowsPowerShell\\v1.0\\powershell.exe\" -NoProfile -EncodedCommand VwByAGkAdABlAC0ATwB1AHQAcAB1AHQAIAAnAFMATwBDAC0ATABBAEIALQBFAE4AQwBPAEQARQBEAC0AMAAwADEAJwA7ACAAdwBoAG8AYQBtAGkAOwAgAGgAbwBzAHQAbgBhAG0AZQA=\r\nCurrentDirectory: C:\\Users\\Shams\\\r\nUser: WIN11-SOC-ENDPO\\Shams\r\nLogonGuid: {39942fc6-7e88-6a8c-514d-010000000000}\r\nLogonId: 0x14D51\r\nTerminalSessionId: 1\r\nIntegrityLevel: High\r\nHashes: SHA256=B3CEB27E6356848C37A5EE0C844C2D6E91F38D3EED2226757076321B05C65CAF\r\nParentProcessGuid: {39942fc6-e577-6a8b-5e01-000000001100}\r\nParentProcessId: 3608\r\nParentImage: C:\\Windows\\System32\\WindowsPowerShell\\v1.0\\powershell.exe\r\nParentCommandLine: \"C:\\Windows\\System32\\WindowsPowerShell\\v1.0\\powershell.exe\" \r\nParentUser: WIN11-SOC-ENDPO\\Shams\""
        },
        "process": {
          "image": "C:\\Windows\\System32\\WindowsPowerShell\\v1.0\\powershell.exe",
          "parentImage": "C:\\Windows\\System32\\WindowsPowerShell\\v1.0\\powershell.exe",
          "commandLine": "\"C:\\WINDOWS\\System32\\WindowsPowerShell\\v1.0\\powershell.exe\" -NoProfile -EncodedCommand VwByAGkAdABlAC0ATwB1AHQAcAB1AHQAIAAnAFMATwBDAC0ATABBAEIALQBFAE4AQwBPAEQARQBEAC0AMAAwADEAJwA7ACAAdwBoAG8AYQBtAGkAOwAgAGgAbwBzAHQAbgBhAG0AZQA=",
          "parentCommandLine": "\"C:\\Windows\\System32\\WindowsPowerShell\\v1.0\\powershell.exe\"",
          "currentDirectory": "C:\\Users\\Shams\\",
          "user": "WIN11-SOC-ENDPO\\Shams",
          "processId": "1792",
          "parentProcessId": "3608",
          "hashes": "SHA256=B3CEB27E6356848C37A5EE0C844C2D6E91F38D3EED2226757076321B05C65CAF"
        },
        "account": {
          "action": "",
          "actor": "",
          "actorDomain": "",
          "actorUser": "",
          "targetUser": "",
          "targetDomain": "",
          "memberName": "",
          "memberSid": "",
          "groupName": "",
          "groupDomain": ""
        },
        "triage": {
          "status": "candidate",
          "score": 98,
          "reason": "PowerShell encoded command detected",
          "policyRule": "SOC-PS-002",
          "policyTitle": "PowerShell encoded command",
          "mitre": [
            "T1059.001",
            "T1027"
          ],
          "detection": {
            "title": "PowerShell Encoded Command",
            "image_endswith": "\\powershell.exe",
            "command_line_any": [
              "-EncodedCommand",
              "-enc "
            ],
            "level": "high",
            "false_positives": [
              "Legitimate encoded administration scripts",
              "Authorized SOC lab validation activity"
            ]
          },
          "matches": [
            {
              "id": "SOC-PS-002",
              "title": "PowerShell encoded command",
              "score": 98,
              "status": "candidate"
            }
          ]
        }
      },
      {
        "id": "9XD0jZ8BfU4fm0WGJOfC",
        "index": "wazuh-alerts-4.x-2026.07.23",
        "timestamp": "2026-07-23T07:50:12.082+0000",
        "agent": {
          "id": "001",
          "name": "WIN11-SOC-ENDPOINT",
          "ip": "192.168.64.3"
        },
        "manager": "wazuh.manager",
        "rule": {
          "id": "60111",
          "level": 8,
          "description": "User account disabled or deleted",
          "groups": [
            "windows",
            "windows_security",
            "adduser",
            "account_changed"
          ],
          "mitreId": "T1098",
          "mitreTactic": "Persistence",
          "mitreTechnique": "Account Manipulation"
        },
        "event": {
          "channel": "Security",
          "eventId": "4726",
          "provider": "Microsoft-Windows-Security-Auditing",
          "message": "\"A user account was deleted.\r\n\r\nSubject:\r\n\tSecurity ID:\t\tS-1-5-21-3627987222-3469180906-1209694690-1001\r\n\tAccount Name:\t\tShams\r\n\tAccount Domain:\t\tWIN11-SOC-ENDPO\r\n\tLogon ID:\t\t0x17A54\r\n\r\nTarget Account:\r\n\tSecurity ID:\t\tS-1-5-21-3627987222-3469180906-1209694690-1003\r\n\tAccount Name:\t\tsoc_lab_temp_admin\r\n\tAccount Domain:\t\tWIN11-SOC-ENDPO\r\n\r\nAdditional Information:\r\n\tPrivileges\t-\""
        },
        "process": {
          "image": "",
          "parentImage": "",
          "commandLine": "",
          "parentCommandLine": "",
          "currentDirectory": "",
          "user": "WIN11-SOC-ENDPO\\Shams",
          "processId": "",
          "parentProcessId": "",
          "hashes": ""
        },
        "account": {
          "action": "User account deleted",
          "actor": "WIN11-SOC-ENDPO\\Shams",
          "actorDomain": "WIN11-SOC-ENDPO",
          "actorUser": "Shams",
          "targetUser": "soc_lab_temp_admin",
          "targetDomain": "WIN11-SOC-ENDPO",
          "memberName": "",
          "memberSid": "",
          "groupName": "",
          "groupDomain": ""
        },
        "triage": {
          "status": "candidate",
          "score": 88,
          "reason": "Local account deleted; check whether it was created recently by the same actor",
          "policyRule": "SOC-ACCOUNT-005",
          "policyTitle": "Local user account deleted",
          "mitre": [
            "T1070"
          ],
          "detection": {},
          "matches": [
            {
              "id": "SOC-ACCOUNT-005",
              "title": "Local user account deleted",
              "score": 88,
              "status": "candidate"
            },
            {
              "id": "SOC-ACCOUNT-003",
              "title": "SOC lab administrator scenario",
              "score": 55,
              "status": "candidate"
            }
          ]
        }
      },
      {
        "id": "83D0jZ8BfU4fm0WGJOfC",
        "index": "wazuh-alerts-4.x-2026.07.23",
        "timestamp": "2026-07-23T07:50:12.048+0000",
        "agent": {
          "id": "001",
          "name": "WIN11-SOC-ENDPOINT",
          "ip": "192.168.64.3"
        },
        "manager": "wazuh.manager",
        "rule": {
          "id": "60154",
          "level": 12,
          "description": "Administrators Group Changed",
          "groups": [
            "windows",
            "windows_security",
            "group_changed",
            "win_group_changed"
          ],
          "mitreId": "T1484",
          "mitreTactic": "Defense Evasion",
          "mitreTechnique": "Domain Policy Modification"
        },
        "event": {
          "channel": "Security",
          "eventId": "4733",
          "provider": "Microsoft-Windows-Security-Auditing",
          "message": "\"A member was removed from a security-enabled local group.\r\n\r\nSubject:\r\n\tSecurity ID:\t\tS-1-5-21-3627987222-3469180906-1209694690-1001\r\n\tAccount Name:\t\tShams\r\n\tAccount Domain:\t\tWIN11-SOC-ENDPO\r\n\tLogon ID:\t\t0x17A54\r\n\r\nMember:\r\n\tSecurity ID:\t\tS-1-5-21-3627987222-3469180906-1209694690-1003\r\n\tAccount Name:\t\t-\r\n\r\nGroup:\r\n\tSecurity ID:\t\tS-1-5-32-544\r\n\tGroup Name:\t\tAdministrators\r\n\tGroup Domain:\t\tBuiltin\r\n\r\nAdditional Information:\r\n\tPrivileges:\t\t-\""
        },
        "process": {
          "image": "",
          "parentImage": "",
          "commandLine": "",
          "parentCommandLine": "",
          "currentDirectory": "",
          "user": "WIN11-SOC-ENDPO\\Shams",
          "processId": "",
          "parentProcessId": "",
          "hashes": ""
        },
        "account": {
          "action": "Member removed from local security group",
          "actor": "WIN11-SOC-ENDPO\\Shams",
          "actorDomain": "WIN11-SOC-ENDPO",
          "actorUser": "Shams",
          "targetUser": "Administrators",
          "targetDomain": "Builtin",
          "memberName": "",
          "memberSid": "S-1-5-21-3627987222-3469180906-1209694690-1003",
          "groupName": "Administrators",
          "groupDomain": "Builtin"
        },
        "triage": {
          "status": "candidate",
          "score": 90,
          "reason": "Account removed from a privileged local group",
          "policyRule": "SOC-ACCOUNT-004",
          "policyTitle": "Member removed from local Administrators group",
          "mitre": [
            "T1098",
            "T1070"
          ],
          "detection": {},
          "matches": [
            {
              "id": "SOC-ACCOUNT-004",
              "title": "Member removed from local Administrators group",
              "score": 90,
              "status": "candidate"
            }
          ]
        }
      },
      {
        "id": "8nD0jZ8BfU4fm0WGJOfC",
        "index": "wazuh-alerts-4.x-2026.07.23",
        "timestamp": "2026-07-23T07:50:12.013+0000",
        "agent": {
          "id": "001",
          "name": "WIN11-SOC-ENDPOINT",
          "ip": "192.168.64.3"
        },
        "manager": "wazuh.manager",
        "rule": {
          "id": "60154",
          "level": 12,
          "description": "Administrators Group Changed",
          "groups": [
            "windows",
            "windows_security",
            "group_changed",
            "win_group_changed"
          ],
          "mitreId": "T1484",
          "mitreTactic": "Defense Evasion",
          "mitreTechnique": "Domain Policy Modification"
        },
        "event": {
          "channel": "Security",
          "eventId": "4732",
          "provider": "Microsoft-Windows-Security-Auditing",
          "message": "\"A member was added to a security-enabled local group.\r\n\r\nSubject:\r\n\tSecurity ID:\t\tS-1-5-21-3627987222-3469180906-1209694690-1001\r\n\tAccount Name:\t\tShams\r\n\tAccount Domain:\t\tWIN11-SOC-ENDPO\r\n\tLogon ID:\t\t0x17A54\r\n\r\nMember:\r\n\tSecurity ID:\t\tS-1-5-21-3627987222-3469180906-1209694690-1003\r\n\tAccount Name:\t\t-\r\n\r\nGroup:\r\n\tSecurity ID:\t\tS-1-5-32-544\r\n\tGroup Name:\t\tAdministrators\r\n\tGroup Domain:\t\tBuiltin\r\n\r\nAdditional Information:\r\n\tPrivileges:\t\t-\""
        },
        "process": {
          "image": "",
          "parentImage": "",
          "commandLine": "",
          "parentCommandLine": "",
          "currentDirectory": "",
          "user": "WIN11-SOC-ENDPO\\Shams",
          "processId": "",
          "parentProcessId": "",
          "hashes": ""
        },
        "account": {
          "action": "Member added to local security group",
          "actor": "WIN11-SOC-ENDPO\\Shams",
          "actorDomain": "WIN11-SOC-ENDPO",
          "actorUser": "Shams",
          "targetUser": "Administrators",
          "targetDomain": "Builtin",
          "memberName": "",
          "memberSid": "S-1-5-21-3627987222-3469180906-1209694690-1003",
          "groupName": "Administrators",
          "groupDomain": "Builtin"
        },
        "triage": {
          "status": "candidate",
          "score": 96,
          "reason": "Account added to a privileged local group",
          "policyRule": "SOC-ACCOUNT-002",
          "policyTitle": "Member added to local Administrators group",
          "mitre": [
            "T1098"
          ],
          "detection": {},
          "matches": [
            {
              "id": "SOC-ACCOUNT-002",
              "title": "Member added to local Administrators group",
              "score": 96,
              "status": "candidate"
            }
          ]
        }
      },
