      {
        "id": "5XueEqEBDhTRgcnG0zpX",
        "index": "wazuh-alerts-4.x-2026.10.06",
        "timestamp": "2026-10-06T19:09:12.321+0000",
        "agent": {
          "id": "001",
          "name": "WIN11-SOC-ENDPOINT",
          "ip": "192.168.64.3"
        },
        "manager": "wazuh.manager",
        "rule": {
          "id": "91816",
          "level": 4,
          "description": "Powershell script querying system environment variables",
          "groups": [
            "windows",
            " powershell"
          ],
          "mitreId": "T1082",
          "mitreTactic": "Discovery",
          "mitreTechnique": "System Information Discovery"
        },
        "event": {
          "channel": "Microsoft-Windows-PowerShell/Operational",
          "eventId": "4104",
          "provider": "Microsoft-Windows-PowerShell",
          "message": "\"Creating Scriptblock text (1 of 1):\r\nsecedit /export /cfg $env:TEMP\\secpol.cfg; Get-Content $env:TEMP\\secpol.cfg | Select-String MinimumPasswordLength; Remove-Item $env:TEMP\\secpol.cfg\r\n\r\nScriptBlock ID: 62a387cc-ba5d-4bd5-b7bd-7c1a25a73da6\r\nPath: \""
        },
        "process": {
          "image": "",
          "parentImage": "",
          "commandLine": "",
          "parentCommandLine": "",
          "currentDirectory": "",
          "user": "",
          "processId": "",
          "parentProcessId": "",
          "hashes": ""
        },
        "account": {
          "action": "",
          "actor": "",
          "actorDomain": "",
          "actorUser": "",
          "targetUser": "",
          "targetDomain": "",
          "memberName": "",
          "memberSid": "",
          "groupName": "",
          "groupDomain": ""
        },
        "triage": {
          "status": "noise",
          "score": 10,
          "reason": "Wazuh agent policy assessment self-check"
        }
      },
      {
        "id": "43ueEqEBDhTRgcnGjDqI",
        "index": "wazuh-alerts-4.x-2026.10.06",
        "timestamp": "2026-10-06T19:09:00.689+0000",
        "agent": {
          "id": "001",
          "name": "WIN11-SOC-ENDPOINT",
          "ip": "192.168.64.3"
        },
        "manager": "wazuh.manager",
        "rule": {
          "id": "92066",
          "level": 4,
          "description": "C:\\Windows\\SysWOW64\\SecEdit.exe binary in a suspicious location launched by C:\\Windows\\SysWOW64\\WindowsPowerShell\\v1.0\\powershell.exe",
          "groups": [
            "sysmon",
            "sysmon_eid1_detections",
            "windows"
          ],
          "mitreId": "T1059.001",
          "mitreTactic": "Execution",
          "mitreTechnique": "PowerShell"
        },
        "event": {
          "channel": "Microsoft-Windows-Sysmon/Operational",
          "eventId": "1",
          "provider": "Microsoft-Windows-Sysmon",
          "message": "\"Process Create:\r\nRuleName: -\r\nUtcTime: 2026-10-06 19:08:59.161\r\nProcessGuid: {39942fc6-474b-6ac5-5b03-000000001400}\r\nProcessId: 3976\r\nImage: C:\\Windows\\SysWOW64\\SecEdit.exe\r\nFileVersion: 10.0.26100.7019 (WinBuild.160101.0800)\r\nDescription: Windows Security Configuration Editor Command Tool\r\nProduct: Microsoft\u00ae Windows\u00ae Operating System\r\nCompany: Microsoft Corporation\r\nOriginalFileName: SeCEdit\r\nCommandLine: \"C:\\WINDOWS\\system32\\SecEdit.exe\" /export /cfg C:\\WINDOWS\\TEMP\\secpol.cfg\r\nCurrentDirectory: C:\\Program Files (x86)\\ossec-agent\\\r\nUser: NT AUTHORITY\\SYSTEM\r\nLogonGuid: {39942fc6-38ea-6ac5-e703-000000000000}\r\nLogonId: 0x3E7\r\nTerminalSessionId: 0\r\nIntegrityLevel: System\r\nHashes: SHA256=4CDF95EF7BEC023FED416EA34905055132374407D565BF242B69159352AD546F\r\nParentProcessGuid: {39942fc6-4743-6ac5-5903-000000001400}\r\nParentProcessId: 7328\r\nParentImage: C:\\Windows\\SysWOW64\\WindowsPowerShell\\v1.0\\powershell.exe\r\nParentCommandLine: powershell secedit /export /cfg $env:TEMP\\secpol.cfg; Get-Content $env:TEMP\\secpol.cfg | Select-String \"MinimumPasswordAge\"; Remove-Item $env:TEMP\\secpol.cfg\r\nParentUser: NT AUTHORITY\\SYSTEM\""
        },
        "process": {
          "image": "C:\\Windows\\SysWOW64\\SecEdit.exe",
          "parentImage": "C:\\Windows\\SysWOW64\\WindowsPowerShell\\v1.0\\powershell.exe",
          "commandLine": "\"C:\\WINDOWS\\system32\\SecEdit.exe\" /export /cfg C:\\WINDOWS\\TEMP\\secpol.cfg",
          "parentCommandLine": "powershell secedit /export /cfg $env:TEMP\\secpol.cfg; Get-Content $env:TEMP\\secpol.cfg | Select-String \"MinimumPasswordAge\"; Remove-Item $env:TEMP\\secpol.cfg",
          "currentDirectory": "C:\\Program Files (x86)\\ossec-agent\\",
          "user": "NT AUTHORITY\\SYSTEM",
          "processId": "3976",
          "parentProcessId": "7328",
          "hashes": "SHA256=4CDF95EF7BEC023FED416EA34905055132374407D565BF242B69159352AD546F"
        },
        "account": {
          "action": "",
          "actor": "",
          "actorDomain": "",
          "actorUser": "",
          "targetUser": "",
          "targetDomain": "",
          "memberName": "",
          "memberSid": "",
          "groupName": "",
          "groupDomain": ""
        },
        "triage": {
          "status": "noise",
          "score": 10,
          "reason": "Wazuh agent policy assessment self-check"
        }
      },
      {
        "id": "4nueEqEBDhTRgcnGiDqw",
        "index": "wazuh-alerts-4.x-2026.10.06",
        "timestamp": "2026-10-06T19:08:59.501+0000",
        "agent": {
          "id": "001",
          "name": "WIN11-SOC-ENDPOINT",
          "ip": "192.168.64.3"
        },
        "manager": "wazuh.manager",
        "rule": {
          "id": "91816",
          "level": 4,
          "description": "Powershell script querying system environment variables",
          "groups": [
            "windows",
            " powershell"
          ],
          "mitreId": "T1082",
          "mitreTactic": "Discovery",
          "mitreTechnique": "System Information Discovery"
        },
        "event": {
          "channel": "Microsoft-Windows-PowerShell/Operational",
          "eventId": "4104",
          "provider": "Microsoft-Windows-PowerShell",
          "message": "\"Creating Scriptblock text (1 of 1):\r\nsecedit /export /cfg $env:TEMP\\secpol.cfg; Get-Content $env:TEMP\\secpol.cfg | Select-String MinimumPasswordAge; Remove-Item $env:TEMP\\secpol.cfg\r\n\r\nScriptBlock ID: c0079f52-9769-4940-8fb2-03aa10fe94d1\r\nPath: \""
        },
        "process": {
          "image": "",
          "parentImage": "",
          "commandLine": "",
          "parentCommandLine": "",
          "currentDirectory": "",
          "user": "",
          "processId": "",
          "parentProcessId": "",
          "hashes": ""
        },
        "account": {
          "action": "",
          "actor": "",
          "actorDomain": "",
          "actorUser": "",
          "targetUser": "",
          "targetDomain": "",
          "memberName": "",
          "memberSid": "",
          "groupName": "",
          "groupDomain": ""
        },
        "triage": {
          "status": "noise",
          "score": 10,
          "reason": "Wazuh agent policy assessment self-check"
        }
      },
      {
        "id": "33ueEqEBDhTRgcnGXTqf",
        "index": "wazuh-alerts-4.x-2026.10.06",
        "timestamp": "2026-10-06T19:08:48.286+0000",
        "agent": {
          "id": "001",
          "name": "WIN11-SOC-ENDPOINT",
          "ip": "192.168.64.3"
        },
        "manager": "wazuh.manager",
        "rule": {
          "id": "92066",
          "level": 4,
          "description": "C:\\Windows\\SysWOW64\\SecEdit.exe binary in a suspicious location launched by C:\\Windows\\SysWOW64\\WindowsPowerShell\\v1.0\\powershell.exe",
          "groups": [
            "sysmon",
            "sysmon_eid1_detections",
            "windows"
          ],
          "mitreId": "T1059.001",
          "mitreTactic": "Execution",
          "mitreTechnique": "PowerShell"
        },
        "event": {
          "channel": "Microsoft-Windows-Sysmon/Operational",
          "eventId": "1",
          "provider": "Microsoft-Windows-Sysmon",
          "message": "\"Process Create:\r\nRuleName: -\r\nUtcTime: 2026-10-06 19:08:46.737\r\nProcessGuid: {39942fc6-473e-6ac5-5803-000000001400}\r\nProcessId: 2916\r\nImage: C:\\Windows\\SysWOW64\\SecEdit.exe\r\nFileVersion: 10.0.26100.7019 (WinBuild.160101.0800)\r\nDescription: Windows Security Configuration Editor Command Tool\r\nProduct: Microsoft\u00ae Windows\u00ae Operating System\r\nCompany: Microsoft Corporation\r\nOriginalFileName: SeCEdit\r\nCommandLine: \"C:\\WINDOWS\\system32\\SecEdit.exe\" /export /cfg C:\\WINDOWS\\TEMP\\secpol.cfg\r\nCurrentDirectory: C:\\Program Files (x86)\\ossec-agent\\\r\nUser: NT AUTHORITY\\SYSTEM\r\nLogonGuid: {39942fc6-38ea-6ac5-e703-000000000000}\r\nLogonId: 0x3E7\r\nTerminalSessionId: 0\r\nIntegrityLevel: System\r\nHashes: SHA256=4CDF95EF7BEC023FED416EA34905055132374407D565BF242B69159352AD546F\r\nParentProcessGuid: {39942fc6-4737-6ac5-5603-000000001400}\r\nParentProcessId: 7984\r\nParentImage: C:\\Windows\\SysWOW64\\WindowsPowerShell\\v1.0\\powershell.exe\r\nParentCommandLine: powershell secedit /export /cfg $env:TEMP\\secpol.cfg; Get-Content $env:TEMP\\secpol.cfg | Select-String \"MaximumPasswordAge\"; Remove-Item $env:TEMP\\secpol.cfg\r\nParentUser: NT AUTHORITY\\SYSTEM\""
        },
        "process": {
          "image": "C:\\Windows\\SysWOW64\\SecEdit.exe",
          "parentImage": "C:\\Windows\\SysWOW64\\WindowsPowerShell\\v1.0\\powershell.exe",
          "commandLine": "\"C:\\WINDOWS\\system32\\SecEdit.exe\" /export /cfg C:\\WINDOWS\\TEMP\\secpol.cfg",
          "parentCommandLine": "powershell secedit /export /cfg $env:TEMP\\secpol.cfg; Get-Content $env:TEMP\\secpol.cfg | Select-String \"MaximumPasswordAge\"; Remove-Item $env:TEMP\\secpol.cfg",
          "currentDirectory": "C:\\Program Files (x86)\\ossec-agent\\",
          "user": "NT AUTHORITY\\SYSTEM",
          "processId": "2916",
          "parentProcessId": "7984",
          "hashes": "SHA256=4CDF95EF7BEC023FED416EA34905055132374407D565BF242B69159352AD546F"
        },
        "account": {
          "action": "",
          "actor": "",
          "actorDomain": "",
          "actorUser": "",
          "targetUser": "",
          "targetDomain": "",
          "memberName": "",
          "memberSid": "",
          "groupName": "",
          "groupDomain": ""
        },
        "triage": {
          "status": "noise",
          "score": 10,
          "reason": "Wazuh agent policy assessment self-check"
        }
      },
      {
        "id": "3nueEqEBDhTRgcnGXTqd",
        "index": "wazuh-alerts-4.x-2026.10.06",
        "timestamp": "2026-10-06T19:08:47.971+0000",
        "agent": {
          "id": "001",
          "name": "WIN11-SOC-ENDPOINT",
          "ip": "192.168.64.3"
        },
        "manager": "wazuh.manager",
        "rule": {
          "id": "91816",
          "level": 4,
          "description": "Powershell script querying system environment variables",
          "groups": [
            "windows",
            " powershell"
          ],
          "mitreId": "T1082",
          "mitreTactic": "Discovery",
          "mitreTechnique": "System Information Discovery"
        },
        "event": {
          "channel": "Microsoft-Windows-PowerShell/Operational",
          "eventId": "4104",
          "provider": "Microsoft-Windows-PowerShell",
          "message": "\"Creating Scriptblock text (1 of 1):\r\nsecedit /export /cfg $env:TEMP\\secpol.cfg; Get-Content $env:TEMP\\secpol.cfg | Select-String MaximumPasswordAge; Remove-Item $env:TEMP\\secpol.cfg\r\n\r\nScriptBlock ID: 55071100-0a97-4e54-aa54-49dc26ffd4ae\r\nPath: \""
        },
        "process": {
          "image": "",
          "parentImage": "",
          "commandLine": "",
          "parentCommandLine": "",
          "currentDirectory": "",
          "user": "",
          "processId": "",
          "parentProcessId": "",
          "hashes": ""
        },
        "account": {
          "action": "",
          "actor": "",
          "actorDomain": "",
          "actorUser": "",
          "targetUser": "",
          "targetDomain": "",
          "memberName": "",
          "memberSid": "",
          "groupName": "",
          "groupDomain": ""
        },
        "triage": {
          "status": "noise",
          "score": 10,
          "reason": "Wazuh agent policy assessment self-check"
        }
      },
      {
        "id": "3HueEqEBDhTRgcnGQjow",
        "index": "wazuh-alerts-4.x-2026.10.06",
        "timestamp": "2026-10-06T19:08:35.494+0000",
        "agent": {
          "id": "001",
          "name": "WIN11-SOC-ENDPOINT",
          "ip": "192.168.64.3"
        },
        "manager": "wazuh.manager",
        "rule": {
          "id": "92066",
          "level": 4,
          "description": "C:\\Windows\\SysWOW64\\SecEdit.exe binary in a suspicious location launched by C:\\Windows\\SysWOW64\\WindowsPowerShell\\v1.0\\powershell.exe",
          "groups": [
            "sysmon",
            "sysmon_eid1_detections",
            "windows"
          ],
          "mitreId": "T1059.001",
          "mitreTactic": "Execution",
          "mitreTechnique": "PowerShell"
        },
        "event": {
          "channel": "Microsoft-Windows-Sysmon/Operational",
          "eventId": "1",
          "provider": "Microsoft-Windows-Sysmon",
          "message": "\"Process Create:\r\nRuleName: -\r\nUtcTime: 2026-10-06 19:08:33.977\r\nProcessGuid: {39942fc6-4731-6ac5-5503-000000001400}\r\nProcessId: 3824\r\nImage: C:\\Windows\\SysWOW64\\SecEdit.exe\r\nFileVersion: 10.0.26100.7019 (WinBuild.160101.0800)\r\nDescription: Windows Security Configuration Editor Command Tool\r\nProduct: Microsoft\u00ae Windows\u00ae Operating System\r\nCompany: Microsoft Corporation\r\nOriginalFileName: SeCEdit\r\nCommandLine: \"C:\\WINDOWS\\system32\\SecEdit.exe\" /export /cfg C:\\WINDOWS\\TEMP\\secpol.cfg\r\nCurrentDirectory: C:\\Program Files (x86)\\ossec-agent\\\r\nUser: NT AUTHORITY\\SYSTEM\r\nLogonGuid: {39942fc6-38ea-6ac5-e703-000000000000}\r\nLogonId: 0x3E7\r\nTerminalSessionId: 0\r\nIntegrityLevel: System\r\nHashes: SHA256=4CDF95EF7BEC023FED416EA34905055132374407D565BF242B69159352AD546F\r\nParentProcessGuid: {39942fc6-4729-6ac5-5303-000000001400}\r\nParentProcessId: 6604\r\nParentImage: C:\\Windows\\SysWOW64\\WindowsPowerShell\\v1.0\\powershell.exe\r\nParentCommandLine: powershell secedit /export /cfg $env:TEMP\\secpol.cfg; Get-Content $env:TEMP\\secpol.cfg | Select-String \"MaximumPasswordAge\"; Remove-Item $env:TEMP\\secpol.cfg\r\nParentUser: NT AUTHORITY\\SYSTEM\""
        },
        "process": {
          "image": "C:\\Windows\\SysWOW64\\SecEdit.exe",
          "parentImage": "C:\\Windows\\SysWOW64\\WindowsPowerShell\\v1.0\\powershell.exe",
          "commandLine": "\"C:\\WINDOWS\\system32\\SecEdit.exe\" /export /cfg C:\\WINDOWS\\TEMP\\secpol.cfg",
          "parentCommandLine": "powershell secedit /export /cfg $env:TEMP\\secpol.cfg; Get-Content $env:TEMP\\secpol.cfg | Select-String \"MaximumPasswordAge\"; Remove-Item $env:TEMP\\secpol.cfg",
          "currentDirectory": "C:\\Program Files (x86)\\ossec-agent\\",
          "user": "NT AUTHORITY\\SYSTEM",
          "processId": "3824",
          "parentProcessId": "6604",
          "hashes": "SHA256=4CDF95EF7BEC023FED416EA34905055132374407D565BF242B69159352AD546F"
        },
        "account": {
          "action": "",
          "actor": "",
          "actorDomain": "",
          "actorUser": "",
          "targetUser": "",
          "targetDomain": "",
          "memberName": "",
          "memberSid": "",
          "groupName": "",
          "groupDomain": ""
        },
        "triage": {
          "status": "noise",
          "score": 10,
          "reason": "Wazuh agent policy assessment self-check"
        }
      },
      {
        "id": "23ueEqEBDhTRgcnGQjow",
        "index": "wazuh-alerts-4.x-2026.10.06",
        "timestamp": "2026-10-06T19:08:35.280+0000",
        "agent": {
          "id": "001",
          "name": "WIN11-SOC-ENDPOINT",
          "ip": "192.168.64.3"
        },
        "manager": "wazuh.manager",
        "rule": {
          "id": "91816",
          "level": 4,
          "description": "Powershell script querying system environment variables",
          "groups": [
            "windows",
            " powershell"
          ],
          "mitreId": "T1082",
          "mitreTactic": "Discovery",
          "mitreTechnique": "System Information Discovery"
        },
        "event": {
          "channel": "Microsoft-Windows-PowerShell/Operational",
          "eventId": "4104",
          "provider": "Microsoft-Windows-PowerShell",
          "message": "\"Creating Scriptblock text (1 of 1):\r\nsecedit /export /cfg $env:TEMP\\secpol.cfg; Get-Content $env:TEMP\\secpol.cfg | Select-String MaximumPasswordAge; Remove-Item $env:TEMP\\secpol.cfg\r\n\r\nScriptBlock ID: 62265b05-f49c-4cf1-bbeb-8d5d0a93c0c5\r\nPath: \""
        },
        "process": {
          "image": "",
          "parentImage": "",
          "commandLine": "",
          "parentCommandLine": "",
          "currentDirectory": "",
          "user": "",
          "processId": "",
          "parentProcessId": "",
          "hashes": ""
        },
        "account": {
          "action": "",
          "actor": "",
          "actorDomain": "",
          "actorUser": "",
          "targetUser": "",
          "targetDomain": "",
          "memberName": "",
          "memberSid": "",
          "groupName": "",
          "groupDomain": ""
        },
        "triage": {
          "status": "noise",
          "score": 10,
          "reason": "Wazuh agent policy assessment self-check"
        }
      },
      {
        "id": "2HudEqEBDhTRgcnG_DoI",
        "index": "wazuh-alerts-4.x-2026.10.06",
        "timestamp": "2026-10-06T19:08:20.758+0000",
        "agent": {
          "id": "001",
          "name": "WIN11-SOC-ENDPOINT",
          "ip": "192.168.64.3"
        },
        "manager": "wazuh.manager",
        "rule": {
          "id": "92066",
          "level": 4,
          "description": "C:\\Windows\\SysWOW64\\SecEdit.exe binary in a suspicious location launched by C:\\Windows\\SysWOW64\\WindowsPowerShell\\v1.0\\powershell.exe",
          "groups": [
            "sysmon",
            "sysmon_eid1_detections",
            "windows"
          ],
          "mitreId": "T1059.001",
          "mitreTactic": "Execution",
          "mitreTechnique": "PowerShell"
        },
        "event": {
          "channel": "Microsoft-Windows-Sysmon/Operational",
          "eventId": "1",
          "provider": "Microsoft-Windows-Sysmon",
          "message": "\"Process Create:\r\nRuleName: -\r\nUtcTime: 2026-10-06 19:08:19.193\r\nProcessGuid: {39942fc6-4723-6ac5-5003-000000001400}\r\nProcessId: 9780\r\nImage: C:\\Windows\\SysWOW64\\SecEdit.exe\r\nFileVersion: 10.0.26100.7019 (WinBuild.160101.0800)\r\nDescription: Windows Security Configuration Editor Command Tool\r\nProduct: Microsoft\u00ae Windows\u00ae Operating System\r\nCompany: Microsoft Corporation\r\nOriginalFileName: SeCEdit\r\nCommandLine: \"C:\\WINDOWS\\system32\\SecEdit.exe\" /export /cfg C:\\WINDOWS\\TEMP\\secpol.cfg\r\nCurrentDirectory: C:\\Program Files (x86)\\ossec-agent\\\r\nUser: NT AUTHORITY\\SYSTEM\r\nLogonGuid: {39942fc6-38ea-6ac5-e703-000000000000}\r\nLogonId: 0x3E7\r\nTerminalSessionId: 0\r\nIntegrityLevel: System\r\nHashes: SHA256=4CDF95EF7BEC023FED416EA34905055132374407D565BF242B69159352AD546F\r\nParentProcessGuid: {39942fc6-4712-6ac5-4e03-000000001400}\r\nParentProcessId: 6548\r\nParentImage: C:\\Windows\\SysWOW64\\WindowsPowerShell\\v1.0\\powershell.exe\r\nParentCommandLine: powershell secedit /export /cfg $env:TEMP\\secpol.cfg; Get-Content $env:TEMP\\secpol.cfg | Select-String \"PasswordHistorySize\"; Remove-Item $env:TEMP\\secpol.cfg\r\nParentUser: NT AUTHORITY\\SYSTEM\""
        },
        "process": {
          "image": "C:\\Windows\\SysWOW64\\SecEdit.exe",
          "parentImage": "C:\\Windows\\SysWOW64\\WindowsPowerShell\\v1.0\\powershell.exe",
          "commandLine": "\"C:\\WINDOWS\\system32\\SecEdit.exe\" /export /cfg C:\\WINDOWS\\TEMP\\secpol.cfg",
          "parentCommandLine": "powershell secedit /export /cfg $env:TEMP\\secpol.cfg; Get-Content $env:TEMP\\secpol.cfg | Select-String \"PasswordHistorySize\"; Remove-Item $env:TEMP\\secpol.cfg",
          "currentDirectory": "C:\\Program Files (x86)\\ossec-agent\\",
          "user": "NT AUTHORITY\\SYSTEM",
          "processId": "9780",
          "parentProcessId": "6548",
          "hashes": "SHA256=4CDF95EF7BEC023FED416EA34905055132374407D565BF242B69159352AD546F"
        },
        "account": {
          "action": "",
          "actor": "",
          "actorDomain": "",
          "actorUser": "",
          "targetUser": "",
          "targetDomain": "",
          "memberName": "",
          "memberSid": "",
          "groupName": "",
          "groupDomain": ""
        },
        "triage": {
          "status": "noise",
          "score": 10,
          "reason": "Wazuh agent policy assessment self-check"
        }
      },
      {
        "id": "13udEqEBDhTRgcnG_DoF",
        "index": "wazuh-alerts-4.x-2026.10.06",
        "timestamp": "2026-10-06T19:08:20.190+0000",
        "agent": {
          "id": "001",
          "name": "WIN11-SOC-ENDPOINT",
          "ip": "192.168.64.3"
        },
        "manager": "wazuh.manager",
        "rule": {
          "id": "91816",
          "level": 4,
          "description": "Powershell script querying system environment variables",
          "groups": [
            "windows",
            " powershell"
          ],
          "mitreId": "T1082",
          "mitreTactic": "Discovery",
          "mitreTechnique": "System Information Discovery"
        },
        "event": {
          "channel": "Microsoft-Windows-PowerShell/Operational",
          "eventId": "4104",
          "provider": "Microsoft-Windows-PowerShell",
          "message": "\"Creating Scriptblock text (1 of 1):\r\nsecedit /export /cfg $env:TEMP\\secpol.cfg; Get-Content $env:TEMP\\secpol.cfg | Select-String PasswordHistorySize; Remove-Item $env:TEMP\\secpol.cfg\r\n\r\nScriptBlock ID: e3401d47-46e5-487d-97fd-ea75c8c64b56\r\nPath: \""
        },
        "process": {
          "image": "",
          "parentImage": "",
          "commandLine": "",
          "parentCommandLine": "",
          "currentDirectory": "",
          "user": "",
          "processId": "",
          "parentProcessId": "",
          "hashes": ""
        },
        "account": {
          "action": "",
          "actor": "",
          "actorDomain": "",
          "actorUser": "",
          "targetUser": "",
          "targetDomain": "",
          "memberName": "",
          "memberSid": "",
          "groupName": "",
          "groupDomain": ""
        },
        "triage": {
          "status": "noise",
          "score": 10,
          "reason": "Wazuh agent policy assessment self-check"
        }
      },
      {
        "id": "rHt5EqEBDhTRgcnGQTrc",
        "index": "wazuh-alerts-4.x-2026.10.06",
        "timestamp": "2026-10-06T18:28:16.161+0000",
        "agent": {
          "id": "001",
          "name": "WIN11-SOC-ENDPOINT",
          "ip": "192.168.64.3"
        },
        "manager": "wazuh.manager",
        "rule": {
          "id": "61102",
          "level": 5,
          "description": "Windows System error event",
          "groups": [
            "windows",
            "windows_system",
            "system_error"
          ],
          "mitreId": "",
          "mitreTactic": "",
          "mitreTechnique": ""
        },
        "event": {
          "channel": "System",
          "eventId": "1801",
          "provider": "Microsoft-Windows-TPM-WMI",
          "message": "\"Updated Secure Boot certificates are available on this device but have not yet been applied to the firmware. Review the published guidance to complete the update and maintain full protection. This device signature information is included here.\r\nDeviceAttributes: BaseBoardManufacturer:;FirmwareManufacturer:EFI Development Kit II / OVMF;FirmwareVersion:0.0.0;OEMModelNumber:QEMU Virtual Machine;OEMModelBaseBoard:;OEMModelSystemFamily:;OEMManufacturerName:QEMU;OEMModelSKU:;OSArchitecture:arm64;\r\nBucketId: 42bb6a1c46e22ca23875f240e6179cd492659eb33a79697cf5e6acc5866c9d5a\r\nBucketConfidenceLevel: High Confidence\r\nUpdateType: Windows UEFI CA 2023 (DB), Option ROM CA 2023 (DB), 3P UEFI CA 2023 (DB), KEK 2023, Boot Manager (2023)\r\nFor more information, please see https://go.microsoft.com/fwlink/?linkid=2301018.\""
        },
        "process": {
          "image": "",
          "parentImage": "",
          "commandLine": "",
          "parentCommandLine": "",
          "currentDirectory": "",
          "user": "",
          "processId": "",
          "parentProcessId": "",
          "hashes": ""
        },
        "account": {
          "action": "",
          "actor": "",
          "actorDomain": "",
          "actorUser": "",
          "targetUser": "",
          "targetDomain": "",
          "memberName": "",
          "memberSid": "",
          "groupName": "",
          "groupDomain": ""
        },
        "triage": {
          "status": "noise",
          "score": 15,
          "reason": "Common Windows startup/background service activity"
        }
      },
      {
        "id": "q3t5EqEBDhTRgcnGQTrU",
        "index": "wazuh-alerts-4.x-2026.10.06",
        "timestamp": "2026-10-06T18:28:16.039+0000",
        "agent": {
          "id": "001",
          "name": "WIN11-SOC-ENDPOINT",
          "ip": "192.168.64.3"
        },
        "manager": "wazuh.manager",
        "rule": {
          "id": "61102",
          "level": 5,
          "description": "Windows System error event",
          "groups": [
            "windows",
            "windows_system",
            "system_error"
          ],
          "mitreId": "",
          "mitreTactic": "",
          "mitreTechnique": ""
        },
        "event": {
          "channel": "System",
          "eventId": "1803",
          "provider": "Microsoft-Windows-TPM-WMI",
          "message": "\"A PK-signed Key Exchange Key (KEK) cannot be found for this device. Check with the device manufacturer for proper key provisioning.\r\nThis device signature information is included here.\r\nDeviceAttributes: BaseBoardManufacturer:;FirmwareManufacturer:EFI Development Kit II / OVMF;FirmwareVersion:0.0.0;OEMModelNumber:QEMU Virtual Machine;OEMModelBaseBoard:;OEMModelSystemFamily:;OEMManufacturerName:QEMU;OEMModelSKU:;OSArchitecture:arm64;\r\nBucketId: 42bb6a1c46e22ca23875f240e6179cd492659eb33a79697cf5e6acc5866c9d5a\r\nBucketConfidenceLevel: High Confidence.\r\nFor more information, please see https://go.microsoft.com/fwlink/?linkid=2339472\""
        },
        "process": {
          "image": "",
          "parentImage": "",
          "commandLine": "",
          "parentCommandLine": "",
          "currentDirectory": "",
          "user": "",
          "processId": "",
          "parentProcessId": "",
          "hashes": ""
        },
        "account": {
          "action": "",
          "actor": "",
          "actorDomain": "",
          "actorUser": "",
          "targetUser": "",
          "targetDomain": "",
          "memberName": "",
          "memberSid": "",
          "groupName": "",
          "groupDomain": ""
        },
        "triage": {
          "status": "noise",
          "score": 15,
          "reason": "Common Windows startup/background service activity"
        }
      },
      {
        "id": "qnt4EqEBDhTRgcnGazpR",
        "index": "wazuh-alerts-4.x-2026.10.06",
        "timestamp": "2026-10-06T18:27:20.310+0000",
        "agent": {
          "id": "001",
          "name": "WIN11-SOC-ENDPOINT",
          "ip": "192.168.64.3"
        },
        "manager": "wazuh.manager",
        "rule": {
          "id": "61102",
          "level": 5,
          "description": "Windows System error event",
          "groups": [
            "windows",
            "windows_system",
            "system_error"
          ],
          "mitreId": "",
          "mitreTactic": "",
          "mitreTechnique": ""
        },
        "event": {
          "channel": "System",
          "eventId": "15",
          "provider": "TPM",
          "message": "\"The device driver for the Trusted Platform Module (TPM) encountered a non-recoverable error in the TPM hardware, which prevents TPM services (such as data encryption) from being used. For further help, please contact the computer manufacturer.\""
        },
        "process": {
          "image": "",
          "parentImage": "",
          "commandLine": "",
          "parentCommandLine": "",
          "currentDirectory": "",
          "user": "",
          "processId": "",
          "parentProcessId": "",
          "hashes": ""
        },
        "account": {
          "action": "",
          "actor": "",
          "actorDomain": "",
          "actorUser": "",
          "targetUser": "",
          "targetDomain": "",
          "memberName": "",
          "memberSid": "",
          "groupName": "",
          "groupDomain": ""
        },
        "triage": {
          "status": "noise",
          "score": 15,
          "reason": "Common Windows startup/background service activity"
        }
      },
      {
        "id": "qXt4EqEBDhTRgcnGazpQ",
        "index": "wazuh-alerts-4.x-2026.10.06",
        "timestamp": "2026-10-06T18:27:20.280+0000",
        "agent": {
          "id": "001",
          "name": "WIN11-SOC-ENDPOINT",
          "ip": "192.168.64.3"
        },
        "manager": "wazuh.manager",
        "rule": {
          "id": "61102",
          "level": 5,
          "description": "Windows System error event",
          "groups": [
            "windows",
            "windows_system",
            "system_error"
          ],
          "mitreId": "",
          "mitreTactic": "",
          "mitreTechnique": ""
        },
        "event": {
          "channel": "System",
          "eventId": "15",
          "provider": "TPM",
          "message": "\"The device driver for the Trusted Platform Module (TPM) encountered a non-recoverable error in the TPM hardware, which prevents TPM services (such as data encryption) from being used. For further help, please contact the computer manufacturer.\""
        },
        "process": {
          "image": "",
          "parentImage": "",
          "commandLine": "",
          "parentCommandLine": "",
          "currentDirectory": "",
          "user": "",
          "processId": "",
          "parentProcessId": "",
          "hashes": ""
        },
        "account": {
          "action": "",
          "actor": "",
          "actorDomain": "",
          "actorUser": "",
          "targetUser": "",
          "targetDomain": "",
          "memberName": "",
          "memberSid": "",
          "groupName": "",
          "groupDomain": ""
        },
        "triage": {
          "status": "noise",
          "score": 15,
          "reason": "Common Windows startup/background service activity"
        }
      },
      {
        "id": "knseEaEBDhTRgcnG8Dpb",
        "index": "wazuh-alerts-4.x-2026.10.06",
        "timestamp": "2026-10-06T12:09:58.986+0000",
        "agent": {
          "id": "001",
          "name": "WIN11-SOC-ENDPOINT",
          "ip": "192.168.64.3"
        },
        "manager": "wazuh.manager",
        "rule": {
          "id": "61634",
          "level": 12,
          "description": "Sysmon - Suspicious Process - taskhost.exe",
          "groups": [
            "windows",
            "sysmon",
            "sysmon_process-anomalies"
          ],
          "mitreId": "T1055",
          "mitreTactic": "Defense Evasion",
          "mitreTechnique": "Process Injection"
        },
        "event": {
          "channel": "Microsoft-Windows-Sysmon/Operational",
          "eventId": "1",
          "provider": "Microsoft-Windows-Sysmon",
          "message": "\"Process Create:\r\nRuleName: -\r\nUtcTime: 2026-10-06 12:09:58.398\r\nProcessGuid: {39942fc6-e516-6ac4-1603-000000001400}\r\nProcessId: 8904\r\nImage: C:\\Windows\\System32\\backgroundTaskHost.exe\r\nFileVersion: 10.0.26100.1 (WinBuild.160101.0800)\r\nDescription: Background Task Host\r\nProduct: Microsoft\u00ae Windows\u00ae Operating System\r\nCompany: Microsoft Corporation\r\nOriginalFileName: backgroundTaskHost.exe\r\nCommandLine: \"C:\\WINDOWS\\system32\\BackgroundTaskHost.exe\" -ServerName:BackgroundTaskHost.WebAccountProvider\r\nCurrentDirectory: C:\\Windows\\SystemApps\\Microsoft.AAD.BrokerPlugin_cw5n1h2txyewy\\\r\nUser: WIN11-SOC-ENDPO\\Shams\r\nLogonGuid: {39942fc6-38ec-6ac5-554c-010000000000}\r\nLogonId: 0x14C55\r\nTerminalSessionId: 1\r\nIntegrityLevel: AppContainer\r\nHashes: SHA256=341EE70E914BDE4F44087C61EA2BDA6C01EC54E84AEA892BE0B8EA31E479AFD3\r\nParentProcessGuid: {00000000-0000-0000-0000-000000000000}\r\nParentProcessId: 1000\r\nParentImage: -\r\nParentCommandLine: -\r\nParentUser: -\""
        },
        "process": {
          "image": "C:\\Windows\\System32\\backgroundTaskHost.exe",
          "parentImage": "",
          "commandLine": "\"C:\\WINDOWS\\system32\\BackgroundTaskHost.exe\" -ServerName:BackgroundTaskHost.WebAccountProvider",
          "parentCommandLine": "",
          "currentDirectory": "C:\\Windows\\SystemApps\\Microsoft.AAD.BrokerPlugin_cw5n1h2txyewy\\",
          "user": "WIN11-SOC-ENDPO\\Shams",
          "processId": "8904",
          "parentProcessId": "1000",
          "hashes": "SHA256=341EE70E914BDE4F44087C61EA2BDA6C01EC54E84AEA892BE0B8EA31E479AFD3"
        },
        "account": {
          "action": "",
          "actor": "",
          "actorDomain": "",
          "actorUser": "",
          "targetUser": "",
          "targetDomain": "",
          "memberName": "",
          "memberSid": "",
          "groupName": "",
          "groupDomain": ""
        },
        "triage": {
          "status": "noise",
          "score": 15,
          "reason": "Common Windows startup/background service activity"
        }
      },
      {
        "id": "jHsZEaEBDhTRgcnGhDqH",
        "index": "wazuh-alerts-4.x-2026.10.06",
        "timestamp": "2026-10-06T12:04:04.168+0000",
        "agent": {
          "id": "001",
          "name": "WIN11-SOC-ENDPOINT",
          "ip": "192.168.64.3"
        },
        "manager": "wazuh.manager",
        "rule": {
          "id": "61618",
          "level": 12,
          "description": "Sysmon - Suspicious Process - svchost.exe",
          "groups": [
            "windows",
            "sysmon",
            "sysmon_process-anomalies"
          ],
          "mitreId": "T1055",
          "mitreTactic": "Defense Evasion",
          "mitreTechnique": "Process Injection"
        },
        "event": {
          "channel": "Microsoft-Windows-Sysmon/Operational",
          "eventId": "1",
          "provider": "Microsoft-Windows-Sysmon",
          "message": "\"Process Create:\r\nRuleName: -\r\nUtcTime: 2026-10-06 12:04:02.688\r\nProcessGuid: {39942fc6-e3b2-6ac4-1403-000000001400}\r\nProcessId: 8896\r\nImage: C:\\Windows\\System32\\svchost.exe\r\nFileVersion: 10.0.26100.8737 (WinBuild.160101.0800)\r\nDescription: Host Process for Windows Services\r\nProduct: Microsoft\u00ae Windows\u00ae Operating System\r\nCompany: Microsoft Corporation\r\nOriginalFileName: svchost.exe\r\nCommandLine: C:\\WINDOWS\\system32\\svchost.exe -k LocalServiceNetworkRestricted -p\r\nCurrentDirectory: C:\\WINDOWS\\system32\\\r\nUser: NT AUTHORITY\\LOCAL SERVICE\r\nLogonGuid: {39942fc6-38eb-6ac5-e503-000000000000}\r\nLogonId: 0x3E5\r\nTerminalSessionId: 0\r\nIntegrityLevel: System\r\nHashes: SHA256=FC0EAE19C4B5652970E464EDC45347313A3556E50B26B6428611B01CDBF80077\r\nParentProcessGuid: {00000000-0000-0000-0000-000000000000}\r\nParentProcessId: 852\r\nParentImage: -\r\nParentCommandLine: -\r\nParentUser: -\""
        },
        "process": {
          "image": "C:\\Windows\\System32\\svchost.exe",
          "parentImage": "",
          "commandLine": "C:\\WINDOWS\\system32\\svchost.exe -k LocalServiceNetworkRestricted -p",
          "parentCommandLine": "",
          "currentDirectory": "C:\\WINDOWS\\system32\\",
          "user": "NT AUTHORITY\\LOCAL SERVICE",
          "processId": "8896",
          "parentProcessId": "852",
          "hashes": "SHA256=FC0EAE19C4B5652970E464EDC45347313A3556E50B26B6428611B01CDBF80077"
        },
        "account": {
          "action": "",
          "actor": "",
          "actorDomain": "",
          "actorUser": "",
          "targetUser": "",
          "targetDomain": "",
          "memberName": "",
          "memberSid": "",
          "groupName": "",
          "groupDomain": ""
        },
        "triage": {
          "status": "noise",
          "score": 15,
          "reason": "Common Windows startup/background service activity"
        }
      },
      {
        "id": "insZEaEBDhTRgcnGaDrT",
        "index": "wazuh-alerts-4.x-2026.10.06",
        "timestamp": "2026-10-06T12:03:57.161+0000",
        "agent": {
          "id": "001",
          "name": "WIN11-SOC-ENDPOINT",
          "ip": "192.168.64.3"
        },
        "manager": "wazuh.manager",
        "rule": {
          "id": "61102",
          "level": 5,
          "description": "Windows System error event",
          "groups": [
            "windows",
            "windows_system",
            "system_error"
          ],
          "mitreId": "",
          "mitreTactic": "",
          "mitreTechnique": ""
        },
        "event": {
          "channel": "System",
          "eventId": "15",
          "provider": "TPM",
          "message": "\"The device driver for the Trusted Platform Module (TPM) encountered a non-recoverable error in the TPM hardware, which prevents TPM services (such as data encryption) from being used. For further help, please contact the computer manufacturer.\""
        },
        "process": {
          "image": "",
          "parentImage": "",
          "commandLine": "",
          "parentCommandLine": "",
          "currentDirectory": "",
          "user": "",
          "processId": "",
          "parentProcessId": "",
          "hashes": ""
        },
        "account": {
          "action": "",
          "actor": "",
          "actorDomain": "",
          "actorUser": "",
          "targetUser": "",
          "targetDomain": "",
          "memberName": "",
          "memberSid": "",
          "groupName": "",
          "groupDomain": ""
        },
        "triage": {
          "status": "noise",
          "score": 15,
          "reason": "Common Windows startup/background service activity"
        }
      },
      {
        "id": "iXsZEaEBDhTRgcnGaDrT",
        "index": "wazuh-alerts-4.x-2026.10.06",
        "timestamp": "2026-10-06T12:03:57.124+0000",
        "agent": {
          "id": "001",
          "name": "WIN11-SOC-ENDPOINT",
          "ip": "192.168.64.3"
        },
        "manager": "wazuh.manager",
        "rule": {
          "id": "61102",
          "level": 5,
          "description": "Windows System error event",
          "groups": [
            "windows",
            "windows_system",
            "system_error"
          ],
          "mitreId": "",
          "mitreTactic": "",
          "mitreTechnique": ""
        },
        "event": {
          "channel": "System",
          "eventId": "15",
          "provider": "TPM",
          "message": "\"The device driver for the Trusted Platform Module (TPM) encountered a non-recoverable error in the TPM hardware, which prevents TPM services (such as data encryption) from being used. For further help, please contact the computer manufacturer.\""
        },
        "process": {
          "image": "",
          "parentImage": "",
          "commandLine": "",
          "parentCommandLine": "",
          "currentDirectory": "",
          "user": "",
          "processId": "",
          "parentProcessId": "",
          "hashes": ""
        },
        "account": {
          "action": "",
          "actor": "",
          "actorDomain": "",
          "actorUser": "",
          "targetUser": "",
          "targetDomain": "",
          "memberName": "",
          "memberSid": "",
          "groupName": "",
          "groupDomain": ""
        },
        "triage": {
          "status": "noise",
          "score": 15,
          "reason": "Common Windows startup/background service activity"
        }
      },
      {
        "id": "iHsZEaEBDhTRgcnGXTq8",
        "index": "wazuh-alerts-4.x-2026.10.06",
        "timestamp": "2026-10-06T12:03:50.505+0000",
        "agent": {
          "id": "001",
          "name": "WIN11-SOC-ENDPOINT",
          "ip": "192.168.64.3"
        },
        "manager": "wazuh.manager",
        "rule": {
          "id": "61634",
          "level": 12,
          "description": "Sysmon - Suspicious Process - taskhost.exe",
          "groups": [
            "windows",
            "sysmon",
            "sysmon_process-anomalies"
          ],
          "mitreId": "T1055",
          "mitreTactic": "Defense Evasion",
          "mitreTechnique": "Process Injection"
        },
        "event": {
          "channel": "Microsoft-Windows-Sysmon/Operational",
          "eventId": "1",
          "provider": "Microsoft-Windows-Sysmon",
          "message": "\"Process Create:\r\nRuleName: -\r\nUtcTime: 2026-10-06 12:03:48.923\r\nProcessGuid: {39942fc6-e3a4-6ac4-0d03-000000001400}\r\nProcessId: 1904\r\nImage: C:\\Windows\\System32\\backgroundTaskHost.exe\r\nFileVersion: 10.0.26100.1 (WinBuild.160101.0800)\r\nDescription: Background Task Host\r\nProduct: Microsoft\u00ae Windows\u00ae Operating System\r\nCompany: Microsoft Corporation\r\nOriginalFileName: backgroundTaskHost.exe\r\nCommandLine: \"C:\\WINDOWS\\system32\\BackgroundTaskHost.exe\" -ServerName:BackgroundTaskHost.WebAccountProvider\r\nCurrentDirectory: C:\\Windows\\SystemApps\\Microsoft.AAD.BrokerPlugin_cw5n1h2txyewy\\\r\nUser: WIN11-SOC-ENDPO\\Shams\r\nLogonGuid: {39942fc6-38ec-6ac5-554c-010000000000}\r\nLogonId: 0x14C55\r\nTerminalSessionId: 1\r\nIntegrityLevel: AppContainer\r\nHashes: SHA256=341EE70E914BDE4F44087C61EA2BDA6C01EC54E84AEA892BE0B8EA31E479AFD3\r\nParentProcessGuid: {00000000-0000-0000-0000-000000000000}\r\nParentProcessId: 1000\r\nParentImage: -\r\nParentCommandLine: -\r\nParentUser: -\""
        },
        "process": {
          "image": "C:\\Windows\\System32\\backgroundTaskHost.exe",
          "parentImage": "",
          "commandLine": "\"C:\\WINDOWS\\system32\\BackgroundTaskHost.exe\" -ServerName:BackgroundTaskHost.WebAccountProvider",
          "parentCommandLine": "",
          "currentDirectory": "C:\\Windows\\SystemApps\\Microsoft.AAD.BrokerPlugin_cw5n1h2txyewy\\",
          "user": "WIN11-SOC-ENDPO\\Shams",
          "processId": "1904",
          "parentProcessId": "1000",
          "hashes": "SHA256=341EE70E914BDE4F44087C61EA2BDA6C01EC54E84AEA892BE0B8EA31E479AFD3"
        },
        "account": {
          "action": "",
          "actor": "",
          "actorDomain": "",
          "actorUser": "",
          "targetUser": "",
          "targetDomain": "",
          "memberName": "",
          "memberSid": "",
          "groupName": "",
          "groupDomain": ""
        },
        "triage": {
          "status": "noise",
          "score": 15,
          "reason": "Common Windows startup/background service activity"
        }
      },
      {
        "id": "hnsZEaEBDhTRgcnGJTrQ",
        "index": "wazuh-alerts-4.x-2026.10.06",
        "timestamp": "2026-10-06T12:03:38.804+0000",
        "agent": {
          "id": "001",
          "name": "WIN11-SOC-ENDPOINT",
          "ip": "192.168.64.3"
        },
        "manager": "wazuh.manager",
        "rule": {
          "id": "61634",
          "level": 12,
          "description": "Sysmon - Suspicious Process - taskhost.exe",
          "groups": [
            "windows",
            "sysmon",
            "sysmon_process-anomalies"
          ],
          "mitreId": "T1055",
          "mitreTactic": "Defense Evasion",
          "mitreTechnique": "Process Injection"
        },
        "event": {
          "channel": "Microsoft-Windows-Sysmon/Operational",
          "eventId": "1",
          "provider": "Microsoft-Windows-Sysmon",
          "message": "\"Process Create:\r\nRuleName: -\r\nUtcTime: 2026-10-06 12:03:37.400\r\nProcessGuid: {39942fc6-e399-6ac4-0b03-000000001400}\r\nProcessId: 6304\r\nImage: C:\\Windows\\System32\\backgroundTaskHost.exe\r\nFileVersion: 10.0.26100.1 (WinBuild.160101.0800)\r\nDescription: Background Task Host\r\nProduct: Microsoft\u00ae Windows\u00ae Operating System\r\nCompany: Microsoft Corporation\r\nOriginalFileName: backgroundTaskHost.exe\r\nCommandLine: \"C:\\WINDOWS\\system32\\backgroundTaskHost.exe\" -ServerName:App.AppXpybpk6fj2fe0gb0jan49e6dncngk3pa1.mca\r\nCurrentDirectory: C:\\Program Files\\WindowsApps\\Microsoft.StorePurchaseApp_22607.1401.2.0_arm64__8wekyb3d8bbwe\\\r\nUser: WIN11-SOC-ENDPO\\Shams\r\nLogonGuid: {39942fc6-38ec-6ac5-554c-010000000000}\r\nLogonId: 0x14C55\r\nTerminalSessionId: 1\r\nIntegrityLevel: AppContainer\r\nHashes: SHA256=341EE70E914BDE4F44087C61EA2BDA6C01EC54E84AEA892BE0B8EA31E479AFD3\r\nParentProcessGuid: {00000000-0000-0000-0000-000000000000}\r\nParentProcessId: 1000\r\nParentImage: -\r\nParentCommandLine: -\r\nParentUser: -\""
        },
        "process": {
          "image": "C:\\Windows\\System32\\backgroundTaskHost.exe",
          "parentImage": "",
          "commandLine": "\"C:\\WINDOWS\\system32\\backgroundTaskHost.exe\" -ServerName:App.AppXpybpk6fj2fe0gb0jan49e6dncngk3pa1.mca",
          "parentCommandLine": "",
          "currentDirectory": "C:\\Program Files\\WindowsApps\\Microsoft.StorePurchaseApp_22607.1401.2.0_arm64__8wekyb3d8bbwe\\",
          "user": "WIN11-SOC-ENDPO\\Shams",
          "processId": "6304",
          "parentProcessId": "1000",
          "hashes": "SHA256=341EE70E914BDE4F44087C61EA2BDA6C01EC54E84AEA892BE0B8EA31E479AFD3"
        },
        "account": {
          "action": "",
          "actor": "",
          "actorDomain": "",
          "actorUser": "",
          "targetUser": "",
          "targetDomain": "",
          "memberName": "",
          "memberSid": "",
          "groupName": "",
          "groupDomain": ""
        },
        "triage": {
          "status": "noise",
          "score": 15,
          "reason": "Common Windows startup/background service activity"
        }
      }
    ]
  },
  "context": {
    "xHs1FaEBDhTRgcnGIj_z": [
      {
        "id": "DXssFaEBDhTRgcnGIz1g",
        "index": "wazuh-alerts-4.x-2026.10.07",
        "timestamp": "2026-10-07T07:02:53.451+0000",
        "agent": {
          "id": "001",
          "name": "WIN11-SOC-ENDPOINT",
          "ip": "192.168.64.3"
        },
        "manager": "wazuh.manager",
        "rule": {
          "id": "92217",
          "level": 6,
          "description": "Executable dropped in Windows root folder",
          "groups": [
            "sysmon",
            "sysmon_eid11_detections",
            "windows"
          ],
          "mitreId": "T1570",
          "mitreTactic": "Lateral Movement",
          "mitreTechnique": "Lateral Tool Transfer"
        },
        "event": {
          "channel": "Microsoft-Windows-Sysmon/Operational",
          "eventId": "11",
          "provider": "Microsoft-Windows-Sysmon",
          "message": "\"File created:\r\nRuleName: DLL\r\nUtcTime: 2026-10-07 07:02:21.942\r\nProcessGuid: {39942fc6-e497-6ac5-1f07-000000001400}\r\nProcessId: 9252\r\nImage: C:\\WINDOWS\\winsxs\\arm64_microsoft-windows-servicingstack_31bf3856ad364e35_10.0.26100.9156_none_a54640797734da81\\TiWorker.exe\r\nTargetFilename: C:\\Windows\\SoftwareDistribution\\Download\\700c4251285132d0\\Package_for_RollupFix~~arm64~~26100.9457.1.0\\arm64_microsoft-windows-d..-winproviders-image_31bf3856ad364e35_10.0.26100.9278_none_3abd577ad9b32a65\\MsuProvider.dll\r\nCreationUtcTime: 2026-10-07 07:02:21.942\r\nUser: NT AUTHORITY\\SYSTEM\""
        },
        "process": {
          "image": "C:\\WINDOWS\\winsxs\\arm64_microsoft-windows-servicingstack_31bf3856ad364e35_10.0.26100.9156_none_a54640797734da81\\TiWorker.exe",
          "parentImage": "",
          "commandLine": "",
          "parentCommandLine": "",
          "currentDirectory": "",
          "user": "NT AUTHORITY\\SYSTEM",
          "processId": "9252",
          "parentProcessId": "",
          "hashes": ""
        },
        "account": {
          "action": "",
          "actor": "",
          "actorDomain": "",
          "actorUser": "",
          "targetUser": "",
          "targetDomain": "",
          "memberName": "",
          "memberSid": "",
          "groupName": "",
          "groupDomain": ""
        },
        "triage": {
          "status": "review",
          "score": 40,
          "reason": "Low or medium severity telemetry"
        }
      },
